[0.029s] Invoking command in '/home/zxq/laser_ws/build/rslidar_sdk': AMENT_PREFIX_PATH=/home/zxq/laser_ws/install/rslidar_msg:${AMENT_PREFIX_PATH} CMAKE_PREFIX_PATH=/home/zxq/laser_ws/install/rslidar_msg:/opt/ros/humble CONDA_PROMPT_MODIFIER=(base) LD_LIBRARY_PATH=/home/zxq/laser_ws/install/rslidar_msg/lib:${LD_LIBRARY_PATH} PYTHONPATH=/home/zxq/laser_ws/install/rslidar_msg/local/lib/python3.10/dist-packages:${PYTHONPATH} /usr/bin/cmake --build /home/zxq/laser_ws/build/rslidar_sdk -- -j8 -l8
[0.286s] [100%] Built target rslidar_sdk_node
[0.324s] Invoked command in '/home/zxq/laser_ws/build/rslidar_sdk' returned '0': AMENT_PREFIX_PATH=/home/zxq/laser_ws/install/rslidar_msg:${AMENT_PREFIX_PATH} CMAKE_PREFIX_PATH=/home/zxq/laser_ws/install/rslidar_msg:/opt/ros/humble CONDA_PROMPT_MODIFIER=(base) LD_LIBRARY_PATH=/home/zxq/laser_ws/install/rslidar_msg/lib:${LD_LIBRARY_PATH} PYTHONPATH=/home/zxq/laser_ws/install/rslidar_msg/local/lib/python3.10/dist-packages:${PYTHONPATH} /usr/bin/cmake --build /home/zxq/laser_ws/build/rslidar_sdk -- -j8 -l8
[0.404s] Invoking command in '/home/zxq/laser_ws/build/rslidar_sdk': AMENT_PREFIX_PATH=/home/zxq/laser_ws/install/rslidar_msg:${AMENT_PREFIX_PATH} CMAKE_PREFIX_PATH=/home/zxq/laser_ws/install/rslidar_msg:/opt/ros/humble CONDA_PROMPT_MODIFIER=(base) LD_LIBRARY_PATH=/home/zxq/laser_ws/install/rslidar_msg/lib:${LD_LIBRARY_PATH} PYTHONPATH=/home/zxq/laser_ws/install/rslidar_msg/local/lib/python3.10/dist-packages:${PYTHONPATH} /usr/bin/cmake --install /home/zxq/laser_ws/build/rslidar_sdk
[0.434s] -- Install configuration: "Release"
[0.435s] -- Up-to-date: /home/zxq/laser_ws/install/rslidar_sdk/lib/rslidar_sdk/rslidar_sdk_node
[0.435s] -- Up-to-date: /home/zxq/laser_ws/install/rslidar_sdk/share/rslidar_sdk/launch
[0.436s] -- Up-to-date: /home/zxq/laser_ws/install/rslidar_sdk/share/rslidar_sdk/launch/config.yaml
[0.436s] -- Up-to-date: /home/zxq/laser_ws/install/rslidar_sdk/share/rslidar_sdk/launch/start.launch
[0.436s] -- Up-to-date: /home/zxq/laser_ws/install/rslidar_sdk/share/rslidar_sdk/launch/elequent_start.py
[0.436s] -- Up-to-date: /home/zxq/laser_ws/install/rslidar_sdk/share/rslidar_sdk/launch/start.py
[0.436s] -- Up-to-date: /home/zxq/laser_ws/install/rslidar_sdk/share/rslidar_sdk/rviz
[0.437s] -- Up-to-date: /home/zxq/laser_ws/install/rslidar_sdk/share/rslidar_sdk/rviz/rviz.rviz
[0.437s] -- Up-to-date: /home/zxq/laser_ws/install/rslidar_sdk/share/rslidar_sdk/rviz/rviz2.rviz
[0.437s] -- Up-to-date: /home/zxq/laser_ws/install/rslidar_sdk/share/ament_index/resource_index/package_run_dependencies/rslidar_sdk
[0.437s] -- Up-to-date: /home/zxq/laser_ws/install/rslidar_sdk/share/ament_index/resource_index/parent_prefix_path/rslidar_sdk
[0.437s] -- Up-to-date: /home/zxq/laser_ws/install/rslidar_sdk/share/rslidar_sdk/environment/ament_prefix_path.sh
[0.437s] -- Up-to-date: /home/zxq/laser_ws/install/rslidar_sdk/share/rslidar_sdk/environment/ament_prefix_path.dsv
[0.438s] -- Up-to-date: /home/zxq/laser_ws/install/rslidar_sdk/share/rslidar_sdk/environment/path.sh
[0.438s] -- Up-to-date: /home/zxq/laser_ws/install/rslidar_sdk/share/rslidar_sdk/environment/path.dsv
[0.438s] -- Up-to-date: /home/zxq/laser_ws/install/rslidar_sdk/share/rslidar_sdk/local_setup.bash
[0.438s] -- Up-to-date: /home/zxq/laser_ws/install/rslidar_sdk/share/rslidar_sdk/local_setup.sh
[0.439s] -- Up-to-date: /home/zxq/laser_ws/install/rslidar_sdk/share/rslidar_sdk/local_setup.zsh
[0.439s] -- Up-to-date: /home/zxq/laser_ws/install/rslidar_sdk/share/rslidar_sdk/local_setup.dsv
[0.439s] -- Installing: /home/zxq/laser_ws/install/rslidar_sdk/share/rslidar_sdk/package.dsv
[0.440s] -- Up-to-date: /home/zxq/laser_ws/install/rslidar_sdk/share/ament_index/resource_index/packages/rslidar_sdk
[0.440s] -- Up-to-date: /home/zxq/laser_ws/install/rslidar_sdk/share/rslidar_sdk/cmake/rslidar_sdkConfig.cmake
[0.440s] -- Up-to-date: /home/zxq/laser_ws/install/rslidar_sdk/share/rslidar_sdk/cmake/rslidar_sdkConfig-version.cmake
[0.441s] -- Up-to-date: /home/zxq/laser_ws/install/rslidar_sdk/share/rslidar_sdk/package.xml
[0.444s] Invoked command in '/home/zxq/laser_ws/build/rslidar_sdk' returned '0': AMENT_PREFIX_PATH=/home/zxq/laser_ws/install/rslidar_msg:${AMENT_PREFIX_PATH} CMAKE_PREFIX_PATH=/home/zxq/laser_ws/install/rslidar_msg:/opt/ros/humble CONDA_PROMPT_MODIFIER=(base) LD_LIBRARY_PATH=/home/zxq/laser_ws/install/rslidar_msg/lib:${LD_LIBRARY_PATH} PYTHONPATH=/home/zxq/laser_ws/install/rslidar_msg/local/lib/python3.10/dist-packages:${PYTHONPATH} /usr/bin/cmake --install /home/zxq/laser_ws/build/rslidar_sdk
