[0.148s] DEBUG:colcon:Command line arguments: ['/usr/bin/colcon', 'build']
[0.148s] DEBUG:colcon:Parsed command line arguments: Namespace(log_base=None, log_level=None, verb_name='build', build_base='build', install_base='install', merge_install=False, symlink_install=False, test_result_base=None, continue_on_error=False, executor='parallel', parallel_workers=8, event_handlers=None, ignore_user_meta=False, metas=['./colcon.meta'], base_paths=['.'], packages_ignore=None, packages_ignore_regex=None, paths=None, packages_up_to=None, packages_up_to_regex=None, packages_above=None, packages_above_and_dependencies=None, packages_above_depth=None, packages_select_by_dep=None, packages_skip_by_dep=None, packages_skip_up_to=None, packages_select_build_failed=False, packages_skip_build_finished=False, packages_select_test_failures=False, packages_skip_test_passed=False, packages_select=None, packages_skip=None, packages_select_regex=None, packages_skip_regex=None, packages_start=None, packages_end=None, allow_overriding=[], cmake_args=None, cmake_target=None, cmake_target_skip_unavailable=False, cmake_clean_cache=False, cmake_clean_first=False, cmake_force_configure=False, ament_cmake_args=None, catkin_cmake_args=None, catkin_skip_building_tests=False, mixin_files=None, mixin=None, verb_parser=<colcon_mixin.mixin.mixin_argument.MixinArgumentDecorator object at 0x7fa9d87760>, verb_extension=<colcon_core.verb.build.BuildVerb object at 0x7fa9d86fe0>, main=<bound method BuildVerb.main of <colcon_core.verb.build.BuildVerb object at 0x7fa9d86fe0>>, mixin_verb=('build',))
[0.405s] Level 1:colcon.colcon_core.package_discovery:discover_packages(colcon_meta) check parameters
[0.405s] Level 1:colcon.colcon_core.package_discovery:discover_packages(recursive) check parameters
[0.405s] Level 1:colcon.colcon_core.package_discovery:discover_packages(ignore) check parameters
[0.405s] Level 1:colcon.colcon_core.package_discovery:discover_packages(path) check parameters
[0.405s] Level 1:colcon.colcon_core.package_discovery:discover_packages(colcon_meta) discover
[0.405s] Level 1:colcon.colcon_core.package_discovery:discover_packages(recursive) discover
[0.405s] INFO:colcon.colcon_core.package_discovery:Crawling recursively for packages in '/home/zxq/laser_ws'
[0.406s] Level 1:colcon.colcon_core.package_identification:_identify(.) by extensions ['ignore', 'ignore_ament_install']
[0.406s] Level 1:colcon.colcon_core.package_identification:_identify(.) by extension 'ignore'
[0.406s] Level 1:colcon.colcon_core.package_identification:_identify(.) by extension 'ignore_ament_install'
[0.406s] Level 1:colcon.colcon_core.package_identification:_identify(.) by extensions ['colcon_pkg']
[0.406s] Level 1:colcon.colcon_core.package_identification:_identify(.) by extension 'colcon_pkg'
[0.406s] Level 1:colcon.colcon_core.package_identification:_identify(.) by extensions ['colcon_meta']
[0.406s] Level 1:colcon.colcon_core.package_identification:_identify(.) by extension 'colcon_meta'
[0.406s] Level 1:colcon.colcon_core.package_identification:_identify(.) by extensions ['ros']
[0.406s] Level 1:colcon.colcon_core.package_identification:_identify(.) by extension 'ros'
[0.443s] Level 1:colcon.colcon_core.package_identification:_identify(.) by extensions ['cmake', 'python']
[0.443s] Level 1:colcon.colcon_core.package_identification:_identify(.) by extension 'cmake'
[0.443s] Level 1:colcon.colcon_core.package_identification:_identify(.) by extension 'python'
[0.443s] Level 1:colcon.colcon_core.package_identification:_identify(.) by extensions ['python_setup_py']
[0.443s] Level 1:colcon.colcon_core.package_identification:_identify(.) by extension 'python_setup_py'
[0.443s] Level 1:colcon.colcon_core.package_identification:_identify(build) by extensions ['ignore', 'ignore_ament_install']
[0.443s] Level 1:colcon.colcon_core.package_identification:_identify(build) by extension 'ignore'
[0.443s] Level 1:colcon.colcon_core.package_identification:_identify(build) ignored
[0.443s] Level 1:colcon.colcon_core.package_identification:_identify(imgs) by extensions ['ignore', 'ignore_ament_install']
[0.443s] Level 1:colcon.colcon_core.package_identification:_identify(imgs) by extension 'ignore'
[0.444s] Level 1:colcon.colcon_core.package_identification:_identify(imgs) by extension 'ignore_ament_install'
[0.444s] Level 1:colcon.colcon_core.package_identification:_identify(imgs) by extensions ['colcon_pkg']
[0.444s] Level 1:colcon.colcon_core.package_identification:_identify(imgs) by extension 'colcon_pkg'
[0.444s] Level 1:colcon.colcon_core.package_identification:_identify(imgs) by extensions ['colcon_meta']
[0.444s] Level 1:colcon.colcon_core.package_identification:_identify(imgs) by extension 'colcon_meta'
[0.444s] Level 1:colcon.colcon_core.package_identification:_identify(imgs) by extensions ['ros']
[0.444s] Level 1:colcon.colcon_core.package_identification:_identify(imgs) by extension 'ros'
[0.444s] Level 1:colcon.colcon_core.package_identification:_identify(imgs) by extensions ['cmake', 'python']
[0.444s] Level 1:colcon.colcon_core.package_identification:_identify(imgs) by extension 'cmake'
[0.444s] Level 1:colcon.colcon_core.package_identification:_identify(imgs) by extension 'python'
[0.444s] Level 1:colcon.colcon_core.package_identification:_identify(imgs) by extensions ['python_setup_py']
[0.444s] Level 1:colcon.colcon_core.package_identification:_identify(imgs) by extension 'python_setup_py'
[0.444s] Level 1:colcon.colcon_core.package_identification:_identify(imgs/imgs_2024-10-18_02-15-50) by extensions ['ignore', 'ignore_ament_install']
[0.444s] Level 1:colcon.colcon_core.package_identification:_identify(imgs/imgs_2024-10-18_02-15-50) by extension 'ignore'
[0.444s] Level 1:colcon.colcon_core.package_identification:_identify(imgs/imgs_2024-10-18_02-15-50) by extension 'ignore_ament_install'
[0.444s] Level 1:colcon.colcon_core.package_identification:_identify(imgs/imgs_2024-10-18_02-15-50) by extensions ['colcon_pkg']
[0.444s] Level 1:colcon.colcon_core.package_identification:_identify(imgs/imgs_2024-10-18_02-15-50) by extension 'colcon_pkg'
[0.444s] Level 1:colcon.colcon_core.package_identification:_identify(imgs/imgs_2024-10-18_02-15-50) by extensions ['colcon_meta']
[0.444s] Level 1:colcon.colcon_core.package_identification:_identify(imgs/imgs_2024-10-18_02-15-50) by extension 'colcon_meta'
[0.444s] Level 1:colcon.colcon_core.package_identification:_identify(imgs/imgs_2024-10-18_02-15-50) by extensions ['ros']
[0.444s] Level 1:colcon.colcon_core.package_identification:_identify(imgs/imgs_2024-10-18_02-15-50) by extension 'ros'
[0.445s] Level 1:colcon.colcon_core.package_identification:_identify(imgs/imgs_2024-10-18_02-15-50) by extensions ['cmake', 'python']
[0.445s] Level 1:colcon.colcon_core.package_identification:_identify(imgs/imgs_2024-10-18_02-15-50) by extension 'cmake'
[0.445s] Level 1:colcon.colcon_core.package_identification:_identify(imgs/imgs_2024-10-18_02-15-50) by extension 'python'
[0.445s] Level 1:colcon.colcon_core.package_identification:_identify(imgs/imgs_2024-10-18_02-15-50) by extensions ['python_setup_py']
[0.445s] Level 1:colcon.colcon_core.package_identification:_identify(imgs/imgs_2024-10-18_02-15-50) by extension 'python_setup_py'
[0.445s] Level 1:colcon.colcon_core.package_identification:_identify(imgs/imgs_2024-10-18_02-24-29) by extensions ['ignore', 'ignore_ament_install']
[0.445s] Level 1:colcon.colcon_core.package_identification:_identify(imgs/imgs_2024-10-18_02-24-29) by extension 'ignore'
[0.445s] Level 1:colcon.colcon_core.package_identification:_identify(imgs/imgs_2024-10-18_02-24-29) by extension 'ignore_ament_install'
[0.445s] Level 1:colcon.colcon_core.package_identification:_identify(imgs/imgs_2024-10-18_02-24-29) by extensions ['colcon_pkg']
[0.445s] Level 1:colcon.colcon_core.package_identification:_identify(imgs/imgs_2024-10-18_02-24-29) by extension 'colcon_pkg'
[0.445s] Level 1:colcon.colcon_core.package_identification:_identify(imgs/imgs_2024-10-18_02-24-29) by extensions ['colcon_meta']
[0.445s] Level 1:colcon.colcon_core.package_identification:_identify(imgs/imgs_2024-10-18_02-24-29) by extension 'colcon_meta'
[0.445s] Level 1:colcon.colcon_core.package_identification:_identify(imgs/imgs_2024-10-18_02-24-29) by extensions ['ros']
[0.445s] Level 1:colcon.colcon_core.package_identification:_identify(imgs/imgs_2024-10-18_02-24-29) by extension 'ros'
[0.445s] Level 1:colcon.colcon_core.package_identification:_identify(imgs/imgs_2024-10-18_02-24-29) by extensions ['cmake', 'python']
[0.445s] Level 1:colcon.colcon_core.package_identification:_identify(imgs/imgs_2024-10-18_02-24-29) by extension 'cmake'
[0.445s] Level 1:colcon.colcon_core.package_identification:_identify(imgs/imgs_2024-10-18_02-24-29) by extension 'python'
[0.445s] Level 1:colcon.colcon_core.package_identification:_identify(imgs/imgs_2024-10-18_02-24-29) by extensions ['python_setup_py']
[0.445s] Level 1:colcon.colcon_core.package_identification:_identify(imgs/imgs_2024-10-18_02-24-29) by extension 'python_setup_py'
[0.446s] Level 1:colcon.colcon_core.package_identification:_identify(install) by extensions ['ignore', 'ignore_ament_install']
[0.446s] Level 1:colcon.colcon_core.package_identification:_identify(install) by extension 'ignore'
[0.446s] Level 1:colcon.colcon_core.package_identification:_identify(install) ignored
[0.446s] Level 1:colcon.colcon_core.package_identification:_identify(log) by extensions ['ignore', 'ignore_ament_install']
[0.446s] Level 1:colcon.colcon_core.package_identification:_identify(log) by extension 'ignore'
[0.446s] Level 1:colcon.colcon_core.package_identification:_identify(log) ignored
[0.446s] Level 1:colcon.colcon_core.package_identification:_identify(src) by extensions ['ignore', 'ignore_ament_install']
[0.446s] Level 1:colcon.colcon_core.package_identification:_identify(src) by extension 'ignore'
[0.447s] Level 1:colcon.colcon_core.package_identification:_identify(src) by extension 'ignore_ament_install'
[0.447s] Level 1:colcon.colcon_core.package_identification:_identify(src) by extensions ['colcon_pkg']
[0.447s] Level 1:colcon.colcon_core.package_identification:_identify(src) by extension 'colcon_pkg'
[0.447s] Level 1:colcon.colcon_core.package_identification:_identify(src) by extensions ['colcon_meta']
[0.447s] Level 1:colcon.colcon_core.package_identification:_identify(src) by extension 'colcon_meta'
[0.447s] Level 1:colcon.colcon_core.package_identification:_identify(src) by extensions ['ros']
[0.447s] Level 1:colcon.colcon_core.package_identification:_identify(src) by extension 'ros'
[0.447s] Level 1:colcon.colcon_core.package_identification:_identify(src) by extensions ['cmake', 'python']
[0.447s] Level 1:colcon.colcon_core.package_identification:_identify(src) by extension 'cmake'
[0.447s] Level 1:colcon.colcon_core.package_identification:_identify(src) by extension 'python'
[0.447s] Level 1:colcon.colcon_core.package_identification:_identify(src) by extensions ['python_setup_py']
[0.447s] Level 1:colcon.colcon_core.package_identification:_identify(src) by extension 'python_setup_py'
[0.447s] Level 1:colcon.colcon_core.package_identification:_identify(src/my_python_node) by extensions ['ignore', 'ignore_ament_install']
[0.447s] Level 1:colcon.colcon_core.package_identification:_identify(src/my_python_node) by extension 'ignore'
[0.447s] Level 1:colcon.colcon_core.package_identification:_identify(src/my_python_node) by extension 'ignore_ament_install'
[0.447s] Level 1:colcon.colcon_core.package_identification:_identify(src/my_python_node) by extensions ['colcon_pkg']
[0.447s] Level 1:colcon.colcon_core.package_identification:_identify(src/my_python_node) by extension 'colcon_pkg'
[0.447s] Level 1:colcon.colcon_core.package_identification:_identify(src/my_python_node) by extensions ['colcon_meta']
[0.447s] Level 1:colcon.colcon_core.package_identification:_identify(src/my_python_node) by extension 'colcon_meta'
[0.447s] Level 1:colcon.colcon_core.package_identification:_identify(src/my_python_node) by extensions ['ros']
[0.447s] Level 1:colcon.colcon_core.package_identification:_identify(src/my_python_node) by extension 'ros'
[0.451s] DEBUG:colcon.colcon_core.package_identification:Package 'src/my_python_node' with type 'ros.ament_python' and name 'my_python_node'
[0.451s] Level 1:colcon.colcon_core.package_identification:_identify(src/rs_driver) by extensions ['ignore', 'ignore_ament_install']
[0.451s] Level 1:colcon.colcon_core.package_identification:_identify(src/rs_driver) by extension 'ignore'
[0.451s] Level 1:colcon.colcon_core.package_identification:_identify(src/rs_driver) by extension 'ignore_ament_install'
[0.451s] Level 1:colcon.colcon_core.package_identification:_identify(src/rs_driver) by extensions ['colcon_pkg']
[0.451s] Level 1:colcon.colcon_core.package_identification:_identify(src/rs_driver) by extension 'colcon_pkg'
[0.451s] Level 1:colcon.colcon_core.package_identification:_identify(src/rs_driver) by extensions ['colcon_meta']
[0.452s] Level 1:colcon.colcon_core.package_identification:_identify(src/rs_driver) by extension 'colcon_meta'
[0.452s] Level 1:colcon.colcon_core.package_identification:_identify(src/rs_driver) by extensions ['ros']
[0.452s] Level 1:colcon.colcon_core.package_identification:_identify(src/rs_driver) by extension 'ros'
[0.452s] Level 1:colcon.colcon_core.package_identification:_identify(src/rs_driver) by extensions ['cmake', 'python']
[0.452s] Level 1:colcon.colcon_core.package_identification:_identify(src/rs_driver) by extension 'cmake'
[0.457s] Level 1:colcon.colcon_core.package_identification:_identify(src/rs_driver) by extension 'python'
[0.457s] DEBUG:colcon.colcon_core.package_identification:Package 'src/rs_driver' with type 'cmake' and name 'rs_driver'
[0.458s] Level 1:colcon.colcon_core.package_identification:_identify(src/rslidar_msg) by extensions ['ignore', 'ignore_ament_install']
[0.458s] Level 1:colcon.colcon_core.package_identification:_identify(src/rslidar_msg) by extension 'ignore'
[0.458s] Level 1:colcon.colcon_core.package_identification:_identify(src/rslidar_msg) by extension 'ignore_ament_install'
[0.458s] Level 1:colcon.colcon_core.package_identification:_identify(src/rslidar_msg) by extensions ['colcon_pkg']
[0.458s] Level 1:colcon.colcon_core.package_identification:_identify(src/rslidar_msg) by extension 'colcon_pkg'
[0.458s] Level 1:colcon.colcon_core.package_identification:_identify(src/rslidar_msg) by extensions ['colcon_meta']
[0.458s] Level 1:colcon.colcon_core.package_identification:_identify(src/rslidar_msg) by extension 'colcon_meta'
[0.458s] Level 1:colcon.colcon_core.package_identification:_identify(src/rslidar_msg) by extensions ['ros']
[0.458s] Level 1:colcon.colcon_core.package_identification:_identify(src/rslidar_msg) by extension 'ros'
[0.459s] DEBUG:colcon.colcon_core.package_identification:Package 'src/rslidar_msg' with type 'ros.ament_cmake' and name 'rslidar_msg'
[0.459s] Level 1:colcon.colcon_core.package_identification:_identify(src/rslidar_sdk) by extensions ['ignore', 'ignore_ament_install']
[0.459s] Level 1:colcon.colcon_core.package_identification:_identify(src/rslidar_sdk) by extension 'ignore'
[0.459s] Level 1:colcon.colcon_core.package_identification:_identify(src/rslidar_sdk) by extension 'ignore_ament_install'
[0.460s] Level 1:colcon.colcon_core.package_identification:_identify(src/rslidar_sdk) by extensions ['colcon_pkg']
[0.460s] Level 1:colcon.colcon_core.package_identification:_identify(src/rslidar_sdk) by extension 'colcon_pkg'
[0.460s] Level 1:colcon.colcon_core.package_identification:_identify(src/rslidar_sdk) by extensions ['colcon_meta']
[0.460s] Level 1:colcon.colcon_core.package_identification:_identify(src/rslidar_sdk) by extension 'colcon_meta'
[0.460s] Level 1:colcon.colcon_core.package_identification:_identify(src/rslidar_sdk) by extensions ['ros']
[0.460s] Level 1:colcon.colcon_core.package_identification:_identify(src/rslidar_sdk) by extension 'ros'
[0.468s] DEBUG:colcon.colcon_core.package_identification:Package 'src/rslidar_sdk' with type 'ros.ament_cmake' and name 'rslidar_sdk'
[0.468s] Level 1:colcon.colcon_core.package_identification:_identify(src/usb_cam) by extensions ['ignore', 'ignore_ament_install']
[0.468s] Level 1:colcon.colcon_core.package_identification:_identify(src/usb_cam) by extension 'ignore'
[0.469s] Level 1:colcon.colcon_core.package_identification:_identify(src/usb_cam) by extension 'ignore_ament_install'
[0.469s] Level 1:colcon.colcon_core.package_identification:_identify(src/usb_cam) by extensions ['colcon_pkg']
[0.469s] Level 1:colcon.colcon_core.package_identification:_identify(src/usb_cam) by extension 'colcon_pkg'
[0.469s] Level 1:colcon.colcon_core.package_identification:_identify(src/usb_cam) by extensions ['colcon_meta']
[0.469s] Level 1:colcon.colcon_core.package_identification:_identify(src/usb_cam) by extension 'colcon_meta'
[0.469s] Level 1:colcon.colcon_core.package_identification:_identify(src/usb_cam) by extensions ['ros']
[0.469s] Level 1:colcon.colcon_core.package_identification:_identify(src/usb_cam) by extension 'ros'
[0.476s] DEBUG:colcon.colcon_core.package_identification:Package 'src/usb_cam' with type 'ros.ament_cmake' and name 'usb_cam'
[0.476s] Level 1:colcon.colcon_core.package_discovery:discover_packages(recursive) using defaults
[0.476s] Level 1:colcon.colcon_core.package_discovery:discover_packages(ignore) discover
[0.476s] Level 1:colcon.colcon_core.package_discovery:discover_packages(ignore) using defaults
[0.476s] Level 1:colcon.colcon_core.package_discovery:discover_packages(path) discover
[0.476s] Level 1:colcon.colcon_core.package_discovery:discover_packages(path) using defaults
[0.504s] Level 1:colcon.colcon_core.package_discovery:discover_packages(prefix_path) check parameters
[0.504s] Level 1:colcon.colcon_core.package_discovery:discover_packages(prefix_path) discover
[0.507s] DEBUG:colcon.colcon_installed_package_information.package_discovery:Found 5 installed packages in /home/zxq/laser_ws/install
[0.509s] DEBUG:colcon.colcon_installed_package_information.package_discovery:Found 324 installed packages in /opt/ros/humble
[0.511s] Level 1:colcon.colcon_core.package_discovery:discover_packages(prefix_path) using defaults
[0.570s] Level 5:colcon.colcon_core.verb:set package 'my_python_node' build argument 'cmake_args' from command line to 'None'
[0.570s] Level 5:colcon.colcon_core.verb:set package 'my_python_node' build argument 'cmake_target' from command line to 'None'
[0.570s] Level 5:colcon.colcon_core.verb:set package 'my_python_node' build argument 'cmake_target_skip_unavailable' from command line to 'False'
[0.570s] Level 5:colcon.colcon_core.verb:set package 'my_python_node' build argument 'cmake_clean_cache' from command line to 'False'
[0.570s] Level 5:colcon.colcon_core.verb:set package 'my_python_node' build argument 'cmake_clean_first' from command line to 'False'
[0.570s] Level 5:colcon.colcon_core.verb:set package 'my_python_node' build argument 'cmake_force_configure' from command line to 'False'
[0.570s] Level 5:colcon.colcon_core.verb:set package 'my_python_node' build argument 'ament_cmake_args' from command line to 'None'
[0.570s] Level 5:colcon.colcon_core.verb:set package 'my_python_node' build argument 'catkin_cmake_args' from command line to 'None'
[0.570s] Level 5:colcon.colcon_core.verb:set package 'my_python_node' build argument 'catkin_skip_building_tests' from command line to 'False'
[0.570s] DEBUG:colcon.colcon_core.verb:Building package 'my_python_node' with the following arguments: {'ament_cmake_args': None, 'build_base': '/home/zxq/laser_ws/build/my_python_node', 'catkin_cmake_args': None, 'catkin_skip_building_tests': False, 'cmake_args': None, 'cmake_clean_cache': False, 'cmake_clean_first': False, 'cmake_force_configure': False, 'cmake_target': None, 'cmake_target_skip_unavailable': False, 'install_base': '/home/zxq/laser_ws/install/my_python_node', 'merge_install': False, 'path': '/home/zxq/laser_ws/src/my_python_node', 'symlink_install': False, 'test_result_base': None}
[0.570s] Level 5:colcon.colcon_core.verb:set package 'rs_driver' build argument 'cmake_args' from command line to 'None'
[0.570s] Level 5:colcon.colcon_core.verb:set package 'rs_driver' build argument 'cmake_target' from command line to 'None'
[0.571s] Level 5:colcon.colcon_core.verb:set package 'rs_driver' build argument 'cmake_target_skip_unavailable' from command line to 'False'
[0.571s] Level 5:colcon.colcon_core.verb:set package 'rs_driver' build argument 'cmake_clean_cache' from command line to 'False'
[0.571s] Level 5:colcon.colcon_core.verb:set package 'rs_driver' build argument 'cmake_clean_first' from command line to 'False'
[0.571s] Level 5:colcon.colcon_core.verb:set package 'rs_driver' build argument 'cmake_force_configure' from command line to 'False'
[0.571s] Level 5:colcon.colcon_core.verb:set package 'rs_driver' build argument 'ament_cmake_args' from command line to 'None'
[0.571s] Level 5:colcon.colcon_core.verb:set package 'rs_driver' build argument 'catkin_cmake_args' from command line to 'None'
[0.571s] Level 5:colcon.colcon_core.verb:set package 'rs_driver' build argument 'catkin_skip_building_tests' from command line to 'False'
[0.571s] DEBUG:colcon.colcon_core.verb:Building package 'rs_driver' with the following arguments: {'ament_cmake_args': None, 'build_base': '/home/zxq/laser_ws/build/rs_driver', 'catkin_cmake_args': None, 'catkin_skip_building_tests': False, 'cmake_args': None, 'cmake_clean_cache': False, 'cmake_clean_first': False, 'cmake_force_configure': False, 'cmake_target': None, 'cmake_target_skip_unavailable': False, 'install_base': '/home/zxq/laser_ws/install/rs_driver', 'merge_install': False, 'path': '/home/zxq/laser_ws/src/rs_driver', 'symlink_install': False, 'test_result_base': None}
[0.571s] Level 5:colcon.colcon_core.verb:set package 'rslidar_msg' build argument 'cmake_args' from command line to 'None'
[0.571s] Level 5:colcon.colcon_core.verb:set package 'rslidar_msg' build argument 'cmake_target' from command line to 'None'
[0.571s] Level 5:colcon.colcon_core.verb:set package 'rslidar_msg' build argument 'cmake_target_skip_unavailable' from command line to 'False'
[0.571s] Level 5:colcon.colcon_core.verb:set package 'rslidar_msg' build argument 'cmake_clean_cache' from command line to 'False'
[0.571s] Level 5:colcon.colcon_core.verb:set package 'rslidar_msg' build argument 'cmake_clean_first' from command line to 'False'
[0.571s] Level 5:colcon.colcon_core.verb:set package 'rslidar_msg' build argument 'cmake_force_configure' from command line to 'False'
[0.571s] Level 5:colcon.colcon_core.verb:set package 'rslidar_msg' build argument 'ament_cmake_args' from command line to 'None'
[0.571s] Level 5:colcon.colcon_core.verb:set package 'rslidar_msg' build argument 'catkin_cmake_args' from command line to 'None'
[0.571s] Level 5:colcon.colcon_core.verb:set package 'rslidar_msg' build argument 'catkin_skip_building_tests' from command line to 'False'
[0.571s] DEBUG:colcon.colcon_core.verb:Building package 'rslidar_msg' with the following arguments: {'ament_cmake_args': None, 'build_base': '/home/zxq/laser_ws/build/rslidar_msg', 'catkin_cmake_args': None, 'catkin_skip_building_tests': False, 'cmake_args': None, 'cmake_clean_cache': False, 'cmake_clean_first': False, 'cmake_force_configure': False, 'cmake_target': None, 'cmake_target_skip_unavailable': False, 'install_base': '/home/zxq/laser_ws/install/rslidar_msg', 'merge_install': False, 'path': '/home/zxq/laser_ws/src/rslidar_msg', 'symlink_install': False, 'test_result_base': None}
[0.572s] Level 5:colcon.colcon_core.verb:set package 'usb_cam' build argument 'cmake_args' from command line to 'None'
[0.572s] Level 5:colcon.colcon_core.verb:set package 'usb_cam' build argument 'cmake_target' from command line to 'None'
[0.572s] Level 5:colcon.colcon_core.verb:set package 'usb_cam' build argument 'cmake_target_skip_unavailable' from command line to 'False'
[0.572s] Level 5:colcon.colcon_core.verb:set package 'usb_cam' build argument 'cmake_clean_cache' from command line to 'False'
[0.572s] Level 5:colcon.colcon_core.verb:set package 'usb_cam' build argument 'cmake_clean_first' from command line to 'False'
[0.572s] Level 5:colcon.colcon_core.verb:set package 'usb_cam' build argument 'cmake_force_configure' from command line to 'False'
[0.572s] Level 5:colcon.colcon_core.verb:set package 'usb_cam' build argument 'ament_cmake_args' from command line to 'None'
[0.572s] Level 5:colcon.colcon_core.verb:set package 'usb_cam' build argument 'catkin_cmake_args' from command line to 'None'
[0.572s] Level 5:colcon.colcon_core.verb:set package 'usb_cam' build argument 'catkin_skip_building_tests' from command line to 'False'
[0.572s] DEBUG:colcon.colcon_core.verb:Building package 'usb_cam' with the following arguments: {'ament_cmake_args': None, 'build_base': '/home/zxq/laser_ws/build/usb_cam', 'catkin_cmake_args': None, 'catkin_skip_building_tests': False, 'cmake_args': None, 'cmake_clean_cache': False, 'cmake_clean_first': False, 'cmake_force_configure': False, 'cmake_target': None, 'cmake_target_skip_unavailable': False, 'install_base': '/home/zxq/laser_ws/install/usb_cam', 'merge_install': False, 'path': '/home/zxq/laser_ws/src/usb_cam', 'symlink_install': False, 'test_result_base': None}
[0.572s] Level 5:colcon.colcon_core.verb:set package 'rslidar_sdk' build argument 'cmake_args' from command line to 'None'
[0.572s] Level 5:colcon.colcon_core.verb:set package 'rslidar_sdk' build argument 'cmake_target' from command line to 'None'
[0.572s] Level 5:colcon.colcon_core.verb:set package 'rslidar_sdk' build argument 'cmake_target_skip_unavailable' from command line to 'False'
[0.572s] Level 5:colcon.colcon_core.verb:set package 'rslidar_sdk' build argument 'cmake_clean_cache' from command line to 'False'
[0.573s] Level 5:colcon.colcon_core.verb:set package 'rslidar_sdk' build argument 'cmake_clean_first' from command line to 'False'
[0.573s] Level 5:colcon.colcon_core.verb:set package 'rslidar_sdk' build argument 'cmake_force_configure' from command line to 'False'
[0.573s] Level 5:colcon.colcon_core.verb:set package 'rslidar_sdk' build argument 'ament_cmake_args' from command line to 'None'
[0.573s] Level 5:colcon.colcon_core.verb:set package 'rslidar_sdk' build argument 'catkin_cmake_args' from command line to 'None'
[0.573s] Level 5:colcon.colcon_core.verb:set package 'rslidar_sdk' build argument 'catkin_skip_building_tests' from command line to 'False'
[0.573s] DEBUG:colcon.colcon_core.verb:Building package 'rslidar_sdk' with the following arguments: {'ament_cmake_args': None, 'build_base': '/home/zxq/laser_ws/build/rslidar_sdk', 'catkin_cmake_args': None, 'catkin_skip_building_tests': False, 'cmake_args': None, 'cmake_clean_cache': False, 'cmake_clean_first': False, 'cmake_force_configure': False, 'cmake_target': None, 'cmake_target_skip_unavailable': False, 'install_base': '/home/zxq/laser_ws/install/rslidar_sdk', 'merge_install': False, 'path': '/home/zxq/laser_ws/src/rslidar_sdk', 'symlink_install': False, 'test_result_base': None}
[0.573s] INFO:colcon.colcon_core.executor:Executing jobs using 'parallel' executor
[0.574s] DEBUG:colcon.colcon_parallel_executor.executor.parallel:run_until_complete
[0.575s] INFO:colcon.colcon_ros.task.ament_cmake.build:Building ROS package in '/home/zxq/laser_ws/src/rslidar_msg' with build type 'ament_cmake'
[0.575s] INFO:colcon.colcon_cmake.task.cmake.build:Building CMake package in '/home/zxq/laser_ws/src/rslidar_msg'
[0.578s] INFO:colcon.colcon_core.plugin_system:Skipping extension 'colcon_core.shell.bat': Not used on non-Windows systems
[0.578s] INFO:colcon.colcon_core.shell:Skip shell extension 'powershell' for command environment: Not usable outside of PowerShell
[0.578s] DEBUG:colcon.colcon_core.shell:Skip shell extension 'dsv' for command environment
[0.583s] INFO:colcon.colcon_ros.task.ament_python.build:Building ROS package in '/home/zxq/laser_ws/src/my_python_node' with build type 'ament_python'
[0.584s] Level 1:colcon.colcon_core.shell:create_environment_hook('my_python_node', 'ament_prefix_path')
[0.585s] INFO:colcon.colcon_core.shell:Creating environment hook '/home/zxq/laser_ws/install/my_python_node/share/my_python_node/hook/ament_prefix_path.ps1'
[0.588s] INFO:colcon.colcon_core.shell:Creating environment descriptor '/home/zxq/laser_ws/install/my_python_node/share/my_python_node/hook/ament_prefix_path.dsv'
[0.590s] INFO:colcon.colcon_core.shell:Creating environment hook '/home/zxq/laser_ws/install/my_python_node/share/my_python_node/hook/ament_prefix_path.sh'
[0.594s] INFO:colcon.colcon_core.shell:Skip shell extension 'powershell' for command environment: Not usable outside of PowerShell
[0.594s] DEBUG:colcon.colcon_core.shell:Skip shell extension 'dsv' for command environment
[0.605s] INFO:colcon.colcon_cmake.task.cmake.build:Building CMake package in '/home/zxq/laser_ws/src/rs_driver'
[0.606s] INFO:colcon.colcon_core.shell:Skip shell extension 'powershell' for command environment: Not usable outside of PowerShell
[0.606s] DEBUG:colcon.colcon_core.shell:Skip shell extension 'dsv' for command environment
[0.612s] INFO:colcon.colcon_ros.task.ament_cmake.build:Building ROS package in '/home/zxq/laser_ws/src/usb_cam' with build type 'ament_cmake'
[0.612s] INFO:colcon.colcon_cmake.task.cmake.build:Building CMake package in '/home/zxq/laser_ws/src/usb_cam'
[0.613s] INFO:colcon.colcon_core.shell:Skip shell extension 'powershell' for command environment: Not usable outside of PowerShell
[0.613s] DEBUG:colcon.colcon_core.shell:Skip shell extension 'dsv' for command environment
[0.631s] DEBUG:colcon.colcon_core.event_handler.log_command:Invoking command in '/home/zxq/laser_ws/build/rslidar_msg': CMAKE_PREFIX_PATH=${CMAKE_PREFIX_PATH}:/home/zxq/laser_ws/install/my_python_node:/opt/ros/humble CONDA_PROMPT_MODIFIER=(base) /usr/bin/cmake --build /home/zxq/laser_ws/build/rslidar_msg -- -j8 -l8
[1.119s] INFO:colcon.colcon_core.task.python.build:Building Python package in '/home/zxq/laser_ws/src/my_python_node'
[1.120s] INFO:colcon.colcon_core.shell:Skip shell extension 'powershell' for command environment: Not usable outside of PowerShell
[1.120s] DEBUG:colcon.colcon_core.shell:Skip shell extension 'dsv' for command environment
[1.131s] DEBUG:colcon.colcon_core.event_handler.log_command:Invoking command in '/home/zxq/laser_ws/build/rs_driver': CONDA_PROMPT_MODIFIER=(base) /usr/bin/cmake --build /home/zxq/laser_ws/build/rs_driver -- -j8 -l8
[1.147s] DEBUG:colcon.colcon_core.event_handler.log_command:Invoking command in '/home/zxq/laser_ws/build/usb_cam': CMAKE_PREFIX_PATH=${CMAKE_PREFIX_PATH}:/home/zxq/laser_ws/install/my_python_node:/opt/ros/humble CONDA_PROMPT_MODIFIER=(base) /usr/bin/cmake --build /home/zxq/laser_ws/build/usb_cam -- -j8 -l8
[1.273s] DEBUG:colcon.colcon_core.event_handler.log_command:Invoked command in '/home/zxq/laser_ws/build/rs_driver' returned '0': CONDA_PROMPT_MODIFIER=(base) /usr/bin/cmake --build /home/zxq/laser_ws/build/rs_driver -- -j8 -l8
[1.345s] DEBUG:colcon.colcon_core.event_handler.log_command:Invoking command in '/home/zxq/laser_ws/build/rs_driver': CONDA_PROMPT_MODIFIER=(base) /usr/bin/cmake --install /home/zxq/laser_ws/build/rs_driver
[1.360s] Level 1:colcon.colcon_core.environment:create_environment_scripts_only(rs_driver)
[1.368s] DEBUG:colcon.colcon_core.event_handler.log_command:Invoked command in '/home/zxq/laser_ws/build/rs_driver' returned '0': CONDA_PROMPT_MODIFIER=(base) /usr/bin/cmake --install /home/zxq/laser_ws/build/rs_driver
[1.369s] Level 1:colcon.colcon_core.environment:checking '/home/zxq/laser_ws/install/rs_driver' for CMake module files
[1.369s] Level 1:colcon.colcon_core.environment:checking '/home/zxq/laser_ws/install/rs_driver' for CMake config files
[1.370s] Level 1:colcon.colcon_core.environment:checking '/home/zxq/laser_ws/install/rs_driver/bin'
[1.370s] Level 1:colcon.colcon_core.environment:checking '/home/zxq/laser_ws/install/rs_driver/lib/pkgconfig/rs_driver.pc'
[1.370s] Level 1:colcon.colcon_core.environment:checking '/home/zxq/laser_ws/install/rs_driver/lib/python3.10/site-packages'
[1.371s] Level 1:colcon.colcon_core.environment:checking '/home/zxq/laser_ws/install/rs_driver/bin'
[1.371s] INFO:colcon.colcon_core.shell:Creating package script '/home/zxq/laser_ws/install/rs_driver/share/rs_driver/package.ps1'
[1.372s] INFO:colcon.colcon_core.shell:Creating package descriptor '/home/zxq/laser_ws/install/rs_driver/share/rs_driver/package.dsv'
[1.373s] INFO:colcon.colcon_core.shell:Creating package script '/home/zxq/laser_ws/install/rs_driver/share/rs_driver/package.sh'
[1.374s] INFO:colcon.colcon_core.shell:Creating package script '/home/zxq/laser_ws/install/rs_driver/share/rs_driver/package.bash'
[1.376s] INFO:colcon.colcon_core.shell:Creating package script '/home/zxq/laser_ws/install/rs_driver/share/rs_driver/package.zsh'
[1.377s] Level 1:colcon.colcon_core.environment:create_file_with_runtime_dependencies(/home/zxq/laser_ws/install/rs_driver/share/colcon-core/packages/rs_driver)
[1.383s] DEBUG:colcon.colcon_core.event_handler.log_command:Invoked command in '/home/zxq/laser_ws/build/rslidar_msg' returned '0': CMAKE_PREFIX_PATH=${CMAKE_PREFIX_PATH}:/home/zxq/laser_ws/install/my_python_node:/opt/ros/humble CONDA_PROMPT_MODIFIER=(base) /usr/bin/cmake --build /home/zxq/laser_ws/build/rslidar_msg -- -j8 -l8
[1.433s] DEBUG:colcon.colcon_core.event_handler.log_command:Invoked command in '/home/zxq/laser_ws/build/usb_cam' returned '0': CMAKE_PREFIX_PATH=${CMAKE_PREFIX_PATH}:/home/zxq/laser_ws/install/my_python_node:/opt/ros/humble CONDA_PROMPT_MODIFIER=(base) /usr/bin/cmake --build /home/zxq/laser_ws/build/usb_cam -- -j8 -l8
[1.518s] DEBUG:colcon.colcon_core.event_handler.log_command:Invoking command in '/home/zxq/laser_ws/build/rslidar_msg': CMAKE_PREFIX_PATH=${CMAKE_PREFIX_PATH}:/home/zxq/laser_ws/install/my_python_node:/opt/ros/humble CONDA_PROMPT_MODIFIER=(base) /usr/bin/cmake --install /home/zxq/laser_ws/build/rslidar_msg
[1.526s] DEBUG:colcon.colcon_core.event_handler.log_command:Invoking command in '/home/zxq/laser_ws/build/usb_cam': CMAKE_PREFIX_PATH=${CMAKE_PREFIX_PATH}:/home/zxq/laser_ws/install/my_python_node:/opt/ros/humble CONDA_PROMPT_MODIFIER=(base) /usr/bin/cmake --install /home/zxq/laser_ws/build/usb_cam
[1.566s] Level 1:colcon.colcon_core.environment:create_environment_scripts_only(usb_cam)
[1.568s] Level 1:colcon.colcon_core.environment:checking '/home/zxq/laser_ws/install/usb_cam' for CMake module files
[1.569s] DEBUG:colcon.colcon_core.event_handler.log_command:Invoked command in '/home/zxq/laser_ws/build/usb_cam' returned '0': CMAKE_PREFIX_PATH=${CMAKE_PREFIX_PATH}:/home/zxq/laser_ws/install/my_python_node:/opt/ros/humble CONDA_PROMPT_MODIFIER=(base) /usr/bin/cmake --install /home/zxq/laser_ws/build/usb_cam
[1.570s] Level 1:colcon.colcon_core.environment:checking '/home/zxq/laser_ws/install/usb_cam' for CMake config files
[1.571s] Level 1:colcon.colcon_core.shell:create_environment_hook('usb_cam', 'cmake_prefix_path')
[1.571s] INFO:colcon.colcon_core.shell:Creating environment hook '/home/zxq/laser_ws/install/usb_cam/share/usb_cam/hook/cmake_prefix_path.ps1'
[1.572s] INFO:colcon.colcon_core.shell:Creating environment descriptor '/home/zxq/laser_ws/install/usb_cam/share/usb_cam/hook/cmake_prefix_path.dsv'
[1.573s] INFO:colcon.colcon_core.shell:Creating environment hook '/home/zxq/laser_ws/install/usb_cam/share/usb_cam/hook/cmake_prefix_path.sh'
[1.574s] Level 1:colcon.colcon_core.environment:checking '/home/zxq/laser_ws/install/usb_cam/lib'
[1.575s] Level 1:colcon.colcon_core.shell:create_environment_hook('usb_cam', 'ld_library_path_lib')
[1.575s] INFO:colcon.colcon_core.shell:Creating environment hook '/home/zxq/laser_ws/install/usb_cam/share/usb_cam/hook/ld_library_path_lib.ps1'
[1.576s] INFO:colcon.colcon_core.shell:Creating environment descriptor '/home/zxq/laser_ws/install/usb_cam/share/usb_cam/hook/ld_library_path_lib.dsv'
[1.577s] INFO:colcon.colcon_core.shell:Creating environment hook '/home/zxq/laser_ws/install/usb_cam/share/usb_cam/hook/ld_library_path_lib.sh'
[1.578s] Level 1:colcon.colcon_core.environment:checking '/home/zxq/laser_ws/install/usb_cam/bin'
[1.578s] Level 1:colcon.colcon_core.environment:checking '/home/zxq/laser_ws/install/usb_cam/lib/pkgconfig/usb_cam.pc'
[1.578s] Level 1:colcon.colcon_core.environment:checking '/home/zxq/laser_ws/install/usb_cam/lib/python3.10/site-packages'
[1.579s] Level 1:colcon.colcon_core.environment:checking '/home/zxq/laser_ws/install/usb_cam/bin'
[1.579s] INFO:colcon.colcon_core.shell:Creating package script '/home/zxq/laser_ws/install/usb_cam/share/usb_cam/package.ps1'
[1.581s] INFO:colcon.colcon_core.shell:Creating package descriptor '/home/zxq/laser_ws/install/usb_cam/share/usb_cam/package.dsv'
[1.582s] INFO:colcon.colcon_core.shell:Creating package script '/home/zxq/laser_ws/install/usb_cam/share/usb_cam/package.sh'
[1.582s] INFO:colcon.colcon_core.shell:Creating package script '/home/zxq/laser_ws/install/usb_cam/share/usb_cam/package.bash'
[1.583s] INFO:colcon.colcon_core.shell:Creating package script '/home/zxq/laser_ws/install/usb_cam/share/usb_cam/package.zsh'
[1.583s] Level 1:colcon.colcon_core.environment:create_file_with_runtime_dependencies(/home/zxq/laser_ws/install/usb_cam/share/colcon-core/packages/usb_cam)
[1.647s] Level 1:colcon.colcon_core.environment:create_environment_scripts_only(rslidar_msg)
[1.648s] Level 1:colcon.colcon_core.environment:checking '/home/zxq/laser_ws/install/rslidar_msg' for CMake module files
[1.652s] Level 1:colcon.colcon_core.environment:checking '/home/zxq/laser_ws/install/rslidar_msg' for CMake config files
[1.653s] Level 1:colcon.colcon_core.shell:create_environment_hook('rslidar_msg', 'cmake_prefix_path')
[1.653s] INFO:colcon.colcon_core.shell:Creating environment hook '/home/zxq/laser_ws/install/rslidar_msg/share/rslidar_msg/hook/cmake_prefix_path.ps1'
[1.655s] INFO:colcon.colcon_core.shell:Creating environment descriptor '/home/zxq/laser_ws/install/rslidar_msg/share/rslidar_msg/hook/cmake_prefix_path.dsv'
[1.656s] INFO:colcon.colcon_core.shell:Creating environment hook '/home/zxq/laser_ws/install/rslidar_msg/share/rslidar_msg/hook/cmake_prefix_path.sh'
[1.658s] Level 1:colcon.colcon_core.environment:checking '/home/zxq/laser_ws/install/rslidar_msg/lib'
[1.659s] Level 1:colcon.colcon_core.shell:create_environment_hook('rslidar_msg', 'ld_library_path_lib')
[1.659s] INFO:colcon.colcon_core.shell:Creating environment hook '/home/zxq/laser_ws/install/rslidar_msg/share/rslidar_msg/hook/ld_library_path_lib.ps1'
[1.661s] INFO:colcon.colcon_core.shell:Creating environment descriptor '/home/zxq/laser_ws/install/rslidar_msg/share/rslidar_msg/hook/ld_library_path_lib.dsv'
[1.662s] INFO:colcon.colcon_core.shell:Creating environment hook '/home/zxq/laser_ws/install/rslidar_msg/share/rslidar_msg/hook/ld_library_path_lib.sh'
[1.663s] DEBUG:colcon.colcon_core.event_handler.log_command:Invoked command in '/home/zxq/laser_ws/build/rslidar_msg' returned '0': CMAKE_PREFIX_PATH=${CMAKE_PREFIX_PATH}:/home/zxq/laser_ws/install/my_python_node:/opt/ros/humble CONDA_PROMPT_MODIFIER=(base) /usr/bin/cmake --install /home/zxq/laser_ws/build/rslidar_msg
[1.663s] Level 1:colcon.colcon_core.environment:checking '/home/zxq/laser_ws/install/rslidar_msg/bin'
[1.663s] Level 1:colcon.colcon_core.environment:checking '/home/zxq/laser_ws/install/rslidar_msg/lib/pkgconfig/rslidar_msg.pc'
[1.664s] Level 1:colcon.colcon_core.environment:checking '/home/zxq/laser_ws/install/rslidar_msg/lib/python3.10/site-packages'
[1.664s] Level 1:colcon.colcon_core.environment:checking '/home/zxq/laser_ws/install/rslidar_msg/bin'
[1.665s] INFO:colcon.colcon_core.shell:Creating package script '/home/zxq/laser_ws/install/rslidar_msg/share/rslidar_msg/package.ps1'
[1.666s] INFO:colcon.colcon_core.shell:Creating package descriptor '/home/zxq/laser_ws/install/rslidar_msg/share/rslidar_msg/package.dsv'
[1.667s] INFO:colcon.colcon_core.shell:Creating package script '/home/zxq/laser_ws/install/rslidar_msg/share/rslidar_msg/package.sh'
[1.668s] INFO:colcon.colcon_core.shell:Creating package script '/home/zxq/laser_ws/install/rslidar_msg/share/rslidar_msg/package.bash'
[1.668s] INFO:colcon.colcon_core.shell:Creating package script '/home/zxq/laser_ws/install/rslidar_msg/share/rslidar_msg/package.zsh'
[1.669s] Level 1:colcon.colcon_core.environment:create_file_with_runtime_dependencies(/home/zxq/laser_ws/install/rslidar_msg/share/colcon-core/packages/rslidar_msg)
[1.689s] Level 1:colcon.colcon_core.environment:create_environment_scripts_only(usb_cam)
[1.689s] Level 1:colcon.colcon_core.environment:checking '/home/zxq/laser_ws/install/usb_cam' for CMake module files
[1.690s] Level 1:colcon.colcon_core.environment:checking '/home/zxq/laser_ws/install/usb_cam' for CMake config files
[1.690s] Level 1:colcon.colcon_core.shell:create_environment_hook('usb_cam', 'cmake_prefix_path')
[1.691s] INFO:colcon.colcon_core.shell:Creating environment hook '/home/zxq/laser_ws/install/usb_cam/share/usb_cam/hook/cmake_prefix_path.ps1'
[1.692s] INFO:colcon.colcon_core.shell:Creating environment descriptor '/home/zxq/laser_ws/install/usb_cam/share/usb_cam/hook/cmake_prefix_path.dsv'
[1.692s] INFO:colcon.colcon_core.shell:Creating environment hook '/home/zxq/laser_ws/install/usb_cam/share/usb_cam/hook/cmake_prefix_path.sh'
[1.693s] Level 1:colcon.colcon_core.environment:checking '/home/zxq/laser_ws/install/usb_cam/lib'
[1.693s] Level 1:colcon.colcon_core.shell:create_environment_hook('usb_cam', 'ld_library_path_lib')
[1.693s] INFO:colcon.colcon_core.shell:Creating environment hook '/home/zxq/laser_ws/install/usb_cam/share/usb_cam/hook/ld_library_path_lib.ps1'
[1.694s] INFO:colcon.colcon_core.shell:Creating environment descriptor '/home/zxq/laser_ws/install/usb_cam/share/usb_cam/hook/ld_library_path_lib.dsv'
[1.694s] INFO:colcon.colcon_core.shell:Creating environment hook '/home/zxq/laser_ws/install/usb_cam/share/usb_cam/hook/ld_library_path_lib.sh'
[1.695s] Level 1:colcon.colcon_core.environment:checking '/home/zxq/laser_ws/install/usb_cam/bin'
[1.695s] Level 1:colcon.colcon_core.environment:checking '/home/zxq/laser_ws/install/usb_cam/lib/pkgconfig/usb_cam.pc'
[1.695s] Level 1:colcon.colcon_core.environment:checking '/home/zxq/laser_ws/install/usb_cam/lib/python3.10/site-packages'
[1.696s] Level 1:colcon.colcon_core.environment:checking '/home/zxq/laser_ws/install/usb_cam/bin'
[1.696s] INFO:colcon.colcon_core.shell:Creating package script '/home/zxq/laser_ws/install/usb_cam/share/usb_cam/package.ps1'
[1.697s] INFO:colcon.colcon_core.shell:Creating package descriptor '/home/zxq/laser_ws/install/usb_cam/share/usb_cam/package.dsv'
[1.697s] INFO:colcon.colcon_core.shell:Creating package script '/home/zxq/laser_ws/install/usb_cam/share/usb_cam/package.sh'
[1.698s] INFO:colcon.colcon_core.shell:Creating package script '/home/zxq/laser_ws/install/usb_cam/share/usb_cam/package.bash'
[1.699s] INFO:colcon.colcon_core.shell:Creating package script '/home/zxq/laser_ws/install/usb_cam/share/usb_cam/package.zsh'
[1.699s] Level 1:colcon.colcon_core.environment:create_file_with_runtime_dependencies(/home/zxq/laser_ws/install/usb_cam/share/colcon-core/packages/usb_cam)
[1.832s] Level 1:colcon.colcon_core.environment:create_environment_scripts_only(rslidar_msg)
[1.834s] Level 1:colcon.colcon_core.environment:checking '/home/zxq/laser_ws/install/rslidar_msg' for CMake module files
[1.838s] Level 1:colcon.colcon_core.environment:checking '/home/zxq/laser_ws/install/rslidar_msg' for CMake config files
[1.839s] Level 1:colcon.colcon_core.shell:create_environment_hook('rslidar_msg', 'cmake_prefix_path')
[1.841s] INFO:colcon.colcon_core.shell:Creating environment hook '/home/zxq/laser_ws/install/rslidar_msg/share/rslidar_msg/hook/cmake_prefix_path.ps1'
[1.844s] INFO:colcon.colcon_core.shell:Creating environment descriptor '/home/zxq/laser_ws/install/rslidar_msg/share/rslidar_msg/hook/cmake_prefix_path.dsv'
[1.845s] INFO:colcon.colcon_core.shell:Creating environment hook '/home/zxq/laser_ws/install/rslidar_msg/share/rslidar_msg/hook/cmake_prefix_path.sh'
[1.847s] Level 1:colcon.colcon_core.environment:checking '/home/zxq/laser_ws/install/rslidar_msg/lib'
[1.848s] Level 1:colcon.colcon_core.shell:create_environment_hook('rslidar_msg', 'ld_library_path_lib')
[1.849s] INFO:colcon.colcon_core.shell:Creating environment hook '/home/zxq/laser_ws/install/rslidar_msg/share/rslidar_msg/hook/ld_library_path_lib.ps1'
[1.851s] INFO:colcon.colcon_core.shell:Creating environment descriptor '/home/zxq/laser_ws/install/rslidar_msg/share/rslidar_msg/hook/ld_library_path_lib.dsv'
[1.854s] INFO:colcon.colcon_core.shell:Creating environment hook '/home/zxq/laser_ws/install/rslidar_msg/share/rslidar_msg/hook/ld_library_path_lib.sh'
[1.856s] Level 1:colcon.colcon_core.environment:checking '/home/zxq/laser_ws/install/rslidar_msg/bin'
[1.857s] Level 1:colcon.colcon_core.environment:checking '/home/zxq/laser_ws/install/rslidar_msg/lib/pkgconfig/rslidar_msg.pc'
[1.858s] Level 1:colcon.colcon_core.environment:checking '/home/zxq/laser_ws/install/rslidar_msg/lib/python3.10/site-packages'
[1.859s] Level 1:colcon.colcon_core.environment:checking '/home/zxq/laser_ws/install/rslidar_msg/bin'
[1.861s] INFO:colcon.colcon_core.shell:Creating package script '/home/zxq/laser_ws/install/rslidar_msg/share/rslidar_msg/package.ps1'
[1.865s] INFO:colcon.colcon_core.shell:Creating package descriptor '/home/zxq/laser_ws/install/rslidar_msg/share/rslidar_msg/package.dsv'
[1.869s] INFO:colcon.colcon_core.shell:Creating package script '/home/zxq/laser_ws/install/rslidar_msg/share/rslidar_msg/package.sh'
[1.870s] INFO:colcon.colcon_core.shell:Creating package script '/home/zxq/laser_ws/install/rslidar_msg/share/rslidar_msg/package.bash'
[1.871s] INFO:colcon.colcon_core.shell:Creating package script '/home/zxq/laser_ws/install/rslidar_msg/share/rslidar_msg/package.zsh'
[1.871s] Level 1:colcon.colcon_core.environment:create_file_with_runtime_dependencies(/home/zxq/laser_ws/install/rslidar_msg/share/colcon-core/packages/rslidar_msg)
[1.872s] INFO:colcon.colcon_ros.task.ament_cmake.build:Building ROS package in '/home/zxq/laser_ws/src/rslidar_sdk' with build type 'ament_cmake'
[1.872s] INFO:colcon.colcon_cmake.task.cmake.build:Building CMake package in '/home/zxq/laser_ws/src/rslidar_sdk'
[1.872s] INFO:colcon.colcon_core.shell:Skip shell extension 'powershell' for command environment: Not usable outside of PowerShell
[1.873s] DEBUG:colcon.colcon_core.shell:Skip shell extension 'dsv' for command environment
[1.899s] DEBUG:colcon.colcon_core.event_handler.log_command:Invoking command in '/home/zxq/laser_ws/build/rslidar_sdk': CMAKE_PREFIX_PATH=/home/zxq/laser_ws/install/rslidar_msg:/home/zxq/laser_ws/install/rslidar_sdk:/home/zxq/laser_ws/install/my_python_node:/opt/ros/humble CONDA_PROMPT_MODIFIER=(base) /usr/bin/cmake --build /home/zxq/laser_ws/build/rslidar_sdk -- -j8 -l8
[2.061s] DEBUG:colcon.colcon_core.event_handler.log_command:Invoking command in '/home/zxq/laser_ws/src/my_python_node': CONDA_PROMPT_MODIFIER=(base) PYTHONPATH=/home/zxq/laser_ws/build/my_python_node/prefix_override:/usr/lib/python3/dist-packages/colcon_core/task/python/colcon_distutils_commands:/home/zxq/laser_ws/install/my_python_node/lib/python3.10/site-packages:${PYTHONPATH} /usr/bin/python3 -W ignore:setup.py install is deprecated setup.py egg_info --egg-base ../../build/my_python_node build --build-base /home/zxq/laser_ws/build/my_python_node/build install --record /home/zxq/laser_ws/build/my_python_node/install.log --single-version-externally-managed install_data
[2.091s] DEBUG:colcon.colcon_core.event_handler.log_command:Invoked command in '/home/zxq/laser_ws/build/rslidar_sdk' returned '0': CMAKE_PREFIX_PATH=/home/zxq/laser_ws/install/rslidar_msg:/home/zxq/laser_ws/install/rslidar_sdk:/home/zxq/laser_ws/install/my_python_node:/opt/ros/humble CONDA_PROMPT_MODIFIER=(base) /usr/bin/cmake --build /home/zxq/laser_ws/build/rslidar_sdk -- -j8 -l8
[2.179s] DEBUG:colcon.colcon_core.event_handler.log_command:Invoking command in '/home/zxq/laser_ws/build/rslidar_sdk': CMAKE_PREFIX_PATH=/home/zxq/laser_ws/install/rslidar_msg:/home/zxq/laser_ws/install/rslidar_sdk:/home/zxq/laser_ws/install/my_python_node:/opt/ros/humble CONDA_PROMPT_MODIFIER=(base) /usr/bin/cmake --install /home/zxq/laser_ws/build/rslidar_sdk
[2.216s] Level 1:colcon.colcon_core.environment:create_environment_scripts_only(rslidar_sdk)
[2.217s] Level 1:colcon.colcon_core.environment:checking '/home/zxq/laser_ws/install/rslidar_sdk' for CMake module files
[2.219s] DEBUG:colcon.colcon_core.event_handler.log_command:Invoked command in '/home/zxq/laser_ws/build/rslidar_sdk' returned '0': CMAKE_PREFIX_PATH=/home/zxq/laser_ws/install/rslidar_msg:/home/zxq/laser_ws/install/rslidar_sdk:/home/zxq/laser_ws/install/my_python_node:/opt/ros/humble CONDA_PROMPT_MODIFIER=(base) /usr/bin/cmake --install /home/zxq/laser_ws/build/rslidar_sdk
[2.220s] Level 1:colcon.colcon_core.environment:checking '/home/zxq/laser_ws/install/rslidar_sdk' for CMake config files
[2.221s] Level 1:colcon.colcon_core.shell:create_environment_hook('rslidar_sdk', 'cmake_prefix_path')
[2.221s] INFO:colcon.colcon_core.shell:Creating environment hook '/home/zxq/laser_ws/install/rslidar_sdk/share/rslidar_sdk/hook/cmake_prefix_path.ps1'
[2.222s] INFO:colcon.colcon_core.shell:Creating environment descriptor '/home/zxq/laser_ws/install/rslidar_sdk/share/rslidar_sdk/hook/cmake_prefix_path.dsv'
[2.222s] INFO:colcon.colcon_core.shell:Creating environment hook '/home/zxq/laser_ws/install/rslidar_sdk/share/rslidar_sdk/hook/cmake_prefix_path.sh'
[2.223s] Level 1:colcon.colcon_core.environment:checking '/home/zxq/laser_ws/install/rslidar_sdk/lib'
[2.223s] Level 1:colcon.colcon_core.environment:checking '/home/zxq/laser_ws/install/rslidar_sdk/bin'
[2.224s] Level 1:colcon.colcon_core.environment:checking '/home/zxq/laser_ws/install/rslidar_sdk/lib/pkgconfig/rslidar_sdk.pc'
[2.224s] Level 1:colcon.colcon_core.environment:checking '/home/zxq/laser_ws/install/rslidar_sdk/lib/python3.10/site-packages'
[2.224s] Level 1:colcon.colcon_core.environment:checking '/home/zxq/laser_ws/install/rslidar_sdk/bin'
[2.225s] INFO:colcon.colcon_core.shell:Creating package script '/home/zxq/laser_ws/install/rslidar_sdk/share/rslidar_sdk/package.ps1'
[2.225s] INFO:colcon.colcon_core.shell:Creating package descriptor '/home/zxq/laser_ws/install/rslidar_sdk/share/rslidar_sdk/package.dsv'
[2.226s] INFO:colcon.colcon_core.shell:Creating package script '/home/zxq/laser_ws/install/rslidar_sdk/share/rslidar_sdk/package.sh'
[2.226s] INFO:colcon.colcon_core.shell:Creating package script '/home/zxq/laser_ws/install/rslidar_sdk/share/rslidar_sdk/package.bash'
[2.227s] INFO:colcon.colcon_core.shell:Creating package script '/home/zxq/laser_ws/install/rslidar_sdk/share/rslidar_sdk/package.zsh'
[2.227s] Level 1:colcon.colcon_core.environment:create_file_with_runtime_dependencies(/home/zxq/laser_ws/install/rslidar_sdk/share/colcon-core/packages/rslidar_sdk)
[2.302s] Level 1:colcon.colcon_core.environment:create_environment_scripts_only(rslidar_sdk)
[2.305s] Level 1:colcon.colcon_core.environment:checking '/home/zxq/laser_ws/install/rslidar_sdk' for CMake module files
[2.307s] Level 1:colcon.colcon_core.environment:checking '/home/zxq/laser_ws/install/rslidar_sdk' for CMake config files
[2.308s] Level 1:colcon.colcon_core.shell:create_environment_hook('rslidar_sdk', 'cmake_prefix_path')
[2.309s] INFO:colcon.colcon_core.shell:Creating environment hook '/home/zxq/laser_ws/install/rslidar_sdk/share/rslidar_sdk/hook/cmake_prefix_path.ps1'
[2.311s] INFO:colcon.colcon_core.shell:Creating environment descriptor '/home/zxq/laser_ws/install/rslidar_sdk/share/rslidar_sdk/hook/cmake_prefix_path.dsv'
[2.313s] INFO:colcon.colcon_core.shell:Creating environment hook '/home/zxq/laser_ws/install/rslidar_sdk/share/rslidar_sdk/hook/cmake_prefix_path.sh'
[2.315s] Level 1:colcon.colcon_core.environment:checking '/home/zxq/laser_ws/install/rslidar_sdk/lib'
[2.315s] Level 1:colcon.colcon_core.environment:checking '/home/zxq/laser_ws/install/rslidar_sdk/bin'
[2.315s] Level 1:colcon.colcon_core.environment:checking '/home/zxq/laser_ws/install/rslidar_sdk/lib/pkgconfig/rslidar_sdk.pc'
[2.316s] Level 1:colcon.colcon_core.environment:checking '/home/zxq/laser_ws/install/rslidar_sdk/lib/python3.10/site-packages'
[2.317s] Level 1:colcon.colcon_core.environment:checking '/home/zxq/laser_ws/install/rslidar_sdk/bin'
[2.319s] INFO:colcon.colcon_core.shell:Creating package script '/home/zxq/laser_ws/install/rslidar_sdk/share/rslidar_sdk/package.ps1'
[2.321s] INFO:colcon.colcon_core.shell:Creating package descriptor '/home/zxq/laser_ws/install/rslidar_sdk/share/rslidar_sdk/package.dsv'
[2.324s] INFO:colcon.colcon_core.shell:Creating package script '/home/zxq/laser_ws/install/rslidar_sdk/share/rslidar_sdk/package.sh'
[2.326s] INFO:colcon.colcon_core.shell:Creating package script '/home/zxq/laser_ws/install/rslidar_sdk/share/rslidar_sdk/package.bash'
[2.327s] INFO:colcon.colcon_core.shell:Creating package script '/home/zxq/laser_ws/install/rslidar_sdk/share/rslidar_sdk/package.zsh'
[2.329s] Level 1:colcon.colcon_core.environment:create_file_with_runtime_dependencies(/home/zxq/laser_ws/install/rslidar_sdk/share/colcon-core/packages/rslidar_sdk)
[2.605s] Level 1:colcon.colcon_core.environment:checking '/home/zxq/laser_ws/install/my_python_node' for CMake module files
[2.608s] DEBUG:colcon.colcon_core.event_handler.log_command:Invoked command in '/home/zxq/laser_ws/src/my_python_node' returned '0': CONDA_PROMPT_MODIFIER=(base) PYTHONPATH=/home/zxq/laser_ws/build/my_python_node/prefix_override:/usr/lib/python3/dist-packages/colcon_core/task/python/colcon_distutils_commands:/home/zxq/laser_ws/install/my_python_node/lib/python3.10/site-packages:${PYTHONPATH} /usr/bin/python3 -W ignore:setup.py install is deprecated setup.py egg_info --egg-base ../../build/my_python_node build --build-base /home/zxq/laser_ws/build/my_python_node/build install --record /home/zxq/laser_ws/build/my_python_node/install.log --single-version-externally-managed install_data
[2.610s] Level 1:colcon.colcon_core.environment:checking '/home/zxq/laser_ws/install/my_python_node' for CMake config files
[2.612s] Level 1:colcon.colcon_core.environment:checking '/home/zxq/laser_ws/install/my_python_node/lib'
[2.612s] Level 1:colcon.colcon_core.environment:checking '/home/zxq/laser_ws/install/my_python_node/bin'
[2.612s] Level 1:colcon.colcon_core.environment:checking '/home/zxq/laser_ws/install/my_python_node/lib/pkgconfig/my_python_node.pc'
[2.613s] Level 1:colcon.colcon_core.environment:checking '/home/zxq/laser_ws/install/my_python_node/lib/python3.10/site-packages'
[2.614s] Level 1:colcon.colcon_core.shell:create_environment_hook('my_python_node', 'pythonpath')
[2.615s] INFO:colcon.colcon_core.shell:Creating environment hook '/home/zxq/laser_ws/install/my_python_node/share/my_python_node/hook/pythonpath.ps1'
[2.617s] INFO:colcon.colcon_core.shell:Creating environment descriptor '/home/zxq/laser_ws/install/my_python_node/share/my_python_node/hook/pythonpath.dsv'
[2.619s] INFO:colcon.colcon_core.shell:Creating environment hook '/home/zxq/laser_ws/install/my_python_node/share/my_python_node/hook/pythonpath.sh'
[2.622s] Level 1:colcon.colcon_core.environment:checking '/home/zxq/laser_ws/install/my_python_node/bin'
[2.623s] Level 1:colcon.colcon_core.environment:create_environment_scripts_only(my_python_node)
[2.625s] INFO:colcon.colcon_core.shell:Creating package script '/home/zxq/laser_ws/install/my_python_node/share/my_python_node/package.ps1'
[2.627s] INFO:colcon.colcon_core.shell:Creating package descriptor '/home/zxq/laser_ws/install/my_python_node/share/my_python_node/package.dsv'
[2.629s] INFO:colcon.colcon_core.shell:Creating package script '/home/zxq/laser_ws/install/my_python_node/share/my_python_node/package.sh'
[2.630s] INFO:colcon.colcon_core.shell:Creating package script '/home/zxq/laser_ws/install/my_python_node/share/my_python_node/package.bash'
[2.632s] INFO:colcon.colcon_core.shell:Creating package script '/home/zxq/laser_ws/install/my_python_node/share/my_python_node/package.zsh'
[2.633s] Level 1:colcon.colcon_core.environment:create_file_with_runtime_dependencies(/home/zxq/laser_ws/install/my_python_node/share/colcon-core/packages/my_python_node)
[2.634s] DEBUG:colcon.colcon_parallel_executor.executor.parallel:closing loop
[2.635s] DEBUG:colcon.colcon_parallel_executor.executor.parallel:loop closed
[2.635s] DEBUG:colcon.colcon_parallel_executor.executor.parallel:run_until_complete finished with '0'
[2.636s] DEBUG:colcon.colcon_core.event_reactor:joining thread
[2.665s] INFO:colcon.colcon_core.plugin_system:Skipping extension 'colcon_notification.desktop_notification.notify_send': Could not find 'notify-send'
[2.666s] INFO:colcon.colcon_core.plugin_system:Skipping extension 'colcon_notification.desktop_notification.terminal_notifier': Not used on non-Darwin systems
[2.666s] INFO:colcon.colcon_core.plugin_system:Skipping extension 'colcon_notification.desktop_notification.win32': Not used on non-Windows systems
[2.666s] INFO:colcon.colcon_notification.desktop_notification:Sending desktop notification using 'notify2'
[2.667s] DEBUG:colcon.colcon_notification.desktop_notification.notify2:Failed to initialize notify2: org.freedesktop.DBus.Error.NoReply: Did not receive a reply. Possible causes include: the remote application did not send a reply, the message bus security policy blocked the reply, the reply timeout expired, or the network connection was broken.
[2.668s] DEBUG:colcon.colcon_core.event_reactor:joined thread
[2.669s] INFO:colcon.colcon_core.shell:Creating prefix script '/home/zxq/laser_ws/install/local_setup.ps1'
[2.674s] INFO:colcon.colcon_core.shell:Creating prefix util module '/home/zxq/laser_ws/install/_local_setup_util_ps1.py'
[2.682s] INFO:colcon.colcon_core.shell:Creating prefix chain script '/home/zxq/laser_ws/install/setup.ps1'
[2.688s] INFO:colcon.colcon_core.shell:Creating prefix script '/home/zxq/laser_ws/install/local_setup.sh'
[2.691s] INFO:colcon.colcon_core.shell:Creating prefix util module '/home/zxq/laser_ws/install/_local_setup_util_sh.py'
[2.693s] INFO:colcon.colcon_core.shell:Creating prefix chain script '/home/zxq/laser_ws/install/setup.sh'
[2.699s] INFO:colcon.colcon_core.shell:Creating prefix script '/home/zxq/laser_ws/install/local_setup.bash'
[2.703s] INFO:colcon.colcon_core.shell:Creating prefix chain script '/home/zxq/laser_ws/install/setup.bash'
[2.708s] INFO:colcon.colcon_core.shell:Creating prefix script '/home/zxq/laser_ws/install/local_setup.zsh'
[2.710s] INFO:colcon.colcon_core.shell:Creating prefix chain script '/home/zxq/laser_ws/install/setup.zsh'
