[1.165s] Invoking command in '/home/zxq/laser_ws/src/my_python_node': PYTHONPATH=/home/zxq/laser_ws/build/my_python_node/prefix_override:/usr/lib/python3/dist-packages/colcon_core/task/python/colcon_distutils_commands:/home/zxq/laser_ws/install/my_python_node/lib/python3.10/site-packages: /usr/bin/python3 -W ignore:setup.py install is deprecated setup.py egg_info --egg-base ../../build/my_python_node build --build-base /home/zxq/laser_ws/build/my_python_node/build install --record /home/zxq/laser_ws/build/my_python_node/install.log --single-version-externally-managed install_data
[1.428s] running egg_info
[1.429s] writing ../../build/my_python_node/my_python_node.egg-info/PKG-INFO
[1.429s] writing dependency_links to ../../build/my_python_node/my_python_node.egg-info/dependency_links.txt
[1.430s] writing entry points to ../../build/my_python_node/my_python_node.egg-info/entry_points.txt
[1.430s] writing requirements to ../../build/my_python_node/my_python_node.egg-info/requires.txt
[1.430s] writing top-level names to ../../build/my_python_node/my_python_node.egg-info/top_level.txt
[1.432s] reading manifest file '../../build/my_python_node/my_python_node.egg-info/SOURCES.txt'
[1.433s] writing manifest file '../../build/my_python_node/my_python_node.egg-info/SOURCES.txt'
[1.433s] running build
[1.433s] running build_py
[1.434s] copying my_python_node/listener.py -> /home/zxq/laser_ws/build/my_python_node/build/lib/my_python_node
[1.434s] copying my_python_node/listener_1.py -> /home/zxq/laser_ws/build/my_python_node/build/lib/my_python_node
[1.434s] running install
[1.434s] running install_lib
[1.435s] copying /home/zxq/laser_ws/build/my_python_node/build/lib/my_python_node/listener.py -> /home/zxq/laser_ws/install/my_python_node/lib/python3.10/site-packages/my_python_node
[1.436s] copying /home/zxq/laser_ws/build/my_python_node/build/lib/my_python_node/listener_1.py -> /home/zxq/laser_ws/install/my_python_node/lib/python3.10/site-packages/my_python_node
[1.436s] byte-compiling /home/zxq/laser_ws/install/my_python_node/lib/python3.10/site-packages/my_python_node/listener.py to listener.cpython-310.pyc
[1.439s]   File "/home/zxq/laser_ws/install/my_python_node/lib/python3.10/site-packages/my_python_node/listener.py", line 145
[1.439s]     thread_camera = threading.Thread(target=target=read_camera)
[1.439s]                                                   ^
[1.439s] SyntaxError: invalid syntax
[1.439s] 
[1.439s] byte-compiling /home/zxq/laser_ws/install/my_python_node/lib/python3.10/site-packages/my_python_node/listener_1.py to listener_1.cpython-310.pyc
[1.441s] running install_data
[1.442s] running install_egg_info
[1.444s] removing '/home/zxq/laser_ws/install/my_python_node/lib/python3.10/site-packages/my_python_node-0.0.0-py3.10.egg-info' (and everything under it)
[1.445s] Copying ../../build/my_python_node/my_python_node.egg-info to /home/zxq/laser_ws/install/my_python_node/lib/python3.10/site-packages/my_python_node-0.0.0-py3.10.egg-info
[1.445s] running install_scripts
[1.473s] Installing listener script to /home/zxq/laser_ws/install/my_python_node/lib/my_python_node
[1.474s] writing list of installed files to '/home/zxq/laser_ws/build/my_python_node/install.log'
[1.526s] Invoked command in '/home/zxq/laser_ws/src/my_python_node' returned '0': PYTHONPATH=/home/zxq/laser_ws/build/my_python_node/prefix_override:/usr/lib/python3/dist-packages/colcon_core/task/python/colcon_distutils_commands:/home/zxq/laser_ws/install/my_python_node/lib/python3.10/site-packages: /usr/bin/python3 -W ignore:setup.py install is deprecated setup.py egg_info --egg-base ../../build/my_python_node build --build-base /home/zxq/laser_ws/build/my_python_node/build install --record /home/zxq/laser_ws/build/my_python_node/install.log --single-version-externally-managed install_data
