[0.040s] Invoking command in '/home/zxq/laser_ws/build/rslidar_sdk': CMAKE_PREFIX_PATH=/home/zxq/laser_ws/install/rslidar_msg:/home/zxq/laser_ws/install/rslidar_sdk:/home/zxq/laser_ws/install/my_python_node:/home/zxq/laser_ws/install/demo_print_py:/opt/ros/humble /usr/bin/cmake --build /home/zxq/laser_ws/build/rslidar_sdk -- -j8 -l8
[0.163s] [35m[1mConsolidate compiler generated dependencies of target rslidar_sdk_node[0m
[0.240s] [100%] Built target rslidar_sdk_node
[0.290s] Invoked command in '/home/zxq/laser_ws/build/rslidar_sdk' returned '0': CMAKE_PREFIX_PATH=/home/zxq/laser_ws/install/rslidar_msg:/home/zxq/laser_ws/install/rslidar_sdk:/home/zxq/laser_ws/install/my_python_node:/home/zxq/laser_ws/install/demo_print_py:/opt/ros/humble /usr/bin/cmake --build /home/zxq/laser_ws/build/rslidar_sdk -- -j8 -l8
[0.417s] Invoking command in '/home/zxq/laser_ws/build/rslidar_sdk': CMAKE_PREFIX_PATH=/home/zxq/laser_ws/install/rslidar_msg:/home/zxq/laser_ws/install/rslidar_sdk:/home/zxq/laser_ws/install/my_python_node:/home/zxq/laser_ws/install/demo_print_py:/opt/ros/humble /usr/bin/cmake --install /home/zxq/laser_ws/build/rslidar_sdk
[0.441s] -- Install configuration: "Release"
[0.442s] -- Up-to-date: /home/zxq/laser_ws/install/rslidar_sdk/lib/rslidar_sdk/rslidar_sdk_node
[0.442s] -- Up-to-date: /home/zxq/laser_ws/install/rslidar_sdk/share/rslidar_sdk/launch
[0.443s] -- Up-to-date: /home/zxq/laser_ws/install/rslidar_sdk/share/rslidar_sdk/launch/config.yaml
[0.443s] -- Up-to-date: /home/zxq/laser_ws/install/rslidar_sdk/share/rslidar_sdk/launch/start.launch
[0.444s] -- Up-to-date: /home/zxq/laser_ws/install/rslidar_sdk/share/rslidar_sdk/launch/elequent_start.py
[0.444s] -- Up-to-date: /home/zxq/laser_ws/install/rslidar_sdk/share/rslidar_sdk/launch/start.py
[0.445s] -- Up-to-date: /home/zxq/laser_ws/install/rslidar_sdk/share/rslidar_sdk/rviz
[0.445s] -- Up-to-date: /home/zxq/laser_ws/install/rslidar_sdk/share/rslidar_sdk/rviz/rviz.rviz
[0.446s] -- Up-to-date: /home/zxq/laser_ws/install/rslidar_sdk/share/rslidar_sdk/rviz/rviz2.rviz
[0.448s] -- Up-to-date: /home/zxq/laser_ws/install/rslidar_sdk/share/ament_index/resource_index/package_run_dependencies/rslidar_sdk
[0.449s] -- Up-to-date: /home/zxq/laser_ws/install/rslidar_sdk/share/ament_index/resource_index/parent_prefix_path/rslidar_sdk
[0.450s] -- Up-to-date: /home/zxq/laser_ws/install/rslidar_sdk/share/rslidar_sdk/environment/ament_prefix_path.sh
[0.450s] -- Up-to-date: /home/zxq/laser_ws/install/rslidar_sdk/share/rslidar_sdk/environment/ament_prefix_path.dsv
[0.451s] -- Up-to-date: /home/zxq/laser_ws/install/rslidar_sdk/share/rslidar_sdk/environment/path.sh
[0.452s] -- Up-to-date: /home/zxq/laser_ws/install/rslidar_sdk/share/rslidar_sdk/environment/path.dsv
[0.452s] -- Up-to-date: /home/zxq/laser_ws/install/rslidar_sdk/share/rslidar_sdk/local_setup.bash
[0.453s] -- Up-to-date: /home/zxq/laser_ws/install/rslidar_sdk/share/rslidar_sdk/local_setup.sh
[0.453s] -- Up-to-date: /home/zxq/laser_ws/install/rslidar_sdk/share/rslidar_sdk/local_setup.zsh
[0.454s] -- Up-to-date: /home/zxq/laser_ws/install/rslidar_sdk/share/rslidar_sdk/local_setup.dsv
[0.455s] -- Installing: /home/zxq/laser_ws/install/rslidar_sdk/share/rslidar_sdk/package.dsv
[0.455s] -- Up-to-date: /home/zxq/laser_ws/install/rslidar_sdk/share/ament_index/resource_index/packages/rslidar_sdk
[0.456s] -- Up-to-date: /home/zxq/laser_ws/install/rslidar_sdk/share/rslidar_sdk/cmake/rslidar_sdkConfig.cmake
[0.456s] -- Up-to-date: /home/zxq/laser_ws/install/rslidar_sdk/share/rslidar_sdk/cmake/rslidar_sdkConfig-version.cmake
[0.457s] -- Up-to-date: /home/zxq/laser_ws/install/rslidar_sdk/share/rslidar_sdk/package.xml
[0.458s] Invoked command in '/home/zxq/laser_ws/build/rslidar_sdk' returned '0': CMAKE_PREFIX_PATH=/home/zxq/laser_ws/install/rslidar_msg:/home/zxq/laser_ws/install/rslidar_sdk:/home/zxq/laser_ws/install/my_python_node:/home/zxq/laser_ws/install/demo_print_py:/opt/ros/humble /usr/bin/cmake --install /home/zxq/laser_ws/build/rslidar_sdk
