[0.460s] DEBUG:colcon:Command line arguments: ['/usr/bin/colcon', 'build']
[0.460s] DEBUG:colcon:Parsed command line arguments: Namespace(log_base=None, log_level=None, verb_name='build', build_base='build', install_base='install', merge_install=False, symlink_install=False, test_result_base=None, continue_on_error=False, executor='parallel', parallel_workers=8, event_handlers=None, ignore_user_meta=False, metas=['./colcon.meta'], base_paths=['.'], packages_ignore=None, packages_ignore_regex=None, paths=None, packages_up_to=None, packages_up_to_regex=None, packages_above=None, packages_above_and_dependencies=None, packages_above_depth=None, packages_select_by_dep=None, packages_skip_by_dep=None, packages_skip_up_to=None, packages_select_build_failed=False, packages_skip_build_finished=False, packages_select_test_failures=False, packages_skip_test_passed=False, packages_select=None, packages_skip=None, packages_select_regex=None, packages_skip_regex=None, packages_start=None, packages_end=None, allow_overriding=[], cmake_args=None, cmake_target=None, cmake_target_skip_unavailable=False, cmake_clean_cache=False, cmake_clean_first=False, cmake_force_configure=False, ament_cmake_args=None, catkin_cmake_args=None, catkin_skip_building_tests=False, mixin_files=None, mixin=None, verb_parser=<colcon_mixin.mixin.mixin_argument.MixinArgumentDecorator object at 0x7f91b37580>, verb_extension=<colcon_core.verb.build.BuildVerb object at 0x7f91b36e00>, main=<bound method BuildVerb.main of <colcon_core.verb.build.BuildVerb object at 0x7f91b36e00>>, mixin_verb=('build',))
[1.033s] Level 1:colcon.colcon_core.package_discovery:discover_packages(colcon_meta) check parameters
[1.034s] Level 1:colcon.colcon_core.package_discovery:discover_packages(recursive) check parameters
[1.034s] Level 1:colcon.colcon_core.package_discovery:discover_packages(ignore) check parameters
[1.034s] Level 1:colcon.colcon_core.package_discovery:discover_packages(path) check parameters
[1.034s] Level 1:colcon.colcon_core.package_discovery:discover_packages(colcon_meta) discover
[1.035s] Level 1:colcon.colcon_core.package_discovery:discover_packages(recursive) discover
[1.035s] INFO:colcon.colcon_core.package_discovery:Crawling recursively for packages in '/home/zxq/laser_ws'
[1.035s] Level 1:colcon.colcon_core.package_identification:_identify(.) by extensions ['ignore', 'ignore_ament_install']
[1.036s] Level 1:colcon.colcon_core.package_identification:_identify(.) by extension 'ignore'
[1.036s] Level 1:colcon.colcon_core.package_identification:_identify(.) by extension 'ignore_ament_install'
[1.036s] Level 1:colcon.colcon_core.package_identification:_identify(.) by extensions ['colcon_pkg']
[1.036s] Level 1:colcon.colcon_core.package_identification:_identify(.) by extension 'colcon_pkg'
[1.036s] Level 1:colcon.colcon_core.package_identification:_identify(.) by extensions ['colcon_meta']
[1.036s] Level 1:colcon.colcon_core.package_identification:_identify(.) by extension 'colcon_meta'
[1.036s] Level 1:colcon.colcon_core.package_identification:_identify(.) by extensions ['ros']
[1.036s] Level 1:colcon.colcon_core.package_identification:_identify(.) by extension 'ros'
[1.114s] Level 1:colcon.colcon_core.package_identification:_identify(.) by extensions ['cmake', 'python']
[1.114s] Level 1:colcon.colcon_core.package_identification:_identify(.) by extension 'cmake'
[1.114s] Level 1:colcon.colcon_core.package_identification:_identify(.) by extension 'python'
[1.114s] Level 1:colcon.colcon_core.package_identification:_identify(.) by extensions ['python_setup_py']
[1.114s] Level 1:colcon.colcon_core.package_identification:_identify(.) by extension 'python_setup_py'
[1.115s] Level 1:colcon.colcon_core.package_identification:_identify(build) by extensions ['ignore', 'ignore_ament_install']
[1.115s] Level 1:colcon.colcon_core.package_identification:_identify(build) by extension 'ignore'
[1.115s] Level 1:colcon.colcon_core.package_identification:_identify(build) ignored
[1.115s] Level 1:colcon.colcon_core.package_identification:_identify(install) by extensions ['ignore', 'ignore_ament_install']
[1.115s] Level 1:colcon.colcon_core.package_identification:_identify(install) by extension 'ignore'
[1.115s] Level 1:colcon.colcon_core.package_identification:_identify(install) ignored
[1.116s] Level 1:colcon.colcon_core.package_identification:_identify(log) by extensions ['ignore', 'ignore_ament_install']
[1.116s] Level 1:colcon.colcon_core.package_identification:_identify(log) by extension 'ignore'
[1.116s] Level 1:colcon.colcon_core.package_identification:_identify(log) ignored
[1.116s] Level 1:colcon.colcon_core.package_identification:_identify(src) by extensions ['ignore', 'ignore_ament_install']
[1.116s] Level 1:colcon.colcon_core.package_identification:_identify(src) by extension 'ignore'
[1.116s] Level 1:colcon.colcon_core.package_identification:_identify(src) by extension 'ignore_ament_install'
[1.116s] Level 1:colcon.colcon_core.package_identification:_identify(src) by extensions ['colcon_pkg']
[1.116s] Level 1:colcon.colcon_core.package_identification:_identify(src) by extension 'colcon_pkg'
[1.116s] Level 1:colcon.colcon_core.package_identification:_identify(src) by extensions ['colcon_meta']
[1.116s] Level 1:colcon.colcon_core.package_identification:_identify(src) by extension 'colcon_meta'
[1.116s] Level 1:colcon.colcon_core.package_identification:_identify(src) by extensions ['ros']
[1.116s] Level 1:colcon.colcon_core.package_identification:_identify(src) by extension 'ros'
[1.116s] Level 1:colcon.colcon_core.package_identification:_identify(src) by extensions ['cmake', 'python']
[1.116s] Level 1:colcon.colcon_core.package_identification:_identify(src) by extension 'cmake'
[1.116s] Level 1:colcon.colcon_core.package_identification:_identify(src) by extension 'python'
[1.117s] Level 1:colcon.colcon_core.package_identification:_identify(src) by extensions ['python_setup_py']
[1.117s] Level 1:colcon.colcon_core.package_identification:_identify(src) by extension 'python_setup_py'
[1.121s] Level 1:colcon.colcon_core.package_identification:_identify(src/my_python_node) by extensions ['ignore', 'ignore_ament_install']
[1.121s] Level 1:colcon.colcon_core.package_identification:_identify(src/my_python_node) by extension 'ignore'
[1.121s] Level 1:colcon.colcon_core.package_identification:_identify(src/my_python_node) by extension 'ignore_ament_install'
[1.121s] Level 1:colcon.colcon_core.package_identification:_identify(src/my_python_node) by extensions ['colcon_pkg']
[1.121s] Level 1:colcon.colcon_core.package_identification:_identify(src/my_python_node) by extension 'colcon_pkg'
[1.121s] Level 1:colcon.colcon_core.package_identification:_identify(src/my_python_node) by extensions ['colcon_meta']
[1.121s] Level 1:colcon.colcon_core.package_identification:_identify(src/my_python_node) by extension 'colcon_meta'
[1.121s] Level 1:colcon.colcon_core.package_identification:_identify(src/my_python_node) by extensions ['ros']
[1.121s] Level 1:colcon.colcon_core.package_identification:_identify(src/my_python_node) by extension 'ros'
[1.127s] DEBUG:colcon.colcon_core.package_identification:Package 'src/my_python_node' with type 'ros.ament_python' and name 'my_python_node'
[1.128s] Level 1:colcon.colcon_core.package_identification:_identify(src/rs_driver) by extensions ['ignore', 'ignore_ament_install']
[1.128s] Level 1:colcon.colcon_core.package_identification:_identify(src/rs_driver) by extension 'ignore'
[1.128s] Level 1:colcon.colcon_core.package_identification:_identify(src/rs_driver) by extension 'ignore_ament_install'
[1.128s] Level 1:colcon.colcon_core.package_identification:_identify(src/rs_driver) by extensions ['colcon_pkg']
[1.128s] Level 1:colcon.colcon_core.package_identification:_identify(src/rs_driver) by extension 'colcon_pkg'
[1.128s] Level 1:colcon.colcon_core.package_identification:_identify(src/rs_driver) by extensions ['colcon_meta']
[1.128s] Level 1:colcon.colcon_core.package_identification:_identify(src/rs_driver) by extension 'colcon_meta'
[1.128s] Level 1:colcon.colcon_core.package_identification:_identify(src/rs_driver) by extensions ['ros']
[1.128s] Level 1:colcon.colcon_core.package_identification:_identify(src/rs_driver) by extension 'ros'
[1.128s] Level 1:colcon.colcon_core.package_identification:_identify(src/rs_driver) by extensions ['cmake', 'python']
[1.128s] Level 1:colcon.colcon_core.package_identification:_identify(src/rs_driver) by extension 'cmake'
[1.143s] Level 1:colcon.colcon_core.package_identification:_identify(src/rs_driver) by extension 'python'
[1.143s] DEBUG:colcon.colcon_core.package_identification:Package 'src/rs_driver' with type 'cmake' and name 'rs_driver'
[1.144s] Level 1:colcon.colcon_core.package_identification:_identify(src/rslidar_msg) by extensions ['ignore', 'ignore_ament_install']
[1.144s] Level 1:colcon.colcon_core.package_identification:_identify(src/rslidar_msg) by extension 'ignore'
[1.144s] Level 1:colcon.colcon_core.package_identification:_identify(src/rslidar_msg) by extension 'ignore_ament_install'
[1.144s] Level 1:colcon.colcon_core.package_identification:_identify(src/rslidar_msg) by extensions ['colcon_pkg']
[1.144s] Level 1:colcon.colcon_core.package_identification:_identify(src/rslidar_msg) by extension 'colcon_pkg'
[1.144s] Level 1:colcon.colcon_core.package_identification:_identify(src/rslidar_msg) by extensions ['colcon_meta']
[1.144s] Level 1:colcon.colcon_core.package_identification:_identify(src/rslidar_msg) by extension 'colcon_meta'
[1.144s] Level 1:colcon.colcon_core.package_identification:_identify(src/rslidar_msg) by extensions ['ros']
[1.145s] Level 1:colcon.colcon_core.package_identification:_identify(src/rslidar_msg) by extension 'ros'
[1.147s] DEBUG:colcon.colcon_core.package_identification:Package 'src/rslidar_msg' with type 'ros.ament_cmake' and name 'rslidar_msg'
[1.147s] Level 1:colcon.colcon_core.package_identification:_identify(src/rslidar_sdk) by extensions ['ignore', 'ignore_ament_install']
[1.147s] Level 1:colcon.colcon_core.package_identification:_identify(src/rslidar_sdk) by extension 'ignore'
[1.148s] Level 1:colcon.colcon_core.package_identification:_identify(src/rslidar_sdk) by extension 'ignore_ament_install'
[1.148s] Level 1:colcon.colcon_core.package_identification:_identify(src/rslidar_sdk) by extensions ['colcon_pkg']
[1.148s] Level 1:colcon.colcon_core.package_identification:_identify(src/rslidar_sdk) by extension 'colcon_pkg'
[1.148s] Level 1:colcon.colcon_core.package_identification:_identify(src/rslidar_sdk) by extensions ['colcon_meta']
[1.148s] Level 1:colcon.colcon_core.package_identification:_identify(src/rslidar_sdk) by extension 'colcon_meta'
[1.148s] Level 1:colcon.colcon_core.package_identification:_identify(src/rslidar_sdk) by extensions ['ros']
[1.148s] Level 1:colcon.colcon_core.package_identification:_identify(src/rslidar_sdk) by extension 'ros'
[1.161s] DEBUG:colcon.colcon_core.package_identification:Package 'src/rslidar_sdk' with type 'ros.ament_cmake' and name 'rslidar_sdk'
[1.162s] Level 1:colcon.colcon_core.package_discovery:discover_packages(recursive) using defaults
[1.162s] Level 1:colcon.colcon_core.package_discovery:discover_packages(ignore) discover
[1.162s] Level 1:colcon.colcon_core.package_discovery:discover_packages(ignore) using defaults
[1.162s] Level 1:colcon.colcon_core.package_discovery:discover_packages(path) discover
[1.162s] Level 1:colcon.colcon_core.package_discovery:discover_packages(path) using defaults
[1.231s] Level 1:colcon.colcon_core.package_discovery:discover_packages(prefix_path) check parameters
[1.231s] Level 1:colcon.colcon_core.package_discovery:discover_packages(prefix_path) discover
[1.237s] DEBUG:colcon.colcon_installed_package_information.package_discovery:Found 324 installed packages in /opt/ros/humble
[1.239s] Level 1:colcon.colcon_core.package_discovery:discover_packages(prefix_path) using defaults
[1.311s] Level 5:colcon.colcon_core.verb:set package 'my_python_node' build argument 'cmake_args' from command line to 'None'
[1.311s] Level 5:colcon.colcon_core.verb:set package 'my_python_node' build argument 'cmake_target' from command line to 'None'
[1.311s] Level 5:colcon.colcon_core.verb:set package 'my_python_node' build argument 'cmake_target_skip_unavailable' from command line to 'False'
[1.311s] Level 5:colcon.colcon_core.verb:set package 'my_python_node' build argument 'cmake_clean_cache' from command line to 'False'
[1.311s] Level 5:colcon.colcon_core.verb:set package 'my_python_node' build argument 'cmake_clean_first' from command line to 'False'
[1.311s] Level 5:colcon.colcon_core.verb:set package 'my_python_node' build argument 'cmake_force_configure' from command line to 'False'
[1.311s] Level 5:colcon.colcon_core.verb:set package 'my_python_node' build argument 'ament_cmake_args' from command line to 'None'
[1.311s] Level 5:colcon.colcon_core.verb:set package 'my_python_node' build argument 'catkin_cmake_args' from command line to 'None'
[1.311s] Level 5:colcon.colcon_core.verb:set package 'my_python_node' build argument 'catkin_skip_building_tests' from command line to 'False'
[1.311s] DEBUG:colcon.colcon_core.verb:Building package 'my_python_node' with the following arguments: {'ament_cmake_args': None, 'build_base': '/home/zxq/laser_ws/build/my_python_node', 'catkin_cmake_args': None, 'catkin_skip_building_tests': False, 'cmake_args': None, 'cmake_clean_cache': False, 'cmake_clean_first': False, 'cmake_force_configure': False, 'cmake_target': None, 'cmake_target_skip_unavailable': False, 'install_base': '/home/zxq/laser_ws/install/my_python_node', 'merge_install': False, 'path': '/home/zxq/laser_ws/src/my_python_node', 'symlink_install': False, 'test_result_base': None}
[1.312s] Level 5:colcon.colcon_core.verb:set package 'rs_driver' build argument 'cmake_args' from command line to 'None'
[1.312s] Level 5:colcon.colcon_core.verb:set package 'rs_driver' build argument 'cmake_target' from command line to 'None'
[1.312s] Level 5:colcon.colcon_core.verb:set package 'rs_driver' build argument 'cmake_target_skip_unavailable' from command line to 'False'
[1.312s] Level 5:colcon.colcon_core.verb:set package 'rs_driver' build argument 'cmake_clean_cache' from command line to 'False'
[1.312s] Level 5:colcon.colcon_core.verb:set package 'rs_driver' build argument 'cmake_clean_first' from command line to 'False'
[1.312s] Level 5:colcon.colcon_core.verb:set package 'rs_driver' build argument 'cmake_force_configure' from command line to 'False'
[1.312s] Level 5:colcon.colcon_core.verb:set package 'rs_driver' build argument 'ament_cmake_args' from command line to 'None'
[1.312s] Level 5:colcon.colcon_core.verb:set package 'rs_driver' build argument 'catkin_cmake_args' from command line to 'None'
[1.312s] Level 5:colcon.colcon_core.verb:set package 'rs_driver' build argument 'catkin_skip_building_tests' from command line to 'False'
[1.312s] DEBUG:colcon.colcon_core.verb:Building package 'rs_driver' with the following arguments: {'ament_cmake_args': None, 'build_base': '/home/zxq/laser_ws/build/rs_driver', 'catkin_cmake_args': None, 'catkin_skip_building_tests': False, 'cmake_args': None, 'cmake_clean_cache': False, 'cmake_clean_first': False, 'cmake_force_configure': False, 'cmake_target': None, 'cmake_target_skip_unavailable': False, 'install_base': '/home/zxq/laser_ws/install/rs_driver', 'merge_install': False, 'path': '/home/zxq/laser_ws/src/rs_driver', 'symlink_install': False, 'test_result_base': None}
[1.313s] Level 5:colcon.colcon_core.verb:set package 'rslidar_msg' build argument 'cmake_args' from command line to 'None'
[1.313s] Level 5:colcon.colcon_core.verb:set package 'rslidar_msg' build argument 'cmake_target' from command line to 'None'
[1.313s] Level 5:colcon.colcon_core.verb:set package 'rslidar_msg' build argument 'cmake_target_skip_unavailable' from command line to 'False'
[1.313s] Level 5:colcon.colcon_core.verb:set package 'rslidar_msg' build argument 'cmake_clean_cache' from command line to 'False'
[1.313s] Level 5:colcon.colcon_core.verb:set package 'rslidar_msg' build argument 'cmake_clean_first' from command line to 'False'
[1.313s] Level 5:colcon.colcon_core.verb:set package 'rslidar_msg' build argument 'cmake_force_configure' from command line to 'False'
[1.313s] Level 5:colcon.colcon_core.verb:set package 'rslidar_msg' build argument 'ament_cmake_args' from command line to 'None'
[1.313s] Level 5:colcon.colcon_core.verb:set package 'rslidar_msg' build argument 'catkin_cmake_args' from command line to 'None'
[1.313s] Level 5:colcon.colcon_core.verb:set package 'rslidar_msg' build argument 'catkin_skip_building_tests' from command line to 'False'
[1.313s] DEBUG:colcon.colcon_core.verb:Building package 'rslidar_msg' with the following arguments: {'ament_cmake_args': None, 'build_base': '/home/zxq/laser_ws/build/rslidar_msg', 'catkin_cmake_args': None, 'catkin_skip_building_tests': False, 'cmake_args': None, 'cmake_clean_cache': False, 'cmake_clean_first': False, 'cmake_force_configure': False, 'cmake_target': None, 'cmake_target_skip_unavailable': False, 'install_base': '/home/zxq/laser_ws/install/rslidar_msg', 'merge_install': False, 'path': '/home/zxq/laser_ws/src/rslidar_msg', 'symlink_install': False, 'test_result_base': None}
[1.314s] Level 5:colcon.colcon_core.verb:set package 'rslidar_sdk' build argument 'cmake_args' from command line to 'None'
[1.314s] Level 5:colcon.colcon_core.verb:set package 'rslidar_sdk' build argument 'cmake_target' from command line to 'None'
[1.314s] Level 5:colcon.colcon_core.verb:set package 'rslidar_sdk' build argument 'cmake_target_skip_unavailable' from command line to 'False'
[1.314s] Level 5:colcon.colcon_core.verb:set package 'rslidar_sdk' build argument 'cmake_clean_cache' from command line to 'False'
[1.314s] Level 5:colcon.colcon_core.verb:set package 'rslidar_sdk' build argument 'cmake_clean_first' from command line to 'False'
[1.314s] Level 5:colcon.colcon_core.verb:set package 'rslidar_sdk' build argument 'cmake_force_configure' from command line to 'False'
[1.314s] Level 5:colcon.colcon_core.verb:set package 'rslidar_sdk' build argument 'ament_cmake_args' from command line to 'None'
[1.314s] Level 5:colcon.colcon_core.verb:set package 'rslidar_sdk' build argument 'catkin_cmake_args' from command line to 'None'
[1.314s] Level 5:colcon.colcon_core.verb:set package 'rslidar_sdk' build argument 'catkin_skip_building_tests' from command line to 'False'
[1.314s] DEBUG:colcon.colcon_core.verb:Building package 'rslidar_sdk' with the following arguments: {'ament_cmake_args': None, 'build_base': '/home/zxq/laser_ws/build/rslidar_sdk', 'catkin_cmake_args': None, 'catkin_skip_building_tests': False, 'cmake_args': None, 'cmake_clean_cache': False, 'cmake_clean_first': False, 'cmake_force_configure': False, 'cmake_target': None, 'cmake_target_skip_unavailable': False, 'install_base': '/home/zxq/laser_ws/install/rslidar_sdk', 'merge_install': False, 'path': '/home/zxq/laser_ws/src/rslidar_sdk', 'symlink_install': False, 'test_result_base': None}
[1.314s] INFO:colcon.colcon_core.executor:Executing jobs using 'parallel' executor
[1.317s] DEBUG:colcon.colcon_parallel_executor.executor.parallel:run_until_complete
[1.317s] INFO:colcon.colcon_ros.task.ament_cmake.build:Building ROS package in '/home/zxq/laser_ws/src/rslidar_msg' with build type 'ament_cmake'
[1.317s] INFO:colcon.colcon_cmake.task.cmake.build:Building CMake package in '/home/zxq/laser_ws/src/rslidar_msg'
[1.334s] INFO:colcon.colcon_core.plugin_system:Skipping extension 'colcon_core.shell.bat': Not used on non-Windows systems
[1.335s] INFO:colcon.colcon_core.shell:Skip shell extension 'powershell' for command environment: Not usable outside of PowerShell
[1.335s] DEBUG:colcon.colcon_core.shell:Skip shell extension 'dsv' for command environment
[1.350s] INFO:colcon.colcon_ros.task.ament_python.build:Building ROS package in '/home/zxq/laser_ws/src/my_python_node' with build type 'ament_python'
[1.350s] Level 1:colcon.colcon_core.shell:create_environment_hook('my_python_node', 'ament_prefix_path')
[1.351s] INFO:colcon.colcon_core.shell:Creating environment hook '/home/zxq/laser_ws/install/my_python_node/share/my_python_node/hook/ament_prefix_path.ps1'
[1.356s] INFO:colcon.colcon_core.shell:Creating environment descriptor '/home/zxq/laser_ws/install/my_python_node/share/my_python_node/hook/ament_prefix_path.dsv'
[1.358s] INFO:colcon.colcon_core.shell:Creating environment hook '/home/zxq/laser_ws/install/my_python_node/share/my_python_node/hook/ament_prefix_path.sh'
[1.360s] INFO:colcon.colcon_core.shell:Skip shell extension 'powershell' for command environment: Not usable outside of PowerShell
[1.360s] DEBUG:colcon.colcon_core.shell:Skip shell extension 'dsv' for command environment
[1.367s] INFO:colcon.colcon_cmake.task.cmake.build:Building CMake package in '/home/zxq/laser_ws/src/rs_driver'
[1.368s] INFO:colcon.colcon_core.shell:Skip shell extension 'powershell' for command environment: Not usable outside of PowerShell
[1.368s] DEBUG:colcon.colcon_core.shell:Skip shell extension 'dsv' for command environment
[1.387s] DEBUG:colcon.colcon_core.event_handler.log_command:Invoking command in '/home/zxq/laser_ws/build/rslidar_msg': CMAKE_PREFIX_PATH=/opt/ros/humble CONDA_PROMPT_MODIFIER=(base) /usr/bin/cmake --build /home/zxq/laser_ws/build/rslidar_msg -- -j8 -l8
[1.889s] INFO:colcon.colcon_core.task.python.build:Building Python package in '/home/zxq/laser_ws/src/my_python_node'
[1.891s] INFO:colcon.colcon_core.shell:Skip shell extension 'powershell' for command environment: Not usable outside of PowerShell
[1.891s] DEBUG:colcon.colcon_core.shell:Skip shell extension 'dsv' for command environment
[1.922s] DEBUG:colcon.colcon_core.event_handler.log_command:Invoking command in '/home/zxq/laser_ws/build/rs_driver': CONDA_PROMPT_MODIFIER=(base) /usr/bin/cmake --build /home/zxq/laser_ws/build/rs_driver -- -j8 -l8
[2.024s] DEBUG:colcon.colcon_core.event_handler.log_command:Invoked command in '/home/zxq/laser_ws/build/rs_driver' returned '0': CONDA_PROMPT_MODIFIER=(base) /usr/bin/cmake --build /home/zxq/laser_ws/build/rs_driver -- -j8 -l8
[2.121s] DEBUG:colcon.colcon_core.event_handler.log_command:Invoking command in '/home/zxq/laser_ws/build/rs_driver': CONDA_PROMPT_MODIFIER=(base) /usr/bin/cmake --install /home/zxq/laser_ws/build/rs_driver
[2.167s] Level 1:colcon.colcon_core.environment:create_environment_scripts_only(rs_driver)
[2.169s] DEBUG:colcon.colcon_core.event_handler.log_command:Invoked command in '/home/zxq/laser_ws/build/rs_driver' returned '0': CONDA_PROMPT_MODIFIER=(base) /usr/bin/cmake --install /home/zxq/laser_ws/build/rs_driver
[2.185s] Level 1:colcon.colcon_core.environment:checking '/home/zxq/laser_ws/install/rs_driver' for CMake module files
[2.188s] Level 1:colcon.colcon_core.environment:checking '/home/zxq/laser_ws/install/rs_driver' for CMake config files
[2.190s] Level 1:colcon.colcon_core.environment:checking '/home/zxq/laser_ws/install/rs_driver/bin'
[2.191s] Level 1:colcon.colcon_core.environment:checking '/home/zxq/laser_ws/install/rs_driver/lib/pkgconfig/rs_driver.pc'
[2.192s] Level 1:colcon.colcon_core.environment:checking '/home/zxq/laser_ws/install/rs_driver/lib/python3.10/site-packages'
[2.193s] Level 1:colcon.colcon_core.environment:checking '/home/zxq/laser_ws/install/rs_driver/bin'
[2.194s] INFO:colcon.colcon_core.shell:Creating package script '/home/zxq/laser_ws/install/rs_driver/share/rs_driver/package.ps1'
[2.198s] INFO:colcon.colcon_core.shell:Creating package descriptor '/home/zxq/laser_ws/install/rs_driver/share/rs_driver/package.dsv'
[2.201s] INFO:colcon.colcon_core.shell:Creating package script '/home/zxq/laser_ws/install/rs_driver/share/rs_driver/package.sh'
[2.205s] INFO:colcon.colcon_core.shell:Creating package script '/home/zxq/laser_ws/install/rs_driver/share/rs_driver/package.bash'
[2.209s] INFO:colcon.colcon_core.shell:Creating package script '/home/zxq/laser_ws/install/rs_driver/share/rs_driver/package.zsh'
[2.214s] Level 1:colcon.colcon_core.environment:create_file_with_runtime_dependencies(/home/zxq/laser_ws/install/rs_driver/share/colcon-core/packages/rs_driver)
[2.289s] DEBUG:colcon.colcon_core.event_handler.log_command:Invoked command in '/home/zxq/laser_ws/build/rslidar_msg' returned '0': CMAKE_PREFIX_PATH=/opt/ros/humble CONDA_PROMPT_MODIFIER=(base) /usr/bin/cmake --build /home/zxq/laser_ws/build/rslidar_msg -- -j8 -l8
[2.450s] DEBUG:colcon.colcon_core.event_handler.log_command:Invoking command in '/home/zxq/laser_ws/build/rslidar_msg': CMAKE_PREFIX_PATH=/opt/ros/humble CONDA_PROMPT_MODIFIER=(base) /usr/bin/cmake --install /home/zxq/laser_ws/build/rslidar_msg
[2.625s] Level 1:colcon.colcon_core.environment:create_environment_scripts_only(rslidar_msg)
[2.626s] Level 1:colcon.colcon_core.environment:checking '/home/zxq/laser_ws/install/rslidar_msg' for CMake module files
[2.632s] Level 1:colcon.colcon_core.environment:checking '/home/zxq/laser_ws/install/rslidar_msg' for CMake config files
[2.636s] Level 1:colcon.colcon_core.shell:create_environment_hook('rslidar_msg', 'cmake_prefix_path')
[2.638s] INFO:colcon.colcon_core.shell:Creating environment hook '/home/zxq/laser_ws/install/rslidar_msg/share/rslidar_msg/hook/cmake_prefix_path.ps1'
[2.642s] INFO:colcon.colcon_core.shell:Creating environment descriptor '/home/zxq/laser_ws/install/rslidar_msg/share/rslidar_msg/hook/cmake_prefix_path.dsv'
[2.645s] DEBUG:colcon.colcon_core.event_handler.log_command:Invoked command in '/home/zxq/laser_ws/build/rslidar_msg' returned '0': CMAKE_PREFIX_PATH=/opt/ros/humble CONDA_PROMPT_MODIFIER=(base) /usr/bin/cmake --install /home/zxq/laser_ws/build/rslidar_msg
[2.645s] INFO:colcon.colcon_core.shell:Creating environment hook '/home/zxq/laser_ws/install/rslidar_msg/share/rslidar_msg/hook/cmake_prefix_path.sh'
[2.648s] Level 1:colcon.colcon_core.environment:checking '/home/zxq/laser_ws/install/rslidar_msg/lib'
[2.650s] Level 1:colcon.colcon_core.shell:create_environment_hook('rslidar_msg', 'ld_library_path_lib')
[2.651s] INFO:colcon.colcon_core.shell:Creating environment hook '/home/zxq/laser_ws/install/rslidar_msg/share/rslidar_msg/hook/ld_library_path_lib.ps1'
[2.653s] INFO:colcon.colcon_core.shell:Creating environment descriptor '/home/zxq/laser_ws/install/rslidar_msg/share/rslidar_msg/hook/ld_library_path_lib.dsv'
[2.654s] INFO:colcon.colcon_core.shell:Creating environment hook '/home/zxq/laser_ws/install/rslidar_msg/share/rslidar_msg/hook/ld_library_path_lib.sh'
[2.656s] Level 1:colcon.colcon_core.environment:checking '/home/zxq/laser_ws/install/rslidar_msg/bin'
[2.656s] Level 1:colcon.colcon_core.environment:checking '/home/zxq/laser_ws/install/rslidar_msg/lib/pkgconfig/rslidar_msg.pc'
[2.658s] Level 1:colcon.colcon_core.environment:checking '/home/zxq/laser_ws/install/rslidar_msg/lib/python3.10/site-packages'
[2.659s] Level 1:colcon.colcon_core.environment:checking '/home/zxq/laser_ws/install/rslidar_msg/bin'
[2.661s] INFO:colcon.colcon_core.shell:Creating package script '/home/zxq/laser_ws/install/rslidar_msg/share/rslidar_msg/package.ps1'
[2.665s] INFO:colcon.colcon_core.shell:Creating package descriptor '/home/zxq/laser_ws/install/rslidar_msg/share/rslidar_msg/package.dsv'
[2.669s] INFO:colcon.colcon_core.shell:Creating package script '/home/zxq/laser_ws/install/rslidar_msg/share/rslidar_msg/package.sh'
[2.671s] INFO:colcon.colcon_core.shell:Creating package script '/home/zxq/laser_ws/install/rslidar_msg/share/rslidar_msg/package.bash'
[2.673s] INFO:colcon.colcon_core.shell:Creating package script '/home/zxq/laser_ws/install/rslidar_msg/share/rslidar_msg/package.zsh'
[2.675s] Level 1:colcon.colcon_core.environment:create_file_with_runtime_dependencies(/home/zxq/laser_ws/install/rslidar_msg/share/colcon-core/packages/rslidar_msg)
[2.823s] Level 1:colcon.colcon_core.environment:create_environment_scripts_only(rslidar_msg)
[2.825s] Level 1:colcon.colcon_core.environment:checking '/home/zxq/laser_ws/install/rslidar_msg' for CMake module files
[2.829s] Level 1:colcon.colcon_core.environment:checking '/home/zxq/laser_ws/install/rslidar_msg' for CMake config files
[2.830s] Level 1:colcon.colcon_core.shell:create_environment_hook('rslidar_msg', 'cmake_prefix_path')
[2.833s] INFO:colcon.colcon_core.shell:Creating environment hook '/home/zxq/laser_ws/install/rslidar_msg/share/rslidar_msg/hook/cmake_prefix_path.ps1'
[2.836s] INFO:colcon.colcon_core.shell:Creating environment descriptor '/home/zxq/laser_ws/install/rslidar_msg/share/rslidar_msg/hook/cmake_prefix_path.dsv'
[2.838s] INFO:colcon.colcon_core.shell:Creating environment hook '/home/zxq/laser_ws/install/rslidar_msg/share/rslidar_msg/hook/cmake_prefix_path.sh'
[2.840s] Level 1:colcon.colcon_core.environment:checking '/home/zxq/laser_ws/install/rslidar_msg/lib'
[2.841s] Level 1:colcon.colcon_core.shell:create_environment_hook('rslidar_msg', 'ld_library_path_lib')
[2.842s] INFO:colcon.colcon_core.shell:Creating environment hook '/home/zxq/laser_ws/install/rslidar_msg/share/rslidar_msg/hook/ld_library_path_lib.ps1'
[2.844s] INFO:colcon.colcon_core.shell:Creating environment descriptor '/home/zxq/laser_ws/install/rslidar_msg/share/rslidar_msg/hook/ld_library_path_lib.dsv'
[2.845s] INFO:colcon.colcon_core.shell:Creating environment hook '/home/zxq/laser_ws/install/rslidar_msg/share/rslidar_msg/hook/ld_library_path_lib.sh'
[2.847s] Level 1:colcon.colcon_core.environment:checking '/home/zxq/laser_ws/install/rslidar_msg/bin'
[2.848s] Level 1:colcon.colcon_core.environment:checking '/home/zxq/laser_ws/install/rslidar_msg/lib/pkgconfig/rslidar_msg.pc'
[2.849s] Level 1:colcon.colcon_core.environment:checking '/home/zxq/laser_ws/install/rslidar_msg/lib/python3.10/site-packages'
[2.850s] Level 1:colcon.colcon_core.environment:checking '/home/zxq/laser_ws/install/rslidar_msg/bin'
[2.852s] INFO:colcon.colcon_core.shell:Creating package script '/home/zxq/laser_ws/install/rslidar_msg/share/rslidar_msg/package.ps1'
[2.855s] INFO:colcon.colcon_core.shell:Creating package descriptor '/home/zxq/laser_ws/install/rslidar_msg/share/rslidar_msg/package.dsv'
[2.858s] INFO:colcon.colcon_core.shell:Creating package script '/home/zxq/laser_ws/install/rslidar_msg/share/rslidar_msg/package.sh'
[2.861s] INFO:colcon.colcon_core.shell:Creating package script '/home/zxq/laser_ws/install/rslidar_msg/share/rslidar_msg/package.bash'
[2.864s] INFO:colcon.colcon_core.shell:Creating package script '/home/zxq/laser_ws/install/rslidar_msg/share/rslidar_msg/package.zsh'
[2.865s] Level 1:colcon.colcon_core.environment:create_file_with_runtime_dependencies(/home/zxq/laser_ws/install/rslidar_msg/share/colcon-core/packages/rslidar_msg)
[2.867s] INFO:colcon.colcon_ros.task.ament_cmake.build:Building ROS package in '/home/zxq/laser_ws/src/rslidar_sdk' with build type 'ament_cmake'
[2.868s] INFO:colcon.colcon_cmake.task.cmake.build:Building CMake package in '/home/zxq/laser_ws/src/rslidar_sdk'
[2.869s] INFO:colcon.colcon_core.shell:Skip shell extension 'powershell' for command environment: Not usable outside of PowerShell
[2.869s] DEBUG:colcon.colcon_core.shell:Skip shell extension 'dsv' for command environment
[2.893s] DEBUG:colcon.colcon_core.event_handler.log_command:Invoking command in '/home/zxq/laser_ws/build/rslidar_sdk': AMENT_PREFIX_PATH=/home/zxq/laser_ws/install/rslidar_msg:${AMENT_PREFIX_PATH} CMAKE_PREFIX_PATH=/home/zxq/laser_ws/install/rslidar_msg:/opt/ros/humble CONDA_PROMPT_MODIFIER=(base) LD_LIBRARY_PATH=/home/zxq/laser_ws/install/rslidar_msg/lib:${LD_LIBRARY_PATH} PYTHONPATH=/home/zxq/laser_ws/install/rslidar_msg/local/lib/python3.10/dist-packages:${PYTHONPATH} /usr/bin/cmake --build /home/zxq/laser_ws/build/rslidar_sdk -- -j8 -l8
[3.111s] DEBUG:colcon.colcon_core.event_handler.log_command:Invoking command in '/home/zxq/laser_ws/src/my_python_node': CONDA_PROMPT_MODIFIER=(base) PYTHONPATH=/home/zxq/laser_ws/build/my_python_node/prefix_override:/usr/lib/python3/dist-packages/colcon_core/task/python/colcon_distutils_commands:/home/zxq/laser_ws/install/my_python_node/lib/python3.10/site-packages:${PYTHONPATH} /usr/bin/python3 -W ignore:setup.py install is deprecated setup.py egg_info --egg-base ../../build/my_python_node build --build-base /home/zxq/laser_ws/build/my_python_node/build install --record /home/zxq/laser_ws/build/my_python_node/install.log --single-version-externally-managed install_data
[3.199s] DEBUG:colcon.colcon_core.event_handler.log_command:Invoked command in '/home/zxq/laser_ws/build/rslidar_sdk' returned '0': AMENT_PREFIX_PATH=/home/zxq/laser_ws/install/rslidar_msg:${AMENT_PREFIX_PATH} CMAKE_PREFIX_PATH=/home/zxq/laser_ws/install/rslidar_msg:/opt/ros/humble CONDA_PROMPT_MODIFIER=(base) LD_LIBRARY_PATH=/home/zxq/laser_ws/install/rslidar_msg/lib:${LD_LIBRARY_PATH} PYTHONPATH=/home/zxq/laser_ws/install/rslidar_msg/local/lib/python3.10/dist-packages:${PYTHONPATH} /usr/bin/cmake --build /home/zxq/laser_ws/build/rslidar_sdk -- -j8 -l8
[3.252s] DEBUG:colcon.colcon_core.event_handler.log_command:Invoking command in '/home/zxq/laser_ws/build/rslidar_sdk': AMENT_PREFIX_PATH=/home/zxq/laser_ws/install/rslidar_msg:${AMENT_PREFIX_PATH} CMAKE_PREFIX_PATH=/home/zxq/laser_ws/install/rslidar_msg:/opt/ros/humble CONDA_PROMPT_MODIFIER=(base) LD_LIBRARY_PATH=/home/zxq/laser_ws/install/rslidar_msg/lib:${LD_LIBRARY_PATH} PYTHONPATH=/home/zxq/laser_ws/install/rslidar_msg/local/lib/python3.10/dist-packages:${PYTHONPATH} /usr/bin/cmake --install /home/zxq/laser_ws/build/rslidar_sdk
[3.302s] Level 1:colcon.colcon_core.environment:create_environment_scripts_only(rslidar_sdk)
[3.303s] Level 1:colcon.colcon_core.environment:checking '/home/zxq/laser_ws/install/rslidar_sdk' for CMake module files
[3.305s] DEBUG:colcon.colcon_core.event_handler.log_command:Invoked command in '/home/zxq/laser_ws/build/rslidar_sdk' returned '0': AMENT_PREFIX_PATH=/home/zxq/laser_ws/install/rslidar_msg:${AMENT_PREFIX_PATH} CMAKE_PREFIX_PATH=/home/zxq/laser_ws/install/rslidar_msg:/opt/ros/humble CONDA_PROMPT_MODIFIER=(base) LD_LIBRARY_PATH=/home/zxq/laser_ws/install/rslidar_msg/lib:${LD_LIBRARY_PATH} PYTHONPATH=/home/zxq/laser_ws/install/rslidar_msg/local/lib/python3.10/dist-packages:${PYTHONPATH} /usr/bin/cmake --install /home/zxq/laser_ws/build/rslidar_sdk
[3.306s] Level 1:colcon.colcon_core.environment:checking '/home/zxq/laser_ws/install/rslidar_sdk' for CMake config files
[3.307s] Level 1:colcon.colcon_core.shell:create_environment_hook('rslidar_sdk', 'cmake_prefix_path')
[3.308s] INFO:colcon.colcon_core.shell:Creating environment hook '/home/zxq/laser_ws/install/rslidar_sdk/share/rslidar_sdk/hook/cmake_prefix_path.ps1'
[3.309s] INFO:colcon.colcon_core.shell:Creating environment descriptor '/home/zxq/laser_ws/install/rslidar_sdk/share/rslidar_sdk/hook/cmake_prefix_path.dsv'
[3.309s] INFO:colcon.colcon_core.shell:Creating environment hook '/home/zxq/laser_ws/install/rslidar_sdk/share/rslidar_sdk/hook/cmake_prefix_path.sh'
[3.310s] Level 1:colcon.colcon_core.environment:checking '/home/zxq/laser_ws/install/rslidar_sdk/lib'
[3.311s] Level 1:colcon.colcon_core.environment:checking '/home/zxq/laser_ws/install/rslidar_sdk/bin'
[3.311s] Level 1:colcon.colcon_core.environment:checking '/home/zxq/laser_ws/install/rslidar_sdk/lib/pkgconfig/rslidar_sdk.pc'
[3.311s] Level 1:colcon.colcon_core.environment:checking '/home/zxq/laser_ws/install/rslidar_sdk/lib/python3.10/site-packages'
[3.311s] Level 1:colcon.colcon_core.environment:checking '/home/zxq/laser_ws/install/rslidar_sdk/bin'
[3.312s] INFO:colcon.colcon_core.shell:Creating package script '/home/zxq/laser_ws/install/rslidar_sdk/share/rslidar_sdk/package.ps1'
[3.313s] INFO:colcon.colcon_core.shell:Creating package descriptor '/home/zxq/laser_ws/install/rslidar_sdk/share/rslidar_sdk/package.dsv'
[3.314s] INFO:colcon.colcon_core.shell:Creating package script '/home/zxq/laser_ws/install/rslidar_sdk/share/rslidar_sdk/package.sh'
[3.314s] INFO:colcon.colcon_core.shell:Creating package script '/home/zxq/laser_ws/install/rslidar_sdk/share/rslidar_sdk/package.bash'
[3.315s] INFO:colcon.colcon_core.shell:Creating package script '/home/zxq/laser_ws/install/rslidar_sdk/share/rslidar_sdk/package.zsh'
[3.315s] Level 1:colcon.colcon_core.environment:create_file_with_runtime_dependencies(/home/zxq/laser_ws/install/rslidar_sdk/share/colcon-core/packages/rslidar_sdk)
[3.374s] Level 1:colcon.colcon_core.environment:create_environment_scripts_only(rslidar_sdk)
[3.376s] Level 1:colcon.colcon_core.environment:checking '/home/zxq/laser_ws/install/rslidar_sdk' for CMake module files
[3.378s] Level 1:colcon.colcon_core.environment:checking '/home/zxq/laser_ws/install/rslidar_sdk' for CMake config files
[3.379s] Level 1:colcon.colcon_core.shell:create_environment_hook('rslidar_sdk', 'cmake_prefix_path')
[3.380s] INFO:colcon.colcon_core.shell:Creating environment hook '/home/zxq/laser_ws/install/rslidar_sdk/share/rslidar_sdk/hook/cmake_prefix_path.ps1'
[3.385s] INFO:colcon.colcon_core.shell:Creating environment descriptor '/home/zxq/laser_ws/install/rslidar_sdk/share/rslidar_sdk/hook/cmake_prefix_path.dsv'
[3.387s] INFO:colcon.colcon_core.shell:Creating environment hook '/home/zxq/laser_ws/install/rslidar_sdk/share/rslidar_sdk/hook/cmake_prefix_path.sh'
[3.389s] Level 1:colcon.colcon_core.environment:checking '/home/zxq/laser_ws/install/rslidar_sdk/lib'
[3.390s] Level 1:colcon.colcon_core.environment:checking '/home/zxq/laser_ws/install/rslidar_sdk/bin'
[3.390s] Level 1:colcon.colcon_core.environment:checking '/home/zxq/laser_ws/install/rslidar_sdk/lib/pkgconfig/rslidar_sdk.pc'
[3.391s] Level 1:colcon.colcon_core.environment:checking '/home/zxq/laser_ws/install/rslidar_sdk/lib/python3.10/site-packages'
[3.392s] Level 1:colcon.colcon_core.environment:checking '/home/zxq/laser_ws/install/rslidar_sdk/bin'
[3.394s] INFO:colcon.colcon_core.shell:Creating package script '/home/zxq/laser_ws/install/rslidar_sdk/share/rslidar_sdk/package.ps1'
[3.396s] INFO:colcon.colcon_core.shell:Creating package descriptor '/home/zxq/laser_ws/install/rslidar_sdk/share/rslidar_sdk/package.dsv'
[3.398s] INFO:colcon.colcon_core.shell:Creating package script '/home/zxq/laser_ws/install/rslidar_sdk/share/rslidar_sdk/package.sh'
[3.400s] INFO:colcon.colcon_core.shell:Creating package script '/home/zxq/laser_ws/install/rslidar_sdk/share/rslidar_sdk/package.bash'
[3.402s] INFO:colcon.colcon_core.shell:Creating package script '/home/zxq/laser_ws/install/rslidar_sdk/share/rslidar_sdk/package.zsh'
[3.403s] Level 1:colcon.colcon_core.environment:create_file_with_runtime_dependencies(/home/zxq/laser_ws/install/rslidar_sdk/share/colcon-core/packages/rslidar_sdk)
[3.661s] Level 1:colcon.colcon_core.environment:checking '/home/zxq/laser_ws/install/my_python_node' for CMake module files
[3.665s] DEBUG:colcon.colcon_core.event_handler.log_command:Invoked command in '/home/zxq/laser_ws/src/my_python_node' returned '0': CONDA_PROMPT_MODIFIER=(base) PYTHONPATH=/home/zxq/laser_ws/build/my_python_node/prefix_override:/usr/lib/python3/dist-packages/colcon_core/task/python/colcon_distutils_commands:/home/zxq/laser_ws/install/my_python_node/lib/python3.10/site-packages:${PYTHONPATH} /usr/bin/python3 -W ignore:setup.py install is deprecated setup.py egg_info --egg-base ../../build/my_python_node build --build-base /home/zxq/laser_ws/build/my_python_node/build install --record /home/zxq/laser_ws/build/my_python_node/install.log --single-version-externally-managed install_data
[3.669s] Level 1:colcon.colcon_core.environment:checking '/home/zxq/laser_ws/install/my_python_node' for CMake config files
[3.676s] Level 1:colcon.colcon_core.environment:checking '/home/zxq/laser_ws/install/my_python_node/lib'
[3.677s] Level 1:colcon.colcon_core.environment:checking '/home/zxq/laser_ws/install/my_python_node/bin'
[3.677s] Level 1:colcon.colcon_core.environment:checking '/home/zxq/laser_ws/install/my_python_node/lib/pkgconfig/my_python_node.pc'
[3.678s] Level 1:colcon.colcon_core.environment:checking '/home/zxq/laser_ws/install/my_python_node/lib/python3.10/site-packages'
[3.678s] Level 1:colcon.colcon_core.shell:create_environment_hook('my_python_node', 'pythonpath')
[3.680s] INFO:colcon.colcon_core.shell:Creating environment hook '/home/zxq/laser_ws/install/my_python_node/share/my_python_node/hook/pythonpath.ps1'
[3.682s] INFO:colcon.colcon_core.shell:Creating environment descriptor '/home/zxq/laser_ws/install/my_python_node/share/my_python_node/hook/pythonpath.dsv'
[3.684s] INFO:colcon.colcon_core.shell:Creating environment hook '/home/zxq/laser_ws/install/my_python_node/share/my_python_node/hook/pythonpath.sh'
[3.686s] Level 1:colcon.colcon_core.environment:checking '/home/zxq/laser_ws/install/my_python_node/bin'
[3.686s] Level 1:colcon.colcon_core.environment:create_environment_scripts_only(my_python_node)
[3.688s] INFO:colcon.colcon_core.shell:Creating package script '/home/zxq/laser_ws/install/my_python_node/share/my_python_node/package.ps1'
[3.690s] INFO:colcon.colcon_core.shell:Creating package descriptor '/home/zxq/laser_ws/install/my_python_node/share/my_python_node/package.dsv'
[3.692s] INFO:colcon.colcon_core.shell:Creating package script '/home/zxq/laser_ws/install/my_python_node/share/my_python_node/package.sh'
[3.693s] INFO:colcon.colcon_core.shell:Creating package script '/home/zxq/laser_ws/install/my_python_node/share/my_python_node/package.bash'
[3.695s] INFO:colcon.colcon_core.shell:Creating package script '/home/zxq/laser_ws/install/my_python_node/share/my_python_node/package.zsh'
[3.696s] Level 1:colcon.colcon_core.environment:create_file_with_runtime_dependencies(/home/zxq/laser_ws/install/my_python_node/share/colcon-core/packages/my_python_node)
[3.697s] DEBUG:colcon.colcon_parallel_executor.executor.parallel:closing loop
[3.698s] DEBUG:colcon.colcon_parallel_executor.executor.parallel:loop closed
[3.699s] DEBUG:colcon.colcon_parallel_executor.executor.parallel:run_until_complete finished with '0'
[3.700s] DEBUG:colcon.colcon_core.event_reactor:joining thread
[3.729s] INFO:colcon.colcon_core.plugin_system:Skipping extension 'colcon_notification.desktop_notification.notify_send': Could not find 'notify-send'
[3.731s] INFO:colcon.colcon_core.plugin_system:Skipping extension 'colcon_notification.desktop_notification.terminal_notifier': Not used on non-Darwin systems
[3.731s] INFO:colcon.colcon_core.plugin_system:Skipping extension 'colcon_notification.desktop_notification.win32': Not used on non-Windows systems
[3.732s] INFO:colcon.colcon_notification.desktop_notification:Sending desktop notification using 'notify2'
[3.733s] DEBUG:colcon.colcon_notification.desktop_notification.notify2:Failed to initialize notify2: org.freedesktop.DBus.Error.NoReply: Did not receive a reply. Possible causes include: the remote application did not send a reply, the message bus security policy blocked the reply, the reply timeout expired, or the network connection was broken.
[3.734s] DEBUG:colcon.colcon_core.event_reactor:joined thread
[3.735s] INFO:colcon.colcon_core.shell:Creating prefix script '/home/zxq/laser_ws/install/local_setup.ps1'
[3.743s] INFO:colcon.colcon_core.shell:Creating prefix util module '/home/zxq/laser_ws/install/_local_setup_util_ps1.py'
[3.754s] INFO:colcon.colcon_core.shell:Creating prefix chain script '/home/zxq/laser_ws/install/setup.ps1'
[3.759s] INFO:colcon.colcon_core.shell:Creating prefix script '/home/zxq/laser_ws/install/local_setup.sh'
[3.762s] INFO:colcon.colcon_core.shell:Creating prefix util module '/home/zxq/laser_ws/install/_local_setup_util_sh.py'
[3.764s] INFO:colcon.colcon_core.shell:Creating prefix chain script '/home/zxq/laser_ws/install/setup.sh'
[3.769s] INFO:colcon.colcon_core.shell:Creating prefix script '/home/zxq/laser_ws/install/local_setup.bash'
[3.771s] INFO:colcon.colcon_core.shell:Creating prefix chain script '/home/zxq/laser_ws/install/setup.bash'
[3.775s] INFO:colcon.colcon_core.shell:Creating prefix script '/home/zxq/laser_ws/install/local_setup.zsh'
[3.778s] INFO:colcon.colcon_core.shell:Creating prefix chain script '/home/zxq/laser_ws/install/setup.zsh'
