[1.022s] Invoking command in '/home/zxq/laser_ws/src/my_python_node': PYTHONPATH=/home/zxq/laser_ws/build/my_python_node/prefix_override:/usr/lib/python3/dist-packages/colcon_core/task/python/colcon_distutils_commands:/home/zxq/laser_ws/install/my_python_node/lib/python3.10/site-packages: /usr/bin/python3 -W ignore:setup.py install is deprecated setup.py egg_info --egg-base ../../build/my_python_node build --build-base /home/zxq/laser_ws/build/my_python_node/build install --record /home/zxq/laser_ws/build/my_python_node/install.log --single-version-externally-managed install_data
[1.274s] running egg_info
[1.275s] writing ../../build/my_python_node/my_python_node.egg-info/PKG-INFO
[1.275s] writing dependency_links to ../../build/my_python_node/my_python_node.egg-info/dependency_links.txt
[1.276s] writing entry points to ../../build/my_python_node/my_python_node.egg-info/entry_points.txt
[1.276s] writing requirements to ../../build/my_python_node/my_python_node.egg-info/requires.txt
[1.276s] writing top-level names to ../../build/my_python_node/my_python_node.egg-info/top_level.txt
[1.278s] reading manifest file '../../build/my_python_node/my_python_node.egg-info/SOURCES.txt'
[1.278s] writing manifest file '../../build/my_python_node/my_python_node.egg-info/SOURCES.txt'
[1.279s] running build
[1.279s] running build_py
[1.280s] copying my_python_node/listener.py -> /home/zxq/laser_ws/build/my_python_node/build/lib/my_python_node
[1.280s] running install
[1.281s] running install_lib
[1.282s] copying /home/zxq/laser_ws/build/my_python_node/build/lib/my_python_node/listener.py -> /home/zxq/laser_ws/install/my_python_node/lib/python3.10/site-packages/my_python_node
[1.282s] byte-compiling /home/zxq/laser_ws/install/my_python_node/lib/python3.10/site-packages/my_python_node/listener.py to listener.cpython-310.pyc
[1.285s]   File "/home/zxq/laser_ws/install/my_python_node/lib/python3.10/site-packages/my_python_node/listener.py", line 190
[1.285s]     cv2.putText(img, 'FPS:'+f{str(t)}", (10, 30), cv2.FONT_HERSHEY_SIMPLEX, 0.6, (0, 0, 255), 2, cv2.LINE_AA)
[1.286s]                                      ^
[1.286s] SyntaxError: unterminated string literal (detected at line 190)
[1.286s] 
[1.287s] running install_data
[1.287s] running install_egg_info
[1.288s] removing '/home/zxq/laser_ws/install/my_python_node/lib/python3.10/site-packages/my_python_node-0.0.0-py3.10.egg-info' (and everything under it)
[1.288s] Copying ../../build/my_python_node/my_python_node.egg-info to /home/zxq/laser_ws/install/my_python_node/lib/python3.10/site-packages/my_python_node-0.0.0-py3.10.egg-info
[1.289s] running install_scripts
[1.315s] Installing listener script to /home/zxq/laser_ws/install/my_python_node/lib/my_python_node
[1.316s] writing list of installed files to '/home/zxq/laser_ws/build/my_python_node/install.log'
[1.365s] Invoked command in '/home/zxq/laser_ws/src/my_python_node' returned '0': PYTHONPATH=/home/zxq/laser_ws/build/my_python_node/prefix_override:/usr/lib/python3/dist-packages/colcon_core/task/python/colcon_distutils_commands:/home/zxq/laser_ws/install/my_python_node/lib/python3.10/site-packages: /usr/bin/python3 -W ignore:setup.py install is deprecated setup.py egg_info --egg-base ../../build/my_python_node build --build-base /home/zxq/laser_ws/build/my_python_node/build install --record /home/zxq/laser_ws/build/my_python_node/install.log --single-version-externally-managed install_data
