[0.458s] Invoking command in '/home/zxq/laser_ws/build/rslidar_sdk': /usr/bin/cmake /home/zxq/laser_ws/src/rslidar_sdk -DCATKIN_INSTALL_INTO_PREFIX_ROOT=0 -DCMAKE_INSTALL_PREFIX=/home/zxq/laser_ws/install/rslidar_sdk
[0.517s] [0m=============================================================[0m
[0.518s] [0m-- POINT_TYPE is XYZI[0m
[0.518s] [0m=============================================================[0m
[0.550s] [0m=============================================================[0m
[0.551s] [0m-- ROS Not Found. ROS Support is turned Off.[0m
[0.551s] [0m=============================================================[0m
[0.843s] Traceback (most recent call last):
[0.844s]   File "/opt/ros/humble/share/ament_cmake_core/cmake/package_templates/templates_2_cmake.py", line 21, in <module>
[0.844s]     from ament_package.templates import get_environment_hook_template_path
[0.844s] ModuleNotFoundError: No module named 'ament_package'
[0.873s] [31mCMake Error at /opt/ros/humble/share/ament_cmake_core/cmake/ament_cmake_package_templates-extras.cmake:41 (message):
[0.873s]   execute_process(/usr/bin/python3
[0.874s]   /opt/ros/humble/share/ament_cmake_core/cmake/package_templates/templates_2_cmake.py
[0.874s]   /home/zxq/laser_ws/build/rslidar_sdk/ament_cmake_package_templates/templates.cmake)
[0.875s]   returned error code 1
[0.875s] Call Stack (most recent call first):
[0.876s]   /opt/ros/humble/share/ament_cmake_core/cmake/ament_cmake_coreConfig.cmake:41 (include)
[0.876s]   /opt/ros/humble/share/rclcpp/cmake/ament_cmake_export_include_directories-extras.cmake:8 (find_package)
[0.876s]   /opt/ros/humble/share/rclcpp/cmake/rclcppConfig.cmake:41 (include)
[0.877s]   CMakeLists.txt:117 (find_package)
[0.878s] 
[0.879s] [0m
[0.880s] -- Configuring incomplete, errors occurred!
[0.880s] See also "/home/zxq/laser_ws/build/rslidar_sdk/CMakeFiles/CMakeOutput.log".
