[0.035s] Invoking command in '/home/zxq/laser_ws/build/rslidar_msg': CMAKE_PREFIX_PATH=${CMAKE_PREFIX_PATH}:/home/zxq/laser_ws/install/my_python_node:/opt/ros/humble CONDA_PROMPT_MODIFIER=(base) /usr/bin/cmake --build /home/zxq/laser_ws/build/rslidar_msg -- -j8 -l8
[0.524s] [  3%] Built target rslidar_msg__cpp
[0.525s] [ 12%] Built target rslidar_msg__rosidl_generator_c
[0.526s] [ 12%] Built target ament_cmake_python_copy_rslidar_msg
[0.527s] [ 29%] Built target rslidar_msg__rosidl_typesupport_fastrtps_c
[0.527s] [ 32%] Built target rslidar_msg__rosidl_typesupport_introspection_c
[0.528s] [ 41%] Built target rslidar_msg__rosidl_typesupport_fastrtps_cpp
[0.529s] [ 51%] Built target rslidar_msg__rosidl_typesupport_introspection_cpp
[0.530s] [ 70%] Built target rslidar_msg__rosidl_typesupport_cpp
[0.533s] [ 70%] Built target rslidar_msg__rosidl_typesupport_c
[0.536s] [ 70%] Built target rslidar_msg
[0.538s] [ 74%] Built target rslidar_msg__py
[0.539s] [ 80%] Built target rslidar_msg__rosidl_generator_py
[0.540s] [ 87%] Built target rslidar_msg__rosidl_typesupport_c__pyext
[0.542s] [100%] Built target rslidar_msg__rosidl_typesupport_introspection_c__pyext
[0.543s] [100%] Built target rslidar_msg__rosidl_typesupport_fastrtps_c__pyext
[0.644s] running egg_info
[0.646s] writing rslidar_msg.egg-info/PKG-INFO
[0.647s] writing dependency_links to rslidar_msg.egg-info/dependency_links.txt
[0.648s] writing top-level names to rslidar_msg.egg-info/top_level.txt
[0.654s] reading manifest file 'rslidar_msg.egg-info/SOURCES.txt'
[0.656s] writing manifest file 'rslidar_msg.egg-info/SOURCES.txt'
[0.741s] [100%] Built target ament_cmake_python_build_rslidar_msg_egg
[0.781s] Invoked command in '/home/zxq/laser_ws/build/rslidar_msg' returned '0': CMAKE_PREFIX_PATH=${CMAKE_PREFIX_PATH}:/home/zxq/laser_ws/install/my_python_node:/opt/ros/humble CONDA_PROMPT_MODIFIER=(base) /usr/bin/cmake --build /home/zxq/laser_ws/build/rslidar_msg -- -j8 -l8
[0.959s] Invoking command in '/home/zxq/laser_ws/build/rslidar_msg': CMAKE_PREFIX_PATH=${CMAKE_PREFIX_PATH}:/home/zxq/laser_ws/install/my_python_node:/opt/ros/humble CONDA_PROMPT_MODIFIER=(base) /usr/bin/cmake --install /home/zxq/laser_ws/build/rslidar_msg
[0.984s] -- Install configuration: ""
[0.984s] -- Up-to-date: /home/zxq/laser_ws/install/rslidar_msg/share/ament_index/resource_index/rosidl_interfaces/rslidar_msg
[0.985s] -- Up-to-date: /home/zxq/laser_ws/install/rslidar_msg/include/rslidar_msg/rslidar_msg
[0.986s] -- Up-to-date: /home/zxq/laser_ws/install/rslidar_msg/include/rslidar_msg/rslidar_msg/msg
[0.986s] -- Up-to-date: /home/zxq/laser_ws/install/rslidar_msg/include/rslidar_msg/rslidar_msg/msg/rosidl_generator_c__visibility_control.h
[0.987s] -- Up-to-date: /home/zxq/laser_ws/install/rslidar_msg/include/rslidar_msg/rslidar_msg/msg/rslidar_packet.h
[0.988s] -- Up-to-date: /home/zxq/laser_ws/install/rslidar_msg/include/rslidar_msg/rslidar_msg/msg/detail
[0.988s] -- Up-to-date: /home/zxq/laser_ws/install/rslidar_msg/include/rslidar_msg/rslidar_msg/msg/detail/rslidar_packet__functions.h
[0.988s] -- Up-to-date: /home/zxq/laser_ws/install/rslidar_msg/include/rslidar_msg/rslidar_msg/msg/detail/rslidar_packet__struct.h
[0.989s] -- Up-to-date: /home/zxq/laser_ws/install/rslidar_msg/include/rslidar_msg/rslidar_msg/msg/detail/rslidar_packet__type_support.h
[0.989s] -- Up-to-date: /home/zxq/laser_ws/install/rslidar_msg/include/rslidar_msg/rslidar_msg/msg/detail/rslidar_packet__functions.c
[0.990s] -- Up-to-date: /home/zxq/laser_ws/install/rslidar_msg/share/rslidar_msg/environment/library_path.sh
[0.990s] -- Up-to-date: /home/zxq/laser_ws/install/rslidar_msg/share/rslidar_msg/environment/library_path.dsv
[0.990s] -- Up-to-date: /home/zxq/laser_ws/install/rslidar_msg/lib/librslidar_msg__rosidl_generator_c.so
[0.990s] -- Up-to-date: /home/zxq/laser_ws/install/rslidar_msg/include/rslidar_msg/rslidar_msg
[0.990s] -- Up-to-date: /home/zxq/laser_ws/install/rslidar_msg/include/rslidar_msg/rslidar_msg/msg
[0.990s] -- Up-to-date: /home/zxq/laser_ws/install/rslidar_msg/include/rslidar_msg/rslidar_msg/msg/rosidl_typesupport_fastrtps_c__visibility_control.h
[0.990s] -- Up-to-date: /home/zxq/laser_ws/install/rslidar_msg/include/rslidar_msg/rslidar_msg/msg/detail
[0.991s] -- Up-to-date: /home/zxq/laser_ws/install/rslidar_msg/include/rslidar_msg/rslidar_msg/msg/detail/rslidar_packet__rosidl_typesupport_fastrtps_c.h
[0.991s] -- Up-to-date: /home/zxq/laser_ws/install/rslidar_msg/lib/librslidar_msg__rosidl_typesupport_fastrtps_c.so
[0.991s] -- Up-to-date: /home/zxq/laser_ws/install/rslidar_msg/include/rslidar_msg/rslidar_msg
[0.991s] -- Up-to-date: /home/zxq/laser_ws/install/rslidar_msg/include/rslidar_msg/rslidar_msg/msg
[0.991s] -- Up-to-date: /home/zxq/laser_ws/install/rslidar_msg/include/rslidar_msg/rslidar_msg/msg/rslidar_packet.hpp
[0.992s] -- Up-to-date: /home/zxq/laser_ws/install/rslidar_msg/include/rslidar_msg/rslidar_msg/msg/detail
[0.992s] -- Up-to-date: /home/zxq/laser_ws/install/rslidar_msg/include/rslidar_msg/rslidar_msg/msg/detail/rslidar_packet__struct.hpp
[0.992s] -- Up-to-date: /home/zxq/laser_ws/install/rslidar_msg/include/rslidar_msg/rslidar_msg/msg/detail/rslidar_packet__builder.hpp
[0.993s] -- Up-to-date: /home/zxq/laser_ws/install/rslidar_msg/include/rslidar_msg/rslidar_msg/msg/detail/rslidar_packet__traits.hpp
[0.993s] -- Up-to-date: /home/zxq/laser_ws/install/rslidar_msg/include/rslidar_msg/rslidar_msg
[0.993s] -- Up-to-date: /home/zxq/laser_ws/install/rslidar_msg/include/rslidar_msg/rslidar_msg/msg
[0.993s] -- Up-to-date: /home/zxq/laser_ws/install/rslidar_msg/include/rslidar_msg/rslidar_msg/msg/detail
[0.993s] -- Up-to-date: /home/zxq/laser_ws/install/rslidar_msg/include/rslidar_msg/rslidar_msg/msg/detail/rslidar_packet__rosidl_typesupport_fastrtps_cpp.hpp
[0.993s] -- Up-to-date: /home/zxq/laser_ws/install/rslidar_msg/include/rslidar_msg/rslidar_msg/msg/detail/dds_fastrtps
[0.994s] -- Up-to-date: /home/zxq/laser_ws/install/rslidar_msg/include/rslidar_msg/rslidar_msg/msg/rosidl_typesupport_fastrtps_cpp__visibility_control.h
[0.994s] -- Up-to-date: /home/zxq/laser_ws/install/rslidar_msg/lib/librslidar_msg__rosidl_typesupport_fastrtps_cpp.so
[0.994s] -- Up-to-date: /home/zxq/laser_ws/install/rslidar_msg/include/rslidar_msg/rslidar_msg
[0.994s] -- Up-to-date: /home/zxq/laser_ws/install/rslidar_msg/include/rslidar_msg/rslidar_msg/msg
[0.994s] -- Up-to-date: /home/zxq/laser_ws/install/rslidar_msg/include/rslidar_msg/rslidar_msg/msg/rosidl_typesupport_introspection_c__visibility_control.h
[0.994s] -- Up-to-date: /home/zxq/laser_ws/install/rslidar_msg/include/rslidar_msg/rslidar_msg/msg/detail
[0.994s] -- Up-to-date: /home/zxq/laser_ws/install/rslidar_msg/include/rslidar_msg/rslidar_msg/msg/detail/rslidar_packet__rosidl_typesupport_introspection_c.h
[0.994s] -- Up-to-date: /home/zxq/laser_ws/install/rslidar_msg/include/rslidar_msg/rslidar_msg/msg/detail/rslidar_packet__type_support.c
[0.995s] -- Up-to-date: /home/zxq/laser_ws/install/rslidar_msg/lib/librslidar_msg__rosidl_typesupport_introspection_c.so
[0.995s] -- Up-to-date: /home/zxq/laser_ws/install/rslidar_msg/lib/librslidar_msg__rosidl_typesupport_c.so
[0.995s] -- Up-to-date: /home/zxq/laser_ws/install/rslidar_msg/include/rslidar_msg/rslidar_msg
[0.995s] -- Up-to-date: /home/zxq/laser_ws/install/rslidar_msg/include/rslidar_msg/rslidar_msg/msg
[0.995s] -- Up-to-date: /home/zxq/laser_ws/install/rslidar_msg/include/rslidar_msg/rslidar_msg/msg/detail
[0.995s] -- Up-to-date: /home/zxq/laser_ws/install/rslidar_msg/include/rslidar_msg/rslidar_msg/msg/detail/rslidar_packet__type_support.cpp
[0.995s] -- Up-to-date: /home/zxq/laser_ws/install/rslidar_msg/include/rslidar_msg/rslidar_msg/msg/detail/rslidar_packet__rosidl_typesupport_introspection_cpp.hpp
[0.996s] -- Up-to-date: /home/zxq/laser_ws/install/rslidar_msg/lib/librslidar_msg__rosidl_typesupport_introspection_cpp.so
[0.996s] -- Up-to-date: /home/zxq/laser_ws/install/rslidar_msg/lib/librslidar_msg__rosidl_typesupport_cpp.so
[0.996s] -- Up-to-date: /home/zxq/laser_ws/install/rslidar_msg/share/rslidar_msg/environment/pythonpath.sh
[0.996s] -- Up-to-date: /home/zxq/laser_ws/install/rslidar_msg/share/rslidar_msg/environment/pythonpath.dsv
[0.996s] -- Up-to-date: /home/zxq/laser_ws/install/rslidar_msg/local/lib/python3.10/dist-packages/rslidar_msg-0.0.0-py3.10.egg-info
[0.996s] -- Installing: /home/zxq/laser_ws/install/rslidar_msg/local/lib/python3.10/dist-packages/rslidar_msg-0.0.0-py3.10.egg-info/PKG-INFO
[0.997s] -- Installing: /home/zxq/laser_ws/install/rslidar_msg/local/lib/python3.10/dist-packages/rslidar_msg-0.0.0-py3.10.egg-info/dependency_links.txt
[0.997s] -- Installing: /home/zxq/laser_ws/install/rslidar_msg/local/lib/python3.10/dist-packages/rslidar_msg-0.0.0-py3.10.egg-info/top_level.txt
[0.997s] -- Installing: /home/zxq/laser_ws/install/rslidar_msg/local/lib/python3.10/dist-packages/rslidar_msg-0.0.0-py3.10.egg-info/SOURCES.txt
[0.997s] -- Up-to-date: /home/zxq/laser_ws/install/rslidar_msg/local/lib/python3.10/dist-packages/rslidar_msg
[0.997s] -- Up-to-date: /home/zxq/laser_ws/install/rslidar_msg/local/lib/python3.10/dist-packages/rslidar_msg/rslidar_msg_s__rosidl_typesupport_fastrtps_c.cpython-310-aarch64-linux-gnu.so
[0.997s] -- Up-to-date: /home/zxq/laser_ws/install/rslidar_msg/local/lib/python3.10/dist-packages/rslidar_msg/__init__.py
[0.998s] -- Up-to-date: /home/zxq/laser_ws/install/rslidar_msg/local/lib/python3.10/dist-packages/rslidar_msg/_rslidar_msg_s.ep.rosidl_typesupport_introspection_c.c
[0.998s] -- Up-to-date: /home/zxq/laser_ws/install/rslidar_msg/local/lib/python3.10/dist-packages/rslidar_msg/rslidar_msg_s__rosidl_typesupport_c.cpython-310-aarch64-linux-gnu.so
[0.998s] -- Up-to-date: /home/zxq/laser_ws/install/rslidar_msg/local/lib/python3.10/dist-packages/rslidar_msg/librslidar_msg__rosidl_generator_py.so
[0.998s] -- Up-to-date: /home/zxq/laser_ws/install/rslidar_msg/local/lib/python3.10/dist-packages/rslidar_msg/msg
[0.998s] -- Up-to-date: /home/zxq/laser_ws/install/rslidar_msg/local/lib/python3.10/dist-packages/rslidar_msg/msg/__init__.py
[0.998s] -- Up-to-date: /home/zxq/laser_ws/install/rslidar_msg/local/lib/python3.10/dist-packages/rslidar_msg/msg/_rslidar_packet.py
[0.999s] -- Up-to-date: /home/zxq/laser_ws/install/rslidar_msg/local/lib/python3.10/dist-packages/rslidar_msg/msg/_rslidar_packet_s.c
[0.999s] -- Up-to-date: /home/zxq/laser_ws/install/rslidar_msg/local/lib/python3.10/dist-packages/rslidar_msg/_rslidar_msg_s.ep.rosidl_typesupport_c.c
[0.999s] -- Up-to-date: /home/zxq/laser_ws/install/rslidar_msg/local/lib/python3.10/dist-packages/rslidar_msg/rslidar_msg_s__rosidl_typesupport_introspection_c.cpython-310-aarch64-linux-gnu.so
[0.999s] -- Up-to-date: /home/zxq/laser_ws/install/rslidar_msg/local/lib/python3.10/dist-packages/rslidar_msg/_rslidar_msg_s.ep.rosidl_typesupport_fastrtps_c.c
[1.072s] Listing '/home/zxq/laser_ws/install/rslidar_msg/local/lib/python3.10/dist-packages/rslidar_msg'...
[1.072s] Listing '/home/zxq/laser_ws/install/rslidar_msg/local/lib/python3.10/dist-packages/rslidar_msg/msg'...
[1.085s] -- Up-to-date: /home/zxq/laser_ws/install/rslidar_msg/local/lib/python3.10/dist-packages/rslidar_msg/rslidar_msg_s__rosidl_typesupport_fastrtps_c.cpython-310-aarch64-linux-gnu.so
[1.087s] -- Up-to-date: /home/zxq/laser_ws/install/rslidar_msg/local/lib/python3.10/dist-packages/rslidar_msg/rslidar_msg_s__rosidl_typesupport_introspection_c.cpython-310-aarch64-linux-gnu.so
[1.088s] -- Up-to-date: /home/zxq/laser_ws/install/rslidar_msg/local/lib/python3.10/dist-packages/rslidar_msg/rslidar_msg_s__rosidl_typesupport_c.cpython-310-aarch64-linux-gnu.so
[1.089s] -- Up-to-date: /home/zxq/laser_ws/install/rslidar_msg/lib/librslidar_msg__rosidl_generator_py.so
[1.090s] -- Up-to-date: /home/zxq/laser_ws/install/rslidar_msg/share/rslidar_msg/msg/RslidarPacket.idl
[1.091s] -- Up-to-date: /home/zxq/laser_ws/install/rslidar_msg/share/rslidar_msg/msg/RslidarPacket.msg
[1.092s] -- Up-to-date: /home/zxq/laser_ws/install/rslidar_msg/share/ament_index/resource_index/package_run_dependencies/rslidar_msg
[1.093s] -- Up-to-date: /home/zxq/laser_ws/install/rslidar_msg/share/ament_index/resource_index/parent_prefix_path/rslidar_msg
[1.094s] -- Up-to-date: /home/zxq/laser_ws/install/rslidar_msg/share/rslidar_msg/environment/ament_prefix_path.sh
[1.095s] -- Up-to-date: /home/zxq/laser_ws/install/rslidar_msg/share/rslidar_msg/environment/ament_prefix_path.dsv
[1.095s] -- Up-to-date: /home/zxq/laser_ws/install/rslidar_msg/share/rslidar_msg/environment/path.sh
[1.096s] -- Up-to-date: /home/zxq/laser_ws/install/rslidar_msg/share/rslidar_msg/environment/path.dsv
[1.097s] -- Up-to-date: /home/zxq/laser_ws/install/rslidar_msg/share/rslidar_msg/local_setup.bash
[1.100s] -- Up-to-date: /home/zxq/laser_ws/install/rslidar_msg/share/rslidar_msg/local_setup.sh
[1.101s] -- Up-to-date: /home/zxq/laser_ws/install/rslidar_msg/share/rslidar_msg/local_setup.zsh
[1.101s] -- Up-to-date: /home/zxq/laser_ws/install/rslidar_msg/share/rslidar_msg/local_setup.dsv
[1.102s] -- Installing: /home/zxq/laser_ws/install/rslidar_msg/share/rslidar_msg/package.dsv
[1.102s] -- Up-to-date: /home/zxq/laser_ws/install/rslidar_msg/share/ament_index/resource_index/packages/rslidar_msg
[1.103s] -- Up-to-date: /home/zxq/laser_ws/install/rslidar_msg/share/rslidar_msg/cmake/export_rslidar_msg__rosidl_generator_cExport.cmake
[1.104s] -- Up-to-date: /home/zxq/laser_ws/install/rslidar_msg/share/rslidar_msg/cmake/export_rslidar_msg__rosidl_generator_cExport-noconfig.cmake
[1.104s] -- Up-to-date: /home/zxq/laser_ws/install/rslidar_msg/share/rslidar_msg/cmake/export_rslidar_msg__rosidl_typesupport_fastrtps_cExport.cmake
[1.105s] -- Up-to-date: /home/zxq/laser_ws/install/rslidar_msg/share/rslidar_msg/cmake/export_rslidar_msg__rosidl_typesupport_fastrtps_cExport-noconfig.cmake
[1.105s] -- Up-to-date: /home/zxq/laser_ws/install/rslidar_msg/share/rslidar_msg/cmake/export_rslidar_msg__rosidl_generator_cppExport.cmake
[1.106s] -- Up-to-date: /home/zxq/laser_ws/install/rslidar_msg/share/rslidar_msg/cmake/export_rslidar_msg__rosidl_typesupport_fastrtps_cppExport.cmake
[1.106s] -- Up-to-date: /home/zxq/laser_ws/install/rslidar_msg/share/rslidar_msg/cmake/export_rslidar_msg__rosidl_typesupport_fastrtps_cppExport-noconfig.cmake
[1.107s] -- Up-to-date: /home/zxq/laser_ws/install/rslidar_msg/share/rslidar_msg/cmake/rslidar_msg__rosidl_typesupport_introspection_cExport.cmake
[1.108s] -- Up-to-date: /home/zxq/laser_ws/install/rslidar_msg/share/rslidar_msg/cmake/rslidar_msg__rosidl_typesupport_introspection_cExport-noconfig.cmake
[1.108s] -- Up-to-date: /home/zxq/laser_ws/install/rslidar_msg/share/rslidar_msg/cmake/rslidar_msg__rosidl_typesupport_cExport.cmake
[1.109s] -- Up-to-date: /home/zxq/laser_ws/install/rslidar_msg/share/rslidar_msg/cmake/rslidar_msg__rosidl_typesupport_cExport-noconfig.cmake
[1.110s] -- Up-to-date: /home/zxq/laser_ws/install/rslidar_msg/share/rslidar_msg/cmake/rslidar_msg__rosidl_typesupport_introspection_cppExport.cmake
[1.110s] -- Up-to-date: /home/zxq/laser_ws/install/rslidar_msg/share/rslidar_msg/cmake/rslidar_msg__rosidl_typesupport_introspection_cppExport-noconfig.cmake
[1.111s] -- Up-to-date: /home/zxq/laser_ws/install/rslidar_msg/share/rslidar_msg/cmake/rslidar_msg__rosidl_typesupport_cppExport.cmake
[1.111s] -- Up-to-date: /home/zxq/laser_ws/install/rslidar_msg/share/rslidar_msg/cmake/rslidar_msg__rosidl_typesupport_cppExport-noconfig.cmake
[1.111s] -- Up-to-date: /home/zxq/laser_ws/install/rslidar_msg/share/rslidar_msg/cmake/export_rslidar_msg__rosidl_generator_pyExport.cmake
[1.112s] -- Up-to-date: /home/zxq/laser_ws/install/rslidar_msg/share/rslidar_msg/cmake/export_rslidar_msg__rosidl_generator_pyExport-noconfig.cmake
[1.113s] -- Up-to-date: /home/zxq/laser_ws/install/rslidar_msg/share/rslidar_msg/cmake/rosidl_cmake-extras.cmake
[1.114s] -- Up-to-date: /home/zxq/laser_ws/install/rslidar_msg/share/rslidar_msg/cmake/ament_cmake_export_dependencies-extras.cmake
[1.114s] -- Up-to-date: /home/zxq/laser_ws/install/rslidar_msg/share/rslidar_msg/cmake/ament_cmake_export_include_directories-extras.cmake
[1.115s] -- Up-to-date: /home/zxq/laser_ws/install/rslidar_msg/share/rslidar_msg/cmake/ament_cmake_export_libraries-extras.cmake
[1.116s] -- Up-to-date: /home/zxq/laser_ws/install/rslidar_msg/share/rslidar_msg/cmake/ament_cmake_export_targets-extras.cmake
[1.116s] -- Up-to-date: /home/zxq/laser_ws/install/rslidar_msg/share/rslidar_msg/cmake/rosidl_cmake_export_typesupport_targets-extras.cmake
[1.117s] -- Up-to-date: /home/zxq/laser_ws/install/rslidar_msg/share/rslidar_msg/cmake/rosidl_cmake_export_typesupport_libraries-extras.cmake
[1.118s] -- Up-to-date: /home/zxq/laser_ws/install/rslidar_msg/share/rslidar_msg/cmake/rslidar_msgConfig.cmake
[1.119s] -- Up-to-date: /home/zxq/laser_ws/install/rslidar_msg/share/rslidar_msg/cmake/rslidar_msgConfig-version.cmake
[1.119s] -- Up-to-date: /home/zxq/laser_ws/install/rslidar_msg/share/rslidar_msg/package.xml
[1.123s] Invoked command in '/home/zxq/laser_ws/build/rslidar_msg' returned '0': CMAKE_PREFIX_PATH=${CMAKE_PREFIX_PATH}:/home/zxq/laser_ws/install/my_python_node:/opt/ros/humble CONDA_PROMPT_MODIFIER=(base) /usr/bin/cmake --install /home/zxq/laser_ws/build/rslidar_msg
