[1.746s] Invoking command in '/home/zxq/laser_ws/src/my_python_node': CONDA_PROMPT_MODIFIER=(base) PYTHONPATH=/home/zxq/laser_ws/build/my_python_node/prefix_override:/usr/lib/python3/dist-packages/colcon_core/task/python/colcon_distutils_commands:/home/zxq/laser_ws/install/my_python_node/lib/python3.10/site-packages:${PYTHONPATH} /usr/bin/python3 -W ignore:setup.py install is deprecated setup.py egg_info --egg-base ../../build/my_python_node build --build-base /home/zxq/laser_ws/build/my_python_node/build install --record /home/zxq/laser_ws/build/my_python_node/install.log --single-version-externally-managed install_data
[2.146s] running egg_info
[2.147s] writing ../../build/my_python_node/my_python_node.egg-info/PKG-INFO
[2.152s] writing dependency_links to ../../build/my_python_node/my_python_node.egg-info/dependency_links.txt
[2.152s] writing entry points to ../../build/my_python_node/my_python_node.egg-info/entry_points.txt
[2.153s] writing requirements to ../../build/my_python_node/my_python_node.egg-info/requires.txt
[2.153s] writing top-level names to ../../build/my_python_node/my_python_node.egg-info/top_level.txt
[2.161s] reading manifest file '../../build/my_python_node/my_python_node.egg-info/SOURCES.txt'
[2.163s] writing manifest file '../../build/my_python_node/my_python_node.egg-info/SOURCES.txt'
[2.163s] running build
[2.164s] running build_py
[2.164s] running install
[2.165s] running install_lib
[2.169s] running install_data
[2.170s] running install_egg_info
[2.174s] removing '/home/zxq/laser_ws/install/my_python_node/lib/python3.10/site-packages/my_python_node-0.0.0-py3.10.egg-info' (and everything under it)
[2.175s] Copying ../../build/my_python_node/my_python_node.egg-info to /home/zxq/laser_ws/install/my_python_node/lib/python3.10/site-packages/my_python_node-0.0.0-py3.10.egg-info
[2.176s] running install_scripts
[2.216s] Installing listener script to /home/zxq/laser_ws/install/my_python_node/lib/my_python_node
[2.218s] writing list of installed files to '/home/zxq/laser_ws/build/my_python_node/install.log'
[2.319s] Invoked command in '/home/zxq/laser_ws/src/my_python_node' returned '0': CONDA_PROMPT_MODIFIER=(base) PYTHONPATH=/home/zxq/laser_ws/build/my_python_node/prefix_override:/usr/lib/python3/dist-packages/colcon_core/task/python/colcon_distutils_commands:/home/zxq/laser_ws/install/my_python_node/lib/python3.10/site-packages:${PYTHONPATH} /usr/bin/python3 -W ignore:setup.py install is deprecated setup.py egg_info --egg-base ../../build/my_python_node build --build-base /home/zxq/laser_ws/build/my_python_node/build install --record /home/zxq/laser_ws/build/my_python_node/install.log --single-version-externally-managed install_data
