[0.030s] Invoking command in '/home/zxq/laser_ws/build/rslidar_sdk': CMAKE_PREFIX_PATH=/home/zxq/laser_ws/install/rslidar_msg:/home/zxq/laser_ws/install/my_python_node:/opt/ros/humble:/home/zxq/laser_ws/install/usb_cam:/home/zxq/laser_ws/install/rslidar_sdk CONDA_PROMPT_MODIFIER=(base) LD_LIBRARY_PATH=/home/zxq/laser_ws/install/rslidar_msg/lib:/home/zxq/laser_ws/install/usb_cam/lib:/opt/ros/humble/opt/rviz_ogre_vendor/lib:/opt/ros/humble/lib/aarch64-linux-gnu:/opt/ros/humble/lib /usr/bin/cmake --build /home/zxq/laser_ws/build/rslidar_sdk -- -j8 -l8
[0.225s] [100%] Built target rslidar_sdk_node
[0.258s] Invoked command in '/home/zxq/laser_ws/build/rslidar_sdk' returned '0': CMAKE_PREFIX_PATH=/home/zxq/laser_ws/install/rslidar_msg:/home/zxq/laser_ws/install/my_python_node:/opt/ros/humble:/home/zxq/laser_ws/install/usb_cam:/home/zxq/laser_ws/install/rslidar_sdk CONDA_PROMPT_MODIFIER=(base) LD_LIBRARY_PATH=/home/zxq/laser_ws/install/rslidar_msg/lib:/home/zxq/laser_ws/install/usb_cam/lib:/opt/ros/humble/opt/rviz_ogre_vendor/lib:/opt/ros/humble/lib/aarch64-linux-gnu:/opt/ros/humble/lib /usr/bin/cmake --build /home/zxq/laser_ws/build/rslidar_sdk -- -j8 -l8
[0.332s] Invoking command in '/home/zxq/laser_ws/build/rslidar_sdk': CMAKE_PREFIX_PATH=/home/zxq/laser_ws/install/rslidar_msg:/home/zxq/laser_ws/install/my_python_node:/opt/ros/humble:/home/zxq/laser_ws/install/usb_cam:/home/zxq/laser_ws/install/rslidar_sdk CONDA_PROMPT_MODIFIER=(base) LD_LIBRARY_PATH=/home/zxq/laser_ws/install/rslidar_msg/lib:/home/zxq/laser_ws/install/usb_cam/lib:/opt/ros/humble/opt/rviz_ogre_vendor/lib:/opt/ros/humble/lib/aarch64-linux-gnu:/opt/ros/humble/lib /usr/bin/cmake --install /home/zxq/laser_ws/build/rslidar_sdk
[0.362s] -- Install configuration: "Release"
[0.365s] -- Up-to-date: /home/zxq/laser_ws/install/rslidar_sdk/lib/rslidar_sdk/rslidar_sdk_node
[0.366s] -- Up-to-date: /home/zxq/laser_ws/install/rslidar_sdk/share/rslidar_sdk/launch
[0.366s] -- Up-to-date: /home/zxq/laser_ws/install/rslidar_sdk/share/rslidar_sdk/launch/config.yaml
[0.367s] -- Up-to-date: /home/zxq/laser_ws/install/rslidar_sdk/share/rslidar_sdk/launch/start.launch
[0.367s] -- Up-to-date: /home/zxq/laser_ws/install/rslidar_sdk/share/rslidar_sdk/launch/elequent_start.py
[0.367s] -- Up-to-date: /home/zxq/laser_ws/install/rslidar_sdk/share/rslidar_sdk/launch/start.py
[0.368s] -- Up-to-date: /home/zxq/laser_ws/install/rslidar_sdk/share/rslidar_sdk/rviz
[0.368s] -- Up-to-date: /home/zxq/laser_ws/install/rslidar_sdk/share/rslidar_sdk/rviz/rviz.rviz
[0.369s] -- Up-to-date: /home/zxq/laser_ws/install/rslidar_sdk/share/rslidar_sdk/rviz/rviz2.rviz
[0.369s] -- Up-to-date: /home/zxq/laser_ws/install/rslidar_sdk/share/ament_index/resource_index/package_run_dependencies/rslidar_sdk
[0.369s] -- Up-to-date: /home/zxq/laser_ws/install/rslidar_sdk/share/ament_index/resource_index/parent_prefix_path/rslidar_sdk
[0.370s] -- Up-to-date: /home/zxq/laser_ws/install/rslidar_sdk/share/rslidar_sdk/environment/ament_prefix_path.sh
[0.370s] -- Up-to-date: /home/zxq/laser_ws/install/rslidar_sdk/share/rslidar_sdk/environment/ament_prefix_path.dsv
[0.371s] -- Up-to-date: /home/zxq/laser_ws/install/rslidar_sdk/share/rslidar_sdk/environment/path.sh
[0.371s] -- Up-to-date: /home/zxq/laser_ws/install/rslidar_sdk/share/rslidar_sdk/environment/path.dsv
[0.371s] -- Up-to-date: /home/zxq/laser_ws/install/rslidar_sdk/share/rslidar_sdk/local_setup.bash
[0.372s] -- Up-to-date: /home/zxq/laser_ws/install/rslidar_sdk/share/rslidar_sdk/local_setup.sh
[0.372s] -- Up-to-date: /home/zxq/laser_ws/install/rslidar_sdk/share/rslidar_sdk/local_setup.zsh
[0.372s] -- Up-to-date: /home/zxq/laser_ws/install/rslidar_sdk/share/rslidar_sdk/local_setup.dsv
[0.373s] -- Installing: /home/zxq/laser_ws/install/rslidar_sdk/share/rslidar_sdk/package.dsv
[0.373s] -- Up-to-date: /home/zxq/laser_ws/install/rslidar_sdk/share/ament_index/resource_index/packages/rslidar_sdk
[0.373s] -- Up-to-date: /home/zxq/laser_ws/install/rslidar_sdk/share/rslidar_sdk/cmake/rslidar_sdkConfig.cmake
[0.374s] -- Up-to-date: /home/zxq/laser_ws/install/rslidar_sdk/share/rslidar_sdk/cmake/rslidar_sdkConfig-version.cmake
[0.374s] -- Up-to-date: /home/zxq/laser_ws/install/rslidar_sdk/share/rslidar_sdk/package.xml
[0.379s] Invoked command in '/home/zxq/laser_ws/build/rslidar_sdk' returned '0': CMAKE_PREFIX_PATH=/home/zxq/laser_ws/install/rslidar_msg:/home/zxq/laser_ws/install/my_python_node:/opt/ros/humble:/home/zxq/laser_ws/install/usb_cam:/home/zxq/laser_ws/install/rslidar_sdk CONDA_PROMPT_MODIFIER=(base) LD_LIBRARY_PATH=/home/zxq/laser_ws/install/rslidar_msg/lib:/home/zxq/laser_ws/install/usb_cam/lib:/opt/ros/humble/opt/rviz_ogre_vendor/lib:/opt/ros/humble/lib/aarch64-linux-gnu:/opt/ros/humble/lib /usr/bin/cmake --install /home/zxq/laser_ws/build/rslidar_sdk
