[1.082s] Invoking command in '/home/zxq/laser_ws/src/my_python_node': PYTHONPATH=/home/zxq/laser_ws/build/my_python_node/prefix_override:/usr/lib/python3/dist-packages/colcon_core/task/python/colcon_distutils_commands:/home/zxq/laser_ws/install/my_python_node/lib/python3.10/site-packages: /usr/bin/python3 -W ignore:setup.py install is deprecated setup.py egg_info --egg-base ../../build/my_python_node build --build-base /home/zxq/laser_ws/build/my_python_node/build install --record /home/zxq/laser_ws/build/my_python_node/install.log --single-version-externally-managed install_data
[1.375s] running egg_info
[1.376s] writing ../../build/my_python_node/my_python_node.egg-info/PKG-INFO
[1.376s] writing dependency_links to ../../build/my_python_node/my_python_node.egg-info/dependency_links.txt
[1.377s] writing entry points to ../../build/my_python_node/my_python_node.egg-info/entry_points.txt
[1.377s] writing requirements to ../../build/my_python_node/my_python_node.egg-info/requires.txt
[1.378s] writing top-level names to ../../build/my_python_node/my_python_node.egg-info/top_level.txt
[1.380s] reading manifest file '../../build/my_python_node/my_python_node.egg-info/SOURCES.txt'
[1.381s] writing manifest file '../../build/my_python_node/my_python_node.egg-info/SOURCES.txt'
[1.381s] running build
[1.382s] running build_py
[1.382s] copying my_python_node/listener.py -> /home/zxq/laser_ws/build/my_python_node/build/lib/my_python_node
[1.382s] running install
[1.383s] running install_lib
[1.385s] copying /home/zxq/laser_ws/build/my_python_node/build/lib/my_python_node/listener.py -> /home/zxq/laser_ws/install/my_python_node/lib/python3.10/site-packages/my_python_node
[1.386s] byte-compiling /home/zxq/laser_ws/install/my_python_node/lib/python3.10/site-packages/my_python_node/listener.py to listener.cpython-310.pyc
[1.390s]   File "/home/zxq/laser_ws/install/my_python_node/lib/python3.10/site-packages/my_python_node/listener.py", line 207
[1.391s]     cv2.putText(img, f'FPS:{str(t)}", (10, 30), cv2.FONT_HERSHEY_SIMPLEX, 0.6, (0, 0, 255), 2, cv2.LINE_AA)
[1.391s]                      ^
[1.392s] SyntaxError: unterminated string literal (detected at line 207)
[1.393s] 
[1.393s] running install_data
[1.393s] running install_egg_info
[1.394s] removing '/home/zxq/laser_ws/install/my_python_node/lib/python3.10/site-packages/my_python_node-0.0.0-py3.10.egg-info' (and everything under it)
[1.395s] Copying ../../build/my_python_node/my_python_node.egg-info to /home/zxq/laser_ws/install/my_python_node/lib/python3.10/site-packages/my_python_node-0.0.0-py3.10.egg-info
[1.396s] running install_scripts
[1.436s] Installing listener script to /home/zxq/laser_ws/install/my_python_node/lib/my_python_node
[1.438s] writing list of installed files to '/home/zxq/laser_ws/build/my_python_node/install.log'
[1.511s] Invoked command in '/home/zxq/laser_ws/src/my_python_node' returned '0': PYTHONPATH=/home/zxq/laser_ws/build/my_python_node/prefix_override:/usr/lib/python3/dist-packages/colcon_core/task/python/colcon_distutils_commands:/home/zxq/laser_ws/install/my_python_node/lib/python3.10/site-packages: /usr/bin/python3 -W ignore:setup.py install is deprecated setup.py egg_info --egg-base ../../build/my_python_node build --build-base /home/zxq/laser_ws/build/my_python_node/build install --record /home/zxq/laser_ws/build/my_python_node/install.log --single-version-externally-managed install_data
