[0.019s] Invoking command in '/home/zxq/laser_ws/build/rslidar_msg': CMAKE_PREFIX_PATH=${CMAKE_PREFIX_PATH}:/home/zxq/laser_ws/install/my_python_node:/home/zxq/laser_ws/install/demo_print_py:/opt/ros/humble /usr/bin/cmake --build /home/zxq/laser_ws/build/rslidar_msg -- -j8 -l8
[0.177s] [35m[1mConsolidate compiler generated dependencies of target rslidar_msg__rosidl_generator_c[0m
[0.189s] [  3%] Built target rslidar_msg__cpp
[0.219s] [35m[1mConsolidate compiler generated dependencies of target rslidar_msg__rosidl_typesupport_introspection_cpp[0m
[0.222s] [ 12%] Built target rslidar_msg__rosidl_generator_c
[0.224s] [35m[1mConsolidate compiler generated dependencies of target rslidar_msg__rosidl_typesupport_fastrtps_cpp[0m
[0.224s] [35m[1mConsolidate compiler generated dependencies of target rslidar_msg__rosidl_typesupport_cpp[0m
[0.240s] [ 12%] Built target ament_cmake_python_copy_rslidar_msg
[0.249s] [ 22%] Built target rslidar_msg__rosidl_typesupport_introspection_cpp
[0.249s] [35m[1mConsolidate compiler generated dependencies of target rslidar_msg__rosidl_typesupport_c[0m
[0.253s] [35m[1mConsolidate compiler generated dependencies of target rslidar_msg__rosidl_typesupport_fastrtps_c[0m
[0.267s] [ 32%] Built target rslidar_msg__rosidl_typesupport_cpp
[0.271s] [ 41%] Built target rslidar_msg__rosidl_typesupport_fastrtps_cpp
[0.271s] [35m[1mConsolidate compiler generated dependencies of target rslidar_msg__rosidl_typesupport_introspection_c[0m
[0.280s] [ 51%] Built target rslidar_msg__rosidl_typesupport_c
[0.287s] [ 61%] Built target rslidar_msg__rosidl_typesupport_introspection_c
[0.290s] [ 70%] Built target rslidar_msg__rosidl_typesupport_fastrtps_c
[0.338s] [ 70%] Built target rslidar_msg
[0.413s] [ 74%] Built target rslidar_msg__py
[0.454s] [35m[1mConsolidate compiler generated dependencies of target rslidar_msg__rosidl_generator_py[0m
[0.481s] [ 80%] Built target rslidar_msg__rosidl_generator_py
[0.517s] [35m[1mConsolidate compiler generated dependencies of target rslidar_msg__rosidl_typesupport_fastrtps_c__pyext[0m
[0.518s] [35m[1mConsolidate compiler generated dependencies of target rslidar_msg__rosidl_typesupport_introspection_c__pyext[0m
[0.518s] [35m[1mConsolidate compiler generated dependencies of target rslidar_msg__rosidl_typesupport_c__pyext[0m
[0.558s] [ 87%] Built target rslidar_msg__rosidl_typesupport_c__pyext
[0.569s] [ 93%] Built target rslidar_msg__rosidl_typesupport_fastrtps_c__pyext
[0.570s] [100%] Built target rslidar_msg__rosidl_typesupport_introspection_c__pyext
[0.694s] running egg_info
[0.698s] writing rslidar_msg.egg-info/PKG-INFO
[0.699s] writing dependency_links to rslidar_msg.egg-info/dependency_links.txt
[0.699s] writing top-level names to rslidar_msg.egg-info/top_level.txt
[0.703s] reading manifest file 'rslidar_msg.egg-info/SOURCES.txt'
[0.704s] writing manifest file 'rslidar_msg.egg-info/SOURCES.txt'
[0.809s] [100%] Built target ament_cmake_python_build_rslidar_msg_egg
[0.853s] Invoked command in '/home/zxq/laser_ws/build/rslidar_msg' returned '0': CMAKE_PREFIX_PATH=${CMAKE_PREFIX_PATH}:/home/zxq/laser_ws/install/my_python_node:/home/zxq/laser_ws/install/demo_print_py:/opt/ros/humble /usr/bin/cmake --build /home/zxq/laser_ws/build/rslidar_msg -- -j8 -l8
[1.079s] Invoking command in '/home/zxq/laser_ws/build/rslidar_msg': CMAKE_PREFIX_PATH=${CMAKE_PREFIX_PATH}:/home/zxq/laser_ws/install/my_python_node:/home/zxq/laser_ws/install/demo_print_py:/opt/ros/humble /usr/bin/cmake --install /home/zxq/laser_ws/build/rslidar_msg
[1.102s] -- Install configuration: ""
[1.103s] -- Up-to-date: /home/zxq/laser_ws/install/rslidar_msg/share/ament_index/resource_index/rosidl_interfaces/rslidar_msg
[1.104s] -- Up-to-date: /home/zxq/laser_ws/install/rslidar_msg/include/rslidar_msg/rslidar_msg
[1.104s] -- Up-to-date: /home/zxq/laser_ws/install/rslidar_msg/include/rslidar_msg/rslidar_msg/msg
[1.104s] -- Up-to-date: /home/zxq/laser_ws/install/rslidar_msg/include/rslidar_msg/rslidar_msg/msg/rosidl_generator_c__visibility_control.h
[1.105s] -- Up-to-date: /home/zxq/laser_ws/install/rslidar_msg/include/rslidar_msg/rslidar_msg/msg/rslidar_packet.h
[1.105s] -- Up-to-date: /home/zxq/laser_ws/install/rslidar_msg/include/rslidar_msg/rslidar_msg/msg/detail
[1.106s] -- Up-to-date: /home/zxq/laser_ws/install/rslidar_msg/include/rslidar_msg/rslidar_msg/msg/detail/rslidar_packet__functions.h
[1.106s] -- Up-to-date: /home/zxq/laser_ws/install/rslidar_msg/include/rslidar_msg/rslidar_msg/msg/detail/rslidar_packet__struct.h
[1.107s] -- Up-to-date: /home/zxq/laser_ws/install/rslidar_msg/include/rslidar_msg/rslidar_msg/msg/detail/rslidar_packet__type_support.h
[1.107s] -- Up-to-date: /home/zxq/laser_ws/install/rslidar_msg/include/rslidar_msg/rslidar_msg/msg/detail/rslidar_packet__functions.c
[1.107s] -- Up-to-date: /home/zxq/laser_ws/install/rslidar_msg/share/rslidar_msg/environment/library_path.sh
[1.108s] -- Up-to-date: /home/zxq/laser_ws/install/rslidar_msg/share/rslidar_msg/environment/library_path.dsv
[1.108s] -- Up-to-date: /home/zxq/laser_ws/install/rslidar_msg/lib/librslidar_msg__rosidl_generator_c.so
[1.109s] -- Up-to-date: /home/zxq/laser_ws/install/rslidar_msg/include/rslidar_msg/rslidar_msg
[1.109s] -- Up-to-date: /home/zxq/laser_ws/install/rslidar_msg/include/rslidar_msg/rslidar_msg/msg
[1.109s] -- Up-to-date: /home/zxq/laser_ws/install/rslidar_msg/include/rslidar_msg/rslidar_msg/msg/rosidl_typesupport_fastrtps_c__visibility_control.h
[1.110s] -- Up-to-date: /home/zxq/laser_ws/install/rslidar_msg/include/rslidar_msg/rslidar_msg/msg/detail
[1.110s] -- Up-to-date: /home/zxq/laser_ws/install/rslidar_msg/include/rslidar_msg/rslidar_msg/msg/detail/rslidar_packet__rosidl_typesupport_fastrtps_c.h
[1.110s] -- Up-to-date: /home/zxq/laser_ws/install/rslidar_msg/lib/librslidar_msg__rosidl_typesupport_fastrtps_c.so
[1.111s] -- Up-to-date: /home/zxq/laser_ws/install/rslidar_msg/include/rslidar_msg/rslidar_msg
[1.111s] -- Up-to-date: /home/zxq/laser_ws/install/rslidar_msg/include/rslidar_msg/rslidar_msg/msg
[1.111s] -- Up-to-date: /home/zxq/laser_ws/install/rslidar_msg/include/rslidar_msg/rslidar_msg/msg/rslidar_packet.hpp
[1.112s] -- Up-to-date: /home/zxq/laser_ws/install/rslidar_msg/include/rslidar_msg/rslidar_msg/msg/detail
[1.112s] -- Up-to-date: /home/zxq/laser_ws/install/rslidar_msg/include/rslidar_msg/rslidar_msg/msg/detail/rslidar_packet__struct.hpp
[1.112s] -- Up-to-date: /home/zxq/laser_ws/install/rslidar_msg/include/rslidar_msg/rslidar_msg/msg/detail/rslidar_packet__builder.hpp
[1.113s] -- Up-to-date: /home/zxq/laser_ws/install/rslidar_msg/include/rslidar_msg/rslidar_msg/msg/detail/rslidar_packet__traits.hpp
[1.113s] -- Up-to-date: /home/zxq/laser_ws/install/rslidar_msg/include/rslidar_msg/rslidar_msg
[1.113s] -- Up-to-date: /home/zxq/laser_ws/install/rslidar_msg/include/rslidar_msg/rslidar_msg/msg
[1.114s] -- Up-to-date: /home/zxq/laser_ws/install/rslidar_msg/include/rslidar_msg/rslidar_msg/msg/detail
[1.114s] -- Up-to-date: /home/zxq/laser_ws/install/rslidar_msg/include/rslidar_msg/rslidar_msg/msg/detail/rslidar_packet__rosidl_typesupport_fastrtps_cpp.hpp
[1.114s] -- Up-to-date: /home/zxq/laser_ws/install/rslidar_msg/include/rslidar_msg/rslidar_msg/msg/detail/dds_fastrtps
[1.115s] -- Up-to-date: /home/zxq/laser_ws/install/rslidar_msg/include/rslidar_msg/rslidar_msg/msg/rosidl_typesupport_fastrtps_cpp__visibility_control.h
[1.115s] -- Up-to-date: /home/zxq/laser_ws/install/rslidar_msg/lib/librslidar_msg__rosidl_typesupport_fastrtps_cpp.so
[1.115s] -- Up-to-date: /home/zxq/laser_ws/install/rslidar_msg/include/rslidar_msg/rslidar_msg
[1.116s] -- Up-to-date: /home/zxq/laser_ws/install/rslidar_msg/include/rslidar_msg/rslidar_msg/msg
[1.116s] -- Up-to-date: /home/zxq/laser_ws/install/rslidar_msg/include/rslidar_msg/rslidar_msg/msg/rosidl_typesupport_introspection_c__visibility_control.h
[1.116s] -- Up-to-date: /home/zxq/laser_ws/install/rslidar_msg/include/rslidar_msg/rslidar_msg/msg/detail
[1.117s] -- Up-to-date: /home/zxq/laser_ws/install/rslidar_msg/include/rslidar_msg/rslidar_msg/msg/detail/rslidar_packet__rosidl_typesupport_introspection_c.h
[1.117s] -- Up-to-date: /home/zxq/laser_ws/install/rslidar_msg/include/rslidar_msg/rslidar_msg/msg/detail/rslidar_packet__type_support.c
[1.118s] -- Up-to-date: /home/zxq/laser_ws/install/rslidar_msg/lib/librslidar_msg__rosidl_typesupport_introspection_c.so
[1.118s] -- Up-to-date: /home/zxq/laser_ws/install/rslidar_msg/lib/librslidar_msg__rosidl_typesupport_c.so
[1.118s] -- Up-to-date: /home/zxq/laser_ws/install/rslidar_msg/include/rslidar_msg/rslidar_msg
[1.119s] -- Up-to-date: /home/zxq/laser_ws/install/rslidar_msg/include/rslidar_msg/rslidar_msg/msg
[1.119s] -- Up-to-date: /home/zxq/laser_ws/install/rslidar_msg/include/rslidar_msg/rslidar_msg/msg/detail
[1.119s] -- Up-to-date: /home/zxq/laser_ws/install/rslidar_msg/include/rslidar_msg/rslidar_msg/msg/detail/rslidar_packet__type_support.cpp
[1.120s] -- Up-to-date: /home/zxq/laser_ws/install/rslidar_msg/include/rslidar_msg/rslidar_msg/msg/detail/rslidar_packet__rosidl_typesupport_introspection_cpp.hpp
[1.120s] -- Up-to-date: /home/zxq/laser_ws/install/rslidar_msg/lib/librslidar_msg__rosidl_typesupport_introspection_cpp.so
[1.120s] -- Up-to-date: /home/zxq/laser_ws/install/rslidar_msg/lib/librslidar_msg__rosidl_typesupport_cpp.so
[1.121s] -- Up-to-date: /home/zxq/laser_ws/install/rslidar_msg/share/rslidar_msg/environment/pythonpath.sh
[1.121s] -- Up-to-date: /home/zxq/laser_ws/install/rslidar_msg/share/rslidar_msg/environment/pythonpath.dsv
[1.121s] -- Up-to-date: /home/zxq/laser_ws/install/rslidar_msg/local/lib/python3.10/dist-packages/rslidar_msg-0.0.0-py3.10.egg-info
[1.122s] -- Installing: /home/zxq/laser_ws/install/rslidar_msg/local/lib/python3.10/dist-packages/rslidar_msg-0.0.0-py3.10.egg-info/PKG-INFO
[1.122s] -- Installing: /home/zxq/laser_ws/install/rslidar_msg/local/lib/python3.10/dist-packages/rslidar_msg-0.0.0-py3.10.egg-info/dependency_links.txt
[1.122s] -- Installing: /home/zxq/laser_ws/install/rslidar_msg/local/lib/python3.10/dist-packages/rslidar_msg-0.0.0-py3.10.egg-info/top_level.txt
[1.123s] -- Installing: /home/zxq/laser_ws/install/rslidar_msg/local/lib/python3.10/dist-packages/rslidar_msg-0.0.0-py3.10.egg-info/SOURCES.txt
[1.123s] -- Up-to-date: /home/zxq/laser_ws/install/rslidar_msg/local/lib/python3.10/dist-packages/rslidar_msg
[1.123s] -- Up-to-date: /home/zxq/laser_ws/install/rslidar_msg/local/lib/python3.10/dist-packages/rslidar_msg/rslidar_msg_s__rosidl_typesupport_fastrtps_c.cpython-310-aarch64-linux-gnu.so
[1.124s] -- Up-to-date: /home/zxq/laser_ws/install/rslidar_msg/local/lib/python3.10/dist-packages/rslidar_msg/__init__.py
[1.124s] -- Up-to-date: /home/zxq/laser_ws/install/rslidar_msg/local/lib/python3.10/dist-packages/rslidar_msg/_rslidar_msg_s.ep.rosidl_typesupport_introspection_c.c
[1.125s] -- Up-to-date: /home/zxq/laser_ws/install/rslidar_msg/local/lib/python3.10/dist-packages/rslidar_msg/rslidar_msg_s__rosidl_typesupport_c.cpython-310-aarch64-linux-gnu.so
[1.125s] -- Up-to-date: /home/zxq/laser_ws/install/rslidar_msg/local/lib/python3.10/dist-packages/rslidar_msg/librslidar_msg__rosidl_generator_py.so
[1.125s] -- Up-to-date: /home/zxq/laser_ws/install/rslidar_msg/local/lib/python3.10/dist-packages/rslidar_msg/msg
[1.126s] -- Up-to-date: /home/zxq/laser_ws/install/rslidar_msg/local/lib/python3.10/dist-packages/rslidar_msg/msg/__init__.py
[1.126s] -- Up-to-date: /home/zxq/laser_ws/install/rslidar_msg/local/lib/python3.10/dist-packages/rslidar_msg/msg/_rslidar_packet.py
[1.126s] -- Up-to-date: /home/zxq/laser_ws/install/rslidar_msg/local/lib/python3.10/dist-packages/rslidar_msg/msg/_rslidar_packet_s.c
[1.127s] -- Up-to-date: /home/zxq/laser_ws/install/rslidar_msg/local/lib/python3.10/dist-packages/rslidar_msg/_rslidar_msg_s.ep.rosidl_typesupport_c.c
[1.127s] -- Up-to-date: /home/zxq/laser_ws/install/rslidar_msg/local/lib/python3.10/dist-packages/rslidar_msg/rslidar_msg_s__rosidl_typesupport_introspection_c.cpython-310-aarch64-linux-gnu.so
[1.127s] -- Up-to-date: /home/zxq/laser_ws/install/rslidar_msg/local/lib/python3.10/dist-packages/rslidar_msg/_rslidar_msg_s.ep.rosidl_typesupport_fastrtps_c.c
[1.174s] Listing '/home/zxq/laser_ws/install/rslidar_msg/local/lib/python3.10/dist-packages/rslidar_msg'...
[1.175s] Listing '/home/zxq/laser_ws/install/rslidar_msg/local/lib/python3.10/dist-packages/rslidar_msg/msg'...
[1.187s] -- Up-to-date: /home/zxq/laser_ws/install/rslidar_msg/local/lib/python3.10/dist-packages/rslidar_msg/rslidar_msg_s__rosidl_typesupport_fastrtps_c.cpython-310-aarch64-linux-gnu.so
[1.187s] -- Up-to-date: /home/zxq/laser_ws/install/rslidar_msg/local/lib/python3.10/dist-packages/rslidar_msg/rslidar_msg_s__rosidl_typesupport_introspection_c.cpython-310-aarch64-linux-gnu.so
[1.188s] -- Up-to-date: /home/zxq/laser_ws/install/rslidar_msg/local/lib/python3.10/dist-packages/rslidar_msg/rslidar_msg_s__rosidl_typesupport_c.cpython-310-aarch64-linux-gnu.so
[1.189s] -- Up-to-date: /home/zxq/laser_ws/install/rslidar_msg/lib/librslidar_msg__rosidl_generator_py.so
[1.190s] -- Up-to-date: /home/zxq/laser_ws/install/rslidar_msg/share/rslidar_msg/msg/RslidarPacket.idl
[1.190s] -- Up-to-date: /home/zxq/laser_ws/install/rslidar_msg/share/rslidar_msg/msg/RslidarPacket.msg
[1.191s] -- Up-to-date: /home/zxq/laser_ws/install/rslidar_msg/share/ament_index/resource_index/package_run_dependencies/rslidar_msg
[1.191s] -- Up-to-date: /home/zxq/laser_ws/install/rslidar_msg/share/ament_index/resource_index/parent_prefix_path/rslidar_msg
[1.192s] -- Up-to-date: /home/zxq/laser_ws/install/rslidar_msg/share/rslidar_msg/environment/ament_prefix_path.sh
[1.192s] -- Up-to-date: /home/zxq/laser_ws/install/rslidar_msg/share/rslidar_msg/environment/ament_prefix_path.dsv
[1.192s] -- Up-to-date: /home/zxq/laser_ws/install/rslidar_msg/share/rslidar_msg/environment/path.sh
[1.193s] -- Up-to-date: /home/zxq/laser_ws/install/rslidar_msg/share/rslidar_msg/environment/path.dsv
[1.193s] -- Up-to-date: /home/zxq/laser_ws/install/rslidar_msg/share/rslidar_msg/local_setup.bash
[1.193s] -- Up-to-date: /home/zxq/laser_ws/install/rslidar_msg/share/rslidar_msg/local_setup.sh
[1.194s] -- Up-to-date: /home/zxq/laser_ws/install/rslidar_msg/share/rslidar_msg/local_setup.zsh
[1.194s] -- Up-to-date: /home/zxq/laser_ws/install/rslidar_msg/share/rslidar_msg/local_setup.dsv
[1.195s] -- Installing: /home/zxq/laser_ws/install/rslidar_msg/share/rslidar_msg/package.dsv
[1.195s] -- Up-to-date: /home/zxq/laser_ws/install/rslidar_msg/share/ament_index/resource_index/packages/rslidar_msg
[1.196s] -- Up-to-date: /home/zxq/laser_ws/install/rslidar_msg/share/rslidar_msg/cmake/export_rslidar_msg__rosidl_generator_cExport.cmake
[1.196s] -- Up-to-date: /home/zxq/laser_ws/install/rslidar_msg/share/rslidar_msg/cmake/export_rslidar_msg__rosidl_generator_cExport-noconfig.cmake
[1.196s] -- Up-to-date: /home/zxq/laser_ws/install/rslidar_msg/share/rslidar_msg/cmake/export_rslidar_msg__rosidl_typesupport_fastrtps_cExport.cmake
[1.196s] -- Up-to-date: /home/zxq/laser_ws/install/rslidar_msg/share/rslidar_msg/cmake/export_rslidar_msg__rosidl_typesupport_fastrtps_cExport-noconfig.cmake
[1.197s] -- Up-to-date: /home/zxq/laser_ws/install/rslidar_msg/share/rslidar_msg/cmake/export_rslidar_msg__rosidl_generator_cppExport.cmake
[1.197s] -- Up-to-date: /home/zxq/laser_ws/install/rslidar_msg/share/rslidar_msg/cmake/export_rslidar_msg__rosidl_typesupport_fastrtps_cppExport.cmake
[1.197s] -- Up-to-date: /home/zxq/laser_ws/install/rslidar_msg/share/rslidar_msg/cmake/export_rslidar_msg__rosidl_typesupport_fastrtps_cppExport-noconfig.cmake
[1.197s] -- Up-to-date: /home/zxq/laser_ws/install/rslidar_msg/share/rslidar_msg/cmake/rslidar_msg__rosidl_typesupport_introspection_cExport.cmake
[1.198s] -- Up-to-date: /home/zxq/laser_ws/install/rslidar_msg/share/rslidar_msg/cmake/rslidar_msg__rosidl_typesupport_introspection_cExport-noconfig.cmake
[1.198s] -- Up-to-date: /home/zxq/laser_ws/install/rslidar_msg/share/rslidar_msg/cmake/rslidar_msg__rosidl_typesupport_cExport.cmake
[1.198s] -- Up-to-date: /home/zxq/laser_ws/install/rslidar_msg/share/rslidar_msg/cmake/rslidar_msg__rosidl_typesupport_cExport-noconfig.cmake
[1.198s] -- Up-to-date: /home/zxq/laser_ws/install/rslidar_msg/share/rslidar_msg/cmake/rslidar_msg__rosidl_typesupport_introspection_cppExport.cmake
[1.199s] -- Up-to-date: /home/zxq/laser_ws/install/rslidar_msg/share/rslidar_msg/cmake/rslidar_msg__rosidl_typesupport_introspection_cppExport-noconfig.cmake
[1.199s] -- Up-to-date: /home/zxq/laser_ws/install/rslidar_msg/share/rslidar_msg/cmake/rslidar_msg__rosidl_typesupport_cppExport.cmake
[1.199s] -- Up-to-date: /home/zxq/laser_ws/install/rslidar_msg/share/rslidar_msg/cmake/rslidar_msg__rosidl_typesupport_cppExport-noconfig.cmake
[1.200s] -- Up-to-date: /home/zxq/laser_ws/install/rslidar_msg/share/rslidar_msg/cmake/export_rslidar_msg__rosidl_generator_pyExport.cmake
[1.200s] -- Up-to-date: /home/zxq/laser_ws/install/rslidar_msg/share/rslidar_msg/cmake/export_rslidar_msg__rosidl_generator_pyExport-noconfig.cmake
[1.201s] -- Up-to-date: /home/zxq/laser_ws/install/rslidar_msg/share/rslidar_msg/cmake/rosidl_cmake-extras.cmake
[1.204s] -- Up-to-date: /home/zxq/laser_ws/install/rslidar_msg/share/rslidar_msg/cmake/ament_cmake_export_dependencies-extras.cmake
[1.205s] -- Up-to-date: /home/zxq/laser_ws/install/rslidar_msg/share/rslidar_msg/cmake/ament_cmake_export_include_directories-extras.cmake
[1.206s] -- Up-to-date: /home/zxq/laser_ws/install/rslidar_msg/share/rslidar_msg/cmake/ament_cmake_export_libraries-extras.cmake
[1.207s] -- Up-to-date: /home/zxq/laser_ws/install/rslidar_msg/share/rslidar_msg/cmake/ament_cmake_export_targets-extras.cmake
[1.207s] -- Up-to-date: /home/zxq/laser_ws/install/rslidar_msg/share/rslidar_msg/cmake/rosidl_cmake_export_typesupport_targets-extras.cmake
[1.208s] -- Up-to-date: /home/zxq/laser_ws/install/rslidar_msg/share/rslidar_msg/cmake/rosidl_cmake_export_typesupport_libraries-extras.cmake
[1.210s] -- Up-to-date: /home/zxq/laser_ws/install/rslidar_msg/share/rslidar_msg/cmake/rslidar_msgConfig.cmake
[1.210s] -- Up-to-date: /home/zxq/laser_ws/install/rslidar_msg/share/rslidar_msg/cmake/rslidar_msgConfig-version.cmake
[1.211s] -- Up-to-date: /home/zxq/laser_ws/install/rslidar_msg/share/rslidar_msg/package.xml
[1.212s] Invoked command in '/home/zxq/laser_ws/build/rslidar_msg' returned '0': CMAKE_PREFIX_PATH=${CMAKE_PREFIX_PATH}:/home/zxq/laser_ws/install/my_python_node:/home/zxq/laser_ws/install/demo_print_py:/opt/ros/humble /usr/bin/cmake --install /home/zxq/laser_ws/build/rslidar_msg
