[1.365s] Invoking command in '/home/zxq/laser_ws/src/my_python_node': CONDA_PROMPT_MODIFIER=(base) PYTHONPATH=/home/zxq/laser_ws/build/my_python_node/prefix_override:/usr/lib/python3/dist-packages/colcon_core/task/python/colcon_distutils_commands:/home/zxq/laser_ws/install/my_python_node/lib/python3.10/site-packages:${PYTHONPATH} /usr/bin/python3 -W ignore:setup.py install is deprecated setup.py egg_info --egg-base ../../build/my_python_node build --build-base /home/zxq/laser_ws/build/my_python_node/build install --record /home/zxq/laser_ws/build/my_python_node/install.log --single-version-externally-managed install_data
[1.795s] running egg_info
[1.796s] writing ../../build/my_python_node/my_python_node.egg-info/PKG-INFO
[1.796s] writing dependency_links to ../../build/my_python_node/my_python_node.egg-info/dependency_links.txt
[1.797s] writing entry points to ../../build/my_python_node/my_python_node.egg-info/entry_points.txt
[1.797s] writing requirements to ../../build/my_python_node/my_python_node.egg-info/requires.txt
[1.797s] writing top-level names to ../../build/my_python_node/my_python_node.egg-info/top_level.txt
[1.801s] reading manifest file '../../build/my_python_node/my_python_node.egg-info/SOURCES.txt'
[1.802s] writing manifest file '../../build/my_python_node/my_python_node.egg-info/SOURCES.txt'
[1.802s] running build
[1.802s] running build_py
[1.803s] running install
[1.803s] running install_lib
[1.806s] running install_data
[1.806s] running install_egg_info
[1.810s] removing '/home/zxq/laser_ws/install/my_python_node/lib/python3.10/site-packages/my_python_node-0.0.0-py3.10.egg-info' (and everything under it)
[1.810s] Copying ../../build/my_python_node/my_python_node.egg-info to /home/zxq/laser_ws/install/my_python_node/lib/python3.10/site-packages/my_python_node-0.0.0-py3.10.egg-info
[1.812s] running install_scripts
[1.855s] Installing listener script to /home/zxq/laser_ws/install/my_python_node/lib/my_python_node
[1.856s] writing list of installed files to '/home/zxq/laser_ws/build/my_python_node/install.log'
[1.961s] Invoked command in '/home/zxq/laser_ws/src/my_python_node' returned '0': CONDA_PROMPT_MODIFIER=(base) PYTHONPATH=/home/zxq/laser_ws/build/my_python_node/prefix_override:/usr/lib/python3/dist-packages/colcon_core/task/python/colcon_distutils_commands:/home/zxq/laser_ws/install/my_python_node/lib/python3.10/site-packages:${PYTHONPATH} /usr/bin/python3 -W ignore:setup.py install is deprecated setup.py egg_info --egg-base ../../build/my_python_node build --build-base /home/zxq/laser_ws/build/my_python_node/build install --record /home/zxq/laser_ws/build/my_python_node/install.log --single-version-externally-managed install_data
