running egg_info
creating ../../build/my_python_node/my_python_node.egg-info
writing ../../build/my_python_node/my_python_node.egg-info/PKG-INFO
writing dependency_links to ../../build/my_python_node/my_python_node.egg-info/dependency_links.txt
writing entry points to ../../build/my_python_node/my_python_node.egg-info/entry_points.txt
writing requirements to ../../build/my_python_node/my_python_node.egg-info/requires.txt
writing top-level names to ../../build/my_python_node/my_python_node.egg-info/top_level.txt
writing manifest file '../../build/my_python_node/my_python_node.egg-info/SOURCES.txt'
reading manifest file '../../build/my_python_node/my_python_node.egg-info/SOURCES.txt'
writing manifest file '../../build/my_python_node/my_python_node.egg-info/SOURCES.txt'
running build
running build_py
creating /home/zxq/laser_ws/build/my_python_node/build
creating /home/zxq/laser_ws/build/my_python_node/build/lib
creating /home/zxq/laser_ws/build/my_python_node/build/lib/my_python_node
copying my_python_node/listener1.py -> /home/zxq/laser_ws/build/my_python_node/build/lib/my_python_node
copying my_python_node/__init__.py -> /home/zxq/laser_ws/build/my_python_node/build/lib/my_python_node
copying my_python_node/listener.py -> /home/zxq/laser_ws/build/my_python_node/build/lib/my_python_node
running install
running install_lib
creating /home/zxq/laser_ws/install/my_python_node/lib/python3.10/site-packages/my_python_node
copying /home/zxq/laser_ws/build/my_python_node/build/lib/my_python_node/listener1.py -> /home/zxq/laser_ws/install/my_python_node/lib/python3.10/site-packages/my_python_node
copying /home/zxq/laser_ws/build/my_python_node/build/lib/my_python_node/__init__.py -> /home/zxq/laser_ws/install/my_python_node/lib/python3.10/site-packages/my_python_node
copying /home/zxq/laser_ws/build/my_python_node/build/lib/my_python_node/listener.py -> /home/zxq/laser_ws/install/my_python_node/lib/python3.10/site-packages/my_python_node
byte-compiling /home/zxq/laser_ws/install/my_python_node/lib/python3.10/site-packages/my_python_node/listener1.py to listener1.cpython-310.pyc
byte-compiling /home/zxq/laser_ws/install/my_python_node/lib/python3.10/site-packages/my_python_node/__init__.py to __init__.cpython-310.pyc
byte-compiling /home/zxq/laser_ws/install/my_python_node/lib/python3.10/site-packages/my_python_node/listener.py to listener.cpython-310.pyc
running install_data
creating /home/zxq/laser_ws/install/my_python_node/share/ament_index
creating /home/zxq/laser_ws/install/my_python_node/share/ament_index/resource_index
creating /home/zxq/laser_ws/install/my_python_node/share/ament_index/resource_index/packages
copying resource/my_python_node -> /home/zxq/laser_ws/install/my_python_node/share/ament_index/resource_index/packages
copying package.xml -> /home/zxq/laser_ws/install/my_python_node/share/my_python_node
running install_egg_info
Copying ../../build/my_python_node/my_python_node.egg-info to /home/zxq/laser_ws/install/my_python_node/lib/python3.10/site-packages/my_python_node-0.0.0-py3.10.egg-info
running install_scripts
Installing listener script to /home/zxq/laser_ws/install/my_python_node/lib/my_python_node
writing list of installed files to '/home/zxq/laser_ws/build/my_python_node/install.log'
