[1.200s] Invoking command in '/home/zxq/laser_ws/src/my_python_node': PYTHONPATH=/home/zxq/laser_ws/build/my_python_node/prefix_override:/usr/lib/python3/dist-packages/colcon_core/task/python/colcon_distutils_commands:/home/zxq/laser_ws/install/my_python_node/lib/python3.10/site-packages: /usr/bin/python3 -W ignore:setup.py install is deprecated setup.py egg_info --egg-base ../../build/my_python_node build --build-base /home/zxq/laser_ws/build/my_python_node/build install --record /home/zxq/laser_ws/build/my_python_node/install.log --single-version-externally-managed install_data
[1.511s] running egg_info
[1.512s] creating ../../build/my_python_node/my_python_node.egg-info
[1.513s] writing ../../build/my_python_node/my_python_node.egg-info/PKG-INFO
[1.513s] writing dependency_links to ../../build/my_python_node/my_python_node.egg-info/dependency_links.txt
[1.514s] writing entry points to ../../build/my_python_node/my_python_node.egg-info/entry_points.txt
[1.514s] writing requirements to ../../build/my_python_node/my_python_node.egg-info/requires.txt
[1.514s] writing top-level names to ../../build/my_python_node/my_python_node.egg-info/top_level.txt
[1.515s] writing manifest file '../../build/my_python_node/my_python_node.egg-info/SOURCES.txt'
[1.515s] reading manifest file '../../build/my_python_node/my_python_node.egg-info/SOURCES.txt'
[1.516s] writing manifest file '../../build/my_python_node/my_python_node.egg-info/SOURCES.txt'
[1.517s] running build
[1.517s] running build_py
[1.518s] creating /home/zxq/laser_ws/build/my_python_node/build
[1.518s] creating /home/zxq/laser_ws/build/my_python_node/build/lib
[1.518s] creating /home/zxq/laser_ws/build/my_python_node/build/lib/my_python_node
[1.519s] copying my_python_node/listener1.py -> /home/zxq/laser_ws/build/my_python_node/build/lib/my_python_node
[1.519s] copying my_python_node/__init__.py -> /home/zxq/laser_ws/build/my_python_node/build/lib/my_python_node
[1.520s] copying my_python_node/listener.py -> /home/zxq/laser_ws/build/my_python_node/build/lib/my_python_node
[1.520s] running install
[1.520s] running install_lib
[1.521s] creating /home/zxq/laser_ws/install/my_python_node/lib/python3.10/site-packages/my_python_node
[1.521s] copying /home/zxq/laser_ws/build/my_python_node/build/lib/my_python_node/listener1.py -> /home/zxq/laser_ws/install/my_python_node/lib/python3.10/site-packages/my_python_node
[1.522s] copying /home/zxq/laser_ws/build/my_python_node/build/lib/my_python_node/__init__.py -> /home/zxq/laser_ws/install/my_python_node/lib/python3.10/site-packages/my_python_node
[1.522s] copying /home/zxq/laser_ws/build/my_python_node/build/lib/my_python_node/listener.py -> /home/zxq/laser_ws/install/my_python_node/lib/python3.10/site-packages/my_python_node
[1.522s] byte-compiling /home/zxq/laser_ws/install/my_python_node/lib/python3.10/site-packages/my_python_node/listener1.py to listener1.cpython-310.pyc
[1.523s] byte-compiling /home/zxq/laser_ws/install/my_python_node/lib/python3.10/site-packages/my_python_node/__init__.py to __init__.cpython-310.pyc
[1.523s] byte-compiling /home/zxq/laser_ws/install/my_python_node/lib/python3.10/site-packages/my_python_node/listener.py to listener.cpython-310.pyc
[1.524s] running install_data
[1.524s] creating /home/zxq/laser_ws/install/my_python_node/share/ament_index
[1.524s] creating /home/zxq/laser_ws/install/my_python_node/share/ament_index/resource_index
[1.525s] creating /home/zxq/laser_ws/install/my_python_node/share/ament_index/resource_index/packages
[1.525s] copying resource/my_python_node -> /home/zxq/laser_ws/install/my_python_node/share/ament_index/resource_index/packages
[1.525s] copying package.xml -> /home/zxq/laser_ws/install/my_python_node/share/my_python_node
[1.526s] running install_egg_info
[1.527s] Copying ../../build/my_python_node/my_python_node.egg-info to /home/zxq/laser_ws/install/my_python_node/lib/python3.10/site-packages/my_python_node-0.0.0-py3.10.egg-info
[1.528s] running install_scripts
[1.566s] Installing listener script to /home/zxq/laser_ws/install/my_python_node/lib/my_python_node
[1.567s] writing list of installed files to '/home/zxq/laser_ws/build/my_python_node/install.log'
[1.661s] Invoked command in '/home/zxq/laser_ws/src/my_python_node' returned '0': PYTHONPATH=/home/zxq/laser_ws/build/my_python_node/prefix_override:/usr/lib/python3/dist-packages/colcon_core/task/python/colcon_distutils_commands:/home/zxq/laser_ws/install/my_python_node/lib/python3.10/site-packages: /usr/bin/python3 -W ignore:setup.py install is deprecated setup.py egg_info --egg-base ../../build/my_python_node build --build-base /home/zxq/laser_ws/build/my_python_node/build install --record /home/zxq/laser_ws/build/my_python_node/install.log --single-version-externally-managed install_data
