[1.359s] Invoking command in '/home/zxq/laser_ws/src/my_python_node': PYTHONPATH=/home/zxq/laser_ws/build/my_python_node/prefix_override:/usr/lib/python3/dist-packages/colcon_core/task/python/colcon_distutils_commands:/home/zxq/laser_ws/install/my_python_node/lib/python3.10/site-packages: /usr/bin/python3 -W ignore:setup.py install is deprecated setup.py egg_info --egg-base ../../build/my_python_node build --build-base /home/zxq/laser_ws/build/my_python_node/build install --record /home/zxq/laser_ws/build/my_python_node/install.log --single-version-externally-managed install_data
[1.691s] running egg_info
[1.692s] writing ../../build/my_python_node/my_python_node.egg-info/PKG-INFO
[1.692s] writing dependency_links to ../../build/my_python_node/my_python_node.egg-info/dependency_links.txt
[1.693s] writing entry points to ../../build/my_python_node/my_python_node.egg-info/entry_points.txt
[1.693s] writing requirements to ../../build/my_python_node/my_python_node.egg-info/requires.txt
[1.693s] writing top-level names to ../../build/my_python_node/my_python_node.egg-info/top_level.txt
[1.695s] reading manifest file '../../build/my_python_node/my_python_node.egg-info/SOURCES.txt'
[1.696s] writing manifest file '../../build/my_python_node/my_python_node.egg-info/SOURCES.txt'
[1.697s] running build
[1.698s] running build_py
[1.699s] copying my_python_node/listener.py -> /home/zxq/laser_ws/build/my_python_node/build/lib/my_python_node
[1.699s] running install
[1.700s] running install_lib
[1.700s] copying /home/zxq/laser_ws/build/my_python_node/build/lib/my_python_node/listener.py -> /home/zxq/laser_ws/install/my_python_node/lib/python3.10/site-packages/my_python_node
[1.701s] byte-compiling /home/zxq/laser_ws/install/my_python_node/lib/python3.10/site-packages/my_python_node/listener.py to listener.cpython-310.pyc
[1.702s] running install_data
[1.703s] running install_egg_info
[1.705s] removing '/home/zxq/laser_ws/install/my_python_node/lib/python3.10/site-packages/my_python_node-0.0.0-py3.10.egg-info' (and everything under it)
[1.706s] Copying ../../build/my_python_node/my_python_node.egg-info to /home/zxq/laser_ws/install/my_python_node/lib/python3.10/site-packages/my_python_node-0.0.0-py3.10.egg-info
[1.707s] running install_scripts
[1.746s] Installing listener script to /home/zxq/laser_ws/install/my_python_node/lib/my_python_node
[1.747s] writing list of installed files to '/home/zxq/laser_ws/build/my_python_node/install.log'
[1.845s] Invoked command in '/home/zxq/laser_ws/src/my_python_node' returned '0': PYTHONPATH=/home/zxq/laser_ws/build/my_python_node/prefix_override:/usr/lib/python3/dist-packages/colcon_core/task/python/colcon_distutils_commands:/home/zxq/laser_ws/install/my_python_node/lib/python3.10/site-packages: /usr/bin/python3 -W ignore:setup.py install is deprecated setup.py egg_info --egg-base ../../build/my_python_node build --build-base /home/zxq/laser_ws/build/my_python_node/build install --record /home/zxq/laser_ws/build/my_python_node/install.log --single-version-externally-managed install_data
