/home/zxq/laser_ws/install/my_python_node/lib/python3.10/site-packages/my_python_node/listener1.py
/home/zxq/laser_ws/install/my_python_node/lib/python3.10/site-packages/my_python_node/listener1 (copy 1).py
/home/zxq/laser_ws/install/my_python_node/lib/python3.10/site-packages/my_python_node/__init__.py
/home/zxq/laser_ws/install/my_python_node/lib/python3.10/site-packages/my_python_node/listener.py
/home/zxq/laser_ws/install/my_python_node/lib/python3.10/site-packages/my_python_node/listener_1.py
/home/zxq/laser_ws/install/my_python_node/lib/python3.10/site-packages/my_python_node/__pycache__/listener1.cpython-310.pyc
/home/zxq/laser_ws/install/my_python_node/lib/python3.10/site-packages/my_python_node/__pycache__/listener1 (copy 1).cpython-310.pyc
/home/zxq/laser_ws/install/my_python_node/lib/python3.10/site-packages/my_python_node/__pycache__/__init__.cpython-310.pyc
/home/zxq/laser_ws/install/my_python_node/lib/python3.10/site-packages/my_python_node/__pycache__/listener.cpython-310.pyc
/home/zxq/laser_ws/install/my_python_node/lib/python3.10/site-packages/my_python_node/__pycache__/listener_1.cpython-310.pyc
/home/zxq/laser_ws/install/my_python_node/share/ament_index/resource_index/packages/my_python_node
/home/zxq/laser_ws/install/my_python_node/share/my_python_node/package.xml
/home/zxq/laser_ws/install/my_python_node/lib/python3.10/site-packages/my_python_node-0.0.0-py3.10.egg-info/PKG-INFO
/home/zxq/laser_ws/install/my_python_node/lib/python3.10/site-packages/my_python_node-0.0.0-py3.10.egg-info/dependency_links.txt
/home/zxq/laser_ws/install/my_python_node/lib/python3.10/site-packages/my_python_node-0.0.0-py3.10.egg-info/top_level.txt
/home/zxq/laser_ws/install/my_python_node/lib/python3.10/site-packages/my_python_node-0.0.0-py3.10.egg-info/SOURCES.txt
/home/zxq/laser_ws/install/my_python_node/lib/python3.10/site-packages/my_python_node-0.0.0-py3.10.egg-info/entry_points.txt
/home/zxq/laser_ws/install/my_python_node/lib/python3.10/site-packages/my_python_node-0.0.0-py3.10.egg-info/zip-safe
/home/zxq/laser_ws/install/my_python_node/lib/python3.10/site-packages/my_python_node-0.0.0-py3.10.egg-info/requires.txt
/home/zxq/laser_ws/install/my_python_node/lib/my_python_node/listener
