[0.390s] DEBUG:colcon:Command line arguments: ['/usr/bin/colcon', 'build']
[0.390s] DEBUG:colcon:Parsed command line arguments: Namespace(log_base=None, log_level=None, verb_name='build', build_base='build', install_base='install', merge_install=False, symlink_install=False, test_result_base=None, continue_on_error=False, executor='parallel', parallel_workers=8, event_handlers=None, ignore_user_meta=False, metas=['./colcon.meta'], base_paths=['.'], packages_ignore=None, packages_ignore_regex=None, paths=None, packages_up_to=None, packages_up_to_regex=None, packages_above=None, packages_above_and_dependencies=None, packages_above_depth=None, packages_select_by_dep=None, packages_skip_by_dep=None, packages_skip_up_to=None, packages_select_build_failed=False, packages_skip_build_finished=False, packages_select_test_failures=False, packages_skip_test_passed=False, packages_select=None, packages_skip=None, packages_select_regex=None, packages_skip_regex=None, packages_start=None, packages_end=None, allow_overriding=[], cmake_args=None, cmake_target=None, cmake_target_skip_unavailable=False, cmake_clean_cache=False, cmake_clean_first=False, cmake_force_configure=False, ament_cmake_args=None, catkin_cmake_args=None, catkin_skip_building_tests=False, mixin_files=None, mixin=None, verb_parser=<colcon_mixin.mixin.mixin_argument.MixinArgumentDecorator object at 0x7fb380b790>, verb_extension=<colcon_core.verb.build.BuildVerb object at 0x7fb380b010>, main=<bound method BuildVerb.main of <colcon_core.verb.build.BuildVerb object at 0x7fb380b010>>, mixin_verb=('build',))
[0.960s] Level 1:colcon.colcon_core.package_discovery:discover_packages(colcon_meta) check parameters
[0.960s] Level 1:colcon.colcon_core.package_discovery:discover_packages(recursive) check parameters
[0.960s] Level 1:colcon.colcon_core.package_discovery:discover_packages(ignore) check parameters
[0.961s] Level 1:colcon.colcon_core.package_discovery:discover_packages(path) check parameters
[0.961s] Level 1:colcon.colcon_core.package_discovery:discover_packages(colcon_meta) discover
[0.961s] Level 1:colcon.colcon_core.package_discovery:discover_packages(recursive) discover
[0.961s] INFO:colcon.colcon_core.package_discovery:Crawling recursively for packages in '/home/zxq/laser_ws'
[0.961s] Level 1:colcon.colcon_core.package_identification:_identify(.) by extensions ['ignore', 'ignore_ament_install']
[0.961s] Level 1:colcon.colcon_core.package_identification:_identify(.) by extension 'ignore'
[0.961s] Level 1:colcon.colcon_core.package_identification:_identify(.) by extension 'ignore_ament_install'
[0.961s] Level 1:colcon.colcon_core.package_identification:_identify(.) by extensions ['colcon_pkg']
[0.962s] Level 1:colcon.colcon_core.package_identification:_identify(.) by extension 'colcon_pkg'
[0.962s] Level 1:colcon.colcon_core.package_identification:_identify(.) by extensions ['colcon_meta']
[0.962s] Level 1:colcon.colcon_core.package_identification:_identify(.) by extension 'colcon_meta'
[0.962s] Level 1:colcon.colcon_core.package_identification:_identify(.) by extensions ['ros']
[0.962s] Level 1:colcon.colcon_core.package_identification:_identify(.) by extension 'ros'
[1.006s] Level 1:colcon.colcon_core.package_identification:_identify(.) by extensions ['cmake', 'python']
[1.006s] Level 1:colcon.colcon_core.package_identification:_identify(.) by extension 'cmake'
[1.006s] Level 1:colcon.colcon_core.package_identification:_identify(.) by extension 'python'
[1.006s] Level 1:colcon.colcon_core.package_identification:_identify(.) by extensions ['python_setup_py']
[1.006s] Level 1:colcon.colcon_core.package_identification:_identify(.) by extension 'python_setup_py'
[1.006s] Level 1:colcon.colcon_core.package_identification:_identify(build) by extensions ['ignore', 'ignore_ament_install']
[1.007s] Level 1:colcon.colcon_core.package_identification:_identify(build) by extension 'ignore'
[1.007s] Level 1:colcon.colcon_core.package_identification:_identify(build) ignored
[1.008s] Level 1:colcon.colcon_core.package_identification:_identify(imgs) by extensions ['ignore', 'ignore_ament_install']
[1.008s] Level 1:colcon.colcon_core.package_identification:_identify(imgs) by extension 'ignore'
[1.008s] Level 1:colcon.colcon_core.package_identification:_identify(imgs) by extension 'ignore_ament_install'
[1.008s] Level 1:colcon.colcon_core.package_identification:_identify(imgs) by extensions ['colcon_pkg']
[1.008s] Level 1:colcon.colcon_core.package_identification:_identify(imgs) by extension 'colcon_pkg'
[1.008s] Level 1:colcon.colcon_core.package_identification:_identify(imgs) by extensions ['colcon_meta']
[1.008s] Level 1:colcon.colcon_core.package_identification:_identify(imgs) by extension 'colcon_meta'
[1.008s] Level 1:colcon.colcon_core.package_identification:_identify(imgs) by extensions ['ros']
[1.008s] Level 1:colcon.colcon_core.package_identification:_identify(imgs) by extension 'ros'
[1.008s] Level 1:colcon.colcon_core.package_identification:_identify(imgs) by extensions ['cmake', 'python']
[1.008s] Level 1:colcon.colcon_core.package_identification:_identify(imgs) by extension 'cmake'
[1.008s] Level 1:colcon.colcon_core.package_identification:_identify(imgs) by extension 'python'
[1.009s] Level 1:colcon.colcon_core.package_identification:_identify(imgs) by extensions ['python_setup_py']
[1.009s] Level 1:colcon.colcon_core.package_identification:_identify(imgs) by extension 'python_setup_py'
[1.009s] Level 1:colcon.colcon_core.package_identification:_identify(install) by extensions ['ignore', 'ignore_ament_install']
[1.009s] Level 1:colcon.colcon_core.package_identification:_identify(install) by extension 'ignore'
[1.009s] Level 1:colcon.colcon_core.package_identification:_identify(install) ignored
[1.010s] Level 1:colcon.colcon_core.package_identification:_identify(log) by extensions ['ignore', 'ignore_ament_install']
[1.010s] Level 1:colcon.colcon_core.package_identification:_identify(log) by extension 'ignore'
[1.010s] Level 1:colcon.colcon_core.package_identification:_identify(log) ignored
[1.010s] Level 1:colcon.colcon_core.package_identification:_identify(src) by extensions ['ignore', 'ignore_ament_install']
[1.010s] Level 1:colcon.colcon_core.package_identification:_identify(src) by extension 'ignore'
[1.010s] Level 1:colcon.colcon_core.package_identification:_identify(src) by extension 'ignore_ament_install'
[1.010s] Level 1:colcon.colcon_core.package_identification:_identify(src) by extensions ['colcon_pkg']
[1.010s] Level 1:colcon.colcon_core.package_identification:_identify(src) by extension 'colcon_pkg'
[1.010s] Level 1:colcon.colcon_core.package_identification:_identify(src) by extensions ['colcon_meta']
[1.011s] Level 1:colcon.colcon_core.package_identification:_identify(src) by extension 'colcon_meta'
[1.011s] Level 1:colcon.colcon_core.package_identification:_identify(src) by extensions ['ros']
[1.011s] Level 1:colcon.colcon_core.package_identification:_identify(src) by extension 'ros'
[1.011s] Level 1:colcon.colcon_core.package_identification:_identify(src) by extensions ['cmake', 'python']
[1.011s] Level 1:colcon.colcon_core.package_identification:_identify(src) by extension 'cmake'
[1.011s] Level 1:colcon.colcon_core.package_identification:_identify(src) by extension 'python'
[1.011s] Level 1:colcon.colcon_core.package_identification:_identify(src) by extensions ['python_setup_py']
[1.011s] Level 1:colcon.colcon_core.package_identification:_identify(src) by extension 'python_setup_py'
[1.011s] Level 1:colcon.colcon_core.package_identification:_identify(src/my_python_node) by extensions ['ignore', 'ignore_ament_install']
[1.011s] Level 1:colcon.colcon_core.package_identification:_identify(src/my_python_node) by extension 'ignore'
[1.011s] Level 1:colcon.colcon_core.package_identification:_identify(src/my_python_node) by extension 'ignore_ament_install'
[1.011s] Level 1:colcon.colcon_core.package_identification:_identify(src/my_python_node) by extensions ['colcon_pkg']
[1.011s] Level 1:colcon.colcon_core.package_identification:_identify(src/my_python_node) by extension 'colcon_pkg'
[1.011s] Level 1:colcon.colcon_core.package_identification:_identify(src/my_python_node) by extensions ['colcon_meta']
[1.011s] Level 1:colcon.colcon_core.package_identification:_identify(src/my_python_node) by extension 'colcon_meta'
[1.011s] Level 1:colcon.colcon_core.package_identification:_identify(src/my_python_node) by extensions ['ros']
[1.011s] Level 1:colcon.colcon_core.package_identification:_identify(src/my_python_node) by extension 'ros'
[1.016s] DEBUG:colcon.colcon_core.package_identification:Package 'src/my_python_node' with type 'ros.ament_python' and name 'my_python_node'
[1.017s] Level 1:colcon.colcon_core.package_identification:_identify(src/rs_driver) by extensions ['ignore', 'ignore_ament_install']
[1.017s] Level 1:colcon.colcon_core.package_identification:_identify(src/rs_driver) by extension 'ignore'
[1.017s] Level 1:colcon.colcon_core.package_identification:_identify(src/rs_driver) by extension 'ignore_ament_install'
[1.017s] Level 1:colcon.colcon_core.package_identification:_identify(src/rs_driver) by extensions ['colcon_pkg']
[1.017s] Level 1:colcon.colcon_core.package_identification:_identify(src/rs_driver) by extension 'colcon_pkg'
[1.017s] Level 1:colcon.colcon_core.package_identification:_identify(src/rs_driver) by extensions ['colcon_meta']
[1.017s] Level 1:colcon.colcon_core.package_identification:_identify(src/rs_driver) by extension 'colcon_meta'
[1.017s] Level 1:colcon.colcon_core.package_identification:_identify(src/rs_driver) by extensions ['ros']
[1.017s] Level 1:colcon.colcon_core.package_identification:_identify(src/rs_driver) by extension 'ros'
[1.017s] Level 1:colcon.colcon_core.package_identification:_identify(src/rs_driver) by extensions ['cmake', 'python']
[1.017s] Level 1:colcon.colcon_core.package_identification:_identify(src/rs_driver) by extension 'cmake'
[1.028s] Level 1:colcon.colcon_core.package_identification:_identify(src/rs_driver) by extension 'python'
[1.029s] DEBUG:colcon.colcon_core.package_identification:Package 'src/rs_driver' with type 'cmake' and name 'rs_driver'
[1.029s] Level 1:colcon.colcon_core.package_identification:_identify(src/rslidar_msg) by extensions ['ignore', 'ignore_ament_install']
[1.029s] Level 1:colcon.colcon_core.package_identification:_identify(src/rslidar_msg) by extension 'ignore'
[1.029s] Level 1:colcon.colcon_core.package_identification:_identify(src/rslidar_msg) by extension 'ignore_ament_install'
[1.029s] Level 1:colcon.colcon_core.package_identification:_identify(src/rslidar_msg) by extensions ['colcon_pkg']
[1.029s] Level 1:colcon.colcon_core.package_identification:_identify(src/rslidar_msg) by extension 'colcon_pkg'
[1.029s] Level 1:colcon.colcon_core.package_identification:_identify(src/rslidar_msg) by extensions ['colcon_meta']
[1.029s] Level 1:colcon.colcon_core.package_identification:_identify(src/rslidar_msg) by extension 'colcon_meta'
[1.029s] Level 1:colcon.colcon_core.package_identification:_identify(src/rslidar_msg) by extensions ['ros']
[1.029s] Level 1:colcon.colcon_core.package_identification:_identify(src/rslidar_msg) by extension 'ros'
[1.031s] DEBUG:colcon.colcon_core.package_identification:Package 'src/rslidar_msg' with type 'ros.ament_cmake' and name 'rslidar_msg'
[1.031s] Level 1:colcon.colcon_core.package_identification:_identify(src/rslidar_sdk) by extensions ['ignore', 'ignore_ament_install']
[1.031s] Level 1:colcon.colcon_core.package_identification:_identify(src/rslidar_sdk) by extension 'ignore'
[1.032s] Level 1:colcon.colcon_core.package_identification:_identify(src/rslidar_sdk) by extension 'ignore_ament_install'
[1.032s] Level 1:colcon.colcon_core.package_identification:_identify(src/rslidar_sdk) by extensions ['colcon_pkg']
[1.032s] Level 1:colcon.colcon_core.package_identification:_identify(src/rslidar_sdk) by extension 'colcon_pkg'
[1.032s] Level 1:colcon.colcon_core.package_identification:_identify(src/rslidar_sdk) by extensions ['colcon_meta']
[1.032s] Level 1:colcon.colcon_core.package_identification:_identify(src/rslidar_sdk) by extension 'colcon_meta'
[1.032s] Level 1:colcon.colcon_core.package_identification:_identify(src/rslidar_sdk) by extensions ['ros']
[1.032s] Level 1:colcon.colcon_core.package_identification:_identify(src/rslidar_sdk) by extension 'ros'
[1.041s] DEBUG:colcon.colcon_core.package_identification:Package 'src/rslidar_sdk' with type 'ros.ament_cmake' and name 'rslidar_sdk'
[1.042s] Level 1:colcon.colcon_core.package_identification:_identify(src/usb_cam) by extensions ['ignore', 'ignore_ament_install']
[1.042s] Level 1:colcon.colcon_core.package_identification:_identify(src/usb_cam) by extension 'ignore'
[1.042s] Level 1:colcon.colcon_core.package_identification:_identify(src/usb_cam) by extension 'ignore_ament_install'
[1.042s] Level 1:colcon.colcon_core.package_identification:_identify(src/usb_cam) by extensions ['colcon_pkg']
[1.042s] Level 1:colcon.colcon_core.package_identification:_identify(src/usb_cam) by extension 'colcon_pkg'
[1.042s] Level 1:colcon.colcon_core.package_identification:_identify(src/usb_cam) by extensions ['colcon_meta']
[1.042s] Level 1:colcon.colcon_core.package_identification:_identify(src/usb_cam) by extension 'colcon_meta'
[1.042s] Level 1:colcon.colcon_core.package_identification:_identify(src/usb_cam) by extensions ['ros']
[1.042s] Level 1:colcon.colcon_core.package_identification:_identify(src/usb_cam) by extension 'ros'
[1.050s] DEBUG:colcon.colcon_core.package_identification:Package 'src/usb_cam' with type 'ros.ament_cmake' and name 'usb_cam'
[1.050s] Level 1:colcon.colcon_core.package_discovery:discover_packages(recursive) using defaults
[1.051s] Level 1:colcon.colcon_core.package_discovery:discover_packages(ignore) discover
[1.051s] Level 1:colcon.colcon_core.package_discovery:discover_packages(ignore) using defaults
[1.051s] Level 1:colcon.colcon_core.package_discovery:discover_packages(path) discover
[1.051s] Level 1:colcon.colcon_core.package_discovery:discover_packages(path) using defaults
[1.110s] Level 1:colcon.colcon_core.package_discovery:discover_packages(prefix_path) check parameters
[1.110s] Level 1:colcon.colcon_core.package_discovery:discover_packages(prefix_path) discover
[1.115s] DEBUG:colcon.colcon_installed_package_information.package_discovery:Found 5 installed packages in /home/zxq/laser_ws/install
[1.117s] DEBUG:colcon.colcon_installed_package_information.package_discovery:Found 324 installed packages in /opt/ros/humble
[1.120s] Level 1:colcon.colcon_core.package_discovery:discover_packages(prefix_path) using defaults
[1.187s] Level 5:colcon.colcon_core.verb:set package 'my_python_node' build argument 'cmake_args' from command line to 'None'
[1.187s] Level 5:colcon.colcon_core.verb:set package 'my_python_node' build argument 'cmake_target' from command line to 'None'
[1.188s] Level 5:colcon.colcon_core.verb:set package 'my_python_node' build argument 'cmake_target_skip_unavailable' from command line to 'False'
[1.188s] Level 5:colcon.colcon_core.verb:set package 'my_python_node' build argument 'cmake_clean_cache' from command line to 'False'
[1.188s] Level 5:colcon.colcon_core.verb:set package 'my_python_node' build argument 'cmake_clean_first' from command line to 'False'
[1.188s] Level 5:colcon.colcon_core.verb:set package 'my_python_node' build argument 'cmake_force_configure' from command line to 'False'
[1.188s] Level 5:colcon.colcon_core.verb:set package 'my_python_node' build argument 'ament_cmake_args' from command line to 'None'
[1.188s] Level 5:colcon.colcon_core.verb:set package 'my_python_node' build argument 'catkin_cmake_args' from command line to 'None'
[1.188s] Level 5:colcon.colcon_core.verb:set package 'my_python_node' build argument 'catkin_skip_building_tests' from command line to 'False'
[1.188s] DEBUG:colcon.colcon_core.verb:Building package 'my_python_node' with the following arguments: {'ament_cmake_args': None, 'build_base': '/home/zxq/laser_ws/build/my_python_node', 'catkin_cmake_args': None, 'catkin_skip_building_tests': False, 'cmake_args': None, 'cmake_clean_cache': False, 'cmake_clean_first': False, 'cmake_force_configure': False, 'cmake_target': None, 'cmake_target_skip_unavailable': False, 'install_base': '/home/zxq/laser_ws/install/my_python_node', 'merge_install': False, 'path': '/home/zxq/laser_ws/src/my_python_node', 'symlink_install': False, 'test_result_base': None}
[1.189s] Level 5:colcon.colcon_core.verb:set package 'rs_driver' build argument 'cmake_args' from command line to 'None'
[1.189s] Level 5:colcon.colcon_core.verb:set package 'rs_driver' build argument 'cmake_target' from command line to 'None'
[1.189s] Level 5:colcon.colcon_core.verb:set package 'rs_driver' build argument 'cmake_target_skip_unavailable' from command line to 'False'
[1.189s] Level 5:colcon.colcon_core.verb:set package 'rs_driver' build argument 'cmake_clean_cache' from command line to 'False'
[1.189s] Level 5:colcon.colcon_core.verb:set package 'rs_driver' build argument 'cmake_clean_first' from command line to 'False'
[1.189s] Level 5:colcon.colcon_core.verb:set package 'rs_driver' build argument 'cmake_force_configure' from command line to 'False'
[1.189s] Level 5:colcon.colcon_core.verb:set package 'rs_driver' build argument 'ament_cmake_args' from command line to 'None'
[1.189s] Level 5:colcon.colcon_core.verb:set package 'rs_driver' build argument 'catkin_cmake_args' from command line to 'None'
[1.189s] Level 5:colcon.colcon_core.verb:set package 'rs_driver' build argument 'catkin_skip_building_tests' from command line to 'False'
[1.189s] DEBUG:colcon.colcon_core.verb:Building package 'rs_driver' with the following arguments: {'ament_cmake_args': None, 'build_base': '/home/zxq/laser_ws/build/rs_driver', 'catkin_cmake_args': None, 'catkin_skip_building_tests': False, 'cmake_args': None, 'cmake_clean_cache': False, 'cmake_clean_first': False, 'cmake_force_configure': False, 'cmake_target': None, 'cmake_target_skip_unavailable': False, 'install_base': '/home/zxq/laser_ws/install/rs_driver', 'merge_install': False, 'path': '/home/zxq/laser_ws/src/rs_driver', 'symlink_install': False, 'test_result_base': None}
[1.189s] Level 5:colcon.colcon_core.verb:set package 'rslidar_msg' build argument 'cmake_args' from command line to 'None'
[1.190s] Level 5:colcon.colcon_core.verb:set package 'rslidar_msg' build argument 'cmake_target' from command line to 'None'
[1.190s] Level 5:colcon.colcon_core.verb:set package 'rslidar_msg' build argument 'cmake_target_skip_unavailable' from command line to 'False'
[1.190s] Level 5:colcon.colcon_core.verb:set package 'rslidar_msg' build argument 'cmake_clean_cache' from command line to 'False'
[1.190s] Level 5:colcon.colcon_core.verb:set package 'rslidar_msg' build argument 'cmake_clean_first' from command line to 'False'
[1.190s] Level 5:colcon.colcon_core.verb:set package 'rslidar_msg' build argument 'cmake_force_configure' from command line to 'False'
[1.190s] Level 5:colcon.colcon_core.verb:set package 'rslidar_msg' build argument 'ament_cmake_args' from command line to 'None'
[1.190s] Level 5:colcon.colcon_core.verb:set package 'rslidar_msg' build argument 'catkin_cmake_args' from command line to 'None'
[1.190s] Level 5:colcon.colcon_core.verb:set package 'rslidar_msg' build argument 'catkin_skip_building_tests' from command line to 'False'
[1.190s] DEBUG:colcon.colcon_core.verb:Building package 'rslidar_msg' with the following arguments: {'ament_cmake_args': None, 'build_base': '/home/zxq/laser_ws/build/rslidar_msg', 'catkin_cmake_args': None, 'catkin_skip_building_tests': False, 'cmake_args': None, 'cmake_clean_cache': False, 'cmake_clean_first': False, 'cmake_force_configure': False, 'cmake_target': None, 'cmake_target_skip_unavailable': False, 'install_base': '/home/zxq/laser_ws/install/rslidar_msg', 'merge_install': False, 'path': '/home/zxq/laser_ws/src/rslidar_msg', 'symlink_install': False, 'test_result_base': None}
[1.190s] Level 5:colcon.colcon_core.verb:set package 'usb_cam' build argument 'cmake_args' from command line to 'None'
[1.190s] Level 5:colcon.colcon_core.verb:set package 'usb_cam' build argument 'cmake_target' from command line to 'None'
[1.190s] Level 5:colcon.colcon_core.verb:set package 'usb_cam' build argument 'cmake_target_skip_unavailable' from command line to 'False'
[1.190s] Level 5:colcon.colcon_core.verb:set package 'usb_cam' build argument 'cmake_clean_cache' from command line to 'False'
[1.190s] Level 5:colcon.colcon_core.verb:set package 'usb_cam' build argument 'cmake_clean_first' from command line to 'False'
[1.190s] Level 5:colcon.colcon_core.verb:set package 'usb_cam' build argument 'cmake_force_configure' from command line to 'False'
[1.190s] Level 5:colcon.colcon_core.verb:set package 'usb_cam' build argument 'ament_cmake_args' from command line to 'None'
[1.190s] Level 5:colcon.colcon_core.verb:set package 'usb_cam' build argument 'catkin_cmake_args' from command line to 'None'
[1.190s] Level 5:colcon.colcon_core.verb:set package 'usb_cam' build argument 'catkin_skip_building_tests' from command line to 'False'
[1.190s] DEBUG:colcon.colcon_core.verb:Building package 'usb_cam' with the following arguments: {'ament_cmake_args': None, 'build_base': '/home/zxq/laser_ws/build/usb_cam', 'catkin_cmake_args': None, 'catkin_skip_building_tests': False, 'cmake_args': None, 'cmake_clean_cache': False, 'cmake_clean_first': False, 'cmake_force_configure': False, 'cmake_target': None, 'cmake_target_skip_unavailable': False, 'install_base': '/home/zxq/laser_ws/install/usb_cam', 'merge_install': False, 'path': '/home/zxq/laser_ws/src/usb_cam', 'symlink_install': False, 'test_result_base': None}
[1.191s] Level 5:colcon.colcon_core.verb:set package 'rslidar_sdk' build argument 'cmake_args' from command line to 'None'
[1.191s] Level 5:colcon.colcon_core.verb:set package 'rslidar_sdk' build argument 'cmake_target' from command line to 'None'
[1.191s] Level 5:colcon.colcon_core.verb:set package 'rslidar_sdk' build argument 'cmake_target_skip_unavailable' from command line to 'False'
[1.191s] Level 5:colcon.colcon_core.verb:set package 'rslidar_sdk' build argument 'cmake_clean_cache' from command line to 'False'
[1.191s] Level 5:colcon.colcon_core.verb:set package 'rslidar_sdk' build argument 'cmake_clean_first' from command line to 'False'
[1.191s] Level 5:colcon.colcon_core.verb:set package 'rslidar_sdk' build argument 'cmake_force_configure' from command line to 'False'
[1.191s] Level 5:colcon.colcon_core.verb:set package 'rslidar_sdk' build argument 'ament_cmake_args' from command line to 'None'
[1.191s] Level 5:colcon.colcon_core.verb:set package 'rslidar_sdk' build argument 'catkin_cmake_args' from command line to 'None'
[1.191s] Level 5:colcon.colcon_core.verb:set package 'rslidar_sdk' build argument 'catkin_skip_building_tests' from command line to 'False'
[1.191s] DEBUG:colcon.colcon_core.verb:Building package 'rslidar_sdk' with the following arguments: {'ament_cmake_args': None, 'build_base': '/home/zxq/laser_ws/build/rslidar_sdk', 'catkin_cmake_args': None, 'catkin_skip_building_tests': False, 'cmake_args': None, 'cmake_clean_cache': False, 'cmake_clean_first': False, 'cmake_force_configure': False, 'cmake_target': None, 'cmake_target_skip_unavailable': False, 'install_base': '/home/zxq/laser_ws/install/rslidar_sdk', 'merge_install': False, 'path': '/home/zxq/laser_ws/src/rslidar_sdk', 'symlink_install': False, 'test_result_base': None}
[1.192s] INFO:colcon.colcon_core.executor:Executing jobs using 'parallel' executor
[1.193s] DEBUG:colcon.colcon_parallel_executor.executor.parallel:run_until_complete
[1.194s] INFO:colcon.colcon_ros.task.ament_cmake.build:Building ROS package in '/home/zxq/laser_ws/src/rslidar_msg' with build type 'ament_cmake'
[1.194s] INFO:colcon.colcon_cmake.task.cmake.build:Building CMake package in '/home/zxq/laser_ws/src/rslidar_msg'
[1.207s] INFO:colcon.colcon_core.plugin_system:Skipping extension 'colcon_core.shell.bat': Not used on non-Windows systems
[1.208s] INFO:colcon.colcon_core.shell:Skip shell extension 'powershell' for command environment: Not usable outside of PowerShell
[1.208s] DEBUG:colcon.colcon_core.shell:Skip shell extension 'dsv' for command environment
[1.217s] INFO:colcon.colcon_ros.task.ament_python.build:Building ROS package in '/home/zxq/laser_ws/src/my_python_node' with build type 'ament_python'
[1.218s] Level 1:colcon.colcon_core.shell:create_environment_hook('my_python_node', 'ament_prefix_path')
[1.218s] INFO:colcon.colcon_core.shell:Creating environment hook '/home/zxq/laser_ws/install/my_python_node/share/my_python_node/hook/ament_prefix_path.ps1'
[1.221s] INFO:colcon.colcon_core.shell:Creating environment descriptor '/home/zxq/laser_ws/install/my_python_node/share/my_python_node/hook/ament_prefix_path.dsv'
[1.223s] INFO:colcon.colcon_core.shell:Creating environment hook '/home/zxq/laser_ws/install/my_python_node/share/my_python_node/hook/ament_prefix_path.sh'
[1.225s] INFO:colcon.colcon_core.shell:Skip shell extension 'powershell' for command environment: Not usable outside of PowerShell
[1.225s] DEBUG:colcon.colcon_core.shell:Skip shell extension 'dsv' for command environment
[1.232s] INFO:colcon.colcon_cmake.task.cmake.build:Building CMake package in '/home/zxq/laser_ws/src/rs_driver'
[1.233s] INFO:colcon.colcon_core.shell:Skip shell extension 'powershell' for command environment: Not usable outside of PowerShell
[1.233s] DEBUG:colcon.colcon_core.shell:Skip shell extension 'dsv' for command environment
[1.240s] INFO:colcon.colcon_ros.task.ament_cmake.build:Building ROS package in '/home/zxq/laser_ws/src/usb_cam' with build type 'ament_cmake'
[1.241s] INFO:colcon.colcon_cmake.task.cmake.build:Building CMake package in '/home/zxq/laser_ws/src/usb_cam'
[1.241s] INFO:colcon.colcon_core.shell:Skip shell extension 'powershell' for command environment: Not usable outside of PowerShell
[1.242s] DEBUG:colcon.colcon_core.shell:Skip shell extension 'dsv' for command environment
[1.258s] DEBUG:colcon.colcon_core.event_handler.log_command:Invoking command in '/home/zxq/laser_ws/build/rslidar_msg': CMAKE_PREFIX_PATH=/home/zxq/laser_ws/install/my_python_node:/opt/ros/humble:${CMAKE_PREFIX_PATH} CONDA_PROMPT_MODIFIER=(base) /usr/bin/cmake --build /home/zxq/laser_ws/build/rslidar_msg -- -j8 -l8
[1.753s] INFO:colcon.colcon_core.task.python.build:Building Python package in '/home/zxq/laser_ws/src/my_python_node'
[1.754s] INFO:colcon.colcon_core.shell:Skip shell extension 'powershell' for command environment: Not usable outside of PowerShell
[1.754s] DEBUG:colcon.colcon_core.shell:Skip shell extension 'dsv' for command environment
[1.769s] DEBUG:colcon.colcon_core.event_handler.log_command:Invoking command in '/home/zxq/laser_ws/build/rs_driver': CONDA_PROMPT_MODIFIER=(base) /usr/bin/cmake --build /home/zxq/laser_ws/build/rs_driver -- -j8 -l8
[1.794s] DEBUG:colcon.colcon_core.event_handler.log_command:Invoking command in '/home/zxq/laser_ws/build/usb_cam': CMAKE_PREFIX_PATH=/home/zxq/laser_ws/install/my_python_node:/opt/ros/humble:${CMAKE_PREFIX_PATH} CONDA_PROMPT_MODIFIER=(base) /usr/bin/cmake --build /home/zxq/laser_ws/build/usb_cam -- -j8 -l8
[1.865s] DEBUG:colcon.colcon_core.event_handler.log_command:Invoked command in '/home/zxq/laser_ws/build/rs_driver' returned '0': CONDA_PROMPT_MODIFIER=(base) /usr/bin/cmake --build /home/zxq/laser_ws/build/rs_driver -- -j8 -l8
[1.954s] DEBUG:colcon.colcon_core.event_handler.log_command:Invoking command in '/home/zxq/laser_ws/build/rs_driver': CONDA_PROMPT_MODIFIER=(base) /usr/bin/cmake --install /home/zxq/laser_ws/build/rs_driver
[2.012s] Level 1:colcon.colcon_core.environment:create_environment_scripts_only(rs_driver)
[2.038s] DEBUG:colcon.colcon_core.event_handler.log_command:Invoked command in '/home/zxq/laser_ws/build/rs_driver' returned '0': CONDA_PROMPT_MODIFIER=(base) /usr/bin/cmake --install /home/zxq/laser_ws/build/rs_driver
[2.040s] Level 1:colcon.colcon_core.environment:checking '/home/zxq/laser_ws/install/rs_driver' for CMake module files
[2.041s] Level 1:colcon.colcon_core.environment:checking '/home/zxq/laser_ws/install/rs_driver' for CMake config files
[2.042s] Level 1:colcon.colcon_core.environment:checking '/home/zxq/laser_ws/install/rs_driver/bin'
[2.042s] Level 1:colcon.colcon_core.environment:checking '/home/zxq/laser_ws/install/rs_driver/lib/pkgconfig/rs_driver.pc'
[2.043s] Level 1:colcon.colcon_core.environment:checking '/home/zxq/laser_ws/install/rs_driver/lib/python3.10/site-packages'
[2.043s] Level 1:colcon.colcon_core.environment:checking '/home/zxq/laser_ws/install/rs_driver/bin'
[2.044s] INFO:colcon.colcon_core.shell:Creating package script '/home/zxq/laser_ws/install/rs_driver/share/rs_driver/package.ps1'
[2.046s] INFO:colcon.colcon_core.shell:Creating package descriptor '/home/zxq/laser_ws/install/rs_driver/share/rs_driver/package.dsv'
[2.047s] INFO:colcon.colcon_core.shell:Creating package script '/home/zxq/laser_ws/install/rs_driver/share/rs_driver/package.sh'
[2.049s] INFO:colcon.colcon_core.shell:Creating package script '/home/zxq/laser_ws/install/rs_driver/share/rs_driver/package.bash'
[2.052s] INFO:colcon.colcon_core.shell:Creating package script '/home/zxq/laser_ws/install/rs_driver/share/rs_driver/package.zsh'
[2.056s] Level 1:colcon.colcon_core.environment:create_file_with_runtime_dependencies(/home/zxq/laser_ws/install/rs_driver/share/colcon-core/packages/rs_driver)
[2.125s] DEBUG:colcon.colcon_core.event_handler.log_command:Invoked command in '/home/zxq/laser_ws/build/usb_cam' returned '0': CMAKE_PREFIX_PATH=/home/zxq/laser_ws/install/my_python_node:/opt/ros/humble:${CMAKE_PREFIX_PATH} CONDA_PROMPT_MODIFIER=(base) /usr/bin/cmake --build /home/zxq/laser_ws/build/usb_cam -- -j8 -l8
[2.140s] DEBUG:colcon.colcon_core.event_handler.log_command:Invoked command in '/home/zxq/laser_ws/build/rslidar_msg' returned '0': CMAKE_PREFIX_PATH=/home/zxq/laser_ws/install/my_python_node:/opt/ros/humble:${CMAKE_PREFIX_PATH} CONDA_PROMPT_MODIFIER=(base) /usr/bin/cmake --build /home/zxq/laser_ws/build/rslidar_msg -- -j8 -l8
[2.236s] DEBUG:colcon.colcon_core.event_handler.log_command:Invoking command in '/home/zxq/laser_ws/build/usb_cam': CMAKE_PREFIX_PATH=/home/zxq/laser_ws/install/my_python_node:/opt/ros/humble:${CMAKE_PREFIX_PATH} CONDA_PROMPT_MODIFIER=(base) /usr/bin/cmake --install /home/zxq/laser_ws/build/usb_cam
[2.291s] Level 1:colcon.colcon_core.environment:create_environment_scripts_only(usb_cam)
[2.293s] Level 1:colcon.colcon_core.environment:checking '/home/zxq/laser_ws/install/usb_cam' for CMake module files
[2.298s] Level 1:colcon.colcon_core.environment:checking '/home/zxq/laser_ws/install/usb_cam' for CMake config files
[2.304s] Level 1:colcon.colcon_core.shell:create_environment_hook('usb_cam', 'cmake_prefix_path')
[2.306s] INFO:colcon.colcon_core.shell:Creating environment hook '/home/zxq/laser_ws/install/usb_cam/share/usb_cam/hook/cmake_prefix_path.ps1'
[2.310s] INFO:colcon.colcon_core.shell:Creating environment descriptor '/home/zxq/laser_ws/install/usb_cam/share/usb_cam/hook/cmake_prefix_path.dsv'
[2.314s] INFO:colcon.colcon_core.shell:Creating environment hook '/home/zxq/laser_ws/install/usb_cam/share/usb_cam/hook/cmake_prefix_path.sh'
[2.315s] DEBUG:colcon.colcon_core.event_handler.log_command:Invoked command in '/home/zxq/laser_ws/build/usb_cam' returned '0': CMAKE_PREFIX_PATH=/home/zxq/laser_ws/install/my_python_node:/opt/ros/humble:${CMAKE_PREFIX_PATH} CONDA_PROMPT_MODIFIER=(base) /usr/bin/cmake --install /home/zxq/laser_ws/build/usb_cam
[2.317s] Level 1:colcon.colcon_core.environment:checking '/home/zxq/laser_ws/install/usb_cam/lib'
[2.317s] Level 1:colcon.colcon_core.shell:create_environment_hook('usb_cam', 'ld_library_path_lib')
[2.317s] INFO:colcon.colcon_core.shell:Creating environment hook '/home/zxq/laser_ws/install/usb_cam/share/usb_cam/hook/ld_library_path_lib.ps1'
[2.318s] INFO:colcon.colcon_core.shell:Creating environment descriptor '/home/zxq/laser_ws/install/usb_cam/share/usb_cam/hook/ld_library_path_lib.dsv'
[2.319s] INFO:colcon.colcon_core.shell:Creating environment hook '/home/zxq/laser_ws/install/usb_cam/share/usb_cam/hook/ld_library_path_lib.sh'
[2.319s] Level 1:colcon.colcon_core.environment:checking '/home/zxq/laser_ws/install/usb_cam/bin'
[2.319s] Level 1:colcon.colcon_core.environment:checking '/home/zxq/laser_ws/install/usb_cam/lib/pkgconfig/usb_cam.pc'
[2.320s] Level 1:colcon.colcon_core.environment:checking '/home/zxq/laser_ws/install/usb_cam/lib/python3.10/site-packages'
[2.320s] Level 1:colcon.colcon_core.environment:checking '/home/zxq/laser_ws/install/usb_cam/bin'
[2.320s] INFO:colcon.colcon_core.shell:Creating package script '/home/zxq/laser_ws/install/usb_cam/share/usb_cam/package.ps1'
[2.321s] INFO:colcon.colcon_core.shell:Creating package descriptor '/home/zxq/laser_ws/install/usb_cam/share/usb_cam/package.dsv'
[2.322s] INFO:colcon.colcon_core.shell:Creating package script '/home/zxq/laser_ws/install/usb_cam/share/usb_cam/package.sh'
[2.322s] INFO:colcon.colcon_core.shell:Creating package script '/home/zxq/laser_ws/install/usb_cam/share/usb_cam/package.bash'
[2.323s] INFO:colcon.colcon_core.shell:Creating package script '/home/zxq/laser_ws/install/usb_cam/share/usb_cam/package.zsh'
[2.323s] Level 1:colcon.colcon_core.environment:create_file_with_runtime_dependencies(/home/zxq/laser_ws/install/usb_cam/share/colcon-core/packages/usb_cam)
[2.330s] DEBUG:colcon.colcon_core.event_handler.log_command:Invoking command in '/home/zxq/laser_ws/build/rslidar_msg': CMAKE_PREFIX_PATH=/home/zxq/laser_ws/install/my_python_node:/opt/ros/humble:${CMAKE_PREFIX_PATH} CONDA_PROMPT_MODIFIER=(base) /usr/bin/cmake --install /home/zxq/laser_ws/build/rslidar_msg
[2.441s] Level 1:colcon.colcon_core.environment:create_environment_scripts_only(usb_cam)
[2.442s] Level 1:colcon.colcon_core.environment:checking '/home/zxq/laser_ws/install/usb_cam' for CMake module files
[2.446s] Level 1:colcon.colcon_core.environment:checking '/home/zxq/laser_ws/install/usb_cam' for CMake config files
[2.449s] Level 1:colcon.colcon_core.shell:create_environment_hook('usb_cam', 'cmake_prefix_path')
[2.450s] INFO:colcon.colcon_core.shell:Creating environment hook '/home/zxq/laser_ws/install/usb_cam/share/usb_cam/hook/cmake_prefix_path.ps1'
[2.453s] INFO:colcon.colcon_core.shell:Creating environment descriptor '/home/zxq/laser_ws/install/usb_cam/share/usb_cam/hook/cmake_prefix_path.dsv'
[2.455s] INFO:colcon.colcon_core.shell:Creating environment hook '/home/zxq/laser_ws/install/usb_cam/share/usb_cam/hook/cmake_prefix_path.sh'
[2.459s] Level 1:colcon.colcon_core.environment:checking '/home/zxq/laser_ws/install/usb_cam/lib'
[2.460s] Level 1:colcon.colcon_core.shell:create_environment_hook('usb_cam', 'ld_library_path_lib')
[2.462s] INFO:colcon.colcon_core.shell:Creating environment hook '/home/zxq/laser_ws/install/usb_cam/share/usb_cam/hook/ld_library_path_lib.ps1'
[2.465s] INFO:colcon.colcon_core.shell:Creating environment descriptor '/home/zxq/laser_ws/install/usb_cam/share/usb_cam/hook/ld_library_path_lib.dsv'
[2.469s] INFO:colcon.colcon_core.shell:Creating environment hook '/home/zxq/laser_ws/install/usb_cam/share/usb_cam/hook/ld_library_path_lib.sh'
[2.472s] Level 1:colcon.colcon_core.environment:checking '/home/zxq/laser_ws/install/usb_cam/bin'
[2.473s] Level 1:colcon.colcon_core.environment:checking '/home/zxq/laser_ws/install/usb_cam/lib/pkgconfig/usb_cam.pc'
[2.474s] Level 1:colcon.colcon_core.environment:checking '/home/zxq/laser_ws/install/usb_cam/lib/python3.10/site-packages'
[2.476s] Level 1:colcon.colcon_core.environment:checking '/home/zxq/laser_ws/install/usb_cam/bin'
[2.478s] INFO:colcon.colcon_core.shell:Creating package script '/home/zxq/laser_ws/install/usb_cam/share/usb_cam/package.ps1'
[2.482s] INFO:colcon.colcon_core.shell:Creating package descriptor '/home/zxq/laser_ws/install/usb_cam/share/usb_cam/package.dsv'
[2.486s] INFO:colcon.colcon_core.shell:Creating package script '/home/zxq/laser_ws/install/usb_cam/share/usb_cam/package.sh'
[2.490s] INFO:colcon.colcon_core.shell:Creating package script '/home/zxq/laser_ws/install/usb_cam/share/usb_cam/package.bash'
[2.496s] INFO:colcon.colcon_core.shell:Creating package script '/home/zxq/laser_ws/install/usb_cam/share/usb_cam/package.zsh'
[2.499s] Level 1:colcon.colcon_core.environment:create_file_with_runtime_dependencies(/home/zxq/laser_ws/install/usb_cam/share/colcon-core/packages/usb_cam)
[2.503s] Level 1:colcon.colcon_core.environment:create_environment_scripts_only(rslidar_msg)
[2.504s] Level 1:colcon.colcon_core.environment:checking '/home/zxq/laser_ws/install/rslidar_msg' for CMake module files
[2.510s] Level 1:colcon.colcon_core.environment:checking '/home/zxq/laser_ws/install/rslidar_msg' for CMake config files
[2.511s] Level 1:colcon.colcon_core.shell:create_environment_hook('rslidar_msg', 'cmake_prefix_path')
[2.512s] INFO:colcon.colcon_core.shell:Creating environment hook '/home/zxq/laser_ws/install/rslidar_msg/share/rslidar_msg/hook/cmake_prefix_path.ps1'
[2.514s] DEBUG:colcon.colcon_core.event_handler.log_command:Invoked command in '/home/zxq/laser_ws/build/rslidar_msg' returned '0': CMAKE_PREFIX_PATH=/home/zxq/laser_ws/install/my_python_node:/opt/ros/humble:${CMAKE_PREFIX_PATH} CONDA_PROMPT_MODIFIER=(base) /usr/bin/cmake --install /home/zxq/laser_ws/build/rslidar_msg
[2.515s] INFO:colcon.colcon_core.shell:Creating environment descriptor '/home/zxq/laser_ws/install/rslidar_msg/share/rslidar_msg/hook/cmake_prefix_path.dsv'
[2.515s] INFO:colcon.colcon_core.shell:Creating environment hook '/home/zxq/laser_ws/install/rslidar_msg/share/rslidar_msg/hook/cmake_prefix_path.sh'
[2.516s] Level 1:colcon.colcon_core.environment:checking '/home/zxq/laser_ws/install/rslidar_msg/lib'
[2.516s] Level 1:colcon.colcon_core.shell:create_environment_hook('rslidar_msg', 'ld_library_path_lib')
[2.517s] INFO:colcon.colcon_core.shell:Creating environment hook '/home/zxq/laser_ws/install/rslidar_msg/share/rslidar_msg/hook/ld_library_path_lib.ps1'
[2.517s] INFO:colcon.colcon_core.shell:Creating environment descriptor '/home/zxq/laser_ws/install/rslidar_msg/share/rslidar_msg/hook/ld_library_path_lib.dsv'
[2.518s] INFO:colcon.colcon_core.shell:Creating environment hook '/home/zxq/laser_ws/install/rslidar_msg/share/rslidar_msg/hook/ld_library_path_lib.sh'
[2.518s] Level 1:colcon.colcon_core.environment:checking '/home/zxq/laser_ws/install/rslidar_msg/bin'
[2.518s] Level 1:colcon.colcon_core.environment:checking '/home/zxq/laser_ws/install/rslidar_msg/lib/pkgconfig/rslidar_msg.pc'
[2.519s] Level 1:colcon.colcon_core.environment:checking '/home/zxq/laser_ws/install/rslidar_msg/lib/python3.10/site-packages'
[2.519s] Level 1:colcon.colcon_core.environment:checking '/home/zxq/laser_ws/install/rslidar_msg/bin'
[2.520s] INFO:colcon.colcon_core.shell:Creating package script '/home/zxq/laser_ws/install/rslidar_msg/share/rslidar_msg/package.ps1'
[2.520s] INFO:colcon.colcon_core.shell:Creating package descriptor '/home/zxq/laser_ws/install/rslidar_msg/share/rslidar_msg/package.dsv'
[2.521s] INFO:colcon.colcon_core.shell:Creating package script '/home/zxq/laser_ws/install/rslidar_msg/share/rslidar_msg/package.sh'
[2.521s] INFO:colcon.colcon_core.shell:Creating package script '/home/zxq/laser_ws/install/rslidar_msg/share/rslidar_msg/package.bash'
[2.522s] INFO:colcon.colcon_core.shell:Creating package script '/home/zxq/laser_ws/install/rslidar_msg/share/rslidar_msg/package.zsh'
[2.522s] Level 1:colcon.colcon_core.environment:create_file_with_runtime_dependencies(/home/zxq/laser_ws/install/rslidar_msg/share/colcon-core/packages/rslidar_msg)
[2.701s] Level 1:colcon.colcon_core.environment:create_environment_scripts_only(rslidar_msg)
[2.703s] Level 1:colcon.colcon_core.environment:checking '/home/zxq/laser_ws/install/rslidar_msg' for CMake module files
[2.708s] Level 1:colcon.colcon_core.environment:checking '/home/zxq/laser_ws/install/rslidar_msg' for CMake config files
[2.709s] Level 1:colcon.colcon_core.shell:create_environment_hook('rslidar_msg', 'cmake_prefix_path')
[2.712s] INFO:colcon.colcon_core.shell:Creating environment hook '/home/zxq/laser_ws/install/rslidar_msg/share/rslidar_msg/hook/cmake_prefix_path.ps1'
[2.714s] INFO:colcon.colcon_core.shell:Creating environment descriptor '/home/zxq/laser_ws/install/rslidar_msg/share/rslidar_msg/hook/cmake_prefix_path.dsv'
[2.716s] INFO:colcon.colcon_core.shell:Creating environment hook '/home/zxq/laser_ws/install/rslidar_msg/share/rslidar_msg/hook/cmake_prefix_path.sh'
[2.719s] Level 1:colcon.colcon_core.environment:checking '/home/zxq/laser_ws/install/rslidar_msg/lib'
[2.719s] Level 1:colcon.colcon_core.shell:create_environment_hook('rslidar_msg', 'ld_library_path_lib')
[2.721s] INFO:colcon.colcon_core.shell:Creating environment hook '/home/zxq/laser_ws/install/rslidar_msg/share/rslidar_msg/hook/ld_library_path_lib.ps1'
[2.723s] INFO:colcon.colcon_core.shell:Creating environment descriptor '/home/zxq/laser_ws/install/rslidar_msg/share/rslidar_msg/hook/ld_library_path_lib.dsv'
[2.725s] INFO:colcon.colcon_core.shell:Creating environment hook '/home/zxq/laser_ws/install/rslidar_msg/share/rslidar_msg/hook/ld_library_path_lib.sh'
[2.727s] Level 1:colcon.colcon_core.environment:checking '/home/zxq/laser_ws/install/rslidar_msg/bin'
[2.727s] Level 1:colcon.colcon_core.environment:checking '/home/zxq/laser_ws/install/rslidar_msg/lib/pkgconfig/rslidar_msg.pc'
[2.728s] Level 1:colcon.colcon_core.environment:checking '/home/zxq/laser_ws/install/rslidar_msg/lib/python3.10/site-packages'
[2.729s] Level 1:colcon.colcon_core.environment:checking '/home/zxq/laser_ws/install/rslidar_msg/bin'
[2.732s] INFO:colcon.colcon_core.shell:Creating package script '/home/zxq/laser_ws/install/rslidar_msg/share/rslidar_msg/package.ps1'
[2.735s] INFO:colcon.colcon_core.shell:Creating package descriptor '/home/zxq/laser_ws/install/rslidar_msg/share/rslidar_msg/package.dsv'
[2.738s] INFO:colcon.colcon_core.shell:Creating package script '/home/zxq/laser_ws/install/rslidar_msg/share/rslidar_msg/package.sh'
[2.740s] INFO:colcon.colcon_core.shell:Creating package script '/home/zxq/laser_ws/install/rslidar_msg/share/rslidar_msg/package.bash'
[2.742s] INFO:colcon.colcon_core.shell:Creating package script '/home/zxq/laser_ws/install/rslidar_msg/share/rslidar_msg/package.zsh'
[2.744s] Level 1:colcon.colcon_core.environment:create_file_with_runtime_dependencies(/home/zxq/laser_ws/install/rslidar_msg/share/colcon-core/packages/rslidar_msg)
[2.745s] INFO:colcon.colcon_ros.task.ament_cmake.build:Building ROS package in '/home/zxq/laser_ws/src/rslidar_sdk' with build type 'ament_cmake'
[2.746s] INFO:colcon.colcon_cmake.task.cmake.build:Building CMake package in '/home/zxq/laser_ws/src/rslidar_sdk'
[2.747s] INFO:colcon.colcon_core.shell:Skip shell extension 'powershell' for command environment: Not usable outside of PowerShell
[2.747s] DEBUG:colcon.colcon_core.shell:Skip shell extension 'dsv' for command environment
[2.779s] DEBUG:colcon.colcon_core.event_handler.log_command:Invoking command in '/home/zxq/laser_ws/build/rslidar_sdk': CMAKE_PREFIX_PATH=/home/zxq/laser_ws/install/rslidar_msg:/home/zxq/laser_ws/install/my_python_node:/opt/ros/humble:/home/zxq/laser_ws/install/usb_cam:/home/zxq/laser_ws/install/rslidar_sdk CONDA_PROMPT_MODIFIER=(base) LD_LIBRARY_PATH=/home/zxq/laser_ws/install/rslidar_msg/lib:/home/zxq/laser_ws/install/usb_cam/lib:/opt/ros/humble/opt/rviz_ogre_vendor/lib:/opt/ros/humble/lib/aarch64-linux-gnu:/opt/ros/humble/lib /usr/bin/cmake --build /home/zxq/laser_ws/build/rslidar_sdk -- -j8 -l8
[2.949s] DEBUG:colcon.colcon_core.event_handler.log_command:Invoking command in '/home/zxq/laser_ws/src/my_python_node': CONDA_PROMPT_MODIFIER=(base) PYTHONPATH=/home/zxq/laser_ws/build/my_python_node/prefix_override:/usr/lib/python3/dist-packages/colcon_core/task/python/colcon_distutils_commands:/home/zxq/laser_ws/install/my_python_node/lib/python3.10/site-packages:${PYTHONPATH} /usr/bin/python3 -W ignore:setup.py install is deprecated setup.py egg_info --egg-base ../../build/my_python_node build --build-base /home/zxq/laser_ws/build/my_python_node/build install --record /home/zxq/laser_ws/build/my_python_node/install.log --single-version-externally-managed install_data
[3.006s] DEBUG:colcon.colcon_core.event_handler.log_command:Invoked command in '/home/zxq/laser_ws/build/rslidar_sdk' returned '0': CMAKE_PREFIX_PATH=/home/zxq/laser_ws/install/rslidar_msg:/home/zxq/laser_ws/install/my_python_node:/opt/ros/humble:/home/zxq/laser_ws/install/usb_cam:/home/zxq/laser_ws/install/rslidar_sdk CONDA_PROMPT_MODIFIER=(base) LD_LIBRARY_PATH=/home/zxq/laser_ws/install/rslidar_msg/lib:/home/zxq/laser_ws/install/usb_cam/lib:/opt/ros/humble/opt/rviz_ogre_vendor/lib:/opt/ros/humble/lib/aarch64-linux-gnu:/opt/ros/humble/lib /usr/bin/cmake --build /home/zxq/laser_ws/build/rslidar_sdk -- -j8 -l8
[3.081s] DEBUG:colcon.colcon_core.event_handler.log_command:Invoking command in '/home/zxq/laser_ws/build/rslidar_sdk': CMAKE_PREFIX_PATH=/home/zxq/laser_ws/install/rslidar_msg:/home/zxq/laser_ws/install/my_python_node:/opt/ros/humble:/home/zxq/laser_ws/install/usb_cam:/home/zxq/laser_ws/install/rslidar_sdk CONDA_PROMPT_MODIFIER=(base) LD_LIBRARY_PATH=/home/zxq/laser_ws/install/rslidar_msg/lib:/home/zxq/laser_ws/install/usb_cam/lib:/opt/ros/humble/opt/rviz_ogre_vendor/lib:/opt/ros/humble/lib/aarch64-linux-gnu:/opt/ros/humble/lib /usr/bin/cmake --install /home/zxq/laser_ws/build/rslidar_sdk
[3.124s] Level 1:colcon.colcon_core.environment:create_environment_scripts_only(rslidar_sdk)
[3.126s] Level 1:colcon.colcon_core.environment:checking '/home/zxq/laser_ws/install/rslidar_sdk' for CMake module files
[3.128s] DEBUG:colcon.colcon_core.event_handler.log_command:Invoked command in '/home/zxq/laser_ws/build/rslidar_sdk' returned '0': CMAKE_PREFIX_PATH=/home/zxq/laser_ws/install/rslidar_msg:/home/zxq/laser_ws/install/my_python_node:/opt/ros/humble:/home/zxq/laser_ws/install/usb_cam:/home/zxq/laser_ws/install/rslidar_sdk CONDA_PROMPT_MODIFIER=(base) LD_LIBRARY_PATH=/home/zxq/laser_ws/install/rslidar_msg/lib:/home/zxq/laser_ws/install/usb_cam/lib:/opt/ros/humble/opt/rviz_ogre_vendor/lib:/opt/ros/humble/lib/aarch64-linux-gnu:/opt/ros/humble/lib /usr/bin/cmake --install /home/zxq/laser_ws/build/rslidar_sdk
[3.129s] Level 1:colcon.colcon_core.environment:checking '/home/zxq/laser_ws/install/rslidar_sdk' for CMake config files
[3.129s] Level 1:colcon.colcon_core.shell:create_environment_hook('rslidar_sdk', 'cmake_prefix_path')
[3.130s] INFO:colcon.colcon_core.shell:Creating environment hook '/home/zxq/laser_ws/install/rslidar_sdk/share/rslidar_sdk/hook/cmake_prefix_path.ps1'
[3.131s] INFO:colcon.colcon_core.shell:Creating environment descriptor '/home/zxq/laser_ws/install/rslidar_sdk/share/rslidar_sdk/hook/cmake_prefix_path.dsv'
[3.132s] INFO:colcon.colcon_core.shell:Creating environment hook '/home/zxq/laser_ws/install/rslidar_sdk/share/rslidar_sdk/hook/cmake_prefix_path.sh'
[3.134s] Level 1:colcon.colcon_core.environment:checking '/home/zxq/laser_ws/install/rslidar_sdk/lib'
[3.134s] Level 1:colcon.colcon_core.environment:checking '/home/zxq/laser_ws/install/rslidar_sdk/bin'
[3.134s] Level 1:colcon.colcon_core.environment:checking '/home/zxq/laser_ws/install/rslidar_sdk/lib/pkgconfig/rslidar_sdk.pc'
[3.134s] Level 1:colcon.colcon_core.environment:checking '/home/zxq/laser_ws/install/rslidar_sdk/lib/python3.10/site-packages'
[3.135s] Level 1:colcon.colcon_core.environment:checking '/home/zxq/laser_ws/install/rslidar_sdk/bin'
[3.135s] INFO:colcon.colcon_core.shell:Creating package script '/home/zxq/laser_ws/install/rslidar_sdk/share/rslidar_sdk/package.ps1'
[3.136s] INFO:colcon.colcon_core.shell:Creating package descriptor '/home/zxq/laser_ws/install/rslidar_sdk/share/rslidar_sdk/package.dsv'
[3.136s] INFO:colcon.colcon_core.shell:Creating package script '/home/zxq/laser_ws/install/rslidar_sdk/share/rslidar_sdk/package.sh'
[3.137s] INFO:colcon.colcon_core.shell:Creating package script '/home/zxq/laser_ws/install/rslidar_sdk/share/rslidar_sdk/package.bash'
[3.137s] INFO:colcon.colcon_core.shell:Creating package script '/home/zxq/laser_ws/install/rslidar_sdk/share/rslidar_sdk/package.zsh'
[3.138s] Level 1:colcon.colcon_core.environment:create_file_with_runtime_dependencies(/home/zxq/laser_ws/install/rslidar_sdk/share/colcon-core/packages/rslidar_sdk)
[3.214s] Level 1:colcon.colcon_core.environment:create_environment_scripts_only(rslidar_sdk)
[3.214s] Level 1:colcon.colcon_core.environment:checking '/home/zxq/laser_ws/install/rslidar_sdk' for CMake module files
[3.215s] Level 1:colcon.colcon_core.environment:checking '/home/zxq/laser_ws/install/rslidar_sdk' for CMake config files
[3.215s] Level 1:colcon.colcon_core.shell:create_environment_hook('rslidar_sdk', 'cmake_prefix_path')
[3.215s] INFO:colcon.colcon_core.shell:Creating environment hook '/home/zxq/laser_ws/install/rslidar_sdk/share/rslidar_sdk/hook/cmake_prefix_path.ps1'
[3.216s] INFO:colcon.colcon_core.shell:Creating environment descriptor '/home/zxq/laser_ws/install/rslidar_sdk/share/rslidar_sdk/hook/cmake_prefix_path.dsv'
[3.217s] INFO:colcon.colcon_core.shell:Creating environment hook '/home/zxq/laser_ws/install/rslidar_sdk/share/rslidar_sdk/hook/cmake_prefix_path.sh'
[3.217s] Level 1:colcon.colcon_core.environment:checking '/home/zxq/laser_ws/install/rslidar_sdk/lib'
[3.217s] Level 1:colcon.colcon_core.environment:checking '/home/zxq/laser_ws/install/rslidar_sdk/bin'
[3.218s] Level 1:colcon.colcon_core.environment:checking '/home/zxq/laser_ws/install/rslidar_sdk/lib/pkgconfig/rslidar_sdk.pc'
[3.218s] Level 1:colcon.colcon_core.environment:checking '/home/zxq/laser_ws/install/rslidar_sdk/lib/python3.10/site-packages'
[3.218s] Level 1:colcon.colcon_core.environment:checking '/home/zxq/laser_ws/install/rslidar_sdk/bin'
[3.219s] INFO:colcon.colcon_core.shell:Creating package script '/home/zxq/laser_ws/install/rslidar_sdk/share/rslidar_sdk/package.ps1'
[3.220s] INFO:colcon.colcon_core.shell:Creating package descriptor '/home/zxq/laser_ws/install/rslidar_sdk/share/rslidar_sdk/package.dsv'
[3.220s] INFO:colcon.colcon_core.shell:Creating package script '/home/zxq/laser_ws/install/rslidar_sdk/share/rslidar_sdk/package.sh'
[3.221s] INFO:colcon.colcon_core.shell:Creating package script '/home/zxq/laser_ws/install/rslidar_sdk/share/rslidar_sdk/package.bash'
[3.221s] INFO:colcon.colcon_core.shell:Creating package script '/home/zxq/laser_ws/install/rslidar_sdk/share/rslidar_sdk/package.zsh'
[3.222s] Level 1:colcon.colcon_core.environment:create_file_with_runtime_dependencies(/home/zxq/laser_ws/install/rslidar_sdk/share/colcon-core/packages/rslidar_sdk)
[3.510s] Level 1:colcon.colcon_core.environment:checking '/home/zxq/laser_ws/install/my_python_node' for CMake module files
[3.514s] DEBUG:colcon.colcon_core.event_handler.log_command:Invoked command in '/home/zxq/laser_ws/src/my_python_node' returned '0': CONDA_PROMPT_MODIFIER=(base) PYTHONPATH=/home/zxq/laser_ws/build/my_python_node/prefix_override:/usr/lib/python3/dist-packages/colcon_core/task/python/colcon_distutils_commands:/home/zxq/laser_ws/install/my_python_node/lib/python3.10/site-packages:${PYTHONPATH} /usr/bin/python3 -W ignore:setup.py install is deprecated setup.py egg_info --egg-base ../../build/my_python_node build --build-base /home/zxq/laser_ws/build/my_python_node/build install --record /home/zxq/laser_ws/build/my_python_node/install.log --single-version-externally-managed install_data
[3.515s] Level 1:colcon.colcon_core.environment:checking '/home/zxq/laser_ws/install/my_python_node' for CMake config files
[3.516s] Level 1:colcon.colcon_core.environment:checking '/home/zxq/laser_ws/install/my_python_node/lib'
[3.516s] Level 1:colcon.colcon_core.environment:checking '/home/zxq/laser_ws/install/my_python_node/bin'
[3.516s] Level 1:colcon.colcon_core.environment:checking '/home/zxq/laser_ws/install/my_python_node/lib/pkgconfig/my_python_node.pc'
[3.516s] Level 1:colcon.colcon_core.environment:checking '/home/zxq/laser_ws/install/my_python_node/lib/python3.10/site-packages'
[3.517s] Level 1:colcon.colcon_core.shell:create_environment_hook('my_python_node', 'pythonpath')
[3.517s] INFO:colcon.colcon_core.shell:Creating environment hook '/home/zxq/laser_ws/install/my_python_node/share/my_python_node/hook/pythonpath.ps1'
[3.518s] INFO:colcon.colcon_core.shell:Creating environment descriptor '/home/zxq/laser_ws/install/my_python_node/share/my_python_node/hook/pythonpath.dsv'
[3.518s] INFO:colcon.colcon_core.shell:Creating environment hook '/home/zxq/laser_ws/install/my_python_node/share/my_python_node/hook/pythonpath.sh'
[3.519s] Level 1:colcon.colcon_core.environment:checking '/home/zxq/laser_ws/install/my_python_node/bin'
[3.519s] Level 1:colcon.colcon_core.environment:create_environment_scripts_only(my_python_node)
[3.520s] INFO:colcon.colcon_core.shell:Creating package script '/home/zxq/laser_ws/install/my_python_node/share/my_python_node/package.ps1'
[3.520s] INFO:colcon.colcon_core.shell:Creating package descriptor '/home/zxq/laser_ws/install/my_python_node/share/my_python_node/package.dsv'
[3.521s] INFO:colcon.colcon_core.shell:Creating package script '/home/zxq/laser_ws/install/my_python_node/share/my_python_node/package.sh'
[3.522s] INFO:colcon.colcon_core.shell:Creating package script '/home/zxq/laser_ws/install/my_python_node/share/my_python_node/package.bash'
[3.522s] INFO:colcon.colcon_core.shell:Creating package script '/home/zxq/laser_ws/install/my_python_node/share/my_python_node/package.zsh'
[3.523s] Level 1:colcon.colcon_core.environment:create_file_with_runtime_dependencies(/home/zxq/laser_ws/install/my_python_node/share/colcon-core/packages/my_python_node)
[3.523s] DEBUG:colcon.colcon_parallel_executor.executor.parallel:closing loop
[3.524s] DEBUG:colcon.colcon_parallel_executor.executor.parallel:loop closed
[3.524s] DEBUG:colcon.colcon_parallel_executor.executor.parallel:run_until_complete finished with '0'
[3.524s] DEBUG:colcon.colcon_core.event_reactor:joining thread
[3.555s] INFO:colcon.colcon_core.plugin_system:Skipping extension 'colcon_notification.desktop_notification.notify_send': Could not find 'notify-send'
[3.556s] INFO:colcon.colcon_core.plugin_system:Skipping extension 'colcon_notification.desktop_notification.terminal_notifier': Not used on non-Darwin systems
[3.556s] INFO:colcon.colcon_core.plugin_system:Skipping extension 'colcon_notification.desktop_notification.win32': Not used on non-Windows systems
[3.556s] INFO:colcon.colcon_notification.desktop_notification:Sending desktop notification using 'notify2'
[3.558s] DEBUG:colcon.colcon_notification.desktop_notification.notify2:Failed to initialize notify2: org.freedesktop.DBus.Error.NoReply: Did not receive a reply. Possible causes include: the remote application did not send a reply, the message bus security policy blocked the reply, the reply timeout expired, or the network connection was broken.
[3.558s] DEBUG:colcon.colcon_core.event_reactor:joined thread
[3.559s] INFO:colcon.colcon_core.shell:Creating prefix script '/home/zxq/laser_ws/install/local_setup.ps1'
[3.566s] INFO:colcon.colcon_core.shell:Creating prefix util module '/home/zxq/laser_ws/install/_local_setup_util_ps1.py'
[3.575s] INFO:colcon.colcon_core.shell:Creating prefix chain script '/home/zxq/laser_ws/install/setup.ps1'
[3.582s] INFO:colcon.colcon_core.shell:Creating prefix script '/home/zxq/laser_ws/install/local_setup.sh'
[3.586s] INFO:colcon.colcon_core.shell:Creating prefix util module '/home/zxq/laser_ws/install/_local_setup_util_sh.py'
[3.589s] INFO:colcon.colcon_core.shell:Creating prefix chain script '/home/zxq/laser_ws/install/setup.sh'
[3.599s] INFO:colcon.colcon_core.shell:Creating prefix script '/home/zxq/laser_ws/install/local_setup.bash'
[3.602s] INFO:colcon.colcon_core.shell:Creating prefix chain script '/home/zxq/laser_ws/install/setup.bash'
[3.607s] INFO:colcon.colcon_core.shell:Creating prefix script '/home/zxq/laser_ws/install/local_setup.zsh'
[3.609s] INFO:colcon.colcon_core.shell:Creating prefix chain script '/home/zxq/laser_ws/install/setup.zsh'
