[1.591s] Invoking command in '/home/zxq/laser_ws/src/my_python_node': CONDA_PROMPT_MODIFIER=(base) PYTHONPATH=/home/zxq/laser_ws/build/my_python_node/prefix_override:/usr/lib/python3/dist-packages/colcon_core/task/python/colcon_distutils_commands:/home/zxq/laser_ws/install/my_python_node/lib/python3.10/site-packages:${PYTHONPATH} /usr/bin/python3 -W ignore:setup.py install is deprecated setup.py egg_info --egg-base ../../build/my_python_node build --build-base /home/zxq/laser_ws/build/my_python_node/build install --record /home/zxq/laser_ws/build/my_python_node/install.log --single-version-externally-managed install_data
[1.964s] running egg_info
[1.965s] writing ../../build/my_python_node/my_python_node.egg-info/PKG-INFO
[1.970s] writing dependency_links to ../../build/my_python_node/my_python_node.egg-info/dependency_links.txt
[1.970s] writing entry points to ../../build/my_python_node/my_python_node.egg-info/entry_points.txt
[1.970s] writing requirements to ../../build/my_python_node/my_python_node.egg-info/requires.txt
[1.970s] writing top-level names to ../../build/my_python_node/my_python_node.egg-info/top_level.txt
[1.974s] reading manifest file '../../build/my_python_node/my_python_node.egg-info/SOURCES.txt'
[1.976s] writing manifest file '../../build/my_python_node/my_python_node.egg-info/SOURCES.txt'
[1.976s] running build
[1.976s] running build_py
[1.977s] copying my_python_node/listener1 (copy 1).py -> /home/zxq/laser_ws/build/my_python_node/build/lib/my_python_node
[1.978s] copying my_python_node/listener.py -> /home/zxq/laser_ws/build/my_python_node/build/lib/my_python_node
[1.978s] running install
[1.979s] running install_lib
[1.981s] copying /home/zxq/laser_ws/build/my_python_node/build/lib/my_python_node/listener1 (copy 1).py -> /home/zxq/laser_ws/install/my_python_node/lib/python3.10/site-packages/my_python_node
[1.981s] copying /home/zxq/laser_ws/build/my_python_node/build/lib/my_python_node/listener.py -> /home/zxq/laser_ws/install/my_python_node/lib/python3.10/site-packages/my_python_node
[1.984s] byte-compiling /home/zxq/laser_ws/install/my_python_node/lib/python3.10/site-packages/my_python_node/listener1 (copy 1).py to listener1 (copy 1).cpython-310.pyc
[1.988s] Sorry: IndentationError: expected an indented block after function definition on line 96 (listener1 (copy 1).py, line 98)
[1.988s] byte-compiling /home/zxq/laser_ws/install/my_python_node/lib/python3.10/site-packages/my_python_node/listener.py to listener.cpython-310.pyc
[1.990s] running install_data
[1.992s] running install_egg_info
[1.998s] removing '/home/zxq/laser_ws/install/my_python_node/lib/python3.10/site-packages/my_python_node-0.0.0-py3.10.egg-info' (and everything under it)
[1.998s] Copying ../../build/my_python_node/my_python_node.egg-info to /home/zxq/laser_ws/install/my_python_node/lib/python3.10/site-packages/my_python_node-0.0.0-py3.10.egg-info
[2.001s] running install_scripts
[2.033s] Installing listener script to /home/zxq/laser_ws/install/my_python_node/lib/my_python_node
[2.034s] writing list of installed files to '/home/zxq/laser_ws/build/my_python_node/install.log'
[2.097s] Invoked command in '/home/zxq/laser_ws/src/my_python_node' returned '0': CONDA_PROMPT_MODIFIER=(base) PYTHONPATH=/home/zxq/laser_ws/build/my_python_node/prefix_override:/usr/lib/python3/dist-packages/colcon_core/task/python/colcon_distutils_commands:/home/zxq/laser_ws/install/my_python_node/lib/python3.10/site-packages:${PYTHONPATH} /usr/bin/python3 -W ignore:setup.py install is deprecated setup.py egg_info --egg-base ../../build/my_python_node build --build-base /home/zxq/laser_ws/build/my_python_node/build install --record /home/zxq/laser_ws/build/my_python_node/install.log --single-version-externally-managed install_data
