[0.455s] Invoking command in '/home/zxq/laser_ws/build/rslidar_msg': /usr/bin/cmake --build /home/zxq/laser_ws/build/rslidar_msg -- -j8 -l8
[0.630s] [  9%] Built target rslidar_msg__rosidl_generator_c
[0.632s] [  9%] Built target ament_cmake_python_copy_rslidar_msg
[0.641s] [ 12%] Built target rslidar_msg__cpp
[0.642s] [ 22%] Built target rslidar_msg__rosidl_typesupport_c
[0.653s] [ 32%] Built target rslidar_msg__rosidl_typesupport_introspection_c
[0.678s] [ 41%] Built target rslidar_msg__rosidl_typesupport_cpp
[0.683s] [ 51%] Built target rslidar_msg__rosidl_typesupport_fastrtps_c
[0.706s] [ 61%] Built target rslidar_msg__rosidl_typesupport_fastrtps_cpp
[0.720s] [ 70%] Built target rslidar_msg__rosidl_typesupport_introspection_cpp
[0.787s] [ 70%] Built target rslidar_msg
[0.857s] [ 74%] Built target rslidar_msg__py
[0.917s] [ 80%] Built target rslidar_msg__rosidl_generator_py
[0.954s] [ 87%] Built target rslidar_msg__rosidl_typesupport_fastrtps_c__pyext
[0.957s] running egg_info
[0.958s] writing rslidar_msg.egg-info/PKG-INFO
[0.959s] writing dependency_links to rslidar_msg.egg-info/dependency_links.txt
[0.959s] writing top-level names to rslidar_msg.egg-info/top_level.txt
[0.963s] reading manifest file 'rslidar_msg.egg-info/SOURCES.txt'
[0.964s] writing manifest file 'rslidar_msg.egg-info/SOURCES.txt'
[0.971s] [ 93%] Built target rslidar_msg__rosidl_typesupport_introspection_c__pyext
[0.986s] [100%] Built target rslidar_msg__rosidl_typesupport_c__pyext
[1.026s] [100%] Built target ament_cmake_python_build_rslidar_msg_egg
