[0.512s] Invoking command in '/home/zxq/laser_ws/build/rs_driver': CONDA_PROMPT_MODIFIER=(base) /usr/bin/cmake --build /home/zxq/laser_ws/build/rs_driver -- -j8 -l8
[0.618s] Invoked command in '/home/zxq/laser_ws/build/rs_driver' returned '0': CONDA_PROMPT_MODIFIER=(base) /usr/bin/cmake --build /home/zxq/laser_ws/build/rs_driver -- -j8 -l8
[0.685s] Invoking command in '/home/zxq/laser_ws/build/rs_driver': CONDA_PROMPT_MODIFIER=(base) /usr/bin/cmake --install /home/zxq/laser_ws/build/rs_driver
[0.698s] -- Install configuration: "Release"
[0.700s] -- Up-to-date: /usr/local/lib/cmake/rs_driver/rs_driverConfig.cmake
[0.700s] -- Up-to-date: /usr/local/lib/cmake/rs_driver/rs_driverConfigVersion.cmake
[0.701s] -- Up-to-date: /usr/local/rs_driver/include
[0.702s] -- Up-to-date: /usr/local/rs_driver/include/rs_driver
[0.703s] -- Up-to-date: /usr/local/rs_driver/include/rs_driver/macro
[0.704s] -- Up-to-date: /usr/local/rs_driver/include/rs_driver/utility
[0.705s] -- Up-to-date: /usr/local/rs_driver/include/rs_driver/common
[0.706s] -- Up-to-date: /usr/local/rs_driver/include/rs_driver/api
[0.707s] -- Up-to-date: /usr/local/rs_driver/include/rs_driver/msg
[0.707s] -- Up-to-date: /usr/local/rs_driver/include/rs_driver/driver
[0.708s] -- Up-to-date: /usr/local/rs_driver/include/rs_driver/driver/input
[0.709s] -- Up-to-date: /usr/local/rs_driver/include/rs_driver/driver/input/unix
[0.709s] -- Up-to-date: /usr/local/rs_driver/include/rs_driver/driver/input/win
[0.710s] -- Up-to-date: /usr/local/rs_driver/include/rs_driver/driver/decoder
[0.711s] -- Up-to-date: /usr/local/rs_driver/include
[0.711s] -- Up-to-date: /usr/local/rs_driver/include/rs_driver
[0.712s] -- Up-to-date: /usr/local/rs_driver/include/rs_driver/macro
[0.713s] -- Up-to-date: /usr/local/rs_driver/include/rs_driver/macro/version.hpp
[0.714s] -- Up-to-date: /usr/local/rs_driver/include/rs_driver/utility
[0.714s] -- Up-to-date: /usr/local/rs_driver/include/rs_driver/utility/buffer.hpp
[0.715s] -- Up-to-date: /usr/local/rs_driver/include/rs_driver/utility/sync_queue.hpp
[0.716s] -- Up-to-date: /usr/local/rs_driver/include/rs_driver/utility/dbg.hpp
[0.716s] -- Up-to-date: /usr/local/rs_driver/include/rs_driver/common
[0.717s] -- Up-to-date: /usr/local/rs_driver/include/rs_driver/common/rs_common.hpp
[0.717s] -- Up-to-date: /usr/local/rs_driver/include/rs_driver/common/error_code.hpp
[0.718s] -- Up-to-date: /usr/local/rs_driver/include/rs_driver/common/rs_log.hpp
[0.720s] -- Up-to-date: /usr/local/rs_driver/include/rs_driver/api
[0.721s] -- Up-to-date: /usr/local/rs_driver/include/rs_driver/api/lidar_driver.hpp
[0.722s] -- Up-to-date: /usr/local/rs_driver/include/rs_driver/msg
[0.723s] -- Up-to-date: /usr/local/rs_driver/include/rs_driver/msg/point_cloud_msg.hpp
[0.724s] -- Up-to-date: /usr/local/rs_driver/include/rs_driver/msg/packet.hpp
[0.725s] -- Up-to-date: /usr/local/rs_driver/include/rs_driver/msg/pcl_point_cloud_msg.hpp
[0.726s] -- Up-to-date: /usr/local/rs_driver/include/rs_driver/driver
[0.727s] -- Up-to-date: /usr/local/rs_driver/include/rs_driver/driver/driver_param.hpp
[0.730s] -- Up-to-date: /usr/local/rs_driver/include/rs_driver/driver/input
[0.731s] -- Up-to-date: /usr/local/rs_driver/include/rs_driver/driver/input/input_raw_jumbo.hpp
[0.731s] -- Up-to-date: /usr/local/rs_driver/include/rs_driver/driver/input/unix
[0.732s] -- Up-to-date: /usr/local/rs_driver/include/rs_driver/driver/input/unix/input_sock_select.hpp
[0.733s] -- Up-to-date: /usr/local/rs_driver/include/rs_driver/driver/input/unix/input_sock_epoll.hpp
[0.733s] -- Up-to-date: /usr/local/rs_driver/include/rs_driver/driver/input/input_factory.hpp
[0.734s] -- Up-to-date: /usr/local/rs_driver/include/rs_driver/driver/input/input_sock.hpp
[0.735s] -- Up-to-date: /usr/local/rs_driver/include/rs_driver/driver/input/input_pcap.hpp
[0.735s] -- Up-to-date: /usr/local/rs_driver/include/rs_driver/driver/input/input_sock_jumbo.hpp
[0.735s] -- Up-to-date: /usr/local/rs_driver/include/rs_driver/driver/input/input_raw.hpp
[0.736s] -- Up-to-date: /usr/local/rs_driver/include/rs_driver/driver/input/input.hpp
[0.736s] -- Up-to-date: /usr/local/rs_driver/include/rs_driver/driver/input/win
[0.737s] -- Up-to-date: /usr/local/rs_driver/include/rs_driver/driver/input/win/input_sock_select.hpp
[0.737s] -- Up-to-date: /usr/local/rs_driver/include/rs_driver/driver/input/input_pcap_jumbo.hpp
[0.737s] -- Up-to-date: /usr/local/rs_driver/include/rs_driver/driver/input/jumbo.hpp
[0.738s] -- Up-to-date: /usr/local/rs_driver/include/rs_driver/driver/lidar_driver_impl.hpp
[0.738s] -- Up-to-date: /usr/local/rs_driver/include/rs_driver/driver/decoder
[0.738s] -- Up-to-date: /usr/local/rs_driver/include/rs_driver/driver/decoder/decoder_RSM1_Jumbo.hpp
[0.739s] -- Up-to-date: /usr/local/rs_driver/include/rs_driver/driver/decoder/trigon.hpp
[0.739s] -- Up-to-date: /usr/local/rs_driver/include/rs_driver/driver/decoder/decoder_RS48.hpp
[0.740s] -- Up-to-date: /usr/local/rs_driver/include/rs_driver/driver/decoder/member_checker.hpp
[0.740s] -- Up-to-date: /usr/local/rs_driver/include/rs_driver/driver/decoder/decoder_RSBP.hpp
[0.740s] -- Up-to-date: /usr/local/rs_driver/include/rs_driver/driver/decoder/decoder_RSP48.hpp
[0.741s] -- Up-to-date: /usr/local/rs_driver/include/rs_driver/driver/decoder/decoder_mech.hpp
[0.741s] -- Up-to-date: /usr/local/rs_driver/include/rs_driver/driver/decoder/decoder_RSM3.hpp
[0.741s] -- Up-to-date: /usr/local/rs_driver/include/rs_driver/driver/decoder/decoder.hpp
[0.742s] -- Up-to-date: /usr/local/rs_driver/include/rs_driver/driver/decoder/decoder_factory.hpp
[0.742s] -- Up-to-date: /usr/local/rs_driver/include/rs_driver/driver/decoder/decoder_RSM1.hpp
[0.742s] -- Up-to-date: /usr/local/rs_driver/include/rs_driver/driver/decoder/basic_attr.hpp
[0.743s] -- Up-to-date: /usr/local/rs_driver/include/rs_driver/driver/decoder/section.hpp
[0.743s] -- Up-to-date: /usr/local/rs_driver/include/rs_driver/driver/decoder/decoder_RS32.hpp
[0.743s] -- Up-to-date: /usr/local/rs_driver/include/rs_driver/driver/decoder/chan_angles.hpp
[0.744s] -- Up-to-date: /usr/local/rs_driver/include/rs_driver/driver/decoder/decoder_RS128.hpp
[0.744s] -- Up-to-date: /usr/local/rs_driver/include/rs_driver/driver/decoder/decoder_RSHELIOS.hpp
[0.744s] -- Up-to-date: /usr/local/rs_driver/include/rs_driver/driver/decoder/split_strategy.hpp
[0.745s] -- Up-to-date: /usr/local/rs_driver/include/rs_driver/driver/decoder/decoder_RSE1.hpp
[0.745s] -- Up-to-date: /usr/local/rs_driver/include/rs_driver/driver/decoder/decoder_RS80.hpp
[0.746s] -- Up-to-date: /usr/local/rs_driver/include/rs_driver/driver/decoder/decoder_RSP80.hpp
[0.746s] -- Up-to-date: /usr/local/rs_driver/include/rs_driver/driver/decoder/decoder_RSMX.hpp
[0.746s] -- Up-to-date: /usr/local/rs_driver/include/rs_driver/driver/decoder/block_iterator.hpp
[0.747s] -- Up-to-date: /usr/local/rs_driver/include/rs_driver/driver/decoder/decoder_RSM2.hpp
[0.747s] -- Up-to-date: /usr/local/rs_driver/include/rs_driver/driver/decoder/decoder_RSHELIOS_16P.hpp
[0.747s] -- Up-to-date: /usr/local/rs_driver/include/rs_driver/driver/decoder/decoder_RSP128.hpp
[0.748s] -- Up-to-date: /usr/local/rs_driver/include/rs_driver/driver/decoder/decoder_RS16.hpp
[0.749s] Invoked command in '/home/zxq/laser_ws/build/rs_driver' returned '0': CONDA_PROMPT_MODIFIER=(base) /usr/bin/cmake --install /home/zxq/laser_ws/build/rs_driver
