[1.149s] Invoking command in '/home/zxq/laser_ws/src/my_python_node': PYTHONPATH=/home/zxq/laser_ws/build/my_python_node/prefix_override:/usr/lib/python3/dist-packages/colcon_core/task/python/colcon_distutils_commands:/home/zxq/laser_ws/install/my_python_node/lib/python3.10/site-packages: /usr/bin/python3 -W ignore:setup.py install is deprecated setup.py egg_info --egg-base ../../build/my_python_node build --build-base /home/zxq/laser_ws/build/my_python_node/build install --record /home/zxq/laser_ws/build/my_python_node/install.log --single-version-externally-managed install_data
[1.481s] running egg_info
[1.483s] writing ../../build/my_python_node/my_python_node.egg-info/PKG-INFO
[1.483s] writing dependency_links to ../../build/my_python_node/my_python_node.egg-info/dependency_links.txt
[1.484s] writing entry points to ../../build/my_python_node/my_python_node.egg-info/entry_points.txt
[1.484s] writing requirements to ../../build/my_python_node/my_python_node.egg-info/requires.txt
[1.485s] writing top-level names to ../../build/my_python_node/my_python_node.egg-info/top_level.txt
[1.488s] reading manifest file '../../build/my_python_node/my_python_node.egg-info/SOURCES.txt'
[1.489s] writing manifest file '../../build/my_python_node/my_python_node.egg-info/SOURCES.txt'
[1.489s] running build
[1.490s] running build_py
[1.490s] copying my_python_node/listener.py -> /home/zxq/laser_ws/build/my_python_node/build/lib/my_python_node
[1.491s] running install
[1.491s] running install_lib
[1.491s] copying /home/zxq/laser_ws/build/my_python_node/build/lib/my_python_node/listener.py -> /home/zxq/laser_ws/install/my_python_node/lib/python3.10/site-packages/my_python_node
[1.493s] byte-compiling /home/zxq/laser_ws/install/my_python_node/lib/python3.10/site-packages/my_python_node/listener.py to listener.cpython-310.pyc
[1.494s]   File "/home/zxq/laser_ws/install/my_python_node/lib/python3.10/site-packages/my_python_node/listener.py", line 265
[1.495s]     '''
[1.495s]     ^
[1.495s] SyntaxError: unterminated triple-quoted string literal (detected at line 323)
[1.496s] 
[1.496s] running install_data
[1.497s] running install_egg_info
[1.497s] removing '/home/zxq/laser_ws/install/my_python_node/lib/python3.10/site-packages/my_python_node-0.0.0-py3.10.egg-info' (and everything under it)
[1.498s] Copying ../../build/my_python_node/my_python_node.egg-info to /home/zxq/laser_ws/install/my_python_node/lib/python3.10/site-packages/my_python_node-0.0.0-py3.10.egg-info
[1.499s] running install_scripts
[1.533s] Installing listener script to /home/zxq/laser_ws/install/my_python_node/lib/my_python_node
[1.534s] writing list of installed files to '/home/zxq/laser_ws/build/my_python_node/install.log'
[1.616s] Invoked command in '/home/zxq/laser_ws/src/my_python_node' returned '0': PYTHONPATH=/home/zxq/laser_ws/build/my_python_node/prefix_override:/usr/lib/python3/dist-packages/colcon_core/task/python/colcon_distutils_commands:/home/zxq/laser_ws/install/my_python_node/lib/python3.10/site-packages: /usr/bin/python3 -W ignore:setup.py install is deprecated setup.py egg_info --egg-base ../../build/my_python_node build --build-base /home/zxq/laser_ws/build/my_python_node/build install --record /home/zxq/laser_ws/build/my_python_node/install.log --single-version-externally-managed install_data
