[0.024s] Invoking command in '/home/zxq/laser_ws/build/rslidar_sdk': CMAKE_PREFIX_PATH=/home/zxq/laser_ws/install/rslidar_msg:/home/zxq/laser_ws/install/my_python_node:/opt/ros/humble:/home/zxq/laser_ws/install/usb_cam:/home/zxq/laser_ws/install/rslidar_sdk CONDA_PROMPT_MODIFIER=(base) LD_LIBRARY_PATH=/home/zxq/laser_ws/install/rslidar_msg/lib:/home/zxq/laser_ws/install/usb_cam/lib /usr/bin/cmake /home/zxq/laser_ws/src/rslidar_sdk -DCMAKE_INSTALL_PREFIX=/home/zxq/laser_ws/install/rslidar_sdk
[0.053s] [0m=============================================================[0m
[0.054s] [0m-- POINT_TYPE is XYZI[0m
[0.055s] [0m=============================================================[0m
[0.090s] [0m=============================================================[0m
[0.090s] [0m-- ROS Not Found. ROS Support is turned Off.[0m
[0.091s] [0m=============================================================[0m
[0.410s] -- Found rosidl_generator_c: 3.1.5 (/opt/ros/humble/share/rosidl_generator_c/cmake)
[0.413s] -- Found rosidl_adapter: 3.1.5 (/opt/ros/humble/share/rosidl_adapter/cmake)
[0.421s] -- Found rosidl_generator_cpp: 3.1.5 (/opt/ros/humble/share/rosidl_generator_cpp/cmake)
[0.436s] -- Using all available rosidl_typesupport_c: rosidl_typesupport_fastrtps_c;rosidl_typesupport_introspection_c
[0.454s] -- Using all available rosidl_typesupport_cpp: rosidl_typesupport_fastrtps_cpp;rosidl_typesupport_introspection_cpp
[0.503s] -- Found rmw_implementation_cmake: 6.1.2 (/opt/ros/humble/share/rmw_implementation_cmake/cmake)
[0.504s] -- Found rmw_fastrtps_cpp: 6.2.7 (/opt/ros/humble/share/rmw_fastrtps_cpp/cmake)
[0.759s] -- Using RMW implementation 'rmw_fastrtps_cpp' as default
[0.834s] [0m=============================================================[0m
[0.835s] [0m-- ROS2 Found. ROS2 Support is turned On.[0m
[0.835s] [0m=============================================================[0m
[0.835s] -- Found sensor_msgs: 4.2.4 (/opt/ros/humble/share/sensor_msgs/cmake)
[0.883s] -- Found rslidar_msg: 0.0.0 (/home/zxq/laser_ws/install/rslidar_msg/share/rslidar_msg/cmake)
[0.913s] [0m=============================================================[0m
[0.913s] [0m-- CMake run for UNIX GNU Compiler[0m
[0.913s] [0m=============================================================[0m
[0.915s] [0m=============================================================[0m
[0.915s] [0m-- rs_driver Version : v1.5.16[0m
[0.915s] [0m=============================================================[0m
[1.047s] -- Configuring done
[1.079s] -- Generating done
[1.083s] -- Build files have been written to: /home/zxq/laser_ws/build/rslidar_sdk
[1.105s] Invoked command in '/home/zxq/laser_ws/build/rslidar_sdk' returned '0': CMAKE_PREFIX_PATH=/home/zxq/laser_ws/install/rslidar_msg:/home/zxq/laser_ws/install/my_python_node:/opt/ros/humble:/home/zxq/laser_ws/install/usb_cam:/home/zxq/laser_ws/install/rslidar_sdk CONDA_PROMPT_MODIFIER=(base) LD_LIBRARY_PATH=/home/zxq/laser_ws/install/rslidar_msg/lib:/home/zxq/laser_ws/install/usb_cam/lib /usr/bin/cmake /home/zxq/laser_ws/src/rslidar_sdk -DCMAKE_INSTALL_PREFIX=/home/zxq/laser_ws/install/rslidar_sdk
[1.110s] Invoking command in '/home/zxq/laser_ws/build/rslidar_sdk': CMAKE_PREFIX_PATH=/home/zxq/laser_ws/install/rslidar_msg:/home/zxq/laser_ws/install/my_python_node:/opt/ros/humble:/home/zxq/laser_ws/install/usb_cam:/home/zxq/laser_ws/install/rslidar_sdk CONDA_PROMPT_MODIFIER=(base) LD_LIBRARY_PATH=/home/zxq/laser_ws/install/rslidar_msg/lib:/home/zxq/laser_ws/install/usb_cam/lib /usr/bin/cmake --build /home/zxq/laser_ws/build/rslidar_sdk -- -j8 -l8
[1.219s] [35m[1mConsolidate compiler generated dependencies of target rslidar_sdk_node[0m
[1.290s] [100%] Built target rslidar_sdk_node
[1.340s] Invoked command in '/home/zxq/laser_ws/build/rslidar_sdk' returned '0': CMAKE_PREFIX_PATH=/home/zxq/laser_ws/install/rslidar_msg:/home/zxq/laser_ws/install/my_python_node:/opt/ros/humble:/home/zxq/laser_ws/install/usb_cam:/home/zxq/laser_ws/install/rslidar_sdk CONDA_PROMPT_MODIFIER=(base) LD_LIBRARY_PATH=/home/zxq/laser_ws/install/rslidar_msg/lib:/home/zxq/laser_ws/install/usb_cam/lib /usr/bin/cmake --build /home/zxq/laser_ws/build/rslidar_sdk -- -j8 -l8
[1.401s] Invoking command in '/home/zxq/laser_ws/build/rslidar_sdk': CMAKE_PREFIX_PATH=/home/zxq/laser_ws/install/rslidar_msg:/home/zxq/laser_ws/install/my_python_node:/opt/ros/humble:/home/zxq/laser_ws/install/usb_cam:/home/zxq/laser_ws/install/rslidar_sdk CONDA_PROMPT_MODIFIER=(base) LD_LIBRARY_PATH=/home/zxq/laser_ws/install/rslidar_msg/lib:/home/zxq/laser_ws/install/usb_cam/lib /usr/bin/cmake --install /home/zxq/laser_ws/build/rslidar_sdk
[1.427s] -- Install configuration: "Release"
[1.428s] -- Up-to-date: /home/zxq/laser_ws/install/rslidar_sdk/lib/rslidar_sdk/rslidar_sdk_node
[1.429s] -- Up-to-date: /home/zxq/laser_ws/install/rslidar_sdk/share/rslidar_sdk/launch
[1.429s] -- Up-to-date: /home/zxq/laser_ws/install/rslidar_sdk/share/rslidar_sdk/launch/config.yaml
[1.430s] -- Up-to-date: /home/zxq/laser_ws/install/rslidar_sdk/share/rslidar_sdk/launch/start.launch
[1.430s] -- Up-to-date: /home/zxq/laser_ws/install/rslidar_sdk/share/rslidar_sdk/launch/elequent_start.py
[1.431s] -- Up-to-date: /home/zxq/laser_ws/install/rslidar_sdk/share/rslidar_sdk/launch/start.py
[1.431s] -- Up-to-date: /home/zxq/laser_ws/install/rslidar_sdk/share/rslidar_sdk/rviz
[1.432s] -- Up-to-date: /home/zxq/laser_ws/install/rslidar_sdk/share/rslidar_sdk/rviz/rviz.rviz
[1.432s] -- Up-to-date: /home/zxq/laser_ws/install/rslidar_sdk/share/rslidar_sdk/rviz/rviz2.rviz
[1.432s] -- Up-to-date: /home/zxq/laser_ws/install/rslidar_sdk/share/ament_index/resource_index/package_run_dependencies/rslidar_sdk
[1.433s] -- Installing: /home/zxq/laser_ws/install/rslidar_sdk/share/ament_index/resource_index/parent_prefix_path/rslidar_sdk
[1.433s] -- Up-to-date: /home/zxq/laser_ws/install/rslidar_sdk/share/rslidar_sdk/environment/ament_prefix_path.sh
[1.433s] -- Installing: /home/zxq/laser_ws/install/rslidar_sdk/share/rslidar_sdk/environment/ament_prefix_path.dsv
[1.434s] -- Up-to-date: /home/zxq/laser_ws/install/rslidar_sdk/share/rslidar_sdk/environment/path.sh
[1.435s] -- Installing: /home/zxq/laser_ws/install/rslidar_sdk/share/rslidar_sdk/environment/path.dsv
[1.435s] -- Up-to-date: /home/zxq/laser_ws/install/rslidar_sdk/share/rslidar_sdk/local_setup.bash
[1.440s] -- Up-to-date: /home/zxq/laser_ws/install/rslidar_sdk/share/rslidar_sdk/local_setup.sh
[1.441s] -- Up-to-date: /home/zxq/laser_ws/install/rslidar_sdk/share/rslidar_sdk/local_setup.zsh
[1.442s] -- Installing: /home/zxq/laser_ws/install/rslidar_sdk/share/rslidar_sdk/local_setup.dsv
[1.442s] -- Installing: /home/zxq/laser_ws/install/rslidar_sdk/share/rslidar_sdk/package.dsv
[1.443s] -- Up-to-date: /home/zxq/laser_ws/install/rslidar_sdk/share/ament_index/resource_index/packages/rslidar_sdk
[1.443s] -- Up-to-date: /home/zxq/laser_ws/install/rslidar_sdk/share/rslidar_sdk/cmake/rslidar_sdkConfig.cmake
[1.444s] -- Up-to-date: /home/zxq/laser_ws/install/rslidar_sdk/share/rslidar_sdk/cmake/rslidar_sdkConfig-version.cmake
[1.444s] -- Up-to-date: /home/zxq/laser_ws/install/rslidar_sdk/share/rslidar_sdk/package.xml
[1.446s] Invoked command in '/home/zxq/laser_ws/build/rslidar_sdk' returned '0': CMAKE_PREFIX_PATH=/home/zxq/laser_ws/install/rslidar_msg:/home/zxq/laser_ws/install/my_python_node:/opt/ros/humble:/home/zxq/laser_ws/install/usb_cam:/home/zxq/laser_ws/install/rslidar_sdk CONDA_PROMPT_MODIFIER=(base) LD_LIBRARY_PATH=/home/zxq/laser_ws/install/rslidar_msg/lib:/home/zxq/laser_ws/install/usb_cam/lib /usr/bin/cmake --install /home/zxq/laser_ws/build/rslidar_sdk
