[1.076s] Invoking command in '/home/zxq/laser_ws/src/my_python_node': PYTHONPATH=/home/zxq/laser_ws/build/my_python_node/prefix_override:/usr/lib/python3/dist-packages/colcon_core/task/python/colcon_distutils_commands:/home/zxq/laser_ws/install/my_python_node/lib/python3.10/site-packages: /usr/bin/python3 -W ignore:setup.py install is deprecated setup.py egg_info --egg-base ../../build/my_python_node build --build-base /home/zxq/laser_ws/build/my_python_node/build install --record /home/zxq/laser_ws/build/my_python_node/install.log --single-version-externally-managed install_data
[1.344s] running egg_info
[1.345s] writing ../../build/my_python_node/my_python_node.egg-info/PKG-INFO
[1.345s] writing dependency_links to ../../build/my_python_node/my_python_node.egg-info/dependency_links.txt
[1.346s] writing entry points to ../../build/my_python_node/my_python_node.egg-info/entry_points.txt
[1.346s] writing requirements to ../../build/my_python_node/my_python_node.egg-info/requires.txt
[1.346s] writing top-level names to ../../build/my_python_node/my_python_node.egg-info/top_level.txt
[1.347s] reading manifest file '../../build/my_python_node/my_python_node.egg-info/SOURCES.txt'
[1.349s] writing manifest file '../../build/my_python_node/my_python_node.egg-info/SOURCES.txt'
[1.349s] running build
[1.350s] running build_py
[1.350s] copying my_python_node/listener.py -> /home/zxq/laser_ws/build/my_python_node/build/lib/my_python_node
[1.350s] running install
[1.351s] running install_lib
[1.351s] copying /home/zxq/laser_ws/build/my_python_node/build/lib/my_python_node/listener.py -> /home/zxq/laser_ws/install/my_python_node/lib/python3.10/site-packages/my_python_node
[1.352s] byte-compiling /home/zxq/laser_ws/install/my_python_node/lib/python3.10/site-packages/my_python_node/listener.py to listener.cpython-310.pyc
[1.355s]   File "/home/zxq/laser_ws/install/my_python_node/lib/python3.10/site-packages/my_python_node/listener.py", line 156
[1.355s]     thread_lidar = threading.Thread(target=target=executor.spin)
[1.356s]                                                  ^
[1.356s] SyntaxError: invalid syntax
[1.356s] 
[1.357s] running install_data
[1.357s] running install_egg_info
[1.358s] removing '/home/zxq/laser_ws/install/my_python_node/lib/python3.10/site-packages/my_python_node-0.0.0-py3.10.egg-info' (and everything under it)
[1.358s] Copying ../../build/my_python_node/my_python_node.egg-info to /home/zxq/laser_ws/install/my_python_node/lib/python3.10/site-packages/my_python_node-0.0.0-py3.10.egg-info
[1.358s] running install_scripts
[1.386s] Installing listener script to /home/zxq/laser_ws/install/my_python_node/lib/my_python_node
[1.386s] writing list of installed files to '/home/zxq/laser_ws/build/my_python_node/install.log'
[1.437s] Invoked command in '/home/zxq/laser_ws/src/my_python_node' returned '0': PYTHONPATH=/home/zxq/laser_ws/build/my_python_node/prefix_override:/usr/lib/python3/dist-packages/colcon_core/task/python/colcon_distutils_commands:/home/zxq/laser_ws/install/my_python_node/lib/python3.10/site-packages: /usr/bin/python3 -W ignore:setup.py install is deprecated setup.py egg_info --egg-base ../../build/my_python_node build --build-base /home/zxq/laser_ws/build/my_python_node/build install --record /home/zxq/laser_ws/build/my_python_node/install.log --single-version-externally-managed install_data
