-- The C compiler identification is GNU 12.3.0
-- The CXX compiler identification is GNU 12.3.0
-- Detecting C compiler ABI info
-- Detecting C compiler ABI info - done
-- Check for working C compiler: /usr/bin/cc - skipped
-- Detecting C compile features
-- Detecting C compile features - done
-- Detecting CXX compiler ABI info
-- Detecting CXX compiler ABI info - done
-- Check for working CXX compiler: /usr/bin/c++ - skipped
-- Detecting CXX compile features
-- Detecting CXX compile features - done
[0m=============================================================[0m
[0m-- CMake run for UNIX GNU Compiler[0m
[0m=============================================================[0m
-- Configuring done
-- Generating done
-- Build files have been written to: /home/zxq/laser_ws/build/rs_driver
-- Install configuration: "Release"
-- Up-to-date: /usr/local/lib/cmake/rs_driver/rs_driverConfig.cmake
-- Up-to-date: /usr/local/lib/cmake/rs_driver/rs_driverConfigVersion.cmake
-- Up-to-date: /usr/local/rs_driver/include
-- Up-to-date: /usr/local/rs_driver/include/rs_driver
-- Up-to-date: /usr/local/rs_driver/include/rs_driver/macro
-- Up-to-date: /usr/local/rs_driver/include/rs_driver/utility
-- Up-to-date: /usr/local/rs_driver/include/rs_driver/common
-- Up-to-date: /usr/local/rs_driver/include/rs_driver/api
-- Up-to-date: /usr/local/rs_driver/include/rs_driver/msg
-- Up-to-date: /usr/local/rs_driver/include/rs_driver/driver
-- Up-to-date: /usr/local/rs_driver/include/rs_driver/driver/input
-- Up-to-date: /usr/local/rs_driver/include/rs_driver/driver/input/unix
-- Up-to-date: /usr/local/rs_driver/include/rs_driver/driver/input/win
-- Up-to-date: /usr/local/rs_driver/include/rs_driver/driver/decoder
-- Up-to-date: /usr/local/rs_driver/include
-- Up-to-date: /usr/local/rs_driver/include/rs_driver
-- Up-to-date: /usr/local/rs_driver/include/rs_driver/macro
-- Up-to-date: /usr/local/rs_driver/include/rs_driver/macro/version.hpp
-- Up-to-date: /usr/local/rs_driver/include/rs_driver/utility
-- Up-to-date: /usr/local/rs_driver/include/rs_driver/utility/buffer.hpp
-- Up-to-date: /usr/local/rs_driver/include/rs_driver/utility/sync_queue.hpp
-- Up-to-date: /usr/local/rs_driver/include/rs_driver/utility/dbg.hpp
-- Up-to-date: /usr/local/rs_driver/include/rs_driver/common
-- Up-to-date: /usr/local/rs_driver/include/rs_driver/common/rs_common.hpp
-- Up-to-date: /usr/local/rs_driver/include/rs_driver/common/error_code.hpp
-- Up-to-date: /usr/local/rs_driver/include/rs_driver/common/rs_log.hpp
-- Up-to-date: /usr/local/rs_driver/include/rs_driver/api
-- Up-to-date: /usr/local/rs_driver/include/rs_driver/api/lidar_driver.hpp
-- Up-to-date: /usr/local/rs_driver/include/rs_driver/msg
-- Up-to-date: /usr/local/rs_driver/include/rs_driver/msg/point_cloud_msg.hpp
-- Up-to-date: /usr/local/rs_driver/include/rs_driver/msg/packet.hpp
-- Up-to-date: /usr/local/rs_driver/include/rs_driver/msg/pcl_point_cloud_msg.hpp
-- Up-to-date: /usr/local/rs_driver/include/rs_driver/driver
-- Up-to-date: /usr/local/rs_driver/include/rs_driver/driver/driver_param.hpp
-- Up-to-date: /usr/local/rs_driver/include/rs_driver/driver/input
-- Up-to-date: /usr/local/rs_driver/include/rs_driver/driver/input/input_raw_jumbo.hpp
-- Up-to-date: /usr/local/rs_driver/include/rs_driver/driver/input/unix
-- Up-to-date: /usr/local/rs_driver/include/rs_driver/driver/input/unix/input_sock_select.hpp
-- Up-to-date: /usr/local/rs_driver/include/rs_driver/driver/input/unix/input_sock_epoll.hpp
-- Up-to-date: /usr/local/rs_driver/include/rs_driver/driver/input/input_factory.hpp
-- Up-to-date: /usr/local/rs_driver/include/rs_driver/driver/input/input_sock.hpp
-- Up-to-date: /usr/local/rs_driver/include/rs_driver/driver/input/input_pcap.hpp
-- Up-to-date: /usr/local/rs_driver/include/rs_driver/driver/input/input_sock_jumbo.hpp
-- Up-to-date: /usr/local/rs_driver/include/rs_driver/driver/input/input_raw.hpp
-- Up-to-date: /usr/local/rs_driver/include/rs_driver/driver/input/input.hpp
-- Up-to-date: /usr/local/rs_driver/include/rs_driver/driver/input/win
-- Up-to-date: /usr/local/rs_driver/include/rs_driver/driver/input/win/input_sock_select.hpp
-- Up-to-date: /usr/local/rs_driver/include/rs_driver/driver/input/input_pcap_jumbo.hpp
-- Up-to-date: /usr/local/rs_driver/include/rs_driver/driver/input/jumbo.hpp
-- Up-to-date: /usr/local/rs_driver/include/rs_driver/driver/lidar_driver_impl.hpp
-- Up-to-date: /usr/local/rs_driver/include/rs_driver/driver/decoder
-- Up-to-date: /usr/local/rs_driver/include/rs_driver/driver/decoder/decoder_RSM1_Jumbo.hpp
-- Up-to-date: /usr/local/rs_driver/include/rs_driver/driver/decoder/trigon.hpp
-- Up-to-date: /usr/local/rs_driver/include/rs_driver/driver/decoder/decoder_RS48.hpp
-- Up-to-date: /usr/local/rs_driver/include/rs_driver/driver/decoder/member_checker.hpp
-- Up-to-date: /usr/local/rs_driver/include/rs_driver/driver/decoder/decoder_RSBP.hpp
-- Up-to-date: /usr/local/rs_driver/include/rs_driver/driver/decoder/decoder_RSP48.hpp
-- Up-to-date: /usr/local/rs_driver/include/rs_driver/driver/decoder/decoder_mech.hpp
-- Up-to-date: /usr/local/rs_driver/include/rs_driver/driver/decoder/decoder_RSM3.hpp
-- Up-to-date: /usr/local/rs_driver/include/rs_driver/driver/decoder/decoder.hpp
-- Up-to-date: /usr/local/rs_driver/include/rs_driver/driver/decoder/decoder_factory.hpp
-- Up-to-date: /usr/local/rs_driver/include/rs_driver/driver/decoder/decoder_RSM1.hpp
-- Up-to-date: /usr/local/rs_driver/include/rs_driver/driver/decoder/basic_attr.hpp
-- Up-to-date: /usr/local/rs_driver/include/rs_driver/driver/decoder/section.hpp
-- Up-to-date: /usr/local/rs_driver/include/rs_driver/driver/decoder/decoder_RS32.hpp
-- Up-to-date: /usr/local/rs_driver/include/rs_driver/driver/decoder/chan_angles.hpp
-- Up-to-date: /usr/local/rs_driver/include/rs_driver/driver/decoder/decoder_RS128.hpp
-- Up-to-date: /usr/local/rs_driver/include/rs_driver/driver/decoder/decoder_RSHELIOS.hpp
-- Up-to-date: /usr/local/rs_driver/include/rs_driver/driver/decoder/split_strategy.hpp
-- Up-to-date: /usr/local/rs_driver/include/rs_driver/driver/decoder/decoder_RSE1.hpp
-- Up-to-date: /usr/local/rs_driver/include/rs_driver/driver/decoder/decoder_RS80.hpp
-- Up-to-date: /usr/local/rs_driver/include/rs_driver/driver/decoder/decoder_RSP80.hpp
-- Up-to-date: /usr/local/rs_driver/include/rs_driver/driver/decoder/decoder_RSMX.hpp
-- Up-to-date: /usr/local/rs_driver/include/rs_driver/driver/decoder/block_iterator.hpp
-- Up-to-date: /usr/local/rs_driver/include/rs_driver/driver/decoder/decoder_RSM2.hpp
-- Up-to-date: /usr/local/rs_driver/include/rs_driver/driver/decoder/decoder_RSHELIOS_16P.hpp
-- Up-to-date: /usr/local/rs_driver/include/rs_driver/driver/decoder/decoder_RSP128.hpp
-- Up-to-date: /usr/local/rs_driver/include/rs_driver/driver/decoder/decoder_RS16.hpp
