[0.449s] Invoking command in '/home/zxq/laser_ws/build/rs_driver': /usr/bin/cmake --build /home/zxq/laser_ws/build/rs_driver -- -j8 -l8
[0.521s] Invoked command in '/home/zxq/laser_ws/build/rs_driver' returned '0': /usr/bin/cmake --build /home/zxq/laser_ws/build/rs_driver -- -j8 -l8
[0.567s] Invoking command in '/home/zxq/laser_ws/build/rs_driver': /usr/bin/cmake --install /home/zxq/laser_ws/build/rs_driver
[0.597s] -- Install configuration: "Release"
[0.597s] -- Up-to-date: /usr/local/lib/cmake/rs_driver/rs_driverConfig.cmake
[0.598s] -- Up-to-date: /usr/local/lib/cmake/rs_driver/rs_driverConfigVersion.cmake
[0.598s] -- Up-to-date: /usr/local/rs_driver/include
[0.598s] -- Up-to-date: /usr/local/rs_driver/include/rs_driver
[0.598s] -- Up-to-date: /usr/local/rs_driver/include/rs_driver/macro
[0.598s] -- Up-to-date: /usr/local/rs_driver/include/rs_driver/utility
[0.598s] -- Up-to-date: /usr/local/rs_driver/include/rs_driver/common
[0.598s] -- Up-to-date: /usr/local/rs_driver/include/rs_driver/api
[0.598s] -- Up-to-date: /usr/local/rs_driver/include/rs_driver/msg
[0.598s] -- Up-to-date: /usr/local/rs_driver/include/rs_driver/driver
[0.598s] -- Up-to-date: /usr/local/rs_driver/include/rs_driver/driver/input
[0.598s] -- Up-to-date: /usr/local/rs_driver/include/rs_driver/driver/input/unix
[0.598s] -- Up-to-date: /usr/local/rs_driver/include/rs_driver/driver/input/win
[0.598s] -- Up-to-date: /usr/local/rs_driver/include/rs_driver/driver/decoder
[0.598s] -- Up-to-date: /usr/local/rs_driver/include
[0.599s] -- Up-to-date: /usr/local/rs_driver/include/rs_driver
[0.599s] -- Up-to-date: /usr/local/rs_driver/include/rs_driver/macro
[0.599s] -- Up-to-date: /usr/local/rs_driver/include/rs_driver/macro/version.hpp
[0.599s] -- Up-to-date: /usr/local/rs_driver/include/rs_driver/utility
[0.599s] -- Up-to-date: /usr/local/rs_driver/include/rs_driver/utility/buffer.hpp
[0.599s] -- Up-to-date: /usr/local/rs_driver/include/rs_driver/utility/sync_queue.hpp
[0.599s] -- Up-to-date: /usr/local/rs_driver/include/rs_driver/utility/dbg.hpp
[0.599s] -- Up-to-date: /usr/local/rs_driver/include/rs_driver/common
[0.599s] -- Up-to-date: /usr/local/rs_driver/include/rs_driver/common/rs_common.hpp
[0.599s] -- Up-to-date: /usr/local/rs_driver/include/rs_driver/common/error_code.hpp
[0.599s] -- Up-to-date: /usr/local/rs_driver/include/rs_driver/common/rs_log.hpp
[0.599s] -- Up-to-date: /usr/local/rs_driver/include/rs_driver/api
[0.600s] -- Up-to-date: /usr/local/rs_driver/include/rs_driver/api/lidar_driver.hpp
[0.600s] -- Up-to-date: /usr/local/rs_driver/include/rs_driver/msg
[0.600s] -- Up-to-date: /usr/local/rs_driver/include/rs_driver/msg/point_cloud_msg.hpp
[0.600s] -- Up-to-date: /usr/local/rs_driver/include/rs_driver/msg/packet.hpp
[0.600s] -- Up-to-date: /usr/local/rs_driver/include/rs_driver/msg/pcl_point_cloud_msg.hpp
[0.600s] -- Up-to-date: /usr/local/rs_driver/include/rs_driver/driver
[0.600s] -- Up-to-date: /usr/local/rs_driver/include/rs_driver/driver/driver_param.hpp
[0.600s] -- Up-to-date: /usr/local/rs_driver/include/rs_driver/driver/input
[0.602s] -- Up-to-date: /usr/local/rs_driver/include/rs_driver/driver/input/input_raw_jumbo.hpp
[0.602s] -- Up-to-date: /usr/local/rs_driver/include/rs_driver/driver/input/unix
[0.603s] -- Up-to-date: /usr/local/rs_driver/include/rs_driver/driver/input/unix/input_sock_select.hpp
[0.604s] -- Up-to-date: /usr/local/rs_driver/include/rs_driver/driver/input/unix/input_sock_epoll.hpp
[0.606s] -- Up-to-date: /usr/local/rs_driver/include/rs_driver/driver/input/input_factory.hpp
[0.607s] -- Up-to-date: /usr/local/rs_driver/include/rs_driver/driver/input/input_sock.hpp
[0.607s] -- Up-to-date: /usr/local/rs_driver/include/rs_driver/driver/input/input_pcap.hpp
[0.608s] -- Up-to-date: /usr/local/rs_driver/include/rs_driver/driver/input/input_sock_jumbo.hpp
[0.608s] -- Up-to-date: /usr/local/rs_driver/include/rs_driver/driver/input/input_raw.hpp
[0.608s] -- Up-to-date: /usr/local/rs_driver/include/rs_driver/driver/input/input.hpp
[0.609s] -- Up-to-date: /usr/local/rs_driver/include/rs_driver/driver/input/win
[0.609s] -- Up-to-date: /usr/local/rs_driver/include/rs_driver/driver/input/win/input_sock_select.hpp
[0.610s] -- Up-to-date: /usr/local/rs_driver/include/rs_driver/driver/input/input_pcap_jumbo.hpp
[0.610s] -- Up-to-date: /usr/local/rs_driver/include/rs_driver/driver/input/jumbo.hpp
[0.611s] -- Up-to-date: /usr/local/rs_driver/include/rs_driver/driver/lidar_driver_impl.hpp
[0.611s] -- Up-to-date: /usr/local/rs_driver/include/rs_driver/driver/decoder
[0.611s] -- Up-to-date: /usr/local/rs_driver/include/rs_driver/driver/decoder/decoder_RSM1_Jumbo.hpp
[0.612s] -- Up-to-date: /usr/local/rs_driver/include/rs_driver/driver/decoder/trigon.hpp
[0.612s] -- Up-to-date: /usr/local/rs_driver/include/rs_driver/driver/decoder/decoder_RS48.hpp
[0.614s] -- Up-to-date: /usr/local/rs_driver/include/rs_driver/driver/decoder/member_checker.hpp
[0.615s] -- Up-to-date: /usr/local/rs_driver/include/rs_driver/driver/decoder/decoder_RSBP.hpp
[0.615s] -- Up-to-date: /usr/local/rs_driver/include/rs_driver/driver/decoder/decoder_RSP48.hpp
[0.616s] -- Up-to-date: /usr/local/rs_driver/include/rs_driver/driver/decoder/decoder_mech.hpp
[0.619s] -- Up-to-date: /usr/local/rs_driver/include/rs_driver/driver/decoder/decoder_RSM3.hpp
[0.619s] -- Up-to-date: /usr/local/rs_driver/include/rs_driver/driver/decoder/decoder.hpp
[0.620s] -- Up-to-date: /usr/local/rs_driver/include/rs_driver/driver/decoder/decoder_factory.hpp
[0.620s] -- Up-to-date: /usr/local/rs_driver/include/rs_driver/driver/decoder/decoder_RSM1.hpp
[0.621s] -- Up-to-date: /usr/local/rs_driver/include/rs_driver/driver/decoder/basic_attr.hpp
[0.621s] -- Up-to-date: /usr/local/rs_driver/include/rs_driver/driver/decoder/section.hpp
[0.633s] -- Up-to-date: /usr/local/rs_driver/include/rs_driver/driver/decoder/decoder_RS32.hpp
[0.633s] -- Up-to-date: /usr/local/rs_driver/include/rs_driver/driver/decoder/chan_angles.hpp
[0.634s] -- Up-to-date: /usr/local/rs_driver/include/rs_driver/driver/decoder/decoder_RS128.hpp
[0.634s] -- Up-to-date: /usr/local/rs_driver/include/rs_driver/driver/decoder/decoder_RSHELIOS.hpp
[0.634s] -- Up-to-date: /usr/local/rs_driver/include/rs_driver/driver/decoder/split_strategy.hpp
[0.634s] -- Up-to-date: /usr/local/rs_driver/include/rs_driver/driver/decoder/decoder_RSE1.hpp
[0.634s] -- Up-to-date: /usr/local/rs_driver/include/rs_driver/driver/decoder/decoder_RS80.hpp
[0.634s] -- Up-to-date: /usr/local/rs_driver/include/rs_driver/driver/decoder/decoder_RSP80.hpp
[0.634s] -- Up-to-date: /usr/local/rs_driver/include/rs_driver/driver/decoder/decoder_RSMX.hpp
[0.634s] -- Up-to-date: /usr/local/rs_driver/include/rs_driver/driver/decoder/block_iterator.hpp
[0.634s] -- Up-to-date: /usr/local/rs_driver/include/rs_driver/driver/decoder/decoder_RSM2.hpp
[0.634s] -- Up-to-date: /usr/local/rs_driver/include/rs_driver/driver/decoder/decoder_RSHELIOS_16P.hpp
[0.634s] -- Up-to-date: /usr/local/rs_driver/include/rs_driver/driver/decoder/decoder_RSP128.hpp
[0.634s] -- Up-to-date: /usr/local/rs_driver/include/rs_driver/driver/decoder/decoder_RS16.hpp
