[0.531s] Invoking command in '/home/zxq/laser_ws/build/usb_cam': CMAKE_PREFIX_PATH=${CMAKE_PREFIX_PATH}:/home/zxq/laser_ws/install/my_python_node:/opt/ros/humble CONDA_PROMPT_MODIFIER=(base) /usr/bin/cmake /home/zxq/laser_ws/src/usb_cam -DCMAKE_INSTALL_PREFIX=/home/zxq/laser_ws/install/usb_cam
[0.901s] -- The C compiler identification is GNU 12.3.0
[1.067s] -- The CXX compiler identification is GNU 12.3.0
[1.095s] -- Detecting C compiler ABI info
[1.289s] -- Detecting C compiler ABI info - done
[1.300s] -- Check for working C compiler: /usr/bin/cc - skipped
[1.301s] -- Detecting C compile features
[1.302s] -- Detecting C compile features - done
[1.311s] -- Detecting CXX compiler ABI info
[1.553s] -- Detecting CXX compiler ABI info - done
[1.572s] -- Check for working CXX compiler: /usr/bin/c++ - skipped
[1.573s] -- Detecting CXX compile features
[1.573s] -- Detecting CXX compile features - done
[1.577s] -- Found ament_cmake_auto: 1.3.10 (/opt/ros/humble/share/ament_cmake_auto/cmake)
[1.901s] -- Found Python3: /usr/bin/python3 (found version "3.10.12") found components: Interpreter 
[2.322s] -- Found rosidl_generator_c: 3.1.5 (/opt/ros/humble/share/rosidl_generator_c/cmake)
[2.334s] -- Found rosidl_adapter: 3.1.5 (/opt/ros/humble/share/rosidl_adapter/cmake)
[2.350s] -- Found rosidl_generator_cpp: 3.1.5 (/opt/ros/humble/share/rosidl_generator_cpp/cmake)
[2.372s] -- Using all available rosidl_typesupport_c: rosidl_typesupport_fastrtps_c;rosidl_typesupport_introspection_c
[2.398s] -- Using all available rosidl_typesupport_cpp: rosidl_typesupport_fastrtps_cpp;rosidl_typesupport_introspection_cpp
[2.478s] -- Found rmw_implementation_cmake: 6.1.2 (/opt/ros/humble/share/rmw_implementation_cmake/cmake)
[2.481s] -- Found rmw_fastrtps_cpp: 6.2.7 (/opt/ros/humble/share/rmw_fastrtps_cpp/cmake)
[2.779s] -- Found OpenSSL: /usr/lib/aarch64-linux-gnu/libcrypto.so (found version "3.0.2")  
[2.879s] -- Found FastRTPS: /opt/ros/humble/include  
[3.005s] -- Using RMW implementation 'rmw_fastrtps_cpp' as default
[3.025s] -- Looking for pthread.h
[3.272s] -- Looking for pthread.h - found
[3.273s] -- Performing Test CMAKE_HAVE_LIBC_PTHREAD
[3.539s] -- Performing Test CMAKE_HAVE_LIBC_PTHREAD - Success
[3.544s] -- Found Threads: TRUE  
[3.999s] -- Found OpenCV: /usr (found version "4.5.4") 
[4.008s] -- Found PkgConfig: /usr/bin/pkg-config (found version "0.29.2") 
[4.009s] -- Checking for module 'libavcodec'
[4.052s] --   Found libavcodec, version 58.134.100
[4.180s] -- Checking for module 'libavutil'
[4.226s] --   Found libavutil, version 56.70.100
[4.351s] -- Checking for module 'libswscale'
[4.405s] --   Found libswscale, version 5.9.100
[4.525s] -- Found ament_lint_auto: 0.12.11 (/opt/ros/humble/share/ament_lint_auto/cmake)
[4.562s] -- Found gtest sources under '/opt/ros/humble/src/gtest_vendor': C++ tests using 'Google Test' will be built
[4.591s] -- Added test 'copyright' to check source files copyright and LICENSE
[4.602s] -- Added test 'cppcheck' to perform static code analysis on C / C++ code
[4.602s] -- Configured cppcheck include dirs: /home/zxq/laser_ws/src/usb_cam/include
[4.603s] -- Configured cppcheck exclude dirs and/or files: 
[4.609s] -- Added test 'cpplint' to check C / C++ code against the Google style
[4.610s] -- Configured cpplint exclude dirs and/or files: 
[4.611s] -- Added test 'flake8' to check Python code syntax and style conventions
[4.613s] -- Added test 'lint_cmake' to check CMake code style
[4.615s] -- Added test 'pep257' to check Python code against some of the docstring style conventions in PEP 257
[4.621s] -- Added test 'uncrustify' to check C / C++ code style
[4.622s] -- Configured uncrustify additional arguments: 
[4.623s] -- Added test 'xmllint' to check XML markup files
[4.628s] -- Configuring done
[4.686s] -- Generating done
[4.690s] -- Build files have been written to: /home/zxq/laser_ws/build/usb_cam
[4.737s] Invoked command in '/home/zxq/laser_ws/build/usb_cam' returned '0': CMAKE_PREFIX_PATH=${CMAKE_PREFIX_PATH}:/home/zxq/laser_ws/install/my_python_node:/opt/ros/humble CONDA_PROMPT_MODIFIER=(base) /usr/bin/cmake /home/zxq/laser_ws/src/usb_cam -DCMAKE_INSTALL_PREFIX=/home/zxq/laser_ws/install/usb_cam
[4.741s] Invoking command in '/home/zxq/laser_ws/build/usb_cam': CMAKE_PREFIX_PATH=${CMAKE_PREFIX_PATH}:/home/zxq/laser_ws/install/my_python_node:/opt/ros/humble CONDA_PROMPT_MODIFIER=(base) /usr/bin/cmake --build /home/zxq/laser_ws/build/usb_cam -- -j8 -l8
[4.890s] [  7%] [32mBuilding CXX object CMakeFiles/usb_cam_node_exe.dir/rclcpp_components/node_main_usb_cam_node_exe.cpp.o[0m
[4.892s] [ 14%] [32mBuilding CXX object CMakeFiles/usb_cam.dir/src/usb_cam.cpp.o[0m
[4.906s] [ 21%] [32mBuilding CXX object gtest/CMakeFiles/gtest.dir/src/gtest-all.cc.o[0m
[4.922s] [ 28%] [32mBuilding CXX object gtest/CMakeFiles/gtest_main.dir/src/gtest_main.cc.o[0m
[6.882s] [ 35%] [32m[1mLinking CXX static library libgtest_main.a[0m
[6.986s] [ 35%] Built target gtest_main
[9.041s] [ 42%] [32m[1mLinking CXX shared library libusb_cam.so[0m
[9.524s] [ 42%] Built target usb_cam
[9.599s] [ 50%] [32mBuilding CXX object CMakeFiles/usb_cam_node.dir/src/ros2/usb_cam_node.cpp.o[0m
[10.791s] [ 57%] [32m[1mLinking CXX executable usb_cam_node_exe[0m
[11.078s] [ 57%] Built target usb_cam_node_exe
[11.499s] [ 64%] [32m[1mLinking CXX static library libgtest.a[0m
[11.620s] [ 64%] Built target gtest
[11.659s] [ 71%] [32mBuilding CXX object CMakeFiles/test_usb_cam_utils.dir/test/test_usb_cam_utils.cpp.o[0m
[11.677s] [ 78%] [32mBuilding CXX object CMakeFiles/test_pixel_formats.dir/test/test_pixel_formats.cpp.o[0m
[14.513s] [ 85%] [32m[1mLinking CXX executable test_usb_cam_utils[0m
[14.901s] [ 85%] Built target test_usb_cam_utils
[15.639s] [ 92%] [32m[1mLinking CXX executable test_pixel_formats[0m
[15.950s] [ 92%] Built target test_pixel_formats
[23.867s] [100%] [32m[1mLinking CXX shared library libusb_cam_node.so[0m
[24.735s] [100%] Built target usb_cam_node
[24.785s] Invoked command in '/home/zxq/laser_ws/build/usb_cam' returned '0': CMAKE_PREFIX_PATH=${CMAKE_PREFIX_PATH}:/home/zxq/laser_ws/install/my_python_node:/opt/ros/humble CONDA_PROMPT_MODIFIER=(base) /usr/bin/cmake --build /home/zxq/laser_ws/build/usb_cam -- -j8 -l8
[24.908s] Invoking command in '/home/zxq/laser_ws/build/usb_cam': CMAKE_PREFIX_PATH=${CMAKE_PREFIX_PATH}:/home/zxq/laser_ws/install/my_python_node:/opt/ros/humble CONDA_PROMPT_MODIFIER=(base) /usr/bin/cmake --install /home/zxq/laser_ws/build/usb_cam
[24.931s] -- Install configuration: ""
[24.932s] -- Installing: /home/zxq/laser_ws/install/usb_cam/share/usb_cam/environment/library_path.sh
[24.933s] -- Installing: /home/zxq/laser_ws/install/usb_cam/share/usb_cam/environment/library_path.dsv
[24.933s] -- Installing: /home/zxq/laser_ws/install/usb_cam/lib/usb_cam/usb_cam_node_exe
[24.933s] -- Set runtime path of "/home/zxq/laser_ws/install/usb_cam/lib/usb_cam/usb_cam_node_exe" to ""
[24.934s] -- Installing: /home/zxq/laser_ws/install/usb_cam/lib/usb_cam/show_image.py
[24.934s] -- Installing: /home/zxq/laser_ws/install/usb_cam/lib/libusb_cam.so
[24.934s] -- Installing: /home/zxq/laser_ws/install/usb_cam/lib/libusb_cam_node.so
[24.944s] -- Set runtime path of "/home/zxq/laser_ws/install/usb_cam/lib/libusb_cam_node.so" to ""
[24.944s] -- Installing: /home/zxq/laser_ws/install/usb_cam/include
[24.944s] -- Installing: /home/zxq/laser_ws/install/usb_cam/include/usb_cam
[24.944s] -- Installing: /home/zxq/laser_ws/install/usb_cam/include/usb_cam/usb_cam.hpp
[24.944s] -- Installing: /home/zxq/laser_ws/install/usb_cam/include/usb_cam/constants.hpp
[24.944s] -- Installing: /home/zxq/laser_ws/install/usb_cam/include/usb_cam/formats
[24.944s] -- Installing: /home/zxq/laser_ws/install/usb_cam/include/usb_cam/formats/uyvy.hpp
[24.945s] -- Installing: /home/zxq/laser_ws/install/usb_cam/include/usb_cam/formats/mjpeg.hpp
[24.945s] -- Installing: /home/zxq/laser_ws/install/usb_cam/include/usb_cam/formats/rgb.hpp
[24.945s] -- Installing: /home/zxq/laser_ws/install/usb_cam/include/usb_cam/formats/m420.hpp
[24.945s] -- Installing: /home/zxq/laser_ws/install/usb_cam/include/usb_cam/formats/mono.hpp
[24.945s] -- Installing: /home/zxq/laser_ws/install/usb_cam/include/usb_cam/formats/pixel_format_base.hpp
[24.945s] -- Installing: /home/zxq/laser_ws/install/usb_cam/include/usb_cam/formats/utils.hpp
[24.945s] -- Installing: /home/zxq/laser_ws/install/usb_cam/include/usb_cam/formats/yuyv.hpp
[24.946s] -- Installing: /home/zxq/laser_ws/install/usb_cam/include/usb_cam/formats/av_pixel_format_helper.hpp
[24.946s] -- Installing: /home/zxq/laser_ws/install/usb_cam/include/usb_cam/usb_cam_node.hpp
[24.946s] -- Installing: /home/zxq/laser_ws/install/usb_cam/include/usb_cam/utils.hpp
[24.946s] -- Installing: /home/zxq/laser_ws/install/usb_cam/include/usb_cam/conversions.hpp
[24.946s] -- Up-to-date: /home/zxq/laser_ws/install/usb_cam/lib/libusb_cam_node.so
[24.947s] -- Installing: /home/zxq/laser_ws/install/usb_cam/share/usb_cam/launch
[24.947s] -- Installing: /home/zxq/laser_ws/install/usb_cam/share/usb_cam/launch/camera.launch.py
[24.947s] -- Installing: /home/zxq/laser_ws/install/usb_cam/share/usb_cam/launch/__init__.py
[24.947s] -- Installing: /home/zxq/laser_ws/install/usb_cam/share/usb_cam/launch/camera_config.py
[24.947s] -- Installing: /home/zxq/laser_ws/install/usb_cam/share/usb_cam/config
[24.947s] -- Installing: /home/zxq/laser_ws/install/usb_cam/share/usb_cam/config/camera_info.yaml
[24.947s] -- Installing: /home/zxq/laser_ws/install/usb_cam/share/usb_cam/config/params_1.yaml
[24.948s] -- Installing: /home/zxq/laser_ws/install/usb_cam/share/usb_cam/config/params_2.yaml
[24.948s] -- Installing: /home/zxq/laser_ws/install/usb_cam/share/ament_index/resource_index/package_run_dependencies/usb_cam
[24.948s] -- Installing: /home/zxq/laser_ws/install/usb_cam/share/ament_index/resource_index/parent_prefix_path/usb_cam
[24.948s] -- Installing: /home/zxq/laser_ws/install/usb_cam/share/usb_cam/environment/ament_prefix_path.sh
[24.948s] -- Installing: /home/zxq/laser_ws/install/usb_cam/share/usb_cam/environment/ament_prefix_path.dsv
[24.949s] -- Installing: /home/zxq/laser_ws/install/usb_cam/share/usb_cam/environment/path.sh
[24.949s] -- Installing: /home/zxq/laser_ws/install/usb_cam/share/usb_cam/environment/path.dsv
[24.949s] -- Installing: /home/zxq/laser_ws/install/usb_cam/share/usb_cam/local_setup.bash
[24.949s] -- Installing: /home/zxq/laser_ws/install/usb_cam/share/usb_cam/local_setup.sh
[24.949s] -- Installing: /home/zxq/laser_ws/install/usb_cam/share/usb_cam/local_setup.zsh
[24.949s] -- Installing: /home/zxq/laser_ws/install/usb_cam/share/usb_cam/local_setup.dsv
[24.950s] -- Installing: /home/zxq/laser_ws/install/usb_cam/share/usb_cam/package.dsv
[24.950s] -- Installing: /home/zxq/laser_ws/install/usb_cam/share/ament_index/resource_index/packages/usb_cam
[24.950s] -- Installing: /home/zxq/laser_ws/install/usb_cam/share/ament_index/resource_index/rclcpp_components/usb_cam
[24.950s] -- Installing: /home/zxq/laser_ws/install/usb_cam/share/usb_cam/cmake/ament_cmake_export_libraries-extras.cmake
[24.950s] -- Installing: /home/zxq/laser_ws/install/usb_cam/share/usb_cam/cmake/ament_cmake_export_dependencies-extras.cmake
[24.950s] -- Installing: /home/zxq/laser_ws/install/usb_cam/share/usb_cam/cmake/ament_cmake_export_include_directories-extras.cmake
[24.951s] -- Installing: /home/zxq/laser_ws/install/usb_cam/share/usb_cam/cmake/usb_camConfig.cmake
[24.951s] -- Installing: /home/zxq/laser_ws/install/usb_cam/share/usb_cam/cmake/usb_camConfig-version.cmake
[24.951s] -- Installing: /home/zxq/laser_ws/install/usb_cam/share/usb_cam/package.xml
[24.959s] Invoked command in '/home/zxq/laser_ws/build/usb_cam' returned '0': CMAKE_PREFIX_PATH=${CMAKE_PREFIX_PATH}:/home/zxq/laser_ws/install/my_python_node:/opt/ros/humble CONDA_PROMPT_MODIFIER=(base) /usr/bin/cmake --install /home/zxq/laser_ws/build/usb_cam
