[1.112s] Invoking command in '/home/zxq/laser_ws/src/my_python_node': PYTHONPATH=/home/zxq/laser_ws/build/my_python_node/prefix_override:/usr/lib/python3/dist-packages/colcon_core/task/python/colcon_distutils_commands:/home/zxq/laser_ws/install/my_python_node/lib/python3.10/site-packages: /usr/bin/python3 -W ignore:setup.py install is deprecated setup.py egg_info --egg-base ../../build/my_python_node build --build-base /home/zxq/laser_ws/build/my_python_node/build install --record /home/zxq/laser_ws/build/my_python_node/install.log --single-version-externally-managed install_data
[1.393s] running egg_info
[1.394s] writing ../../build/my_python_node/my_python_node.egg-info/PKG-INFO
[1.394s] writing dependency_links to ../../build/my_python_node/my_python_node.egg-info/dependency_links.txt
[1.394s] writing entry points to ../../build/my_python_node/my_python_node.egg-info/entry_points.txt
[1.394s] writing requirements to ../../build/my_python_node/my_python_node.egg-info/requires.txt
[1.395s] writing top-level names to ../../build/my_python_node/my_python_node.egg-info/top_level.txt
[1.397s] reading manifest file '../../build/my_python_node/my_python_node.egg-info/SOURCES.txt'
[1.399s] writing manifest file '../../build/my_python_node/my_python_node.egg-info/SOURCES.txt'
[1.399s] running build
[1.399s] running build_py
[1.400s] copying my_python_node/listener.py -> /home/zxq/laser_ws/build/my_python_node/build/lib/my_python_node
[1.400s] running install
[1.401s] running install_lib
[1.402s] copying /home/zxq/laser_ws/build/my_python_node/build/lib/my_python_node/listener.py -> /home/zxq/laser_ws/install/my_python_node/lib/python3.10/site-packages/my_python_node
[1.402s] byte-compiling /home/zxq/laser_ws/install/my_python_node/lib/python3.10/site-packages/my_python_node/listener1 (copy 1).py to listener1 (copy 1).cpython-310.pyc
[1.405s] Sorry: IndentationError: unexpected indent (listener1 (copy 1).py, line 180)
[1.405s] byte-compiling /home/zxq/laser_ws/install/my_python_node/lib/python3.10/site-packages/my_python_node/listener.py to listener.cpython-310.pyc
[1.407s] running install_data
[1.408s] running install_egg_info
[1.411s] removing '/home/zxq/laser_ws/install/my_python_node/lib/python3.10/site-packages/my_python_node-0.0.0-py3.10.egg-info' (and everything under it)
[1.411s] Copying ../../build/my_python_node/my_python_node.egg-info to /home/zxq/laser_ws/install/my_python_node/lib/python3.10/site-packages/my_python_node-0.0.0-py3.10.egg-info
[1.413s] running install_scripts
[1.444s] Installing listener script to /home/zxq/laser_ws/install/my_python_node/lib/my_python_node
[1.445s] writing list of installed files to '/home/zxq/laser_ws/build/my_python_node/install.log'
[1.509s] Invoked command in '/home/zxq/laser_ws/src/my_python_node' returned '0': PYTHONPATH=/home/zxq/laser_ws/build/my_python_node/prefix_override:/usr/lib/python3/dist-packages/colcon_core/task/python/colcon_distutils_commands:/home/zxq/laser_ws/install/my_python_node/lib/python3.10/site-packages: /usr/bin/python3 -W ignore:setup.py install is deprecated setup.py egg_info --egg-base ../../build/my_python_node build --build-base /home/zxq/laser_ws/build/my_python_node/build install --record /home/zxq/laser_ws/build/my_python_node/install.log --single-version-externally-managed install_data
