[0.536s] Invoking command in '/home/zxq/laser_ws/build/rs_driver': CONDA_PROMPT_MODIFIER=(base) /usr/bin/cmake --build /home/zxq/laser_ws/build/rs_driver -- -j8 -l8
[0.631s] Invoked command in '/home/zxq/laser_ws/build/rs_driver' returned '0': CONDA_PROMPT_MODIFIER=(base) /usr/bin/cmake --build /home/zxq/laser_ws/build/rs_driver -- -j8 -l8
[0.720s] Invoking command in '/home/zxq/laser_ws/build/rs_driver': CONDA_PROMPT_MODIFIER=(base) /usr/bin/cmake --install /home/zxq/laser_ws/build/rs_driver
[0.751s] -- Install configuration: "Release"
[0.755s] -- Up-to-date: /usr/local/lib/cmake/rs_driver/rs_driverConfig.cmake
[0.755s] -- Up-to-date: /usr/local/lib/cmake/rs_driver/rs_driverConfigVersion.cmake
[0.755s] -- Up-to-date: /usr/local/rs_driver/include
[0.756s] -- Up-to-date: /usr/local/rs_driver/include/rs_driver
[0.757s] -- Up-to-date: /usr/local/rs_driver/include/rs_driver/macro
[0.757s] -- Up-to-date: /usr/local/rs_driver/include/rs_driver/utility
[0.758s] -- Up-to-date: /usr/local/rs_driver/include/rs_driver/common
[0.758s] -- Up-to-date: /usr/local/rs_driver/include/rs_driver/api
[0.759s] -- Up-to-date: /usr/local/rs_driver/include/rs_driver/msg
[0.759s] -- Up-to-date: /usr/local/rs_driver/include/rs_driver/driver
[0.760s] -- Up-to-date: /usr/local/rs_driver/include/rs_driver/driver/input
[0.760s] -- Up-to-date: /usr/local/rs_driver/include/rs_driver/driver/input/unix
[0.761s] -- Up-to-date: /usr/local/rs_driver/include/rs_driver/driver/input/win
[0.761s] -- Up-to-date: /usr/local/rs_driver/include/rs_driver/driver/decoder
[0.762s] -- Up-to-date: /usr/local/rs_driver/include
[0.762s] -- Up-to-date: /usr/local/rs_driver/include/rs_driver
[0.763s] -- Up-to-date: /usr/local/rs_driver/include/rs_driver/macro
[0.764s] -- Up-to-date: /usr/local/rs_driver/include/rs_driver/macro/version.hpp
[0.766s] -- Up-to-date: /usr/local/rs_driver/include/rs_driver/utility
[0.766s] -- Up-to-date: /usr/local/rs_driver/include/rs_driver/utility/buffer.hpp
[0.767s] -- Up-to-date: /usr/local/rs_driver/include/rs_driver/utility/sync_queue.hpp
[0.767s] -- Up-to-date: /usr/local/rs_driver/include/rs_driver/utility/dbg.hpp
[0.768s] -- Up-to-date: /usr/local/rs_driver/include/rs_driver/common
[0.768s] -- Up-to-date: /usr/local/rs_driver/include/rs_driver/common/rs_common.hpp
[0.769s] -- Up-to-date: /usr/local/rs_driver/include/rs_driver/common/error_code.hpp
[0.769s] -- Up-to-date: /usr/local/rs_driver/include/rs_driver/common/rs_log.hpp
[0.770s] -- Up-to-date: /usr/local/rs_driver/include/rs_driver/api
[0.770s] -- Up-to-date: /usr/local/rs_driver/include/rs_driver/api/lidar_driver.hpp
[0.771s] -- Up-to-date: /usr/local/rs_driver/include/rs_driver/msg
[0.771s] -- Up-to-date: /usr/local/rs_driver/include/rs_driver/msg/point_cloud_msg.hpp
[0.772s] -- Up-to-date: /usr/local/rs_driver/include/rs_driver/msg/packet.hpp
[0.772s] -- Up-to-date: /usr/local/rs_driver/include/rs_driver/msg/pcl_point_cloud_msg.hpp
[0.773s] -- Up-to-date: /usr/local/rs_driver/include/rs_driver/driver
[0.773s] -- Up-to-date: /usr/local/rs_driver/include/rs_driver/driver/driver_param.hpp
[0.774s] -- Up-to-date: /usr/local/rs_driver/include/rs_driver/driver/input
[0.774s] -- Up-to-date: /usr/local/rs_driver/include/rs_driver/driver/input/input_raw_jumbo.hpp
[0.774s] -- Up-to-date: /usr/local/rs_driver/include/rs_driver/driver/input/unix
[0.775s] -- Up-to-date: /usr/local/rs_driver/include/rs_driver/driver/input/unix/input_sock_select.hpp
[0.776s] -- Up-to-date: /usr/local/rs_driver/include/rs_driver/driver/input/unix/input_sock_epoll.hpp
[0.776s] -- Up-to-date: /usr/local/rs_driver/include/rs_driver/driver/input/input_factory.hpp
[0.776s] -- Up-to-date: /usr/local/rs_driver/include/rs_driver/driver/input/input_sock.hpp
[0.777s] -- Up-to-date: /usr/local/rs_driver/include/rs_driver/driver/input/input_pcap.hpp
[0.777s] -- Up-to-date: /usr/local/rs_driver/include/rs_driver/driver/input/input_sock_jumbo.hpp
[0.778s] -- Up-to-date: /usr/local/rs_driver/include/rs_driver/driver/input/input_raw.hpp
[0.778s] -- Up-to-date: /usr/local/rs_driver/include/rs_driver/driver/input/input.hpp
[0.782s] -- Up-to-date: /usr/local/rs_driver/include/rs_driver/driver/input/win
[0.782s] -- Up-to-date: /usr/local/rs_driver/include/rs_driver/driver/input/win/input_sock_select.hpp
[0.783s] -- Up-to-date: /usr/local/rs_driver/include/rs_driver/driver/input/input_pcap_jumbo.hpp
[0.784s] -- Up-to-date: /usr/local/rs_driver/include/rs_driver/driver/input/jumbo.hpp
[0.784s] -- Up-to-date: /usr/local/rs_driver/include/rs_driver/driver/lidar_driver_impl.hpp
[0.787s] -- Up-to-date: /usr/local/rs_driver/include/rs_driver/driver/decoder
[0.788s] -- Up-to-date: /usr/local/rs_driver/include/rs_driver/driver/decoder/decoder_RSM1_Jumbo.hpp
[0.789s] -- Up-to-date: /usr/local/rs_driver/include/rs_driver/driver/decoder/trigon.hpp
[0.789s] -- Up-to-date: /usr/local/rs_driver/include/rs_driver/driver/decoder/decoder_RS48.hpp
[0.790s] -- Up-to-date: /usr/local/rs_driver/include/rs_driver/driver/decoder/member_checker.hpp
[0.790s] -- Up-to-date: /usr/local/rs_driver/include/rs_driver/driver/decoder/decoder_RSBP.hpp
[0.791s] -- Up-to-date: /usr/local/rs_driver/include/rs_driver/driver/decoder/decoder_RSP48.hpp
[0.791s] -- Up-to-date: /usr/local/rs_driver/include/rs_driver/driver/decoder/decoder_mech.hpp
[0.792s] -- Up-to-date: /usr/local/rs_driver/include/rs_driver/driver/decoder/decoder_RSM3.hpp
[0.795s] -- Up-to-date: /usr/local/rs_driver/include/rs_driver/driver/decoder/decoder.hpp
[0.796s] -- Up-to-date: /usr/local/rs_driver/include/rs_driver/driver/decoder/decoder_factory.hpp
[0.797s] -- Up-to-date: /usr/local/rs_driver/include/rs_driver/driver/decoder/decoder_RSM1.hpp
[0.799s] -- Up-to-date: /usr/local/rs_driver/include/rs_driver/driver/decoder/basic_attr.hpp
[0.802s] -- Up-to-date: /usr/local/rs_driver/include/rs_driver/driver/decoder/section.hpp
[0.803s] -- Up-to-date: /usr/local/rs_driver/include/rs_driver/driver/decoder/decoder_RS32.hpp
[0.804s] -- Up-to-date: /usr/local/rs_driver/include/rs_driver/driver/decoder/chan_angles.hpp
[0.804s] -- Up-to-date: /usr/local/rs_driver/include/rs_driver/driver/decoder/decoder_RS128.hpp
[0.804s] -- Up-to-date: /usr/local/rs_driver/include/rs_driver/driver/decoder/decoder_RSHELIOS.hpp
[0.804s] -- Up-to-date: /usr/local/rs_driver/include/rs_driver/driver/decoder/split_strategy.hpp
[0.804s] -- Up-to-date: /usr/local/rs_driver/include/rs_driver/driver/decoder/decoder_RSE1.hpp
[0.804s] -- Up-to-date: /usr/local/rs_driver/include/rs_driver/driver/decoder/decoder_RS80.hpp
[0.804s] -- Up-to-date: /usr/local/rs_driver/include/rs_driver/driver/decoder/decoder_RSP80.hpp
[0.804s] -- Up-to-date: /usr/local/rs_driver/include/rs_driver/driver/decoder/decoder_RSMX.hpp
[0.804s] -- Up-to-date: /usr/local/rs_driver/include/rs_driver/driver/decoder/block_iterator.hpp
[0.804s] -- Up-to-date: /usr/local/rs_driver/include/rs_driver/driver/decoder/decoder_RSM2.hpp
[0.805s] -- Up-to-date: /usr/local/rs_driver/include/rs_driver/driver/decoder/decoder_RSHELIOS_16P.hpp
[0.805s] -- Up-to-date: /usr/local/rs_driver/include/rs_driver/driver/decoder/decoder_RSP128.hpp
[0.805s] -- Up-to-date: /usr/local/rs_driver/include/rs_driver/driver/decoder/decoder_RS16.hpp
[0.806s] Invoked command in '/home/zxq/laser_ws/build/rs_driver' returned '0': CONDA_PROMPT_MODIFIER=(base) /usr/bin/cmake --install /home/zxq/laser_ws/build/rs_driver
