[0.553s] Invoking command in '/home/zxq/laser_ws/build/usb_cam': CMAKE_PREFIX_PATH=/home/zxq/laser_ws/install/my_python_node:/opt/ros/humble:${CMAKE_PREFIX_PATH} CONDA_PROMPT_MODIFIER=(base) /usr/bin/cmake --build /home/zxq/laser_ws/build/usb_cam -- -j8 -l8
[0.721s] [ 14%] Built target gtest
[0.738s] [ 28%] Built target usb_cam
[0.741s] [ 42%] Built target gtest_main
[0.810s] [ 57%] Built target test_usb_cam_utils
[0.812s] [ 71%] Built target usb_cam_node_exe
[0.818s] [ 85%] Built target test_pixel_formats
[0.846s] [100%] Built target usb_cam_node
[0.884s] Invoked command in '/home/zxq/laser_ws/build/usb_cam' returned '0': CMAKE_PREFIX_PATH=/home/zxq/laser_ws/install/my_python_node:/opt/ros/humble:${CMAKE_PREFIX_PATH} CONDA_PROMPT_MODIFIER=(base) /usr/bin/cmake --build /home/zxq/laser_ws/build/usb_cam -- -j8 -l8
[0.994s] Invoking command in '/home/zxq/laser_ws/build/usb_cam': CMAKE_PREFIX_PATH=/home/zxq/laser_ws/install/my_python_node:/opt/ros/humble:${CMAKE_PREFIX_PATH} CONDA_PROMPT_MODIFIER=(base) /usr/bin/cmake --install /home/zxq/laser_ws/build/usb_cam
[1.022s] -- Install configuration: ""
[1.022s] -- Up-to-date: /home/zxq/laser_ws/install/usb_cam/share/usb_cam/environment/library_path.sh
[1.023s] -- Up-to-date: /home/zxq/laser_ws/install/usb_cam/share/usb_cam/environment/library_path.dsv
[1.023s] -- Up-to-date: /home/zxq/laser_ws/install/usb_cam/lib/usb_cam/usb_cam_node_exe
[1.025s] -- Up-to-date: /home/zxq/laser_ws/install/usb_cam/lib/usb_cam/show_image.py
[1.026s] -- Up-to-date: /home/zxq/laser_ws/install/usb_cam/lib/libusb_cam.so
[1.029s] -- Up-to-date: /home/zxq/laser_ws/install/usb_cam/lib/libusb_cam_node.so
[1.029s] -- Up-to-date: /home/zxq/laser_ws/install/usb_cam/include
[1.035s] -- Up-to-date: /home/zxq/laser_ws/install/usb_cam/include/usb_cam
[1.036s] -- Up-to-date: /home/zxq/laser_ws/install/usb_cam/include/usb_cam/usb_cam.hpp
[1.037s] -- Up-to-date: /home/zxq/laser_ws/install/usb_cam/include/usb_cam/constants.hpp
[1.038s] -- Up-to-date: /home/zxq/laser_ws/install/usb_cam/include/usb_cam/formats
[1.039s] -- Up-to-date: /home/zxq/laser_ws/install/usb_cam/include/usb_cam/formats/uyvy.hpp
[1.040s] -- Up-to-date: /home/zxq/laser_ws/install/usb_cam/include/usb_cam/formats/mjpeg.hpp
[1.041s] -- Up-to-date: /home/zxq/laser_ws/install/usb_cam/include/usb_cam/formats/rgb.hpp
[1.043s] -- Up-to-date: /home/zxq/laser_ws/install/usb_cam/include/usb_cam/formats/m420.hpp
[1.043s] -- Up-to-date: /home/zxq/laser_ws/install/usb_cam/include/usb_cam/formats/mono.hpp
[1.043s] -- Up-to-date: /home/zxq/laser_ws/install/usb_cam/include/usb_cam/formats/pixel_format_base.hpp
[1.043s] -- Up-to-date: /home/zxq/laser_ws/install/usb_cam/include/usb_cam/formats/utils.hpp
[1.045s] -- Up-to-date: /home/zxq/laser_ws/install/usb_cam/include/usb_cam/formats/yuyv.hpp
[1.045s] -- Up-to-date: /home/zxq/laser_ws/install/usb_cam/include/usb_cam/formats/av_pixel_format_helper.hpp
[1.046s] -- Up-to-date: /home/zxq/laser_ws/install/usb_cam/include/usb_cam/usb_cam_node.hpp
[1.046s] -- Up-to-date: /home/zxq/laser_ws/install/usb_cam/include/usb_cam/utils.hpp
[1.047s] -- Up-to-date: /home/zxq/laser_ws/install/usb_cam/include/usb_cam/conversions.hpp
[1.047s] -- Up-to-date: /home/zxq/laser_ws/install/usb_cam/lib/libusb_cam_node.so
[1.048s] -- Up-to-date: /home/zxq/laser_ws/install/usb_cam/share/usb_cam/launch
[1.049s] -- Up-to-date: /home/zxq/laser_ws/install/usb_cam/share/usb_cam/launch/camera.launch.py
[1.050s] -- Up-to-date: /home/zxq/laser_ws/install/usb_cam/share/usb_cam/launch/__init__.py
[1.053s] -- Up-to-date: /home/zxq/laser_ws/install/usb_cam/share/usb_cam/launch/camera_config.py
[1.053s] -- Up-to-date: /home/zxq/laser_ws/install/usb_cam/share/usb_cam/config
[1.054s] -- Up-to-date: /home/zxq/laser_ws/install/usb_cam/share/usb_cam/config/camera_info.yaml
[1.054s] -- Installing: /home/zxq/laser_ws/install/usb_cam/share/usb_cam/config/params_1.yaml
[1.055s] -- Up-to-date: /home/zxq/laser_ws/install/usb_cam/share/usb_cam/config/params_2.yaml
[1.056s] -- Up-to-date: /home/zxq/laser_ws/install/usb_cam/share/ament_index/resource_index/package_run_dependencies/usb_cam
[1.056s] -- Up-to-date: /home/zxq/laser_ws/install/usb_cam/share/ament_index/resource_index/parent_prefix_path/usb_cam
[1.057s] -- Up-to-date: /home/zxq/laser_ws/install/usb_cam/share/usb_cam/environment/ament_prefix_path.sh
[1.059s] -- Up-to-date: /home/zxq/laser_ws/install/usb_cam/share/usb_cam/environment/ament_prefix_path.dsv
[1.059s] -- Up-to-date: /home/zxq/laser_ws/install/usb_cam/share/usb_cam/environment/path.sh
[1.060s] -- Up-to-date: /home/zxq/laser_ws/install/usb_cam/share/usb_cam/environment/path.dsv
[1.060s] -- Up-to-date: /home/zxq/laser_ws/install/usb_cam/share/usb_cam/local_setup.bash
[1.061s] -- Up-to-date: /home/zxq/laser_ws/install/usb_cam/share/usb_cam/local_setup.sh
[1.061s] -- Up-to-date: /home/zxq/laser_ws/install/usb_cam/share/usb_cam/local_setup.zsh
[1.062s] -- Up-to-date: /home/zxq/laser_ws/install/usb_cam/share/usb_cam/local_setup.dsv
[1.062s] -- Installing: /home/zxq/laser_ws/install/usb_cam/share/usb_cam/package.dsv
[1.063s] -- Up-to-date: /home/zxq/laser_ws/install/usb_cam/share/ament_index/resource_index/packages/usb_cam
[1.065s] -- Up-to-date: /home/zxq/laser_ws/install/usb_cam/share/ament_index/resource_index/rclcpp_components/usb_cam
[1.067s] -- Up-to-date: /home/zxq/laser_ws/install/usb_cam/share/usb_cam/cmake/ament_cmake_export_libraries-extras.cmake
[1.068s] -- Up-to-date: /home/zxq/laser_ws/install/usb_cam/share/usb_cam/cmake/ament_cmake_export_dependencies-extras.cmake
[1.068s] -- Up-to-date: /home/zxq/laser_ws/install/usb_cam/share/usb_cam/cmake/ament_cmake_export_include_directories-extras.cmake
[1.070s] -- Up-to-date: /home/zxq/laser_ws/install/usb_cam/share/usb_cam/cmake/usb_camConfig.cmake
[1.071s] -- Up-to-date: /home/zxq/laser_ws/install/usb_cam/share/usb_cam/cmake/usb_camConfig-version.cmake
[1.072s] -- Up-to-date: /home/zxq/laser_ws/install/usb_cam/share/usb_cam/package.xml
[1.073s] Invoked command in '/home/zxq/laser_ws/build/usb_cam' returned '0': CMAKE_PREFIX_PATH=/home/zxq/laser_ws/install/my_python_node:/opt/ros/humble:${CMAKE_PREFIX_PATH} CONDA_PROMPT_MODIFIER=(base) /usr/bin/cmake --install /home/zxq/laser_ws/build/usb_cam
