[1.216s] Invoking command in '/home/zxq/laser_ws/src/my_python_node': PYTHONPATH=/home/zxq/laser_ws/build/my_python_node/prefix_override:/usr/lib/python3/dist-packages/colcon_core/task/python/colcon_distutils_commands:/home/zxq/laser_ws/install/my_python_node/lib/python3.10/site-packages: /usr/bin/python3 -W ignore:setup.py install is deprecated setup.py egg_info --egg-base ../../build/my_python_node build --build-base /home/zxq/laser_ws/build/my_python_node/build install --record /home/zxq/laser_ws/build/my_python_node/install.log --single-version-externally-managed install_data
[1.493s] running egg_info
[1.493s] writing ../../build/my_python_node/my_python_node.egg-info/PKG-INFO
[1.494s] writing dependency_links to ../../build/my_python_node/my_python_node.egg-info/dependency_links.txt
[1.494s] writing entry points to ../../build/my_python_node/my_python_node.egg-info/entry_points.txt
[1.495s] writing requirements to ../../build/my_python_node/my_python_node.egg-info/requires.txt
[1.495s] writing top-level names to ../../build/my_python_node/my_python_node.egg-info/top_level.txt
[1.497s] reading manifest file '../../build/my_python_node/my_python_node.egg-info/SOURCES.txt'
[1.498s] writing manifest file '../../build/my_python_node/my_python_node.egg-info/SOURCES.txt'
[1.498s] running build
[1.499s] running build_py
[1.499s] copying my_python_node/listener.py -> /home/zxq/laser_ws/build/my_python_node/build/lib/my_python_node
[1.499s] running install
[1.500s] running install_lib
[1.500s] copying /home/zxq/laser_ws/build/my_python_node/build/lib/my_python_node/listener.py -> /home/zxq/laser_ws/install/my_python_node/lib/python3.10/site-packages/my_python_node
[1.501s] byte-compiling /home/zxq/laser_ws/install/my_python_node/lib/python3.10/site-packages/my_python_node/listener1.py to listener1.cpython-310.pyc
[1.503s]   File "/home/zxq/laser_ws/install/my_python_node/lib/python3.10/site-packages/my_python_node/listener1.py", line 161
[1.503s]     def main("/laser3d/pointcloud"):
[1.503s]              ^^^^^^^^^^^^^^^^^^^^^
[1.504s] SyntaxError: invalid syntax
[1.504s] 
[1.505s] byte-compiling /home/zxq/laser_ws/install/my_python_node/lib/python3.10/site-packages/my_python_node/listener.py to listener.cpython-310.pyc
[1.505s] running install_data
[1.505s] running install_egg_info
[1.506s] removing '/home/zxq/laser_ws/install/my_python_node/lib/python3.10/site-packages/my_python_node-0.0.0-py3.10.egg-info' (and everything under it)
[1.507s] Copying ../../build/my_python_node/my_python_node.egg-info to /home/zxq/laser_ws/install/my_python_node/lib/python3.10/site-packages/my_python_node-0.0.0-py3.10.egg-info
[1.508s] running install_scripts
[1.537s] Installing listener script to /home/zxq/laser_ws/install/my_python_node/lib/my_python_node
[1.537s] writing list of installed files to '/home/zxq/laser_ws/build/my_python_node/install.log'
[1.591s] Invoked command in '/home/zxq/laser_ws/src/my_python_node' returned '0': PYTHONPATH=/home/zxq/laser_ws/build/my_python_node/prefix_override:/usr/lib/python3/dist-packages/colcon_core/task/python/colcon_distutils_commands:/home/zxq/laser_ws/install/my_python_node/lib/python3.10/site-packages: /usr/bin/python3 -W ignore:setup.py install is deprecated setup.py egg_info --egg-base ../../build/my_python_node build --build-base /home/zxq/laser_ws/build/my_python_node/build install --record /home/zxq/laser_ws/build/my_python_node/install.log --single-version-externally-managed install_data
