[0.022s] Invoking command in '/home/zxq/laser_ws/build/rslidar_sdk': CMAKE_PREFIX_PATH=/home/zxq/laser_ws/install/rslidar_msg:/home/zxq/laser_ws/install/rslidar_sdk:/home/zxq/laser_ws/install/my_python_node:/home/zxq/laser_ws/install/demo_print_py:/opt/ros/humble /usr/bin/cmake /home/zxq/laser_ws/src/rslidar_sdk -DCMAKE_INSTALL_PREFIX=/home/zxq/laser_ws/install/rslidar_sdk
[0.181s] -- The C compiler identification is GNU 12.3.0
[0.327s] -- The CXX compiler identification is GNU 12.3.0
[0.357s] -- Detecting C compiler ABI info
[0.614s] -- Detecting C compiler ABI info - done
[0.635s] -- Check for working C compiler: /usr/bin/cc - skipped
[0.636s] -- Detecting C compile features
[0.637s] -- Detecting C compile features - done
[0.641s] -- Detecting CXX compiler ABI info
[0.880s] -- Detecting CXX compiler ABI info - done
[0.903s] -- Check for working CXX compiler: /usr/bin/c++ - skipped
[0.904s] -- Detecting CXX compile features
[0.904s] -- Detecting CXX compile features - done
[0.905s] [0m=============================================================[0m
[0.905s] [0m-- POINT_TYPE is XYZI[0m
[0.906s] [0m=============================================================[0m
[0.949s] [0m=============================================================[0m
[0.949s] [0m-- ROS Not Found. ROS Support is turned Off.[0m
[0.950s] [0m=============================================================[0m
[1.347s] -- Found Python3: /usr/bin/python3 (found version "3.10.12") found components: Interpreter 
[1.632s] -- Found rosidl_generator_c: 3.1.5 (/opt/ros/humble/share/rosidl_generator_c/cmake)
[1.640s] -- Found rosidl_adapter: 3.1.5 (/opt/ros/humble/share/rosidl_adapter/cmake)
[1.654s] -- Found rosidl_generator_cpp: 3.1.5 (/opt/ros/humble/share/rosidl_generator_cpp/cmake)
[1.672s] -- Using all available rosidl_typesupport_c: rosidl_typesupport_fastrtps_c;rosidl_typesupport_introspection_c
[1.696s] -- Using all available rosidl_typesupport_cpp: rosidl_typesupport_fastrtps_cpp;rosidl_typesupport_introspection_cpp
[1.765s] -- Found rmw_implementation_cmake: 6.1.2 (/opt/ros/humble/share/rmw_implementation_cmake/cmake)
[1.768s] -- Found rmw_fastrtps_cpp: 6.2.7 (/opt/ros/humble/share/rmw_fastrtps_cpp/cmake)
[1.991s] -- Found OpenSSL: /usr/lib/aarch64-linux-gnu/libcrypto.so (found version "3.0.2")  
[2.072s] -- Found FastRTPS: /opt/ros/humble/include  
[2.206s] -- Using RMW implementation 'rmw_fastrtps_cpp' as default
[2.220s] -- Looking for pthread.h
[2.427s] -- Looking for pthread.h - found
[2.428s] -- Performing Test CMAKE_HAVE_LIBC_PTHREAD
[2.673s] -- Performing Test CMAKE_HAVE_LIBC_PTHREAD - Success
[2.678s] -- Found Threads: TRUE  
[2.767s] [0m=============================================================[0m
[2.768s] [0m-- ROS2 Found. ROS2 Support is turned On.[0m
[2.768s] [0m=============================================================[0m
[2.771s] -- Found sensor_msgs: 4.2.4 (/opt/ros/humble/share/sensor_msgs/cmake)
[2.818s] -- Found rslidar_msg: 0.0.0 (/home/zxq/laser_ws/install/rslidar_msg/share/rslidar_msg/cmake)
[2.845s] [0m=============================================================[0m
[2.846s] [0m-- CMake run for UNIX GNU Compiler[0m
[2.846s] [0m=============================================================[0m
[2.847s] [0m=============================================================[0m
[2.847s] [0m-- rs_driver Version : v1.5.16[0m
[2.847s] [0m=============================================================[0m
[3.034s] -- Configuring done
[3.056s] -- Generating done
[3.059s] -- Build files have been written to: /home/zxq/laser_ws/build/rslidar_sdk
[3.090s] Invoked command in '/home/zxq/laser_ws/build/rslidar_sdk' returned '0': CMAKE_PREFIX_PATH=/home/zxq/laser_ws/install/rslidar_msg:/home/zxq/laser_ws/install/rslidar_sdk:/home/zxq/laser_ws/install/my_python_node:/home/zxq/laser_ws/install/demo_print_py:/opt/ros/humble /usr/bin/cmake /home/zxq/laser_ws/src/rslidar_sdk -DCMAKE_INSTALL_PREFIX=/home/zxq/laser_ws/install/rslidar_sdk
[3.092s] Invoking command in '/home/zxq/laser_ws/build/rslidar_sdk': CMAKE_PREFIX_PATH=/home/zxq/laser_ws/install/rslidar_msg:/home/zxq/laser_ws/install/rslidar_sdk:/home/zxq/laser_ws/install/my_python_node:/home/zxq/laser_ws/install/demo_print_py:/opt/ros/humble /usr/bin/cmake --build /home/zxq/laser_ws/build/rslidar_sdk -- -j8 -l8
[3.256s] [ 33%] [32mBuilding CXX object CMakeFiles/rslidar_sdk_node.dir/node/rslidar_sdk_node.cpp.o[0m
[3.270s] [ 66%] [32mBuilding CXX object CMakeFiles/rslidar_sdk_node.dir/src/manager/node_manager.cpp.o[0m
[42.773s] [100%] [32m[1mLinking CXX executable rslidar_sdk_node[0m
[43.183s] [100%] Built target rslidar_sdk_node
[43.239s] Invoked command in '/home/zxq/laser_ws/build/rslidar_sdk' returned '0': CMAKE_PREFIX_PATH=/home/zxq/laser_ws/install/rslidar_msg:/home/zxq/laser_ws/install/rslidar_sdk:/home/zxq/laser_ws/install/my_python_node:/home/zxq/laser_ws/install/demo_print_py:/opt/ros/humble /usr/bin/cmake --build /home/zxq/laser_ws/build/rslidar_sdk -- -j8 -l8
[43.328s] Invoking command in '/home/zxq/laser_ws/build/rslidar_sdk': CMAKE_PREFIX_PATH=/home/zxq/laser_ws/install/rslidar_msg:/home/zxq/laser_ws/install/rslidar_sdk:/home/zxq/laser_ws/install/my_python_node:/home/zxq/laser_ws/install/demo_print_py:/opt/ros/humble /usr/bin/cmake --install /home/zxq/laser_ws/build/rslidar_sdk
[43.346s] -- Install configuration: "Release"
[43.347s] -- Installing: /home/zxq/laser_ws/install/rslidar_sdk/lib/rslidar_sdk/rslidar_sdk_node
[43.350s] -- Set runtime path of "/home/zxq/laser_ws/install/rslidar_sdk/lib/rslidar_sdk/rslidar_sdk_node" to ""
[43.351s] -- Installing: /home/zxq/laser_ws/install/rslidar_sdk/share/rslidar_sdk/launch
[43.352s] -- Installing: /home/zxq/laser_ws/install/rslidar_sdk/share/rslidar_sdk/launch/config.yaml
[43.352s] -- Installing: /home/zxq/laser_ws/install/rslidar_sdk/share/rslidar_sdk/launch/start.launch
[43.353s] -- Installing: /home/zxq/laser_ws/install/rslidar_sdk/share/rslidar_sdk/launch/elequent_start.py
[43.353s] -- Installing: /home/zxq/laser_ws/install/rslidar_sdk/share/rslidar_sdk/launch/start.py
[43.353s] -- Installing: /home/zxq/laser_ws/install/rslidar_sdk/share/rslidar_sdk/rviz
[43.354s] -- Installing: /home/zxq/laser_ws/install/rslidar_sdk/share/rslidar_sdk/rviz/rviz.rviz
[43.354s] -- Installing: /home/zxq/laser_ws/install/rslidar_sdk/share/rslidar_sdk/rviz/rviz2.rviz
[43.354s] -- Installing: /home/zxq/laser_ws/install/rslidar_sdk/share/ament_index/resource_index/package_run_dependencies/rslidar_sdk
[43.355s] -- Installing: /home/zxq/laser_ws/install/rslidar_sdk/share/ament_index/resource_index/parent_prefix_path/rslidar_sdk
[43.355s] -- Installing: /home/zxq/laser_ws/install/rslidar_sdk/share/rslidar_sdk/environment/ament_prefix_path.sh
[43.356s] -- Installing: /home/zxq/laser_ws/install/rslidar_sdk/share/rslidar_sdk/environment/ament_prefix_path.dsv
[43.356s] -- Installing: /home/zxq/laser_ws/install/rslidar_sdk/share/rslidar_sdk/environment/path.sh
[43.356s] -- Installing: /home/zxq/laser_ws/install/rslidar_sdk/share/rslidar_sdk/environment/path.dsv
[43.357s] -- Installing: /home/zxq/laser_ws/install/rslidar_sdk/share/rslidar_sdk/local_setup.bash
[43.357s] -- Installing: /home/zxq/laser_ws/install/rslidar_sdk/share/rslidar_sdk/local_setup.sh
[43.358s] -- Installing: /home/zxq/laser_ws/install/rslidar_sdk/share/rslidar_sdk/local_setup.zsh
[43.360s] -- Installing: /home/zxq/laser_ws/install/rslidar_sdk/share/rslidar_sdk/local_setup.dsv
[43.362s] -- Installing: /home/zxq/laser_ws/install/rslidar_sdk/share/rslidar_sdk/package.dsv
[43.363s] -- Installing: /home/zxq/laser_ws/install/rslidar_sdk/share/ament_index/resource_index/packages/rslidar_sdk
[43.363s] -- Installing: /home/zxq/laser_ws/install/rslidar_sdk/share/rslidar_sdk/cmake/rslidar_sdkConfig.cmake
[43.364s] -- Installing: /home/zxq/laser_ws/install/rslidar_sdk/share/rslidar_sdk/cmake/rslidar_sdkConfig-version.cmake
[43.364s] -- Installing: /home/zxq/laser_ws/install/rslidar_sdk/share/rslidar_sdk/package.xml
[43.365s] Invoked command in '/home/zxq/laser_ws/build/rslidar_sdk' returned '0': CMAKE_PREFIX_PATH=/home/zxq/laser_ws/install/rslidar_msg:/home/zxq/laser_ws/install/rslidar_sdk:/home/zxq/laser_ws/install/my_python_node:/home/zxq/laser_ws/install/demo_print_py:/opt/ros/humble /usr/bin/cmake --install /home/zxq/laser_ws/build/rslidar_sdk
