[0.055s] Invoking command in '/home/zxq/laser_ws/build/rslidar_msg': CMAKE_PREFIX_PATH=/opt/ros/humble CONDA_PROMPT_MODIFIER=(base) /usr/bin/cmake --build /home/zxq/laser_ws/build/rslidar_msg -- -j8 -l8
[0.535s] [  3%] Built target rslidar_msg__cpp
[0.537s] [ 12%] Built target rslidar_msg__rosidl_generator_c
[0.538s] [ 12%] Built target ament_cmake_python_copy_rslidar_msg
[0.538s] [ 22%] Built target rslidar_msg__rosidl_typesupport_cpp
[0.538s] [ 32%] Built target rslidar_msg__rosidl_typesupport_introspection_cpp
[0.538s] [ 41%] Built target rslidar_msg__rosidl_typesupport_fastrtps_c
[0.538s] [ 51%] Built target rslidar_msg__rosidl_typesupport_fastrtps_cpp
[0.538s] [ 61%] Built target rslidar_msg__rosidl_typesupport_introspection_c
[0.538s] [ 70%] Built target rslidar_msg__rosidl_typesupport_c
[0.538s] [ 70%] Built target rslidar_msg
[0.571s] [ 74%] Built target rslidar_msg__py
[0.653s] [ 80%] Built target rslidar_msg__rosidl_generator_py
[0.740s] [ 87%] Built target rslidar_msg__rosidl_typesupport_introspection_c__pyext
[0.742s] [ 93%] Built target rslidar_msg__rosidl_typesupport_c__pyext
[0.743s] [100%] Built target rslidar_msg__rosidl_typesupport_fastrtps_c__pyext
[0.776s] running egg_info
[0.777s] writing rslidar_msg.egg-info/PKG-INFO
[0.778s] writing dependency_links to rslidar_msg.egg-info/dependency_links.txt
[0.778s] writing top-level names to rslidar_msg.egg-info/top_level.txt
[0.783s] reading manifest file 'rslidar_msg.egg-info/SOURCES.txt'
[0.784s] writing manifest file 'rslidar_msg.egg-info/SOURCES.txt'
[0.854s] [100%] Built target ament_cmake_python_build_rslidar_msg_egg
[0.874s] Invoked command in '/home/zxq/laser_ws/build/rslidar_msg' returned '0': CMAKE_PREFIX_PATH=/opt/ros/humble CONDA_PROMPT_MODIFIER=(base) /usr/bin/cmake --build /home/zxq/laser_ws/build/rslidar_msg -- -j8 -l8
[1.022s] Invoking command in '/home/zxq/laser_ws/build/rslidar_msg': CMAKE_PREFIX_PATH=/opt/ros/humble CONDA_PROMPT_MODIFIER=(base) /usr/bin/cmake --install /home/zxq/laser_ws/build/rslidar_msg
[1.039s] -- Install configuration: ""
[1.040s] -- Up-to-date: /home/zxq/laser_ws/install/rslidar_msg/share/ament_index/resource_index/rosidl_interfaces/rslidar_msg
[1.041s] -- Up-to-date: /home/zxq/laser_ws/install/rslidar_msg/include/rslidar_msg/rslidar_msg
[1.042s] -- Up-to-date: /home/zxq/laser_ws/install/rslidar_msg/include/rslidar_msg/rslidar_msg/msg
[1.043s] -- Up-to-date: /home/zxq/laser_ws/install/rslidar_msg/include/rslidar_msg/rslidar_msg/msg/rosidl_generator_c__visibility_control.h
[1.043s] -- Up-to-date: /home/zxq/laser_ws/install/rslidar_msg/include/rslidar_msg/rslidar_msg/msg/rslidar_packet.h
[1.044s] -- Up-to-date: /home/zxq/laser_ws/install/rslidar_msg/include/rslidar_msg/rslidar_msg/msg/detail
[1.045s] -- Up-to-date: /home/zxq/laser_ws/install/rslidar_msg/include/rslidar_msg/rslidar_msg/msg/detail/rslidar_packet__functions.h
[1.045s] -- Up-to-date: /home/zxq/laser_ws/install/rslidar_msg/include/rslidar_msg/rslidar_msg/msg/detail/rslidar_packet__struct.h
[1.046s] -- Up-to-date: /home/zxq/laser_ws/install/rslidar_msg/include/rslidar_msg/rslidar_msg/msg/detail/rslidar_packet__type_support.h
[1.046s] -- Up-to-date: /home/zxq/laser_ws/install/rslidar_msg/include/rslidar_msg/rslidar_msg/msg/detail/rslidar_packet__functions.c
[1.047s] -- Up-to-date: /home/zxq/laser_ws/install/rslidar_msg/share/rslidar_msg/environment/library_path.sh
[1.047s] -- Up-to-date: /home/zxq/laser_ws/install/rslidar_msg/share/rslidar_msg/environment/library_path.dsv
[1.048s] -- Up-to-date: /home/zxq/laser_ws/install/rslidar_msg/lib/librslidar_msg__rosidl_generator_c.so
[1.048s] -- Up-to-date: /home/zxq/laser_ws/install/rslidar_msg/include/rslidar_msg/rslidar_msg
[1.049s] -- Up-to-date: /home/zxq/laser_ws/install/rslidar_msg/include/rslidar_msg/rslidar_msg/msg
[1.049s] -- Up-to-date: /home/zxq/laser_ws/install/rslidar_msg/include/rslidar_msg/rslidar_msg/msg/rosidl_typesupport_fastrtps_c__visibility_control.h
[1.049s] -- Up-to-date: /home/zxq/laser_ws/install/rslidar_msg/include/rslidar_msg/rslidar_msg/msg/detail
[1.050s] -- Up-to-date: /home/zxq/laser_ws/install/rslidar_msg/include/rslidar_msg/rslidar_msg/msg/detail/rslidar_packet__rosidl_typesupport_fastrtps_c.h
[1.050s] -- Up-to-date: /home/zxq/laser_ws/install/rslidar_msg/lib/librslidar_msg__rosidl_typesupport_fastrtps_c.so
[1.051s] -- Up-to-date: /home/zxq/laser_ws/install/rslidar_msg/include/rslidar_msg/rslidar_msg
[1.051s] -- Up-to-date: /home/zxq/laser_ws/install/rslidar_msg/include/rslidar_msg/rslidar_msg/msg
[1.052s] -- Up-to-date: /home/zxq/laser_ws/install/rslidar_msg/include/rslidar_msg/rslidar_msg/msg/rslidar_packet.hpp
[1.052s] -- Up-to-date: /home/zxq/laser_ws/install/rslidar_msg/include/rslidar_msg/rslidar_msg/msg/detail
[1.052s] -- Up-to-date: /home/zxq/laser_ws/install/rslidar_msg/include/rslidar_msg/rslidar_msg/msg/detail/rslidar_packet__struct.hpp
[1.053s] -- Up-to-date: /home/zxq/laser_ws/install/rslidar_msg/include/rslidar_msg/rslidar_msg/msg/detail/rslidar_packet__builder.hpp
[1.053s] -- Up-to-date: /home/zxq/laser_ws/install/rslidar_msg/include/rslidar_msg/rslidar_msg/msg/detail/rslidar_packet__traits.hpp
[1.053s] -- Up-to-date: /home/zxq/laser_ws/install/rslidar_msg/include/rslidar_msg/rslidar_msg
[1.054s] -- Up-to-date: /home/zxq/laser_ws/install/rslidar_msg/include/rslidar_msg/rslidar_msg/msg
[1.054s] -- Up-to-date: /home/zxq/laser_ws/install/rslidar_msg/include/rslidar_msg/rslidar_msg/msg/detail
[1.055s] -- Up-to-date: /home/zxq/laser_ws/install/rslidar_msg/include/rslidar_msg/rslidar_msg/msg/detail/rslidar_packet__rosidl_typesupport_fastrtps_cpp.hpp
[1.055s] -- Up-to-date: /home/zxq/laser_ws/install/rslidar_msg/include/rslidar_msg/rslidar_msg/msg/detail/dds_fastrtps
[1.055s] -- Up-to-date: /home/zxq/laser_ws/install/rslidar_msg/include/rslidar_msg/rslidar_msg/msg/rosidl_typesupport_fastrtps_cpp__visibility_control.h
[1.056s] -- Up-to-date: /home/zxq/laser_ws/install/rslidar_msg/lib/librslidar_msg__rosidl_typesupport_fastrtps_cpp.so
[1.056s] -- Up-to-date: /home/zxq/laser_ws/install/rslidar_msg/include/rslidar_msg/rslidar_msg
[1.057s] -- Up-to-date: /home/zxq/laser_ws/install/rslidar_msg/include/rslidar_msg/rslidar_msg/msg
[1.057s] -- Up-to-date: /home/zxq/laser_ws/install/rslidar_msg/include/rslidar_msg/rslidar_msg/msg/rosidl_typesupport_introspection_c__visibility_control.h
[1.058s] -- Up-to-date: /home/zxq/laser_ws/install/rslidar_msg/include/rslidar_msg/rslidar_msg/msg/detail
[1.058s] -- Up-to-date: /home/zxq/laser_ws/install/rslidar_msg/include/rslidar_msg/rslidar_msg/msg/detail/rslidar_packet__rosidl_typesupport_introspection_c.h
[1.059s] -- Up-to-date: /home/zxq/laser_ws/install/rslidar_msg/include/rslidar_msg/rslidar_msg/msg/detail/rslidar_packet__type_support.c
[1.059s] -- Up-to-date: /home/zxq/laser_ws/install/rslidar_msg/lib/librslidar_msg__rosidl_typesupport_introspection_c.so
[1.059s] -- Up-to-date: /home/zxq/laser_ws/install/rslidar_msg/lib/librslidar_msg__rosidl_typesupport_c.so
[1.060s] -- Up-to-date: /home/zxq/laser_ws/install/rslidar_msg/include/rslidar_msg/rslidar_msg
[1.060s] -- Up-to-date: /home/zxq/laser_ws/install/rslidar_msg/include/rslidar_msg/rslidar_msg/msg
[1.060s] -- Up-to-date: /home/zxq/laser_ws/install/rslidar_msg/include/rslidar_msg/rslidar_msg/msg/detail
[1.061s] -- Up-to-date: /home/zxq/laser_ws/install/rslidar_msg/include/rslidar_msg/rslidar_msg/msg/detail/rslidar_packet__type_support.cpp
[1.061s] -- Up-to-date: /home/zxq/laser_ws/install/rslidar_msg/include/rslidar_msg/rslidar_msg/msg/detail/rslidar_packet__rosidl_typesupport_introspection_cpp.hpp
[1.062s] -- Up-to-date: /home/zxq/laser_ws/install/rslidar_msg/lib/librslidar_msg__rosidl_typesupport_introspection_cpp.so
[1.062s] -- Up-to-date: /home/zxq/laser_ws/install/rslidar_msg/lib/librslidar_msg__rosidl_typesupport_cpp.so
[1.062s] -- Up-to-date: /home/zxq/laser_ws/install/rslidar_msg/share/rslidar_msg/environment/pythonpath.sh
[1.063s] -- Up-to-date: /home/zxq/laser_ws/install/rslidar_msg/share/rslidar_msg/environment/pythonpath.dsv
[1.063s] -- Up-to-date: /home/zxq/laser_ws/install/rslidar_msg/local/lib/python3.10/dist-packages/rslidar_msg-0.0.0-py3.10.egg-info
[1.064s] -- Installing: /home/zxq/laser_ws/install/rslidar_msg/local/lib/python3.10/dist-packages/rslidar_msg-0.0.0-py3.10.egg-info/PKG-INFO
[1.064s] -- Installing: /home/zxq/laser_ws/install/rslidar_msg/local/lib/python3.10/dist-packages/rslidar_msg-0.0.0-py3.10.egg-info/dependency_links.txt
[1.064s] -- Installing: /home/zxq/laser_ws/install/rslidar_msg/local/lib/python3.10/dist-packages/rslidar_msg-0.0.0-py3.10.egg-info/top_level.txt
[1.065s] -- Installing: /home/zxq/laser_ws/install/rslidar_msg/local/lib/python3.10/dist-packages/rslidar_msg-0.0.0-py3.10.egg-info/SOURCES.txt
[1.065s] -- Up-to-date: /home/zxq/laser_ws/install/rslidar_msg/local/lib/python3.10/dist-packages/rslidar_msg
[1.065s] -- Up-to-date: /home/zxq/laser_ws/install/rslidar_msg/local/lib/python3.10/dist-packages/rslidar_msg/rslidar_msg_s__rosidl_typesupport_fastrtps_c.cpython-310-aarch64-linux-gnu.so
[1.066s] -- Up-to-date: /home/zxq/laser_ws/install/rslidar_msg/local/lib/python3.10/dist-packages/rslidar_msg/__init__.py
[1.066s] -- Up-to-date: /home/zxq/laser_ws/install/rslidar_msg/local/lib/python3.10/dist-packages/rslidar_msg/_rslidar_msg_s.ep.rosidl_typesupport_introspection_c.c
[1.067s] -- Up-to-date: /home/zxq/laser_ws/install/rslidar_msg/local/lib/python3.10/dist-packages/rslidar_msg/rslidar_msg_s__rosidl_typesupport_c.cpython-310-aarch64-linux-gnu.so
[1.067s] -- Up-to-date: /home/zxq/laser_ws/install/rslidar_msg/local/lib/python3.10/dist-packages/rslidar_msg/librslidar_msg__rosidl_generator_py.so
[1.067s] -- Up-to-date: /home/zxq/laser_ws/install/rslidar_msg/local/lib/python3.10/dist-packages/rslidar_msg/msg
[1.068s] -- Up-to-date: /home/zxq/laser_ws/install/rslidar_msg/local/lib/python3.10/dist-packages/rslidar_msg/msg/__init__.py
[1.068s] -- Up-to-date: /home/zxq/laser_ws/install/rslidar_msg/local/lib/python3.10/dist-packages/rslidar_msg/msg/_rslidar_packet.py
[1.068s] -- Up-to-date: /home/zxq/laser_ws/install/rslidar_msg/local/lib/python3.10/dist-packages/rslidar_msg/msg/_rslidar_packet_s.c
[1.069s] -- Up-to-date: /home/zxq/laser_ws/install/rslidar_msg/local/lib/python3.10/dist-packages/rslidar_msg/_rslidar_msg_s.ep.rosidl_typesupport_c.c
[1.069s] -- Up-to-date: /home/zxq/laser_ws/install/rslidar_msg/local/lib/python3.10/dist-packages/rslidar_msg/rslidar_msg_s__rosidl_typesupport_introspection_c.cpython-310-aarch64-linux-gnu.so
[1.070s] -- Up-to-date: /home/zxq/laser_ws/install/rslidar_msg/local/lib/python3.10/dist-packages/rslidar_msg/_rslidar_msg_s.ep.rosidl_typesupport_fastrtps_c.c
[1.130s] Listing '/home/zxq/laser_ws/install/rslidar_msg/local/lib/python3.10/dist-packages/rslidar_msg'...
[1.131s] Listing '/home/zxq/laser_ws/install/rslidar_msg/local/lib/python3.10/dist-packages/rslidar_msg/msg'...
[1.143s] -- Up-to-date: /home/zxq/laser_ws/install/rslidar_msg/local/lib/python3.10/dist-packages/rslidar_msg/rslidar_msg_s__rosidl_typesupport_fastrtps_c.cpython-310-aarch64-linux-gnu.so
[1.144s] -- Up-to-date: /home/zxq/laser_ws/install/rslidar_msg/local/lib/python3.10/dist-packages/rslidar_msg/rslidar_msg_s__rosidl_typesupport_introspection_c.cpython-310-aarch64-linux-gnu.so
[1.145s] -- Up-to-date: /home/zxq/laser_ws/install/rslidar_msg/local/lib/python3.10/dist-packages/rslidar_msg/rslidar_msg_s__rosidl_typesupport_c.cpython-310-aarch64-linux-gnu.so
[1.147s] -- Up-to-date: /home/zxq/laser_ws/install/rslidar_msg/lib/librslidar_msg__rosidl_generator_py.so
[1.148s] -- Up-to-date: /home/zxq/laser_ws/install/rslidar_msg/share/rslidar_msg/msg/RslidarPacket.idl
[1.148s] -- Up-to-date: /home/zxq/laser_ws/install/rslidar_msg/share/rslidar_msg/msg/RslidarPacket.msg
[1.149s] -- Up-to-date: /home/zxq/laser_ws/install/rslidar_msg/share/ament_index/resource_index/package_run_dependencies/rslidar_msg
[1.150s] -- Up-to-date: /home/zxq/laser_ws/install/rslidar_msg/share/ament_index/resource_index/parent_prefix_path/rslidar_msg
[1.150s] -- Up-to-date: /home/zxq/laser_ws/install/rslidar_msg/share/rslidar_msg/environment/ament_prefix_path.sh
[1.151s] -- Up-to-date: /home/zxq/laser_ws/install/rslidar_msg/share/rslidar_msg/environment/ament_prefix_path.dsv
[1.151s] -- Up-to-date: /home/zxq/laser_ws/install/rslidar_msg/share/rslidar_msg/environment/path.sh
[1.151s] -- Up-to-date: /home/zxq/laser_ws/install/rslidar_msg/share/rslidar_msg/environment/path.dsv
[1.152s] -- Up-to-date: /home/zxq/laser_ws/install/rslidar_msg/share/rslidar_msg/local_setup.bash
[1.152s] -- Up-to-date: /home/zxq/laser_ws/install/rslidar_msg/share/rslidar_msg/local_setup.sh
[1.152s] -- Up-to-date: /home/zxq/laser_ws/install/rslidar_msg/share/rslidar_msg/local_setup.zsh
[1.152s] -- Up-to-date: /home/zxq/laser_ws/install/rslidar_msg/share/rslidar_msg/local_setup.dsv
[1.153s] -- Installing: /home/zxq/laser_ws/install/rslidar_msg/share/rslidar_msg/package.dsv
[1.153s] -- Up-to-date: /home/zxq/laser_ws/install/rslidar_msg/share/ament_index/resource_index/packages/rslidar_msg
[1.153s] -- Up-to-date: /home/zxq/laser_ws/install/rslidar_msg/share/rslidar_msg/cmake/export_rslidar_msg__rosidl_generator_cExport.cmake
[1.153s] -- Up-to-date: /home/zxq/laser_ws/install/rslidar_msg/share/rslidar_msg/cmake/export_rslidar_msg__rosidl_generator_cExport-noconfig.cmake
[1.153s] -- Up-to-date: /home/zxq/laser_ws/install/rslidar_msg/share/rslidar_msg/cmake/export_rslidar_msg__rosidl_typesupport_fastrtps_cExport.cmake
[1.153s] -- Up-to-date: /home/zxq/laser_ws/install/rslidar_msg/share/rslidar_msg/cmake/export_rslidar_msg__rosidl_typesupport_fastrtps_cExport-noconfig.cmake
[1.154s] -- Up-to-date: /home/zxq/laser_ws/install/rslidar_msg/share/rslidar_msg/cmake/export_rslidar_msg__rosidl_generator_cppExport.cmake
[1.154s] -- Up-to-date: /home/zxq/laser_ws/install/rslidar_msg/share/rslidar_msg/cmake/export_rslidar_msg__rosidl_typesupport_fastrtps_cppExport.cmake
[1.154s] -- Up-to-date: /home/zxq/laser_ws/install/rslidar_msg/share/rslidar_msg/cmake/export_rslidar_msg__rosidl_typesupport_fastrtps_cppExport-noconfig.cmake
[1.155s] -- Up-to-date: /home/zxq/laser_ws/install/rslidar_msg/share/rslidar_msg/cmake/rslidar_msg__rosidl_typesupport_introspection_cExport.cmake
[1.155s] -- Up-to-date: /home/zxq/laser_ws/install/rslidar_msg/share/rslidar_msg/cmake/rslidar_msg__rosidl_typesupport_introspection_cExport-noconfig.cmake
[1.156s] -- Up-to-date: /home/zxq/laser_ws/install/rslidar_msg/share/rslidar_msg/cmake/rslidar_msg__rosidl_typesupport_cExport.cmake
[1.157s] -- Up-to-date: /home/zxq/laser_ws/install/rslidar_msg/share/rslidar_msg/cmake/rslidar_msg__rosidl_typesupport_cExport-noconfig.cmake
[1.158s] -- Up-to-date: /home/zxq/laser_ws/install/rslidar_msg/share/rslidar_msg/cmake/rslidar_msg__rosidl_typesupport_introspection_cppExport.cmake
[1.159s] -- Up-to-date: /home/zxq/laser_ws/install/rslidar_msg/share/rslidar_msg/cmake/rslidar_msg__rosidl_typesupport_introspection_cppExport-noconfig.cmake
[1.160s] -- Up-to-date: /home/zxq/laser_ws/install/rslidar_msg/share/rslidar_msg/cmake/rslidar_msg__rosidl_typesupport_cppExport.cmake
[1.160s] -- Up-to-date: /home/zxq/laser_ws/install/rslidar_msg/share/rslidar_msg/cmake/rslidar_msg__rosidl_typesupport_cppExport-noconfig.cmake
[1.162s] -- Up-to-date: /home/zxq/laser_ws/install/rslidar_msg/share/rslidar_msg/cmake/export_rslidar_msg__rosidl_generator_pyExport.cmake
[1.162s] -- Up-to-date: /home/zxq/laser_ws/install/rslidar_msg/share/rslidar_msg/cmake/export_rslidar_msg__rosidl_generator_pyExport-noconfig.cmake
[1.162s] -- Up-to-date: /home/zxq/laser_ws/install/rslidar_msg/share/rslidar_msg/cmake/rosidl_cmake-extras.cmake
[1.163s] -- Up-to-date: /home/zxq/laser_ws/install/rslidar_msg/share/rslidar_msg/cmake/ament_cmake_export_dependencies-extras.cmake
[1.163s] -- Up-to-date: /home/zxq/laser_ws/install/rslidar_msg/share/rslidar_msg/cmake/ament_cmake_export_include_directories-extras.cmake
[1.164s] -- Up-to-date: /home/zxq/laser_ws/install/rslidar_msg/share/rslidar_msg/cmake/ament_cmake_export_libraries-extras.cmake
[1.164s] -- Up-to-date: /home/zxq/laser_ws/install/rslidar_msg/share/rslidar_msg/cmake/ament_cmake_export_targets-extras.cmake
[1.164s] -- Up-to-date: /home/zxq/laser_ws/install/rslidar_msg/share/rslidar_msg/cmake/rosidl_cmake_export_typesupport_targets-extras.cmake
[1.165s] -- Up-to-date: /home/zxq/laser_ws/install/rslidar_msg/share/rslidar_msg/cmake/rosidl_cmake_export_typesupport_libraries-extras.cmake
[1.165s] -- Up-to-date: /home/zxq/laser_ws/install/rslidar_msg/share/rslidar_msg/cmake/rslidar_msgConfig.cmake
[1.166s] -- Up-to-date: /home/zxq/laser_ws/install/rslidar_msg/share/rslidar_msg/cmake/rslidar_msgConfig-version.cmake
[1.166s] -- Up-to-date: /home/zxq/laser_ws/install/rslidar_msg/share/rslidar_msg/package.xml
[1.178s] Invoked command in '/home/zxq/laser_ws/build/rslidar_msg' returned '0': CMAKE_PREFIX_PATH=/opt/ros/humble CONDA_PROMPT_MODIFIER=(base) /usr/bin/cmake --install /home/zxq/laser_ws/build/rslidar_msg
