[1.760s] Invoking command in '/home/zxq/laser_ws/src/my_python_node': CONDA_PROMPT_MODIFIER=(base) PYTHONPATH=/home/zxq/laser_ws/build/my_python_node/prefix_override:/usr/lib/python3/dist-packages/colcon_core/task/python/colcon_distutils_commands:/home/zxq/laser_ws/install/my_python_node/lib/python3.10/site-packages:${PYTHONPATH} /usr/bin/python3 -W ignore:setup.py install is deprecated setup.py egg_info --egg-base ../../build/my_python_node build --build-base /home/zxq/laser_ws/build/my_python_node/build install --record /home/zxq/laser_ws/build/my_python_node/install.log --single-version-externally-managed install_data
[2.146s] running egg_info
[2.148s] writing ../../build/my_python_node/my_python_node.egg-info/PKG-INFO
[2.153s] writing dependency_links to ../../build/my_python_node/my_python_node.egg-info/dependency_links.txt
[2.153s] writing entry points to ../../build/my_python_node/my_python_node.egg-info/entry_points.txt
[2.154s] writing requirements to ../../build/my_python_node/my_python_node.egg-info/requires.txt
[2.154s] writing top-level names to ../../build/my_python_node/my_python_node.egg-info/top_level.txt
[2.158s] reading manifest file '../../build/my_python_node/my_python_node.egg-info/SOURCES.txt'
[2.160s] writing manifest file '../../build/my_python_node/my_python_node.egg-info/SOURCES.txt'
[2.160s] running build
[2.161s] running build_py
[2.161s] running install
[2.162s] running install_lib
[2.165s] running install_data
[2.166s] running install_egg_info
[2.170s] removing '/home/zxq/laser_ws/install/my_python_node/lib/python3.10/site-packages/my_python_node-0.0.0-py3.10.egg-info' (and everything under it)
[2.171s] Copying ../../build/my_python_node/my_python_node.egg-info to /home/zxq/laser_ws/install/my_python_node/lib/python3.10/site-packages/my_python_node-0.0.0-py3.10.egg-info
[2.172s] running install_scripts
[2.212s] Installing listener script to /home/zxq/laser_ws/install/my_python_node/lib/my_python_node
[2.213s] writing list of installed files to '/home/zxq/laser_ws/build/my_python_node/install.log'
[2.313s] Invoked command in '/home/zxq/laser_ws/src/my_python_node' returned '0': CONDA_PROMPT_MODIFIER=(base) PYTHONPATH=/home/zxq/laser_ws/build/my_python_node/prefix_override:/usr/lib/python3/dist-packages/colcon_core/task/python/colcon_distutils_commands:/home/zxq/laser_ws/install/my_python_node/lib/python3.10/site-packages:${PYTHONPATH} /usr/bin/python3 -W ignore:setup.py install is deprecated setup.py egg_info --egg-base ../../build/my_python_node build --build-base /home/zxq/laser_ws/build/my_python_node/build install --record /home/zxq/laser_ws/build/my_python_node/install.log --single-version-externally-managed install_data
