[1.003s] Invoking command in '/home/zxq/laser_ws/src/my_python_node': PYTHONPATH=/home/zxq/laser_ws/build/my_python_node/prefix_override:/usr/lib/python3/dist-packages/colcon_core/task/python/colcon_distutils_commands:/home/zxq/laser_ws/install/my_python_node/lib/python3.10/site-packages: /usr/bin/python3 -W ignore:setup.py install is deprecated setup.py egg_info --egg-base ../../build/my_python_node build --build-base /home/zxq/laser_ws/build/my_python_node/build install --record /home/zxq/laser_ws/build/my_python_node/install.log --single-version-externally-managed install_data
[1.273s] running egg_info
[1.274s] writing ../../build/my_python_node/my_python_node.egg-info/PKG-INFO
[1.274s] writing dependency_links to ../../build/my_python_node/my_python_node.egg-info/dependency_links.txt
[1.275s] writing entry points to ../../build/my_python_node/my_python_node.egg-info/entry_points.txt
[1.275s] writing requirements to ../../build/my_python_node/my_python_node.egg-info/requires.txt
[1.275s] writing top-level names to ../../build/my_python_node/my_python_node.egg-info/top_level.txt
[1.277s] reading manifest file '../../build/my_python_node/my_python_node.egg-info/SOURCES.txt'
[1.278s] writing manifest file '../../build/my_python_node/my_python_node.egg-info/SOURCES.txt'
[1.279s] running build
[1.279s] running build_py
[1.279s] copying my_python_node/listener.py -> /home/zxq/laser_ws/build/my_python_node/build/lib/my_python_node
[1.279s] running install
[1.280s] running install_lib
[1.280s] copying /home/zxq/laser_ws/build/my_python_node/build/lib/my_python_node/listener.py -> /home/zxq/laser_ws/install/my_python_node/lib/python3.10/site-packages/my_python_node
[1.281s] byte-compiling /home/zxq/laser_ws/install/my_python_node/lib/python3.10/site-packages/my_python_node/listener.py to listener.cpython-310.pyc
[1.282s] Sorry: TabError: inconsistent use of tabs and spaces in indentation (listener.py, line 33)
[1.282s] running install_data
[1.282s] running install_egg_info
[1.284s] removing '/home/zxq/laser_ws/install/my_python_node/lib/python3.10/site-packages/my_python_node-0.0.0-py3.10.egg-info' (and everything under it)
[1.284s] Copying ../../build/my_python_node/my_python_node.egg-info to /home/zxq/laser_ws/install/my_python_node/lib/python3.10/site-packages/my_python_node-0.0.0-py3.10.egg-info
[1.285s] running install_scripts
[1.313s] Installing listener script to /home/zxq/laser_ws/install/my_python_node/lib/my_python_node
[1.314s] writing list of installed files to '/home/zxq/laser_ws/build/my_python_node/install.log'
[1.366s] Invoked command in '/home/zxq/laser_ws/src/my_python_node' returned '0': PYTHONPATH=/home/zxq/laser_ws/build/my_python_node/prefix_override:/usr/lib/python3/dist-packages/colcon_core/task/python/colcon_distutils_commands:/home/zxq/laser_ws/install/my_python_node/lib/python3.10/site-packages: /usr/bin/python3 -W ignore:setup.py install is deprecated setup.py egg_info --egg-base ../../build/my_python_node build --build-base /home/zxq/laser_ws/build/my_python_node/build install --record /home/zxq/laser_ws/build/my_python_node/install.log --single-version-externally-managed install_data
